 BELLHOP- UWASN                                                                  
 frequency =  0.1000E+05 Hz

 Dummy parameter NMedia =            1

     C-LINEAR approximation to SSP
     Attenuation units: dB/mkHz
     THORP attenuation added
     VACUUM

 Depth =    100.00000000000000      m

 C-Linear SSP option

 Sound speed profile:
      7.00      1447.00
     10.00      1474.90
     20.00      1497.70
     30.00      1478.70
     40.00      1460.10
     50.00      1450.80
     60.00      1447.10
     70.00      1447.10
     80.00      1444.90
     90.00      1446.00
     95.00      1443.80
    100.00      1441.80

                                 ( RMS roughness =  0.200E-01 )
     Bathymetry file selected
     Perfectly RIGID

 Number of sources   =            1
 Source depths (m)
   90.0000    

 Number of receivers =            6
 Receiver depths (m)
   87.0000       88.0000       89.0000       90.0000       91.0000    
   92.0000    

 Number of ranges   =            6
 Receiver ranges (km)
  0.900000       1.00000       1.10000       1.90000       2.00000    
   2.10000    

 Arrivals calculation, ASCII  file output
 Geometric hat beams
 Point source (cylindrical coordinates)
 Rectilinear receiver grid: Receivers at rr( : ) x rd( : )

 Number of beams   =         4200
 Beam take-off angles (degrees)
  -10.0000      -9.99690      -9.99381      -9.99071      -9.98762    
  -9.98452      -9.98142      -9.97833      -9.97523      -9.97214    
  -9.96904      -9.96594      -9.96285      -9.95975      -9.95666    
  -9.95356      -9.95046      -9.94737      -9.94427      -9.94118    
  -9.93808    

 Step length,     deltas =    10.000000000000000      m

 Maximum ray Depth, zBox =    100.00000000000000      m
 Maximum ray range, rBox =    2200.0000000000000      m
 No beam shift in effect

 *********************************
 Using bottom-bathymetry file
 Curvilinear Interpolation
 Number of bathymetry points           3

  Range (km)  Depth (m)
   0.00       95.0    
   2.25       93.0    
   4.50       92.0    

 ( Maximum # of arrivals =        55555 )

 Tracing beam            1  -10.000000000000000     

 Minimum width beams                     
 halfwidth  =    6.7843650802544548     
 EpsOpt     =  (  0.0000000000000000     ,  1446000.0000000000     )
 EpsMult    =    1.0000000000000000     

 Tracing beam           85  -9.7399380804953566     
 Tracing beam          169  -9.4798761609907114     
 Tracing beam          253  -9.2198142414860680     
 Tracing beam          337  -8.9597523219814246     
 Tracing beam          421  -8.6996904024767794     
 Tracing beam          505  -8.4396284829721360     
 Tracing beam          589  -8.1795665634674926     
 Tracing beam          673  -7.9195046439628474     
 Tracing beam          757  -7.6594427244582040     
 Tracing beam          841  -7.3993808049535605     
 Tracing beam          925  -7.1393188854489162     
 Tracing beam         1009  -6.8792569659442719     
 Tracing beam         1093  -6.6191950464396285     
 Tracing beam         1177  -6.3591331269349842     
 Tracing beam         1261  -6.0990712074303399     
 Tracing beam         1345  -5.8390092879256965     
 Tracing beam         1429  -5.5789473684210522     
 Tracing beam         1513  -5.3188854489164088     
 Tracing beam         1597  -5.0588235294117636     
 Tracing beam         1681  -4.7987616099071202     
 Tracing beam         1765  -4.5386996904024768     
 Tracing beam         1849  -4.2786377708978325     
 Tracing beam         1933  -4.0185758513931882     
 Tracing beam         2017  -3.7585139318885448     
 Tracing beam         2101  -3.4984520123839005     
 Tracing beam         2185  -3.2383900928792562     
 Tracing beam         2269  -2.9783281733746128     
 Tracing beam         2353  -2.7182662538699685     
 Tracing beam         2437  -2.4582043343653250     
 Tracing beam         2521  -2.1981424148606807     
 Tracing beam         2605  -1.9380804953560364     
 Tracing beam         2689  -1.6780185758513930     
 Tracing beam         2773  -1.4179566563467478     
 Tracing beam         2857  -1.1578947368421044     
 Tracing beam         2941 -0.89783281733746112     
 Tracing beam         3025 -0.63777089783281760     
 Tracing beam         3109 -0.37770897832817241     
 Tracing beam         3193 -0.11764705882352898     
 Tracing beam         3277  0.14241486068111442     
 Tracing beam         3361  0.40247678018575961     
 Tracing beam         3445  0.66253869969040302     
 Tracing beam         3529  0.92260061919504655     
 Tracing beam         3613   1.1826625386996914     
 Tracing beam         3697   1.4427244582043350     
 Tracing beam         3781   1.7027863777089784     
 Tracing beam         3865   1.9628482972136236     
 Tracing beam         3949   2.2229102167182671     
 Tracing beam         4033   2.4829721362229105     
 Tracing beam         4117   2.7430340557275557     

 CPU Time =        1.48    s
