 BELLHOP- UWASN                                                                  
 frequency =  0.1100E+05 Hz

 Dummy parameter NMedia =            1

     C-LINEAR approximation to SSP
     Attenuation units: dB/mkHz
     THORP attenuation added
     VACUUM

 Depth =    100.00000000000000      m

 C-Linear SSP option

 Sound speed profile:
      7.00      1447.00
     10.00      1474.90
     20.00      1497.70
     30.00      1478.70
     40.00      1460.10
     50.00      1450.80
     60.00      1447.10
     70.00      1447.10
     80.00      1444.90
     90.00      1446.00
     95.00      1443.80
    100.00      1441.80

                                 ( RMS roughness =  0.200E-01 )
     Bathymetry file selected
     Perfectly RIGID

 Number of sources   =            1
 Source depths (m)
   90.0000    

 Number of receivers =            6
 Receiver depths (m)
   87.0000       88.0000       89.0000       90.0000       91.0000    
   92.0000    

 Number of ranges   =            6
 Receiver ranges (km)
  0.900000       1.00000       1.10000       1.90000       2.00000    
   2.10000    

 Arrivals calculation, ASCII  file output
 Geometric hat beams
 Point source (cylindrical coordinates)
 Rectilinear receiver grid: Receivers at rr( : ) x rd( : )

 Number of beams   =         4620
 Beam take-off angles (degrees)
  -10.0000      -9.99719      -9.99437      -9.99156      -9.98874    
  -9.98593      -9.98311      -9.98030      -9.97748      -9.97467    
  -9.97186      -9.96904      -9.96623      -9.96341      -9.96060    
  -9.95778      -9.95497      -9.95215      -9.94934      -9.94653    
  -9.94371    

 Step length,     deltas =    10.000000000000000      m

 Maximum ray Depth, zBox =    100.00000000000000      m
 Maximum ray range, rBox =    2200.0000000000000      m
 No beam shift in effect

 *********************************
 Using bottom-bathymetry file
 Curvilinear Interpolation
 Number of bathymetry points           3

  Range (km)  Depth (m)
   0.00       95.0    
   2.25       96.0    
   4.50       94.0    

 ( Maximum # of arrivals =        55555 )

 Tracing beam            1  -10.000000000000000     

 Minimum width beams                     
 halfwidth  =    6.4686382958067927     
 EpsOpt     =  (  0.0000000000000000     ,  1446000.0000000000     )
 EpsMult    =    1.0000000000000000     

 Tracing beam           93  -9.7410694955618098     
 Tracing beam          185  -9.4821389911236196     
 Tracing beam          277  -9.2232084866854294     
 Tracing beam          369  -8.9642779822472392     
 Tracing beam          461  -8.7053474778090489     
 Tracing beam          553  -8.4464169733708587     
 Tracing beam          645  -8.1874864689326703     
 Tracing beam          737  -7.9285559644944792     
 Tracing beam          829  -7.6696254600562899     
 Tracing beam          921  -7.4106949556180988     
 Tracing beam         1013  -7.1517644511799086     
 Tracing beam         1105  -6.8928339467417183     
 Tracing beam         1197  -6.6339034423035281     
 Tracing beam         1289  -6.3749729378653379     
 Tracing beam         1381  -6.1160424334271477     
 Tracing beam         1473  -5.8571119289889593     
 Tracing beam         1565  -5.5981814245507691     
 Tracing beam         1657  -5.3392509201125788     
 Tracing beam         1749  -5.0803204156743886     
 Tracing beam         1841  -4.8213899112361984     
 Tracing beam         1933  -4.5624594067980082     
 Tracing beam         2025  -4.3035289023598189     
 Tracing beam         2117  -4.0445983979216287     
 Tracing beam         2209  -3.7856678934834385     
 Tracing beam         2301  -3.5267373890452482     
 Tracing beam         2393  -3.2678068846070580     
 Tracing beam         2485  -3.0088763801688678     
 Tracing beam         2577  -2.7499458757306785     
 Tracing beam         2669  -2.4910153712924883     
 Tracing beam         2761  -2.2320848668542981     
 Tracing beam         2853  -1.9731543624161085     
 Tracing beam         2945  -1.7142238579779185     
 Tracing beam         3037  -1.4552933535397283     
 Tracing beam         3129  -1.1963628491015381     
 Tracing beam         3221 -0.93743234466334779     
 Tracing beam         3313 -0.67850184022515769     
 Tracing beam         3405 -0.41957133578696743     
 Tracing beam         3497 -0.16064083134877727     
 Tracing beam         3589  9.82896730894129433E-002
 Tracing beam         3681  0.35722017752760316     
 Tracing beam         3773  0.61615068196579337     
 Tracing beam         3865  0.87508118640398358     
 Tracing beam         3957   1.1340116908421720     
 Tracing beam         4049   1.3929421952803622     
 Tracing beam         4141   1.6518726997185524     
 Tracing beam         4233   1.9108032041567429     
 Tracing beam         4325   2.1697337085949329     
 Tracing beam         4417   2.4286642130331226     
 Tracing beam         4509   2.6875947174713128     
 Tracing beam         4601   2.9465252219095031     

 CPU Time =        1.87    s
