 BELLHOP- UWASN                                                                  
 frequency =  0.1125E+05 Hz

 Dummy parameter NMedia =            1

     C-LINEAR approximation to SSP
     Attenuation units: dB/mkHz
     THORP attenuation added
     VACUUM

 Depth =    100.00000000000000      m

 C-Linear SSP option

 Sound speed profile:
      7.00      1447.00
     10.00      1474.90
     20.00      1497.70
     30.00      1478.70
     40.00      1460.10
     50.00      1450.80
     60.00      1447.10
     70.00      1447.10
     80.00      1444.90
     90.00      1446.00
     95.00      1443.80
    100.00      1441.80

                                 ( RMS roughness =  0.200E-01 )
     Bathymetry file selected
     Perfectly RIGID

 Number of sources   =            1
 Source depths (m)
   90.0000    

 Number of receivers =            6
 Receiver depths (m)
   87.0000       88.0000       89.0000       90.0000       91.0000    
   92.0000    

 Number of ranges   =            6
 Receiver ranges (km)
  0.900000       1.00000       1.10000       1.90000       2.00000    
   2.10000    

 Arrivals calculation, ASCII  file output
 Geometric hat beams
 Point source (cylindrical coordinates)
 Rectilinear receiver grid: Receivers at rr( : ) x rd( : )

 Number of beams   =         4725
 Beam take-off angles (degrees)
  -10.0000      -9.99725      -9.99450      -9.99174      -9.98899    
  -9.98624      -9.98349      -9.98074      -9.97798      -9.97523    
  -9.97248      -9.96973      -9.96698      -9.96423      -9.96147    
  -9.95872      -9.95597      -9.95322      -9.95047      -9.94771    
  -9.94496    

 Step length,     deltas =    10.000000000000000      m

 Maximum ray Depth, zBox =    100.00000000000000      m
 Maximum ray range, rBox =    2200.0000000000000      m
 No beam shift in effect

 *********************************
 Using bottom-bathymetry file
 Curvilinear Interpolation
 Number of bathymetry points           3

  Range (km)  Depth (m)
   0.00       95.0    
   1.28       95.0    
   2.55       94.0    

 ( Maximum # of arrivals =        55555 )

 Tracing beam            1  -10.000000000000000     

 Minimum width beams                     
 halfwidth  =    6.3963607390575206     
 EpsOpt     =  (  0.0000000000000000     ,  1446000.0000000000     )
 EpsMult    =    1.0000000000000000     

 Tracing beam           95  -9.7413209144792550     
 Tracing beam          189  -9.4826418289585099     
 Tracing beam          283  -9.2239627434377631     
 Tracing beam          377  -8.9652836579170199     
 Tracing beam          471  -8.7066045723962748     
 Tracing beam          565  -8.4479254868755298     
 Tracing beam          659  -8.1892464013547830     
 Tracing beam          753  -7.9305673158340388     
 Tracing beam          847  -7.6718882303132938     
 Tracing beam          941  -7.4132091447925488     
 Tracing beam         1035  -7.1545300592718029     
 Tracing beam         1129  -6.8958509737510578     
 Tracing beam         1223  -6.6371718882303128     
 Tracing beam         1317  -6.3784928027095678     
 Tracing beam         1411  -6.1198137171888227     
 Tracing beam         1505  -5.8611346316680777     
 Tracing beam         1599  -5.6024555461473327     
 Tracing beam         1693  -5.3437764606265867     
 Tracing beam         1787  -5.0850973751058426     
 Tracing beam         1881  -4.8264182895850976     
 Tracing beam         1975  -4.5677392040643516     
 Tracing beam         2069  -4.3090601185436066     
 Tracing beam         2163  -4.0503810330228616     
 Tracing beam         2257  -3.7917019475021161     
 Tracing beam         2351  -3.5330228619813715     
 Tracing beam         2445  -3.2743437764606265     
 Tracing beam         2539  -3.0156646909398810     
 Tracing beam         2633  -2.7569856054191355     
 Tracing beam         2727  -2.4983065198983900     
 Tracing beam         2821  -2.2396274343776454     
 Tracing beam         2915  -1.9809483488569004     
 Tracing beam         3009  -1.7222692633361554     
 Tracing beam         3103  -1.4635901778154103     
 Tracing beam         3197  -1.2049110922946653     
 Tracing beam         3291 -0.94623200677392016     
 Tracing beam         3385 -0.68755292125317513     
 Tracing beam         3479 -0.42887383573243021     
 Tracing beam         3573 -0.17019475021168518     
 Tracing beam         3667  8.84843353090598583E-002
 Tracing beam         3761  0.34716342082980489     
 Tracing beam         3855  0.60584250635055170     
 Tracing beam         3949  0.86452159187129674     
 Tracing beam         4043   1.1232006773920418     
 Tracing beam         4137   1.3818797629127868     
 Tracing beam         4231   1.6405588484335318     
 Tracing beam         4325   1.8992379339542766     
 Tracing beam         4419   2.1579170194750219     
 Tracing beam         4513   2.4165961049957669     
 Tracing beam         4607   2.6752751905165115     
 Tracing beam         4701   2.9339542760372570     

 CPU Time =        1.78    s
