 BELLHOP- UWASN                                                                  
 frequency =  0.1150E+05 Hz

 Dummy parameter NMedia =            1

     C-LINEAR approximation to SSP
     Attenuation units: dB/mkHz
     THORP attenuation added
     VACUUM

 Depth =    100.00000000000000      m

 C-Linear SSP option

 Sound speed profile:
      7.00      1447.00
     10.00      1474.90
     20.00      1497.70
     30.00      1478.70
     40.00      1460.10
     50.00      1450.80
     60.00      1447.10
     70.00      1447.10
     80.00      1444.90
     90.00      1446.00
     95.00      1443.80
    100.00      1441.80

                                 ( RMS roughness =  0.200E-01 )
     Bathymetry file selected
     Perfectly RIGID

 Number of sources   =            1
 Source depths (m)
   90.0000    

 Number of receivers =            6
 Receiver depths (m)
   87.0000       88.0000       89.0000       90.0000       91.0000    
   92.0000    

 Number of ranges   =            6
 Receiver ranges (km)
  0.900000       1.00000       1.10000       1.90000       2.00000    
   2.10000    

 Arrivals calculation, ASCII  file output
 Geometric hat beams
 Point source (cylindrical coordinates)
 Rectilinear receiver grid: Receivers at rr( : ) x rd( : )

 Number of beams   =         4830
 Beam take-off angles (degrees)
  -10.0000      -9.99731      -9.99462      -9.99192      -9.98923    
  -9.98654      -9.98385      -9.98116      -9.97846      -9.97577    
  -9.97308      -9.97039      -9.96770      -9.96500      -9.96231    
  -9.95962      -9.95693      -9.95423      -9.95154      -9.94885    
  -9.94616    

 Step length,     deltas =    10.000000000000000      m

 Maximum ray Depth, zBox =    100.00000000000000      m
 Maximum ray range, rBox =    2200.0000000000000      m
 No beam shift in effect

 *********************************
 Using bottom-bathymetry file
 Curvilinear Interpolation
 Number of bathymetry points           3

  Range (km)  Depth (m)
   0.00       95.0    
   1.85       97.0    
   3.71       95.0    

 ( Maximum # of arrivals =        55555 )

 Tracing beam            1  -10.000000000000000     

 Minimum width beams                     
 halfwidth  =    6.3264530581949607     
 EpsOpt     =  (  0.0000000000000000     ,  1446000.0000000000     )
 EpsMult    =    1.0000000000000000     

 Tracing beam           97  -9.7415613998757511     
 Tracing beam          193  -9.4831227997515022     
 Tracing beam          289  -9.2246841996272515     
 Tracing beam          385  -8.9662455995030026     
 Tracing beam          481  -8.7078069993787537     
 Tracing beam          577  -8.4493683992545030     
 Tracing beam          673  -8.1909297991302541     
 Tracing beam          769  -7.9324911990060043     
 Tracing beam          865  -7.6740525988817563     
 Tracing beam          961  -7.4156139987575074     
 Tracing beam         1057  -7.1571753986332567     
 Tracing beam         1153  -6.8987367985090078     
 Tracing beam         1249  -6.6402981983847589     
 Tracing beam         1345  -6.3818595982605082     
 Tracing beam         1441  -6.1234209981362593     
 Tracing beam         1537  -5.8649823980120104     
 Tracing beam         1633  -5.6065437978877615     
 Tracing beam         1729  -5.3481051977635117     
 Tracing beam         1825  -5.0896665976392619     
 Tracing beam         1921  -4.8312279975150130     
 Tracing beam         2017  -4.5727893973907641     
 Tracing beam         2113  -4.3143507972665143     
 Tracing beam         2209  -4.0559121971422654     
 Tracing beam         2305  -3.7974735970180151     
 Tracing beam         2401  -3.5390349968937667     
 Tracing beam         2497  -3.2805963967695169     
 Tracing beam         2593  -3.0221577966452680     
 Tracing beam         2689  -2.7637191965210182     
 Tracing beam         2785  -2.5052805963967693     
 Tracing beam         2881  -2.2468419962725195     
 Tracing beam         2977  -1.9884033961482697     
 Tracing beam         3073  -1.7299647960240208     
 Tracing beam         3169  -1.4715261958997718     
 Tracing beam         3265  -1.2130875957755229     
 Tracing beam         3361 -0.95464899565127403     
 Tracing beam         3457 -0.69621039552702335     
 Tracing beam         3553 -0.43777179540277444     
 Tracing beam         3649 -0.17933319527852554     
 Tracing beam         3745  7.91054048457233705E-002
 Tracing beam         3841  0.33754400496997405     
 Tracing beam         3937  0.59598260509422296     
 Tracing beam         4033  0.85442120521847187     
 Tracing beam         4129   1.1128598053427208     
 Tracing beam         4225   1.3712984054669715     
 Tracing beam         4321   1.6297370055912204     
 Tracing beam         4417   1.8881756057154695     
 Tracing beam         4513   2.1466142058397182     
 Tracing beam         4609   2.4050528059639689     
 Tracing beam         4705   2.6634914060882178     
 Tracing beam         4801   2.9219300062124667     

 CPU Time =        1.94    s
