 BELLHOP- UWASN                                                                  
 frequency =  0.1200E+05 Hz

 Dummy parameter NMedia =            1

     C-LINEAR approximation to SSP
     Attenuation units: dB/mkHz
     THORP attenuation added
     VACUUM

 Depth =    100.00000000000000      m

 C-Linear SSP option

 Sound speed profile:
      7.00      1447.00
     10.00      1474.90
     20.00      1497.70
     30.00      1478.70
     40.00      1460.10
     50.00      1450.80
     60.00      1447.10
     70.00      1447.10
     80.00      1444.90
     90.00      1446.00
     95.00      1443.80
    100.00      1441.80

                                 ( RMS roughness =  0.200E-01 )
     Bathymetry file selected
     Perfectly RIGID

 Number of sources   =            1
 Source depths (m)
   90.0000    

 Number of receivers =            6
 Receiver depths (m)
   87.0000       88.0000       89.0000       90.0000       91.0000    
   92.0000    

 Number of ranges   =            6
 Receiver ranges (km)
  0.900000       1.00000       1.10000       1.90000       2.00000    
   2.10000    

 Arrivals calculation, ASCII  file output
 Geometric hat beams
 Point source (cylindrical coordinates)
 Rectilinear receiver grid: Receivers at rr( : ) x rd( : )

 Number of beams   =         5040
 Beam take-off angles (degrees)
  -10.0000      -9.99742      -9.99484      -9.99226      -9.98968    
  -9.98710      -9.98452      -9.98194      -9.97936      -9.97678    
  -9.97420      -9.97162      -9.96904      -9.96646      -9.96388    
  -9.96130      -9.95872      -9.95614      -9.95356      -9.95098    
  -9.94840    

 Step length,     deltas =    10.000000000000000      m

 Maximum ray Depth, zBox =    100.00000000000000      m
 Maximum ray range, rBox =    2200.0000000000000      m
 No beam shift in effect

 *********************************
 Using bottom-bathymetry file
 Curvilinear Interpolation
 Number of bathymetry points           3

  Range (km)  Depth (m)
   0.00       95.0    
   1.28       95.0    
   2.55       94.0    

 ( Maximum # of arrivals =        55555 )

 Tracing beam            1  -10.000000000000000     

 Minimum width beams                     
 halfwidth  =    6.1932496546761850     
 EpsOpt     =  (  0.0000000000000000     ,  1446000.0000000000     )
 EpsMult    =    1.0000000000000000     

 Tracing beam          101  -9.7420123040285773     
 Tracing beam          201  -9.4840246080571546     
 Tracing beam          301  -9.2260369120857320     
 Tracing beam          401  -8.9680492161143093     
 Tracing beam          501  -8.7100615201428848     
 Tracing beam          601  -8.4520738241714621     
 Tracing beam          701  -8.1940861282000395     
 Tracing beam          801  -7.9360984322286168     
 Tracing beam          901  -7.6781107362571941     
 Tracing beam         1001  -7.4201230402857714     
 Tracing beam         1101  -7.1621353443143478     
 Tracing beam         1201  -6.9041476483429252     
 Tracing beam         1301  -6.6461599523715016     
 Tracing beam         1401  -6.3881722564000789     
 Tracing beam         1501  -6.1301845604286562     
 Tracing beam         1601  -5.8721968644572335     
 Tracing beam         1701  -5.6142091684858100     
 Tracing beam         1801  -5.3562214725143873     
 Tracing beam         1901  -5.0982337765429646     
 Tracing beam         2001  -4.8402460805715410     
 Tracing beam         2101  -4.5822583846001184     
 Tracing beam         2201  -4.3242706886286957     
 Tracing beam         2301  -4.0662829926572721     
 Tracing beam         2401  -3.8082952966858499     
 Tracing beam         2501  -3.5503076007144267     
 Tracing beam         2601  -3.2923199047430041     
 Tracing beam         2701  -3.0343322087715814     
 Tracing beam         2801  -2.7763445128001587     
 Tracing beam         2901  -2.5183568168287351     
 Tracing beam         3001  -2.2603691208573125     
 Tracing beam         3101  -2.0023814248858898     
 Tracing beam         3201  -1.7443937289144671     
 Tracing beam         3301  -1.4864060329430444     
 Tracing beam         3401  -1.2284183369716217     
 Tracing beam         3501 -0.97043064100019716     
 Tracing beam         3601 -0.71244294502877459     
 Tracing beam         3701 -0.45445524905735185     
 Tracing beam         3801 -0.19646755308592923     
 Tracing beam         3901  6.15201428854934632E-002
 Tracing beam         4001  0.31950783885691614     
 Tracing beam         4101  0.57749553482833882     
 Tracing beam         4201  0.83548323079976150     
 Tracing beam         4301   1.0934709267711860     
 Tracing beam         4401   1.3514586227426086     
 Tracing beam         4501   1.6094463187140313     
 Tracing beam         4601   1.8674340146854538     
 Tracing beam         4701   2.1254217106568767     
 Tracing beam         4801   2.3834094066282994     
 Tracing beam         4901   2.6413971025997220     
 Tracing beam         5001   2.8993847985711465     

 CPU Time =        1.89    s
