 BELLHOP- UWASN                                                                  
 frequency =   1250.     Hz

 Dummy parameter NMedia =            1

     C-LINEAR approximation to SSP
     Attenuation units: dB/mkHz
     THORP attenuation added
     VACUUM

 Depth =    100.00000000000000      m

 C-Linear SSP option

 Sound speed profile:
      7.00      1447.00
     10.00      1474.90
     20.00      1497.70
     30.00      1478.70
     40.00      1460.10
     50.00      1450.80
     60.00      1447.10
     70.00      1447.10
     80.00      1444.90
     90.00      1446.00
     95.00      1443.80
    100.00      1441.80

                                 ( RMS roughness =  0.200E-01 )
     Bathymetry file selected
     Perfectly RIGID

 Number of sources   =            1
 Source depths (m)
   90.0000    

 Number of receivers =            6
 Receiver depths (m)
   87.0000       88.0000       89.0000       90.0000       91.0000    
   92.0000    

 Number of ranges   =            6
 Receiver ranges (km)
  0.900000       1.00000       1.10000       1.90000       2.00000    
   2.10000    

 Arrivals calculation, ASCII  file output
 Geometric hat beams
 Point source (cylindrical coordinates)
 Rectilinear receiver grid: Receivers at rr( : ) x rd( : )

 Number of beams   =          525
 Beam take-off angles (degrees)
  -10.0000      -9.97519      -9.95038      -9.92557      -9.90076    
  -9.87595      -9.85115      -9.82634      -9.80153      -9.77672    
  -9.75191      -9.72710      -9.70229      -9.67748      -9.65267    
  -9.62786      -9.60305      -9.57824      -9.55344      -9.52863    
  -9.50382    

 Step length,     deltas =    10.000000000000000      m

 Maximum ray Depth, zBox =    100.00000000000000      m
 Maximum ray range, rBox =    2200.0000000000000      m
 No beam shift in effect

 *********************************
 Using bottom-bathymetry file
 Curvilinear Interpolation
 Number of bathymetry points           3

  Range (km)  Depth (m)
   0.00       95.0    
   1.28       95.0    
   2.55       96.0    

 ( Maximum # of arrivals =        55555 )

 Tracing beam            1  -10.000000000000000     

 Minimum width beams                     
 halfwidth  =    19.189082217172562     
 EpsOpt     =  (  0.0000000000000000     ,  1446000.0000000000     )
 EpsMult    =    1.0000000000000000     

 Tracing beam           11  -9.7519083969465647     
 Tracing beam           21  -9.5038167938931295     
 Tracing beam           31  -9.2557251908396942     
 Tracing beam           41  -9.0076335877862590     
 Tracing beam           51  -8.7595419847328220     
 Tracing beam           61  -8.5114503816793885     
 Tracing beam           71  -8.2633587786259532     
 Tracing beam           81  -8.0152671755725198     
 Tracing beam           91  -7.7671755725190836     
 Tracing beam          101  -7.5190839694656493     
 Tracing beam          111  -7.2709923664122140     
 Tracing beam          121  -7.0229007633587788     
 Tracing beam          131  -6.7748091603053435     
 Tracing beam          141  -6.5267175572519083     
 Tracing beam          151  -6.2786259541984730     
 Tracing beam          161  -6.0305343511450369     
 Tracing beam          171  -5.7824427480916034     
 Tracing beam          181  -5.5343511450381682     
 Tracing beam          191  -5.2862595419847329     
 Tracing beam          201  -5.0381679389312977     
 Tracing beam          211  -4.7900763358778615     
 Tracing beam          221  -4.5419847328244272     
 Tracing beam          231  -4.2938931297709928     
 Tracing beam          241  -4.0458015267175576     
 Tracing beam          251  -3.7977099236641223     
 Tracing beam          261  -3.5496183206106871     
 Tracing beam          271  -3.3015267175572518     
 Tracing beam          281  -3.0534351145038161     
 Tracing beam          291  -2.8053435114503817     
 Tracing beam          301  -2.5572519083969469     
 Tracing beam          311  -2.3091603053435117     
 Tracing beam          321  -2.0610687022900764     
 Tracing beam          331  -1.8129770992366421     
 Tracing beam          341  -1.5648854961832068     
 Tracing beam          351  -1.3167938931297714     
 Tracing beam          361  -1.0687022900763363     
 Tracing beam          371 -0.82061068702290108     
 Tracing beam          381 -0.57251908396946583     
 Tracing beam          391 -0.32442748091603058     
 Tracing beam          401 -7.63358778625953249E-002
 Tracing beam          411  0.17175572519083993     
 Tracing beam          421  0.41984732824427512     
 Tracing beam          431  0.66793893129771043     
 Tracing beam          441  0.91603053435114568     
 Tracing beam          451   1.1641221374045791     
 Tracing beam          461   1.4122137404580144     
 Tracing beam          471   1.6603053435114496     
 Tracing beam          481   1.9083969465648847     
 Tracing beam          491   2.1564885496183201     
 Tracing beam          501   2.4045801526717554     
 Tracing beam          511   2.6526717557251906     
 Tracing beam          521   2.9007633587786259     

 CPU Time =       0.200    s
