 BELLHOP- UWASN                                                                  
 frequency =  0.1275E+05 Hz

 Dummy parameter NMedia =            1

     C-LINEAR approximation to SSP
     Attenuation units: dB/mkHz
     THORP attenuation added
     VACUUM

 Depth =    100.00000000000000      m

 C-Linear SSP option

 Sound speed profile:
      7.00      1447.00
     10.00      1474.90
     20.00      1497.70
     30.00      1478.70
     40.00      1460.10
     50.00      1450.80
     60.00      1447.10
     70.00      1447.10
     80.00      1444.90
     90.00      1446.00
     95.00      1443.80
    100.00      1441.80

                                 ( RMS roughness =  0.200E-01 )
     Bathymetry file selected
     Perfectly RIGID

 Number of sources   =            1
 Source depths (m)
   90.0000    

 Number of receivers =            6
 Receiver depths (m)
   87.0000       88.0000       89.0000       90.0000       91.0000    
   92.0000    

 Number of ranges   =            6
 Receiver ranges (km)
  0.900000       1.00000       1.10000       1.90000       2.00000    
   2.10000    

 Arrivals calculation, ASCII  file output
 Geometric hat beams
 Point source (cylindrical coordinates)
 Rectilinear receiver grid: Receivers at rr( : ) x rd( : )

 Number of beams   =         5355
 Beam take-off angles (degrees)
  -10.0000      -9.99757      -9.99514      -9.99272      -9.99029    
  -9.98786      -9.98543      -9.98300      -9.98058      -9.97815    
  -9.97572      -9.97329      -9.97086      -9.96843      -9.96601    
  -9.96358      -9.96115      -9.95872      -9.95629      -9.95387    
  -9.95144    

 Step length,     deltas =    10.000000000000000      m

 Maximum ray Depth, zBox =    100.00000000000000      m
 Maximum ray range, rBox =    2200.0000000000000      m
 No beam shift in effect

 *********************************
 Using bottom-bathymetry file
 Curvilinear Interpolation
 Number of bathymetry points           3

  Range (km)  Depth (m)
   0.00       95.0    
   2.25       93.0    
   4.50       92.0    

 ( Maximum # of arrivals =        55555 )

 Tracing beam            1  -10.000000000000000     

 Minimum width beams                     
 halfwidth  =    6.0083347040117676     
 EpsOpt     =  (  0.0000000000000000     ,  1446000.0000000000     )
 EpsMult    =    1.0000000000000000     

 Tracing beam          108  -9.7401942472917451     
 Tracing beam          215  -9.4803884945834884     
 Tracing beam          322  -9.2205827418752335     
 Tracing beam          429  -8.9607769891669786     
 Tracing beam          536  -8.7009712364587219     
 Tracing beam          643  -8.4411654837504670     
 Tracing beam          750  -8.1813597310422121     
 Tracing beam          857  -7.9215539783339546     
 Tracing beam          964  -7.6617482256257006     
 Tracing beam         1071  -7.4019424729174448     
 Tracing beam         1178  -7.1421367202091890     
 Tracing beam         1285  -6.8823309675009341     
 Tracing beam         1392  -6.6225252147926792     
 Tracing beam         1499  -6.3627194620844225     
 Tracing beam         1606  -6.1029137093761676     
 Tracing beam         1713  -5.8431079566679118     
 Tracing beam         1820  -5.5833022039596560     
 Tracing beam         1927  -5.3234964512514003     
 Tracing beam         2034  -5.0636906985431445     
 Tracing beam         2141  -4.8038849458348905     
 Tracing beam         2248  -4.5440791931266347     
 Tracing beam         2355  -4.2842734404183789     
 Tracing beam         2462  -4.0244676877101240     
 Tracing beam         2569  -3.7646619350018682     
 Tracing beam         2676  -3.5048561822936124     
 Tracing beam         2783  -3.2450504295853575     
 Tracing beam         2890  -2.9852446768771017     
 Tracing beam         2997  -2.7254389241688459     
 Tracing beam         3104  -2.4656331714605910     
 Tracing beam         3211  -2.2058274187523352     
 Tracing beam         3318  -1.9460216660440803     
 Tracing beam         3425  -1.6862159133358237     
 Tracing beam         3532  -1.4264101606275685     
 Tracing beam         3639  -1.1666044079193139     
 Tracing beam         3746 -0.90679865521105718     
 Tracing beam         3853 -0.64699290250280228     
 Tracing beam         3960 -0.38718714979454738     
 Tracing beam         4067 -0.12738139708629070     
 Tracing beam         4174  0.13242435562196420     
 Tracing beam         4281  0.39223010833021910     
 Tracing beam         4388  0.65203586103847577     
 Tracing beam         4495  0.91184161374673067     
 Tracing beam         4602   1.1716473664549856     
 Tracing beam         4709   1.4314531191632420     
 Tracing beam         4816   1.6912588718714971     
 Tracing beam         4923   1.9510646245797523     
 Tracing beam         5030   2.2108703772880087     
 Tracing beam         5137   2.4706761299962632     
 Tracing beam         5244   2.7304818827045185     
 Tracing beam         5351   2.9902876354127752     

 CPU Time =        2.07    s
