 BELLHOP- UWASN                                                                  
 frequency =  0.1300E+05 Hz

 Dummy parameter NMedia =            1

     C-LINEAR approximation to SSP
     Attenuation units: dB/mkHz
     THORP attenuation added
     VACUUM

 Depth =    100.00000000000000      m

 C-Linear SSP option

 Sound speed profile:
      7.00      1447.00
     10.00      1474.90
     20.00      1497.70
     30.00      1478.70
     40.00      1460.10
     50.00      1450.80
     60.00      1447.10
     70.00      1447.10
     80.00      1444.90
     90.00      1446.00
     95.00      1443.80
    100.00      1441.80

                                 ( RMS roughness =  0.200E-01 )
     Bathymetry file selected
     Perfectly RIGID

 Number of sources   =            1
 Source depths (m)
   90.0000    

 Number of receivers =            6
 Receiver depths (m)
   87.0000       88.0000       89.0000       90.0000       91.0000    
   92.0000    

 Number of ranges   =            6
 Receiver ranges (km)
  0.900000       1.00000       1.10000       1.90000       2.00000    
   2.10000    

 Arrivals calculation, ASCII  file output
 Geometric hat beams
 Point source (cylindrical coordinates)
 Rectilinear receiver grid: Receivers at rr( : ) x rd( : )

 Number of beams   =         5460
 Beam take-off angles (degrees)
  -10.0000      -9.99762      -9.99524      -9.99286      -9.99047    
  -9.98809      -9.98571      -9.98333      -9.98095      -9.97857    
  -9.97619      -9.97380      -9.97142      -9.96904      -9.96666    
  -9.96428      -9.96190      -9.95952      -9.95714      -9.95475    
  -9.95237    

 Step length,     deltas =    10.000000000000000      m

 Maximum ray Depth, zBox =    100.00000000000000      m
 Maximum ray range, rBox =    2200.0000000000000      m
 No beam shift in effect

 *********************************
 Using bottom-bathymetry file
 Curvilinear Interpolation
 Number of bathymetry points           3

  Range (km)  Depth (m)
   0.00       95.0    
   1.85       97.0    
   3.71       95.0    

 ( Maximum # of arrivals =        55555 )

 Tracing beam            1  -10.000000000000000     

 Minimum width beams                     
 halfwidth  =    5.9502817995437463     
 EpsOpt     =  (  0.0000000000000000     ,  1446000.0000000000     )
 EpsMult    =    1.0000000000000000     

 Tracing beam          110  -9.7404286499358861     
 Tracing beam          219  -9.4808572998717722     
 Tracing beam          328  -9.2212859498076565     
 Tracing beam          437  -8.9617145997435426     
 Tracing beam          546  -8.7021432496794269     
 Tracing beam          655  -8.4425718996153147     
 Tracing beam          764  -8.1830005495511990     
 Tracing beam          873  -7.9234291994870851     
 Tracing beam          982  -7.6638578494229712     
 Tracing beam         1091  -7.4042864993588573     
 Tracing beam         1200  -7.1447151492947416     
 Tracing beam         1309  -6.8851437992306277     
 Tracing beam         1418  -6.6255724491665138     
 Tracing beam         1527  -6.3660010991023999     
 Tracing beam         1636  -6.1064297490382859     
 Tracing beam         1745  -5.8468583989741711     
 Tracing beam         1854  -5.5872870489100563     
 Tracing beam         1963  -5.3277156988459424     
 Tracing beam         2072  -5.0681443487818285     
 Tracing beam         2181  -4.8085729987177137     
 Tracing beam         2290  -4.5490016486535998     
 Tracing beam         2399  -4.2894302985894850     
 Tracing beam         2508  -4.0298589485253711     
 Tracing beam         2617  -3.7702875984612558     
 Tracing beam         2726  -3.5107162483971424     
 Tracing beam         2835  -3.2511448983330276     
 Tracing beam         2944  -2.9915735482689136     
 Tracing beam         3053  -2.7320021982047997     
 Tracing beam         3162  -2.4724308481406849     
 Tracing beam         3271  -2.2128594980765710     
 Tracing beam         3380  -1.9532881480124560     
 Tracing beam         3489  -1.6937167979483423     
 Tracing beam         3598  -1.4341454478842284     
 Tracing beam         3707  -1.1745740978201127     
 Tracing beam         3816 -0.91500274775599888     
 Tracing beam         3925 -0.65543139769188485     
 Tracing beam         4034 -0.39586004762777088     
 Tracing beam         4143 -0.13628869756365702     
 Tracing beam         4252  0.12328265250045868     
 Tracing beam         4361  0.38285400256457258     
 Tracing beam         4470  0.64242535262868650     
 Tracing beam         4579  0.90199670269280052     
 Tracing beam         4688   1.1615680527569161     
 Tracing beam         4797   1.4211394028210300     
 Tracing beam         4906   1.6807107528851439     
 Tracing beam         5015   1.9402821029492578     
 Tracing beam         5124   2.1998534530133718     
 Tracing beam         5233   2.4594248030774875     
 Tracing beam         5342   2.7189961531416014     
 Tracing beam         5451   2.9785675032057153     

 CPU Time =        2.20    s
