 BELLHOP- UWASN                                                                  
 frequency =  0.1350E+05 Hz

 Dummy parameter NMedia =            1

     C-LINEAR approximation to SSP
     Attenuation units: dB/mkHz
     THORP attenuation added
     VACUUM

 Depth =    100.00000000000000      m

 C-Linear SSP option

 Sound speed profile:
      7.00      1447.00
     10.00      1474.90
     20.00      1497.70
     30.00      1478.70
     40.00      1460.10
     50.00      1450.80
     60.00      1447.10
     70.00      1447.10
     80.00      1444.90
     90.00      1446.00
     95.00      1443.80
    100.00      1441.80

                                 ( RMS roughness =  0.200E-01 )
     Bathymetry file selected
     Perfectly RIGID

 Number of sources   =            1
 Source depths (m)
   90.0000    

 Number of receivers =            6
 Receiver depths (m)
   87.0000       88.0000       89.0000       90.0000       91.0000    
   92.0000    

 Number of ranges   =            6
 Receiver ranges (km)
  0.900000       1.00000       1.10000       1.90000       2.00000    
   2.10000    

 Arrivals calculation, ASCII  file output
 Geometric hat beams
 Point source (cylindrical coordinates)
 Rectilinear receiver grid: Receivers at rr( : ) x rd( : )

 Number of beams   =         5670
 Beam take-off angles (degrees)
  -10.0000      -9.99771      -9.99541      -9.99312      -9.99083    
  -9.98853      -9.98624      -9.98395      -9.98165      -9.97936    
  -9.97707      -9.97478      -9.97248      -9.97019      -9.96790    
  -9.96560      -9.96331      -9.96102      -9.95872      -9.95643    
  -9.95414    

 Step length,     deltas =    10.000000000000000      m

 Maximum ray Depth, zBox =    100.00000000000000      m
 Maximum ray range, rBox =    2200.0000000000000      m
 No beam shift in effect

 *********************************
 Using bottom-bathymetry file
 Curvilinear Interpolation
 Number of bathymetry points           3

  Range (km)  Depth (m)
   0.00       95.0    
   1.85       97.0    
   3.71       95.0    

 ( Maximum # of arrivals =        55555 )

 Tracing beam            1  -10.000000000000000     

 Minimum width beams                     
 halfwidth  =    5.8390517712036996     
 EpsOpt     =  (  0.0000000000000000     ,  1446000.0000000000     )
 EpsMult    =    1.0000000000000000     

 Tracing beam          114  -9.7408714058916921     
 Tracing beam          227  -9.4817428117833842     
 Tracing beam          340  -9.2226142176750745     
 Tracing beam          453  -8.9634856235667666     
 Tracing beam          566  -8.7043570294584587     
 Tracing beam          679  -8.4452284353501490     
 Tracing beam          792  -8.1860998412418411     
 Tracing beam          905  -7.9269712471335332     
 Tracing beam         1018  -7.6678426530252262     
 Tracing beam         1131  -7.4087140589169165     
 Tracing beam         1244  -7.1495854648086086     
 Tracing beam         1357  -6.8904568707002989     
 Tracing beam         1470  -6.6313282765919919     
 Tracing beam         1583  -6.3721996824836831     
 Tracing beam         1696  -6.1130710883753752     
 Tracing beam         1809  -5.8539424942670664     
 Tracing beam         1922  -5.5948139001587585     
 Tracing beam         2035  -5.3356853060504505     
 Tracing beam         2148  -5.0765567119421418     
 Tracing beam         2261  -4.8174281178338338     
 Tracing beam         2374  -4.5582995237255250     
 Tracing beam         2487  -4.2991709296172171     
 Tracing beam         2600  -4.0400423355089075     
 Tracing beam         2713  -3.7809137414006004     
 Tracing beam         2826  -3.5217851472922916     
 Tracing beam         2939  -3.2626565531839837     
 Tracing beam         3052  -3.0035279590756749     
 Tracing beam         3165  -2.7443993649673670     
 Tracing beam         3278  -2.4852707708590578     
 Tracing beam         3391  -2.2261421767507499     
 Tracing beam         3504  -1.9670135826424422     
 Tracing beam         3617  -1.7078849885341327     
 Tracing beam         3730  -1.4487563944258248     
 Tracing beam         3843  -1.1896278003175169     
 Tracing beam         3956 -0.93049920620920890     
 Tracing beam         4069 -0.67137061210090099     
 Tracing beam         4182 -0.41224201799259141     
 Tracing beam         4295 -0.15311342388428351     
 Tracing beam         4408  0.10601517022402439     
 Tracing beam         4521  0.36514376433233231     
 Tracing beam         4634  0.62427235844064199     
 Tracing beam         4747  0.88340095254894990     
 Tracing beam         4860   1.1425295466572578     
 Tracing beam         4973   1.4016581407655657     
 Tracing beam         5086   1.6607867348738754     
 Tracing beam         5199   1.9199153289821833     
 Tracing beam         5312   2.1790439230904912     
 Tracing beam         5425   2.4381725171987991     
 Tracing beam         5538   2.6973011113071084     
 Tracing beam         5651   2.9564297054154163     

 CPU Time =        2.24    s
