 BELLHOP- UWASN                                                                  
 frequency =  0.1375E+05 Hz

 Dummy parameter NMedia =            1

     C-LINEAR approximation to SSP
     Attenuation units: dB/mkHz
     THORP attenuation added
     VACUUM

 Depth =    100.00000000000000      m

 C-Linear SSP option

 Sound speed profile:
      7.00      1447.00
     10.00      1474.90
     20.00      1497.70
     30.00      1478.70
     40.00      1460.10
     50.00      1450.80
     60.00      1447.10
     70.00      1447.10
     80.00      1444.90
     90.00      1446.00
     95.00      1443.80
    100.00      1441.80

                                 ( RMS roughness =  0.200E-01 )
     Bathymetry file selected
     Perfectly RIGID

 Number of sources   =            1
 Source depths (m)
   90.0000    

 Number of receivers =            6
 Receiver depths (m)
   87.0000       88.0000       89.0000       90.0000       91.0000    
   92.0000    

 Number of ranges   =            6
 Receiver ranges (km)
  0.900000       1.00000       1.10000       1.90000       2.00000    
   2.10000    

 Arrivals calculation, ASCII  file output
 Geometric hat beams
 Point source (cylindrical coordinates)
 Rectilinear receiver grid: Receivers at rr( : ) x rd( : )

 Number of beams   =         5775
 Beam take-off angles (degrees)
  -10.0000      -9.99775      -9.99550      -9.99325      -9.99099    
  -9.98874      -9.98649      -9.98424      -9.98199      -9.97974    
  -9.97749      -9.97523      -9.97298      -9.97073      -9.96848    
  -9.96623      -9.96398      -9.96172      -9.95947      -9.95722    
  -9.95497    

 Step length,     deltas =    10.000000000000000      m

 Maximum ray Depth, zBox =    100.00000000000000      m
 Maximum ray range, rBox =    2200.0000000000000      m
 No beam shift in effect

 *********************************
 Using bottom-bathymetry file
 Curvilinear Interpolation
 Number of bathymetry points           3

  Range (km)  Depth (m)
   0.00       95.0    
   1.85       97.0    
   3.71       95.0    

 ( Maximum # of arrivals =        55555 )

 Tracing beam            1  -10.000000000000000     

 Minimum width beams                     
 halfwidth  =    5.7857259805129519     
 EpsOpt     =  (  0.0000000000000000     ,  1446000.0000000000     )
 EpsMult    =    1.0000000000000000     

 Tracing beam          116  -9.7410807066158647     
 Tracing beam          231  -9.4821614132317293     
 Tracing beam          346  -9.2232421198475905     
 Tracing beam          461  -8.9643228264634569     
 Tracing beam          576  -8.7054035330793216     
 Tracing beam          691  -8.4464842396951845     
 Tracing beam          806  -8.1875649463110491     
 Tracing beam          921  -7.9286456529269129     
 Tracing beam         1036  -7.6697263595427776     
 Tracing beam         1151  -7.4108070661586423     
 Tracing beam         1266  -7.1518877727745052     
 Tracing beam         1381  -6.8929684793903707     
 Tracing beam         1496  -6.6340491860062354     
 Tracing beam         1611  -6.3751298926220992     
 Tracing beam         1726  -6.1162105992379630     
 Tracing beam         1841  -5.8572913058538276     
 Tracing beam         1956  -5.5983720124696914     
 Tracing beam         2071  -5.3394527190855561     
 Tracing beam         2186  -5.0805334257014199     
 Tracing beam         2301  -4.8216141323172845     
 Tracing beam         2416  -4.5626948389331483     
 Tracing beam         2531  -4.3037755455490130     
 Tracing beam         2646  -4.0448562521648768     
 Tracing beam         2761  -3.7859369587807410     
 Tracing beam         2876  -3.5270176653966052     
 Tracing beam         2991  -3.2680983720124699     
 Tracing beam         3106  -3.0091790786283332     
 Tracing beam         3221  -2.7502597852441983     
 Tracing beam         3336  -2.4913404918600621     
 Tracing beam         3451  -2.2324211984759268     
 Tracing beam         3566  -1.9735019050917906     
 Tracing beam         3681  -1.7145826117076552     
 Tracing beam         3796  -1.4556633183235199     
 Tracing beam         3911  -1.1967440249393828     
 Tracing beam         4026 -0.93782473155524748     
 Tracing beam         4141 -0.67890543817111215     
 Tracing beam         4256 -0.41998614478697677     
 Tracing beam         4371 -0.16106685140283972     
 Tracing beam         4486  9.78524419812956125E-002
 Tracing beam         4601  0.35677173536543094     
 Tracing beam         4716  0.61569102874956627     
 Tracing beam         4831  0.87461032213370338     
 Tracing beam         4946   1.1335296155178385     
 Tracing beam         5061   1.3924489089019740     
 Tracing beam         5176   1.6513682022861094     
 Tracing beam         5291   1.9102874956702465     
 Tracing beam         5406   2.1692067890543818     
 Tracing beam         5521   2.4281260824385171     
 Tracing beam         5636   2.6870453758226525     
 Tracing beam         5751   2.9459646692067896     

 CPU Time =        2.32    s
