 BELLHOP- UWASN                                                                  
 frequency =  0.1400E+05 Hz

 Dummy parameter NMedia =            1

     C-LINEAR approximation to SSP
     Attenuation units: dB/mkHz
     THORP attenuation added
     VACUUM

 Depth =    100.00000000000000      m

 C-Linear SSP option

 Sound speed profile:
      7.00      1447.00
     10.00      1474.90
     20.00      1497.70
     30.00      1478.70
     40.00      1460.10
     50.00      1450.80
     60.00      1447.10
     70.00      1447.10
     80.00      1444.90
     90.00      1446.00
     95.00      1443.80
    100.00      1441.80

                                 ( RMS roughness =  0.200E-01 )
     Bathymetry file selected
     Perfectly RIGID

 Number of sources   =            1
 Source depths (m)
   90.0000    

 Number of receivers =            6
 Receiver depths (m)
   87.0000       88.0000       89.0000       90.0000       91.0000    
   92.0000    

 Number of ranges   =            6
 Receiver ranges (km)
  0.900000       1.00000       1.10000       1.90000       2.00000    
   2.10000    

 Arrivals calculation, ASCII  file output
 Geometric hat beams
 Point source (cylindrical coordinates)
 Rectilinear receiver grid: Receivers at rr( : ) x rd( : )

 Number of beams   =         5880
 Beam take-off angles (degrees)
  -10.0000      -9.99779      -9.99558      -9.99337      -9.99115    
  -9.98894      -9.98673      -9.98452      -9.98231      -9.98010    
  -9.97789      -9.97568      -9.97346      -9.97125      -9.96904    
  -9.96683      -9.96462      -9.96241      -9.96020      -9.95799    
  -9.95577    

 Step length,     deltas =    10.000000000000000      m

 Maximum ray Depth, zBox =    100.00000000000000      m
 Maximum ray range, rBox =    2200.0000000000000      m
 No beam shift in effect

 *********************************
 Using bottom-bathymetry file
 Curvilinear Interpolation
 Number of bathymetry points           3

  Range (km)  Depth (m)
   0.00       95.0    
   1.85       97.0    
   3.71       95.0    

 ( Maximum # of arrivals =        55555 )

 Tracing beam            1  -10.000000000000000     

 Minimum width beams                     
 halfwidth  =    5.7338350132086262     
 EpsOpt     =  (  0.0000000000000000     ,  1446000.0000000000     )
 EpsMult    =    1.0000000000000000     

 Tracing beam          118  -9.7412825310426943     
 Tracing beam          235  -9.4825650620853885     
 Tracing beam          352  -9.2238475931280828     
 Tracing beam          469  -8.9651301241707770     
 Tracing beam          586  -8.7064126552134713     
 Tracing beam          703  -8.4476951862561638     
 Tracing beam          820  -8.1889777172988598     
 Tracing beam          937  -7.9302602483415532     
 Tracing beam         1054  -7.6715427793842474     
 Tracing beam         1171  -7.4128253104269435     
 Tracing beam         1288  -7.1541078414696377     
 Tracing beam         1405  -6.8953903725123320     
 Tracing beam         1522  -6.6366729035550263     
 Tracing beam         1639  -6.3779554345977196     
 Tracing beam         1756  -6.1192379656404148     
 Tracing beam         1873  -5.8605204966831090     
 Tracing beam         1990  -5.6018030277258033     
 Tracing beam         2107  -5.3430855587684976     
 Tracing beam         2224  -5.0843680898111918     
 Tracing beam         2341  -4.8256506208538861     
 Tracing beam         2458  -4.5669331518965812     
 Tracing beam         2575  -4.3082156829392755     
 Tracing beam         2692  -4.0494982139819697     
 Tracing beam         2809  -3.7907807450246640     
 Tracing beam         2926  -3.5320632760673583     
 Tracing beam         3043  -3.2733458071100525     
 Tracing beam         3160  -3.0146283381527468     
 Tracing beam         3277  -2.7559108691954410     
 Tracing beam         3394  -2.4971934002381349     
 Tracing beam         3511  -2.2384759312808296     
 Tracing beam         3628  -1.9797584623235238     
 Tracing beam         3745  -1.7210409933662181     
 Tracing beam         3862  -1.4623235244089123     
 Tracing beam         3979  -1.2036060554516066     
 Tracing beam         4096 -0.94488858649430074     
 Tracing beam         4213 -0.68617111753699500     
 Tracing beam         4330 -0.42745364857968937     
 Tracing beam         4447 -0.16873617962238360     
 Tracing beam         4564  8.99812893349203335E-002
 Tracing beam         4681  0.34869875829222607     
 Tracing beam         4798  0.60741622724953181     
 Tracing beam         4915  0.86613369620683756     
 Tracing beam         5032   1.1248511651641433     
 Tracing beam         5149   1.3835686341214488     
 Tracing beam         5266   1.6422861030787548     
 Tracing beam         5383   1.9010035720360603     
 Tracing beam         5500   2.1597210409933663     
 Tracing beam         5617   2.4184385099506720     
 Tracing beam         5734   2.6771559789079777     
 Tracing beam         5851   2.9358734478652835     

 CPU Time =        2.47    s
