 BELLHOP- UWASN                                                                  
 frequency =  0.1500E+05 Hz

 Dummy parameter NMedia =            1

     C-LINEAR approximation to SSP
     Attenuation units: dB/mkHz
     THORP attenuation added
     VACUUM

 Depth =    100.00000000000000      m

 C-Linear SSP option

 Sound speed profile:
      7.00      1447.00
     10.00      1474.90
     20.00      1497.70
     30.00      1478.70
     40.00      1460.10
     50.00      1450.80
     60.00      1447.10
     70.00      1447.10
     80.00      1444.90
     90.00      1446.00
     95.00      1443.80
    100.00      1441.80

                                 ( RMS roughness =  0.200E-01 )
     Bathymetry file selected
     Perfectly RIGID

 Number of sources   =            1
 Source depths (m)
   90.0000    

 Number of receivers =            6
 Receiver depths (m)
   87.0000       88.0000       89.0000       90.0000       91.0000    
   92.0000    

 Number of ranges   =            6
 Receiver ranges (km)
  0.900000       1.00000       1.10000       1.90000       2.00000    
   2.10000    

 Arrivals calculation, ASCII  file output
 Geometric hat beams
 Point source (cylindrical coordinates)
 Rectilinear receiver grid: Receivers at rr( : ) x rd( : )

 Number of beams   =         6300
 Beam take-off angles (degrees)
  -10.0000      -9.99794      -9.99587      -9.99381      -9.99174    
  -9.98968      -9.98762      -9.98555      -9.98349      -9.98143    
  -9.97936      -9.97730      -9.97523      -9.97317      -9.97111    
  -9.96904      -9.96698      -9.96492      -9.96285      -9.96079    
  -9.95872    

 Step length,     deltas =    10.000000000000000      m

 Maximum ray Depth, zBox =    100.00000000000000      m
 Maximum ray range, rBox =    2200.0000000000000      m
 No beam shift in effect

 *********************************
 Using bottom-bathymetry file
 Curvilinear Interpolation
 Number of bathymetry points           3

  Range (km)  Depth (m)
   0.00       95.0    
   1.85       93.0    
   3.71       93.0    

 ( Maximum # of arrivals =        55555 )

 Tracing beam            1  -10.000000000000000     

 Minimum width beams                     
 halfwidth  =    5.5394108917932199     
 EpsOpt     =  (  0.0000000000000000     ,  1446000.0000000000     )
 EpsMult    =    1.0000000000000000     

 Tracing beam          127  -9.7399587236069216     
 Tracing beam          253  -9.4799174472138432     
 Tracing beam          379  -9.2198761708207648     
 Tracing beam          505  -8.9598348944276864     
 Tracing beam          631  -8.6997936180346080     
 Tracing beam          757  -8.4397523416415297     
 Tracing beam          883  -8.1797110652484513     
 Tracing beam         1009  -7.9196697888553738     
 Tracing beam         1135  -7.6596285124622954     
 Tracing beam         1261  -7.3995872360692179     
 Tracing beam         1387  -7.1395459596761395     
 Tracing beam         1513  -6.8795046832830611     
 Tracing beam         1639  -6.6194634068899827     
 Tracing beam         1765  -6.3594221304969043     
 Tracing beam         1891  -6.0993808541038259     
 Tracing beam         2017  -5.8393395777107475     
 Tracing beam         2143  -5.5792983013176691     
 Tracing beam         2269  -5.3192570249245916     
 Tracing beam         2395  -5.0592157485315132     
 Tracing beam         2521  -4.7991744721384348     
 Tracing beam         2647  -4.5391331957453565     
 Tracing beam         2773  -4.2790919193522781     
 Tracing beam         2899  -4.0190506429592006     
 Tracing beam         3025  -3.7590093665661217     
 Tracing beam         3151  -3.4989680901730438     
 Tracing beam         3277  -3.2389268137799649     
 Tracing beam         3403  -2.9788855373868870     
 Tracing beam         3529  -2.7188442609938086     
 Tracing beam         3655  -2.4588029846007302     
 Tracing beam         3781  -2.1987617082076527     
 Tracing beam         3907  -1.9387204318145737     
 Tracing beam         4033  -1.6786791554214950     
 Tracing beam         4159  -1.4186378790284184     
 Tracing beam         4285  -1.1585966026353400     
 Tracing beam         4411 -0.89855532624226164     
 Tracing beam         4537 -0.63851404984918325     
 Tracing beam         4663 -0.37847277345610486     
 Tracing beam         4789 -0.11843149706302646     
 Tracing beam         4915  0.14160977933005192     
 Tracing beam         5041  0.40165105572313031     
 Tracing beam         5167  0.66169233211620870     
 Tracing beam         5293  0.92173360850928721     
 Tracing beam         5419   1.1817748849023655     
 Tracing beam         5545   1.4418161612954439     
 Tracing beam         5671   1.7018574376885223     
 Tracing beam         5797   1.9618987140815989     
 Tracing beam         5923   2.2219399904746773     
 Tracing beam         6049   2.4819812668677557     
 Tracing beam         6175   2.7420225432608341     

 CPU Time =        2.62    s
