 BELLHOP- UWASN                                                                  
 frequency =  0.1525E+05 Hz

 Dummy parameter NMedia =            1

     C-LINEAR approximation to SSP
     Attenuation units: dB/mkHz
     THORP attenuation added
     VACUUM

 Depth =    100.00000000000000      m

 C-Linear SSP option

 Sound speed profile:
      7.00      1447.00
     10.00      1474.90
     20.00      1497.70
     30.00      1478.70
     40.00      1460.10
     50.00      1450.80
     60.00      1447.10
     70.00      1447.10
     80.00      1444.90
     90.00      1446.00
     95.00      1443.80
    100.00      1441.80

                                 ( RMS roughness =  0.200E-01 )
     Bathymetry file selected
     Perfectly RIGID

 Number of sources   =            1
 Source depths (m)
   90.0000    

 Number of receivers =            6
 Receiver depths (m)
   87.0000       88.0000       89.0000       90.0000       91.0000    
   92.0000    

 Number of ranges   =            6
 Receiver ranges (km)
  0.900000       1.00000       1.10000       1.90000       2.00000    
   2.10000    

 Arrivals calculation, ASCII  file output
 Geometric hat beams
 Point source (cylindrical coordinates)
 Rectilinear receiver grid: Receivers at rr( : ) x rd( : )

 Number of beams   =         6405
 Beam take-off angles (degrees)
  -10.0000      -9.99797      -9.99594      -9.99391      -9.99188    
  -9.98985      -9.98782      -9.98579      -9.98376      -9.98173    
  -9.97970      -9.97767      -9.97564      -9.97361      -9.97158    
  -9.96955      -9.96752      -9.96549      -9.96346      -9.96143    
  -9.95940    

 Step length,     deltas =    10.000000000000000      m

 Maximum ray Depth, zBox =    100.00000000000000      m
 Maximum ray range, rBox =    2200.0000000000000      m
 No beam shift in effect

 *********************************
 Using bottom-bathymetry file
 Curvilinear Interpolation
 Number of bathymetry points           3

  Range (km)  Depth (m)
   0.00       95.0    
   2.25       94.0    
   4.50       94.0    

 ( Maximum # of arrivals =        55555 )

 Tracing beam            1  -10.000000000000000     

 Minimum width beams                     
 halfwidth  =    5.4938182572824390     
 EpsOpt     =  (  0.0000000000000000     ,  1446000.0000000000     )
 EpsMult    =    1.0000000000000000     

 Tracing beam          129  -9.7401623985009369     
 Tracing beam          257  -9.4803247970018738     
 Tracing beam          385  -9.2204871955028107     
 Tracing beam          513  -8.9606495940037476     
 Tracing beam          641  -8.7008119925046845     
 Tracing beam          769  -8.4409743910056214     
 Tracing beam          897  -8.1811367895065583     
 Tracing beam         1025  -7.9212991880074943     
 Tracing beam         1153  -7.6614615865084321     
 Tracing beam         1281  -7.4016239850093681     
 Tracing beam         1409  -7.1417863835103059     
 Tracing beam         1537  -6.8819487820112428     
 Tracing beam         1665  -6.6221111805121797     
 Tracing beam         1793  -6.3622735790131166     
 Tracing beam         1921  -6.1024359775140535     
 Tracing beam         2049  -5.8425983760149904     
 Tracing beam         2177  -5.5827607745159273     
 Tracing beam         2305  -5.3229231730168642     
 Tracing beam         2433  -5.0630855715178011     
 Tracing beam         2561  -4.8032479700187380     
 Tracing beam         2689  -4.5434103685196749     
 Tracing beam         2817  -4.2835727670206118     
 Tracing beam         2945  -4.0237351655215488     
 Tracing beam         3073  -3.7638975640224852     
 Tracing beam         3201  -3.5040599625234226     
 Tracing beam         3329  -3.2442223610243595     
 Tracing beam         3457  -2.9843847595252964     
 Tracing beam         3585  -2.7245471580262333     
 Tracing beam         3713  -2.4647095565271702     
 Tracing beam         3841  -2.2048719550281066     
 Tracing beam         3969  -1.9450343535290442     
 Tracing beam         4097  -1.6851967520299806     
 Tracing beam         4225  -1.4253591505309178     
 Tracing beam         4353  -1.1655215490318547     
 Tracing beam         4481 -0.90568394753279158     
 Tracing beam         4609 -0.64584634603372848     
 Tracing beam         4737 -0.38600874453466538     
 Tracing beam         4865 -0.12617114303560228     
 Tracing beam         4993  0.13366645846346081     
 Tracing beam         5121  0.39350405996252391     
 Tracing beam         5249  0.65334166146158701     
 Tracing beam         5377  0.91317926296065000     
 Tracing beam         5505   1.1730168644597132     
 Tracing beam         5633   1.4328544659587763     
 Tracing beam         5761   1.6926920674578394     
 Tracing beam         5889   1.9525296689569025     
 Tracing beam         6017   2.2123672704559656     
 Tracing beam         6145   2.4722048719550282     
 Tracing beam         6273   2.7320424734540918     
 Tracing beam         6401   2.9918800749531549     

 CPU Time =        2.29    s
