 BELLHOP- UWASN                                                                  
 frequency =  0.1550E+05 Hz

 Dummy parameter NMedia =            1

     C-LINEAR approximation to SSP
     Attenuation units: dB/mkHz
     THORP attenuation added
     VACUUM

 Depth =    100.00000000000000      m

 C-Linear SSP option

 Sound speed profile:
      7.00      1447.00
     10.00      1474.90
     20.00      1497.70
     30.00      1478.70
     40.00      1460.10
     50.00      1450.80
     60.00      1447.10
     70.00      1447.10
     80.00      1444.90
     90.00      1446.00
     95.00      1443.80
    100.00      1441.80

                                 ( RMS roughness =  0.200E-01 )
     Bathymetry file selected
     Perfectly RIGID

 Number of sources   =            1
 Source depths (m)
   90.0000    

 Number of receivers =            6
 Receiver depths (m)
   87.0000       88.0000       89.0000       90.0000       91.0000    
   92.0000    

 Number of ranges   =            6
 Receiver ranges (km)
  0.900000       1.00000       1.10000       1.90000       2.00000    
   2.10000    

 Arrivals calculation, ASCII  file output
 Geometric hat beams
 Point source (cylindrical coordinates)
 Rectilinear receiver grid: Receivers at rr( : ) x rd( : )

 Number of beams   =         6510
 Beam take-off angles (degrees)
  -10.0000      -9.99800      -9.99601      -9.99401      -9.99201    
  -9.99001      -9.98802      -9.98602      -9.98402      -9.98202    
  -9.98003      -9.97803      -9.97603      -9.97404      -9.97204    
  -9.97004      -9.96804      -9.96605      -9.96405      -9.96205    
  -9.96006    

 Step length,     deltas =    10.000000000000000      m

 Maximum ray Depth, zBox =    100.00000000000000      m
 Maximum ray range, rBox =    2200.0000000000000      m
 No beam shift in effect

 *********************************
 Using bottom-bathymetry file
 Curvilinear Interpolation
 Number of bathymetry points           3

  Range (km)  Depth (m)
   0.00       95.0    
   1.85       93.0    
   3.71       93.0    

 ( Maximum # of arrivals =        55555 )

 Tracing beam            1  -10.000000000000000     

 Minimum width beams                     
 halfwidth  =    5.4493331667915310     
 EpsOpt     =  (  0.0000000000000000     ,  1446000.0000000000     )
 EpsMult    =    1.0000000000000000     

 Tracing beam          131  -9.7403595022276850     
 Tracing beam          261  -9.4807190044553700     
 Tracing beam          391  -9.2210785066830550     
 Tracing beam          521  -8.9614380089107399     
 Tracing beam          651  -8.7017975111384231     
 Tracing beam          781  -8.4421570133661081     
 Tracing beam          911  -8.1825165155937931     
 Tracing beam         1041  -7.9228760178214781     
 Tracing beam         1171  -7.6632355200491631     
 Tracing beam         1301  -7.4035950222768481     
 Tracing beam         1431  -7.1439545245045322     
 Tracing beam         1561  -6.8843140267322172     
 Tracing beam         1691  -6.6246735289599012     
 Tracing beam         1821  -6.3650330311875862     
 Tracing beam         1951  -6.1053925334152712     
 Tracing beam         2081  -5.8457520356429562     
 Tracing beam         2211  -5.5861115378706412     
 Tracing beam         2341  -5.3264710400983253     
 Tracing beam         2471  -5.0668305423260103     
 Tracing beam         2601  -4.8071900445536953     
 Tracing beam         2731  -4.5475495467813802     
 Tracing beam         2861  -4.2879090490090643     
 Tracing beam         2991  -4.0282685512367493     
 Tracing beam         3121  -3.7686280534644339     
 Tracing beam         3251  -3.5089875556921193     
 Tracing beam         3381  -3.2493470579198034     
 Tracing beam         3511  -2.9897065601474884     
 Tracing beam         3641  -2.7300660623751734     
 Tracing beam         3771  -2.4704255646028583     
 Tracing beam         3901  -2.2107850668305424     
 Tracing beam         4031  -1.9511445690582274     
 Tracing beam         4161  -1.6915040712859124     
 Tracing beam         4291  -1.4318635735135974     
 Tracing beam         4421  -1.1722230757412824     
 Tracing beam         4551 -0.91258257796896736     
 Tracing beam         4681 -0.65294208019665056     
 Tracing beam         4811 -0.39330158242433555     
 Tracing beam         4941 -0.13366108465202053     
 Tracing beam         5071  0.12597941312029448     
 Tracing beam         5201  0.38561991089260950     
 Tracing beam         5331  0.64526040866492451     
 Tracing beam         5461  0.90490090643723953     
 Tracing beam         5591   1.1645414042095561     
 Tracing beam         5721   1.4241819019818713     
 Tracing beam         5851   1.6838223997541863     
 Tracing beam         5981   1.9434628975265014     
 Tracing beam         6111   2.2031033952988164     
 Tracing beam         6241   2.4627438930711314     
 Tracing beam         6371   2.7223843908434464     
 Tracing beam         6501   2.9820248886157614     

 CPU Time =        2.70    s
