 BELLHOP- UWASN                                                                  
 frequency =  0.1600E+05 Hz

 Dummy parameter NMedia =            1

     C-LINEAR approximation to SSP
     Attenuation units: dB/mkHz
     THORP attenuation added
     VACUUM

 Depth =    100.00000000000000      m

 C-Linear SSP option

 Sound speed profile:
      7.00      1447.00
     10.00      1474.90
     20.00      1497.70
     30.00      1478.70
     40.00      1460.10
     50.00      1450.80
     60.00      1447.10
     70.00      1447.10
     80.00      1444.90
     90.00      1446.00
     95.00      1443.80
    100.00      1441.80

                                 ( RMS roughness =  0.200E-01 )
     Bathymetry file selected
     Perfectly RIGID

 Number of sources   =            1
 Source depths (m)
   90.0000    

 Number of receivers =            6
 Receiver depths (m)
   87.0000       88.0000       89.0000       90.0000       91.0000    
   92.0000    

 Number of ranges   =            6
 Receiver ranges (km)
  0.900000       1.00000       1.10000       1.90000       2.00000    
   2.10000    

 Arrivals calculation, ASCII  file output
 Geometric hat beams
 Point source (cylindrical coordinates)
 Rectilinear receiver grid: Receivers at rr( : ) x rd( : )

 Number of beams   =         6720
 Beam take-off angles (degrees)
  -10.0000      -9.99807      -9.99613      -9.99420      -9.99226    
  -9.99033      -9.98839      -9.98646      -9.98452      -9.98259    
  -9.98065      -9.97872      -9.97678      -9.97485      -9.97291    
  -9.97098      -9.96904      -9.96711      -9.96517      -9.96324    
  -9.96130    

 Step length,     deltas =    10.000000000000000      m

 Maximum ray Depth, zBox =    100.00000000000000      m
 Maximum ray range, rBox =    2200.0000000000000      m
 No beam shift in effect

 *********************************
 Using bottom-bathymetry file
 Curvilinear Interpolation
 Number of bathymetry points           3

  Range (km)  Depth (m)
   0.00       95.0    
   1.28       95.0    
   2.55       96.0    

 ( Maximum # of arrivals =        55555 )

 Tracing beam            1  -10.000000000000000     

 Minimum width beams                     
 halfwidth  =    5.3635115329287784     
 EpsOpt     =  (  0.0000000000000000     ,  1446000.0000000000     )
 EpsMult    =    1.0000000000000000     

 Tracing beam          135  -9.7407352284566162     
 Tracing beam          269  -9.4814704569132306     
 Tracing beam          403  -9.2222056853698469     
 Tracing beam          537  -8.9629409138264613     
 Tracing beam          671  -8.7036761422830775     
 Tracing beam          805  -8.4444113707396937     
 Tracing beam          939  -8.1851465991963082     
 Tracing beam         1073  -7.9258818276529253     
 Tracing beam         1207  -7.6666170561095406     
 Tracing beam         1341  -7.4073522845661550     
 Tracing beam         1475  -7.1480875130227712     
 Tracing beam         1609  -6.8888227414793866     
 Tracing beam         1743  -6.6295579699360019     
 Tracing beam         1877  -6.3702931983926181     
 Tracing beam         2011  -6.1110284268492334     
 Tracing beam         2145  -5.8517636553058487     
 Tracing beam         2279  -5.5924988837624641     
 Tracing beam         2413  -5.3332341122190794     
 Tracing beam         2547  -5.0739693406756956     
 Tracing beam         2681  -4.8147045691323109     
 Tracing beam         2815  -4.5554397975889263     
 Tracing beam         2949  -4.2961750260455425     
 Tracing beam         3083  -4.0369102545021578     
 Tracing beam         3217  -3.7776454829587727     
 Tracing beam         3351  -3.5183807114153893     
 Tracing beam         3485  -3.2591159398720047     
 Tracing beam         3619  -2.9998511683286200     
 Tracing beam         3753  -2.7405863967852353     
 Tracing beam         3887  -2.4813216252418515     
 Tracing beam         4021  -2.2220568536984668     
 Tracing beam         4155  -1.9627920821550831     
 Tracing beam         4289  -1.7035273106116975     
 Tracing beam         4423  -1.4442625390683137     
 Tracing beam         4557  -1.1849977675249281     
 Tracing beam         4691 -0.92573299598154435     
 Tracing beam         4825 -0.66646822443816056     
 Tracing beam         4959 -0.40720345289477500     
 Tracing beam         5093 -0.14793868135139121     
 Tracing beam         5227  0.11132609019199258     
 Tracing beam         5361  0.37059086173537814     
 Tracing beam         5495  0.62985563327876193     
 Tracing beam         5629  0.88912040482214749     
 Tracing beam         5763   1.1483851763655313     
 Tracing beam         5897   1.4076499479089151     
 Tracing beam         6031   1.6669147194523006     
 Tracing beam         6165   1.9261794909956842     
 Tracing beam         6299   2.1854442625390682     
 Tracing beam         6433   2.4447090340824538     
 Tracing beam         6567   2.7039738056258376     
 Tracing beam         6701   2.9632385771692213     

 CPU Time =        2.82    s
