 BELLHOP- UWASN                                                                  
 frequency =  0.1650E+05 Hz

 Dummy parameter NMedia =            1

     C-LINEAR approximation to SSP
     Attenuation units: dB/mkHz
     THORP attenuation added
     VACUUM

 Depth =    100.00000000000000      m

 C-Linear SSP option

 Sound speed profile:
      7.00      1447.00
     10.00      1474.90
     20.00      1497.70
     30.00      1478.70
     40.00      1460.10
     50.00      1450.80
     60.00      1447.10
     70.00      1447.10
     80.00      1444.90
     90.00      1446.00
     95.00      1443.80
    100.00      1441.80

                                 ( RMS roughness =  0.200E-01 )
     Bathymetry file selected
     Perfectly RIGID

 Number of sources   =            1
 Source depths (m)
   90.0000    

 Number of receivers =            6
 Receiver depths (m)
   87.0000       88.0000       89.0000       90.0000       91.0000    
   92.0000    

 Number of ranges   =            6
 Receiver ranges (km)
  0.900000       1.00000       1.10000       1.90000       2.00000    
   2.10000    

 Arrivals calculation, ASCII  file output
 Geometric hat beams
 Point source (cylindrical coordinates)
 Rectilinear receiver grid: Receivers at rr( : ) x rd( : )

 Number of beams   =         6930
 Beam take-off angles (degrees)
  -10.0000      -9.99812      -9.99625      -9.99437      -9.99250    
  -9.99062      -9.98874      -9.98687      -9.98499      -9.98311    
  -9.98124      -9.97936      -9.97749      -9.97561      -9.97373    
  -9.97186      -9.96998      -9.96811      -9.96623      -9.96435    
  -9.96248    

 Step length,     deltas =    10.000000000000000      m

 Maximum ray Depth, zBox =    100.00000000000000      m
 Maximum ray range, rBox =    2200.0000000000000      m
 No beam shift in effect

 *********************************
 Using bottom-bathymetry file
 Curvilinear Interpolation
 Number of bathymetry points           3

  Range (km)  Depth (m)
   0.00       95.0    
   1.28       95.0    
   2.55       96.0    

 ( Maximum # of arrivals =        55555 )

 Tracing beam            1  -10.000000000000000     

 Minimum width beams                     
 halfwidth  =    5.2816210517843984     
 EpsOpt     =  (  0.0000000000000000     ,  1446000.0000000000     )
 EpsMult    =    1.0000000000000000     

 Tracing beam          139  -9.7410881801125697     
 Tracing beam          277  -9.4821763602251412     
 Tracing beam          415  -9.2232645403377109     
 Tracing beam          553  -8.9643527204502806     
 Tracing beam          691  -8.7054409005628521     
 Tracing beam          829  -8.4465290806754219     
 Tracing beam          967  -8.1876172607879916     
 Tracing beam         1105  -7.9287054409005631     
 Tracing beam         1243  -7.6697936210131319     
 Tracing beam         1381  -7.4108818011257043     
 Tracing beam         1519  -7.1519699812382740     
 Tracing beam         1657  -6.8930581613508428     
 Tracing beam         1795  -6.6341463414634152     
 Tracing beam         1933  -6.3752345215759849     
 Tracing beam         2071  -6.1163227016885555     
 Tracing beam         2209  -5.8574108818011261     
 Tracing beam         2347  -5.5984990619136950     
 Tracing beam         2485  -5.3395872420262664     
 Tracing beam         2623  -5.0806754221388370     
 Tracing beam         2761  -4.8217636022514068     
 Tracing beam         2899  -4.5628517823639774     
 Tracing beam         3037  -4.3039399624765480     
 Tracing beam         3175  -4.0450281425891186     
 Tracing beam         3313  -3.7861163227016883     
 Tracing beam         3451  -3.5272045028142589     
 Tracing beam         3589  -3.2682926829268295     
 Tracing beam         3727  -3.0093808630393992     
 Tracing beam         3865  -2.7504690431519694     
 Tracing beam         4003  -2.4915572232645404     
 Tracing beam         4141  -2.2326454033771110     
 Tracing beam         4279  -1.9737335834896808     
 Tracing beam         4417  -1.7148217636022522     
 Tracing beam         4555  -1.4559099437148220     
 Tracing beam         4693  -1.1969981238273917     
 Tracing beam         4831 -0.93808630393996317     
 Tracing beam         4969 -0.67917448405253289     
 Tracing beam         5107 -0.42026266416510261     
 Tracing beam         5245 -0.16135084427767410     
 Tracing beam         5383  9.75609756097561842E-002
 Tracing beam         5521  0.35647279549718647     
 Tracing beam         5659  0.61538461538461486     
 Tracing beam         5797  0.87429643527204526     
 Tracing beam         5935   1.1332082551594755     
 Tracing beam         6073   1.3921200750469040     
 Tracing beam         6211   1.6510318949343341     
 Tracing beam         6349   1.9099437148217628     
 Tracing beam         6487   2.1688555347091931     
 Tracing beam         6625   2.4277673545966234     
 Tracing beam         6763   2.6866791744840519     
 Tracing beam         6901   2.9455909943714822     

 CPU Time =        2.76    s
