 BELLHOP- UWASN                                                                  
 frequency =  0.1675E+05 Hz

 Dummy parameter NMedia =            1

     C-LINEAR approximation to SSP
     Attenuation units: dB/mkHz
     THORP attenuation added
     VACUUM

 Depth =    100.00000000000000      m

 C-Linear SSP option

 Sound speed profile:
      7.00      1447.00
     10.00      1474.90
     20.00      1497.70
     30.00      1478.70
     40.00      1460.10
     50.00      1450.80
     60.00      1447.10
     70.00      1447.10
     80.00      1444.90
     90.00      1446.00
     95.00      1443.80
    100.00      1441.80

                                 ( RMS roughness =  0.200E-01 )
     Bathymetry file selected
     Perfectly RIGID

 Number of sources   =            1
 Source depths (m)
   90.0000    

 Number of receivers =            6
 Receiver depths (m)
   87.0000       88.0000       89.0000       90.0000       91.0000    
   92.0000    

 Number of ranges   =            6
 Receiver ranges (km)
  0.900000       1.00000       1.10000       1.90000       2.00000    
   2.10000    

 Arrivals calculation, ASCII  file output
 Geometric hat beams
 Point source (cylindrical coordinates)
 Rectilinear receiver grid: Receivers at rr( : ) x rd( : )

 Number of beams   =         7035
 Beam take-off angles (degrees)
  -10.0000      -9.99815      -9.99630      -9.99446      -9.99261    
  -9.99076      -9.98891      -9.98706      -9.98521      -9.98337    
  -9.98152      -9.97967      -9.97782      -9.97597      -9.97413    
  -9.97228      -9.97043      -9.96858      -9.96673      -9.96488    
  -9.96304    

 Step length,     deltas =    10.000000000000000      m

 Maximum ray Depth, zBox =    100.00000000000000      m
 Maximum ray range, rBox =    2200.0000000000000      m
 No beam shift in effect

 *********************************
 Using bottom-bathymetry file
 Curvilinear Interpolation
 Number of bathymetry points           3

  Range (km)  Depth (m)
   0.00       95.0    
   2.25       93.0    
   4.50       92.0    

 ( Maximum # of arrivals =        55555 )

 Tracing beam            1  -10.000000000000000     

 Minimum width beams                     
 halfwidth  =    5.2420577902123506     
 EpsOpt     =  (  0.0000000000000000     ,  1446000.0000000000     )
 EpsMult    =    1.0000000000000000     

 Tracing beam          141  -9.7412567529144152     
 Tracing beam          281  -9.4825135058288321     
 Tracing beam          421  -9.2237702587432473     
 Tracing beam          561  -8.9650270116576607     
 Tracing beam          701  -8.7062837645720776     
 Tracing beam          841  -8.4475405174864946     
 Tracing beam          981  -8.1887972704009098     
 Tracing beam         1121  -7.9300540233153267     
 Tracing beam         1261  -7.6713107762297419     
 Tracing beam         1401  -7.4125675291441562     
 Tracing beam         1541  -7.1538242820585722     
 Tracing beam         1681  -6.8950810349729883     
 Tracing beam         1821  -6.6363377878874044     
 Tracing beam         1961  -6.3775945408018186     
 Tracing beam         2101  -6.1188512937162356     
 Tracing beam         2241  -5.8601080466306517     
 Tracing beam         2381  -5.6013647995450668     
 Tracing beam         2521  -5.3426215524594829     
 Tracing beam         2661  -5.0838783053738981     
 Tracing beam         2801  -4.8251350582883141     
 Tracing beam         2941  -4.5663918112027302     
 Tracing beam         3081  -4.3076485641171454     
 Tracing beam         3221  -4.0489053170315614     
 Tracing beam         3361  -3.7901620699459766     
 Tracing beam         3501  -3.5314188228603927     
 Tracing beam         3641  -3.2726755757748087     
 Tracing beam         3781  -3.0139323286892239     
 Tracing beam         3921  -2.7551890816036400     
 Tracing beam         4061  -2.4964458345180547     
 Tracing beam         4201  -2.2377025874324712     
 Tracing beam         4341  -1.9789593403468861     
 Tracing beam         4481  -1.7202160932613033     
 Tracing beam         4621  -1.4614728461757185     
 Tracing beam         4761  -1.2027295990901337     
 Tracing beam         4901 -0.94398635200454883     
 Tracing beam         5041 -0.68524310491896578     
 Tracing beam         5181 -0.42649985783338090     
 Tracing beam         5321 -0.16775661074779613     
 Tracing beam         5461  9.09866363377869192E-002
 Tracing beam         5601  0.34972988342337175     
 Tracing beam         5741  0.60847313050895657     
 Tracing beam         5881  0.86721637759453962     
 Tracing beam         6021   1.1259596246801244     
 Tracing beam         6161   1.3847028717657093     
 Tracing beam         6301   1.6434461188512941     
 Tracing beam         6441   1.9021893659368772     
 Tracing beam         6581   2.1609326130224615     
 Tracing beam         6721   2.4196758601080468     
 Tracing beam         6861   2.6784191071936299     
 Tracing beam         7001   2.9371623542792147     

 CPU Time =        2.87    s
