 BELLHOP- UWASN                                                                  
 frequency =  0.1775E+05 Hz

 Dummy parameter NMedia =            1

     C-LINEAR approximation to SSP
     Attenuation units: dB/mkHz
     THORP attenuation added
     VACUUM

 Depth =    100.00000000000000      m

 C-Linear SSP option

 Sound speed profile:
      7.00      1447.00
     10.00      1474.90
     20.00      1497.70
     30.00      1478.70
     40.00      1460.10
     50.00      1450.80
     60.00      1447.10
     70.00      1447.10
     80.00      1444.90
     90.00      1446.00
     95.00      1443.80
    100.00      1441.80

                                 ( RMS roughness =  0.200E-01 )
     Bathymetry file selected
     Perfectly RIGID

 Number of sources   =            1
 Source depths (m)
   90.0000    

 Number of receivers =            6
 Receiver depths (m)
   87.0000       88.0000       89.0000       90.0000       91.0000    
   92.0000    

 Number of ranges   =            6
 Receiver ranges (km)
  0.900000       1.00000       1.10000       1.90000       2.00000    
   2.10000    

 Arrivals calculation, ASCII  file output
 Geometric hat beams
 Point source (cylindrical coordinates)
 Rectilinear receiver grid: Receivers at rr( : ) x rd( : )

 Number of beams   =         7455
 Beam take-off angles (degrees)
  -10.0000      -9.99826      -9.99651      -9.99477      -9.99302    
  -9.99128      -9.98954      -9.98779      -9.98605      -9.98430    
  -9.98256      -9.98082      -9.97907      -9.97733      -9.97558    
  -9.97384      -9.97210      -9.97035      -9.96861      -9.96686    
  -9.96512    

 Step length,     deltas =    10.000000000000000      m

 Maximum ray Depth, zBox =    100.00000000000000      m
 Maximum ray range, rBox =    2200.0000000000000      m
 No beam shift in effect

 *********************************
 Using bottom-bathymetry file
 Curvilinear Interpolation
 Number of bathymetry points           3

  Range (km)  Depth (m)
   0.00       95.0    
   2.25       93.0    
   4.50       92.0    

 ( Maximum # of arrivals =        55555 )

 Tracing beam            1  -10.000000000000000     

 Minimum width beams                     
 halfwidth  =    5.0922536886328578     
 EpsOpt     =  (  0.0000000000000000     ,  1446000.0000000000     )
 EpsMult    =    1.0000000000000000     

 Tracing beam          150  -9.7401395224040783     
 Tracing beam          299  -9.4802790448081566     
 Tracing beam          448  -9.2204185672122350     
 Tracing beam          597  -8.9605580896163133     
 Tracing beam          746  -8.7006976120203916     
 Tracing beam          895  -8.4408371344244699     
 Tracing beam         1044  -8.1809766568285482     
 Tracing beam         1193  -7.9211161792326257     
 Tracing beam         1342  -7.6612557016367049     
 Tracing beam         1491  -7.4013952240407823     
 Tracing beam         1640  -7.1415347464448615     
 Tracing beam         1789  -6.8816742688489398     
 Tracing beam         1938  -6.6218137912530182     
 Tracing beam         2087  -6.3619533136570965     
 Tracing beam         2236  -6.1020928360611739     
 Tracing beam         2385  -5.8422323584652531     
 Tracing beam         2534  -5.5823718808693314     
 Tracing beam         2683  -5.3225114032734098     
 Tracing beam         2832  -5.0626509256774881     
 Tracing beam         2981  -4.8027904480815664     
 Tracing beam         3130  -4.5429299704856447     
 Tracing beam         3279  -4.2830694928897231     
 Tracing beam         3428  -4.0232090152938014     
 Tracing beam         3577  -3.7633485376978792     
 Tracing beam         3726  -3.5034880601019580     
 Tracing beam         3875  -3.2436275825060363     
 Tracing beam         4024  -2.9837671049101147     
 Tracing beam         4173  -2.7239066273141930     
 Tracing beam         4322  -2.4640461497182713     
 Tracing beam         4471  -2.2041856721223496     
 Tracing beam         4620  -1.9443251945264279     
 Tracing beam         4769  -1.6844647169305063     
 Tracing beam         4918  -1.4246042393345846     
 Tracing beam         5067  -1.1647437617386629     
 Tracing beam         5216 -0.90488328414274111     
 Tracing beam         5365 -0.64502280654681943     
 Tracing beam         5514 -0.38516232895089780     
 Tracing beam         5663 -0.12530185135497618     
 Tracing beam         5812  0.13455862624094550     
 Tracing beam         5961  0.39441910383686718     
 Tracing beam         6110  0.65427958143278886     
 Tracing beam         6259  0.91414005902871054     
 Tracing beam         6408   1.1740005366246322     
 Tracing beam         6557   1.4338610142205539     
 Tracing beam         6706   1.6937214918164756     
 Tracing beam         6855   1.9535819694123970     
 Tracing beam         7004   2.2134424470083189     
 Tracing beam         7153   2.4733029246042406     
 Tracing beam         7302   2.7331634022001623     
 Tracing beam         7451   2.9930238797960835     

 CPU Time =        2.88    s
