 BELLHOP- UWASN                                                                  
 frequency =  0.1825E+05 Hz

 Dummy parameter NMedia =            1

     C-LINEAR approximation to SSP
     Attenuation units: dB/mkHz
     THORP attenuation added
     VACUUM

 Depth =    100.00000000000000      m

 C-Linear SSP option

 Sound speed profile:
      7.00      1447.00
     10.00      1474.90
     20.00      1497.70
     30.00      1478.70
     40.00      1460.10
     50.00      1450.80
     60.00      1447.10
     70.00      1447.10
     80.00      1444.90
     90.00      1446.00
     95.00      1443.80
    100.00      1441.80

                                 ( RMS roughness =  0.200E-01 )
     Bathymetry file selected
     Perfectly RIGID

 Number of sources   =            1
 Source depths (m)
   90.0000    

 Number of receivers =            6
 Receiver depths (m)
   87.0000       88.0000       89.0000       90.0000       91.0000    
   92.0000    

 Number of ranges   =            6
 Receiver ranges (km)
  0.900000       1.00000       1.10000       1.90000       2.00000    
   2.10000    

 Arrivals calculation, ASCII  file output
 Geometric hat beams
 Point source (cylindrical coordinates)
 Rectilinear receiver grid: Receivers at rr( : ) x rd( : )

 Number of beams   =         7665
 Beam take-off angles (degrees)
  -10.0000      -9.99830      -9.99661      -9.99491      -9.99322    
  -9.99152      -9.98982      -9.98813      -9.98643      -9.98473    
  -9.98304      -9.98134      -9.97965      -9.97795      -9.97625    
  -9.97456      -9.97286      -9.97116      -9.96947      -9.96777    
  -9.96608    

 Step length,     deltas =    10.000000000000000      m

 Maximum ray Depth, zBox =    100.00000000000000      m
 Maximum ray range, rBox =    2200.0000000000000      m
 No beam shift in effect

 *********************************
 Using bottom-bathymetry file
 Curvilinear Interpolation
 Number of bathymetry points           3

  Range (km)  Depth (m)
   0.00       95.0    
   2.25       93.0    
   4.50       92.0    

 ( Maximum # of arrivals =        55555 )

 Tracing beam            1  -10.000000000000000     

 Minimum width beams                     
 halfwidth  =    5.0220123425092886     
 EpsOpt     =  (  0.0000000000000000     ,  1446000.0000000000     )
 EpsMult    =    1.0000000000000000     

 Tracing beam          154  -9.7404749478079324     
 Tracing beam          307  -9.4809498956158667     
 Tracing beam          460  -9.2214248434237991     
 Tracing beam          613  -8.9618997912317333     
 Tracing beam          766  -8.7023747390396657     
 Tracing beam          919  -8.4428496868475964     
 Tracing beam         1072  -8.1833246346555324     
 Tracing beam         1225  -7.9237995824634639     
 Tracing beam         1378  -7.6642745302713990     
 Tracing beam         1531  -7.4047494780793315     
 Tracing beam         1684  -7.1452244258872648     
 Tracing beam         1837  -6.8856993736951981     
 Tracing beam         1990  -6.6261743215031315     
 Tracing beam         2143  -6.3666492693110648     
 Tracing beam         2296  -6.1071242171189972     
 Tracing beam         2449  -5.8475991649269305     
 Tracing beam         2602  -5.5880741127348639     
 Tracing beam         2755  -5.3285490605427972     
 Tracing beam         2908  -5.0690240083507305     
 Tracing beam         3061  -4.8094989561586639     
 Tracing beam         3214  -4.5499739039665963     
 Tracing beam         3367  -4.2904488517745296     
 Tracing beam         3520  -4.0309237995824629     
 Tracing beam         3673  -3.7713987473903963     
 Tracing beam         3826  -3.5118736951983291     
 Tracing beam         3979  -3.2523486430062629     
 Tracing beam         4132  -2.9928235908141962     
 Tracing beam         4285  -2.7332985386221287     
 Tracing beam         4438  -2.4737734864300620     
 Tracing beam         4591  -2.2142484342379953     
 Tracing beam         4744  -1.9547233820459284     
 Tracing beam         4897  -1.6951983298538609     
 Tracing beam         5050  -1.4356732776617953     
 Tracing beam         5203  -1.1761482254697277     
 Tracing beam         5356 -0.91662317327766196     
 Tracing beam         5509 -0.65709812108559440     
 Tracing beam         5662 -0.39757306889352678     
 Tracing beam         5815 -0.13804801670146105     
 Tracing beam         5968  0.12147703549060651     
 Tracing beam         6121  0.38100208768267230     
 Tracing beam         6274  0.64052713987473986     
 Tracing beam         6427  0.90005219206680565     
 Tracing beam         6580   1.1595772442588732     
 Tracing beam         6733   1.4191022964509408     
 Tracing beam         6886   1.6786273486430066     
 Tracing beam         7039   1.9381524008350741     
 Tracing beam         7192   2.1976774530271399     
 Tracing beam         7345   2.4572025052192075     
 Tracing beam         7498   2.7167275574112750     
 Tracing beam         7651   2.9762526096033408     

 CPU Time =        3.01    s
