 BELLHOP- UWASN                                                                  
 frequency =  0.1875E+05 Hz

 Dummy parameter NMedia =            1

     C-LINEAR approximation to SSP
     Attenuation units: dB/mkHz
     THORP attenuation added
     VACUUM

 Depth =    100.00000000000000      m

 C-Linear SSP option

 Sound speed profile:
      7.00      1447.00
     10.00      1474.90
     20.00      1497.70
     30.00      1478.70
     40.00      1460.10
     50.00      1450.80
     60.00      1447.10
     70.00      1447.10
     80.00      1444.90
     90.00      1446.00
     95.00      1443.80
    100.00      1441.80

                                 ( RMS roughness =  0.200E-01 )
     Bathymetry file selected
     Perfectly RIGID

 Number of sources   =            1
 Source depths (m)
   90.0000    

 Number of receivers =            6
 Receiver depths (m)
   87.0000       88.0000       89.0000       90.0000       91.0000    
   92.0000    

 Number of ranges   =            6
 Receiver ranges (km)
  0.900000       1.00000       1.10000       1.90000       2.00000    
   2.10000    

 Arrivals calculation, ASCII  file output
 Geometric hat beams
 Point source (cylindrical coordinates)
 Rectilinear receiver grid: Receivers at rr( : ) x rd( : )

 Number of beams   =         7875
 Beam take-off angles (degrees)
  -10.0000      -9.99835      -9.99670      -9.99505      -9.99340    
  -9.99174      -9.99009      -9.98844      -9.98679      -9.98514    
  -9.98349      -9.98184      -9.98019      -9.97854      -9.97689    
  -9.97523      -9.97358      -9.97193      -9.97028      -9.96863    
  -9.96698    

 Step length,     deltas =    10.000000000000000      m

 Maximum ray Depth, zBox =    100.00000000000000      m
 Maximum ray range, rBox =    2200.0000000000000      m
 No beam shift in effect

 *********************************
 Using bottom-bathymetry file
 Curvilinear Interpolation
 Number of bathymetry points           3

  Range (km)  Depth (m)
   0.00       95.0    
   2.25       93.0    
   4.50       92.0    

 ( Maximum # of arrivals =        55555 )

 Tracing beam            1  -10.000000000000000     

 Minimum width beams                     
 halfwidth  =    4.9545997237409489     
 EpsOpt     =  (  0.0000000000000000     ,  1446000.0000000000     )
 EpsMult    =    1.0000000000000000     

 Tracing beam          158  -9.7407924815849629     
 Tracing beam          315  -9.4815849631699258     
 Tracing beam          472  -9.2223774447548887     
 Tracing beam          629  -8.9631699263398534     
 Tracing beam          786  -8.7039624079248163     
 Tracing beam          943  -8.4447548895097793     
 Tracing beam         1100  -8.1855473710947422     
 Tracing beam         1257  -7.9263398526797042     
 Tracing beam         1414  -7.6671323342646680     
 Tracing beam         1571  -7.4079248158496318     
 Tracing beam         1728  -7.1487172974345947     
 Tracing beam         1885  -6.8895097790195576     
 Tracing beam         2042  -6.6303022606045205     
 Tracing beam         2199  -6.3710947421894835     
 Tracing beam         2356  -6.1118872237744473     
 Tracing beam         2513  -5.8526797053594111     
 Tracing beam         2670  -5.5934721869443740     
 Tracing beam         2827  -5.3342646685293369     
 Tracing beam         2984  -5.0750571501142998     
 Tracing beam         3141  -4.8158496316992636     
 Tracing beam         3298  -4.5566421132842265     
 Tracing beam         3455  -4.2974345948691894     
 Tracing beam         3612  -4.0382270764541524     
 Tracing beam         3769  -3.7790195580391166     
 Tracing beam         3926  -3.5198120396240791     
 Tracing beam         4083  -3.2606045212090415     
 Tracing beam         4240  -3.0013970027940058     
 Tracing beam         4397  -2.7421894843789687     
 Tracing beam         4554  -2.4829819659639316     
 Tracing beam         4711  -2.2237744475488950     
 Tracing beam         4868  -1.9645669291338572     
 Tracing beam         5025  -1.7053594107188221     
 Tracing beam         5182  -1.4461518923037850     
 Tracing beam         5339  -1.1869443738887477     
 Tracing beam         5496 -0.92773685547371088     
 Tracing beam         5653 -0.66852933705867379     
 Tracing beam         5810 -0.40932181864363665     
 Tracing beam         5967 -0.15011430022859962     
 Tracing beam         6124  0.10909321818643569     
 Tracing beam         6281  0.36830073660147272     
 Tracing beam         6438  0.62750825501650986     
 Tracing beam         6595  0.88671577343154695     
 Tracing beam         6752   1.1459232918465840     
 Tracing beam         6909   1.4051308102616211     
 Tracing beam         7066   1.6643383286766580     
 Tracing beam         7223   1.9235458470916935     
 Tracing beam         7380   2.1827533655067306     
 Tracing beam         7537   2.4419608839217677     
 Tracing beam         7694   2.7011684023368048     
 Tracing beam         7851   2.9603759207518419     

 CPU Time =        3.09    s
