 BELLHOP- UWASN                                                                  
 frequency =  0.1900E+05 Hz

 Dummy parameter NMedia =            1

     C-LINEAR approximation to SSP
     Attenuation units: dB/mkHz
     THORP attenuation added
     VACUUM

 Depth =    100.00000000000000      m

 C-Linear SSP option

 Sound speed profile:
      7.00      1447.00
     10.00      1474.90
     20.00      1497.70
     30.00      1478.70
     40.00      1460.10
     50.00      1450.80
     60.00      1447.10
     70.00      1447.10
     80.00      1444.90
     90.00      1446.00
     95.00      1443.80
    100.00      1441.80

                                 ( RMS roughness =  0.200E-01 )
     Bathymetry file selected
     Perfectly RIGID

 Number of sources   =            1
 Source depths (m)
   90.0000    

 Number of receivers =            6
 Receiver depths (m)
   87.0000       88.0000       89.0000       90.0000       91.0000    
   92.0000    

 Number of ranges   =            6
 Receiver ranges (km)
  0.900000       1.00000       1.10000       1.90000       2.00000    
   2.10000    

 Arrivals calculation, ASCII  file output
 Geometric hat beams
 Point source (cylindrical coordinates)
 Rectilinear receiver grid: Receivers at rr( : ) x rd( : )

 Number of beams   =         7980
 Beam take-off angles (degrees)
  -10.0000      -9.99837      -9.99674      -9.99511      -9.99348    
  -9.99185      -9.99022      -9.98860      -9.98697      -9.98534    
  -9.98371      -9.98208      -9.98045      -9.97882      -9.97719    
  -9.97556      -9.97393      -9.97230      -9.97067      -9.96904    
  -9.96741    

 Step length,     deltas =    10.000000000000000      m

 Maximum ray Depth, zBox =    100.00000000000000      m
 Maximum ray range, rBox =    2200.0000000000000      m
 No beam shift in effect

 *********************************
 Using bottom-bathymetry file
 Curvilinear Interpolation
 Number of bathymetry points           3

  Range (km)  Depth (m)
   0.00       95.0    
   1.85       93.0    
   3.71       93.0    

 ( Maximum # of arrivals =        55555 )

 Tracing beam            1  -10.000000000000000     

 Minimum width beams                     
 halfwidth  =    4.9218957378003099     
 EpsOpt     =  (  0.0000000000000000     ,  1446000.0000000000     )
 EpsMult    =    1.0000000000000000     

 Tracing beam          160  -9.7409449805740067     
 Tracing beam          319  -9.4818899611480116     
 Tracing beam          478  -9.2228349417220201     
 Tracing beam          637  -8.9637799222960268     
 Tracing beam          796  -8.7047249028700335     
 Tracing beam          955  -8.4456698834440385     
 Tracing beam         1114  -8.1866148640180469     
 Tracing beam         1273  -7.9275598445920537     
 Tracing beam         1432  -7.6685048251660604     
 Tracing beam         1591  -7.4094498057400662     
 Tracing beam         1750  -7.1503947863140738     
 Tracing beam         1909  -6.8913397668880814     
 Tracing beam         2068  -6.6322847474620881     
 Tracing beam         2227  -6.3732297280360948     
 Tracing beam         2386  -6.1141747086101015     
 Tracing beam         2545  -5.8551196891841082     
 Tracing beam         2704  -5.5960646697581149     
 Tracing beam         2863  -5.3370096503321216     
 Tracing beam         3022  -5.0779546309061283     
 Tracing beam         3181  -4.8188996114801350     
 Tracing beam         3340  -4.5598445920541417     
 Tracing beam         3499  -4.3007895726281493     
 Tracing beam         3658  -4.0417345532021560     
 Tracing beam         3817  -3.7826795337761627     
 Tracing beam         3976  -3.5236245143501694     
 Tracing beam         4135  -3.2645694949241761     
 Tracing beam         4294  -3.0055144754981828     
 Tracing beam         4453  -2.7464594560721896     
 Tracing beam         4612  -2.4874044366461963     
 Tracing beam         4771  -2.2283494172202030     
 Tracing beam         4930  -1.9692943977942097     
 Tracing beam         5089  -1.7102393783682164     
 Tracing beam         5248  -1.4511843589422231     
 Tracing beam         5407  -1.1921293395162298     
 Tracing beam         5566 -0.93307432009023639     
 Tracing beam         5725 -0.67401930066424320     
 Tracing beam         5884 -0.41496428123824991     
 Tracing beam         6043 -0.15590926181225662     
 Tracing beam         6202  0.10314575761373666     
 Tracing beam         6361  0.36220077703972997     
 Tracing beam         6520  0.62125579646572326     
 Tracing beam         6679  0.88031081589171645     
 Tracing beam         6838   1.1393658353177081     
 Tracing beam         6997   1.3984208547437011     
 Tracing beam         7156   1.6574758741696947     
 Tracing beam         7315   1.9165308935956877     
 Tracing beam         7474   2.1755859130216813     
 Tracing beam         7633   2.4346409324476741     
 Tracing beam         7792   2.6936959518736674     
 Tracing beam         7951   2.9527509712996611     

 CPU Time =        3.15    s
