 BELLHOP- UWASN                                                                  
 frequency =  0.1925E+05 Hz

 Dummy parameter NMedia =            1

     C-LINEAR approximation to SSP
     Attenuation units: dB/mkHz
     THORP attenuation added
     VACUUM

 Depth =    100.00000000000000      m

 C-Linear SSP option

 Sound speed profile:
      7.00      1447.00
     10.00      1474.90
     20.00      1497.70
     30.00      1478.70
     40.00      1460.10
     50.00      1450.80
     60.00      1447.10
     70.00      1447.10
     80.00      1444.90
     90.00      1446.00
     95.00      1443.80
    100.00      1441.80

                                 ( RMS roughness =  0.200E-01 )
     Bathymetry file selected
     Perfectly RIGID

 Number of sources   =            1
 Source depths (m)
   90.0000    

 Number of receivers =            6
 Receiver depths (m)
   87.0000       88.0000       89.0000       90.0000       91.0000    
   92.0000    

 Number of ranges   =            6
 Receiver ranges (km)
  0.900000       1.00000       1.10000       1.90000       2.00000    
   2.10000    

 Arrivals calculation, ASCII  file output
 Geometric hat beams
 Point source (cylindrical coordinates)
 Rectilinear receiver grid: Receivers at rr( : ) x rd( : )

 Number of beams   =         8085
 Beam take-off angles (degrees)
  -10.0000      -9.99839      -9.99678      -9.99518      -9.99357    
  -9.99196      -9.99035      -9.98874      -9.98714      -9.98553    
  -9.98392      -9.98231      -9.98070      -9.97909      -9.97749    
  -9.97588      -9.97427      -9.97266      -9.97105      -9.96945    
  -9.96784    

 Step length,     deltas =    10.000000000000000      m

 Maximum ray Depth, zBox =    100.00000000000000      m
 Maximum ray range, rBox =    2200.0000000000000      m
 No beam shift in effect

 *********************************
 Using bottom-bathymetry file
 Curvilinear Interpolation
 Number of bathymetry points           3

  Range (km)  Depth (m)
   0.00       95.0    
   2.25       94.0    
   4.50       94.0    

 ( Maximum # of arrivals =        55555 )

 Tracing beam            1  -10.000000000000000     

 Minimum width beams                     
 halfwidth  =    4.8898309291238400     
 EpsOpt     =  (  0.0000000000000000     ,  1446000.0000000000     )
 EpsMult    =    1.0000000000000000     

 Tracing beam          162  -9.7410935180603655     
 Tracing beam          323  -9.4821870361207310     
 Tracing beam          484  -9.2232805541810983     
 Tracing beam          645  -8.9643740722414655     
 Tracing beam          806  -8.7054675903018310     
 Tracing beam          967  -8.4465611083621965     
 Tracing beam         1128  -8.1876546264225638     
 Tracing beam         1289  -7.9287481444829284     
 Tracing beam         1450  -7.6698416625432948     
 Tracing beam         1611  -7.4109351806036621     
 Tracing beam         1772  -7.1520286986640276     
 Tracing beam         1933  -6.8931222167243931     
 Tracing beam         2094  -6.6342157347847603     
 Tracing beam         2255  -6.3753092528451258     
 Tracing beam         2416  -6.1164027709054931     
 Tracing beam         2577  -5.8574962889658586     
 Tracing beam         2738  -5.5985898070262250     
 Tracing beam         2899  -5.3396833250865914     
 Tracing beam         3060  -5.0807768431469569     
 Tracing beam         3221  -4.8218703612073233     
 Tracing beam         3382  -4.5629638792676896     
 Tracing beam         3543  -4.3040573973280560     
 Tracing beam         3704  -4.0451509153884215     
 Tracing beam         3865  -3.7862444334487879     
 Tracing beam         4026  -3.5273379515091539     
 Tracing beam         4187  -3.2684314695695207     
 Tracing beam         4348  -3.0095249876298862     
 Tracing beam         4509  -2.7506185056902526     
 Tracing beam         4670  -2.4917120237506190     
 Tracing beam         4831  -2.2328055418109853     
 Tracing beam         4992  -1.9738990598713517     
 Tracing beam         5153  -1.7149925779317172     
 Tracing beam         5314  -1.4560860959920827     
 Tracing beam         5475  -1.1971796140524500     
 Tracing beam         5636 -0.93827313211281538     
 Tracing beam         5797 -0.67936665017318276     
 Tracing beam         5958 -0.42046016823354820     
 Tracing beam         6119 -0.16155368629391376     
 Tracing beam         6280  9.73527956457189564E-002
 Tracing beam         6441  0.35625927758535342     
 Tracing beam         6602  0.61516575952498787     
 Tracing beam         6763  0.87407224146462059     
 Tracing beam         6924   1.1329787234042552     
 Tracing beam         7085   1.3918852053438879     
 Tracing beam         7246   1.6507916872835224     
 Tracing beam         7407   1.9096981692231567     
 Tracing beam         7568   2.1686046511627897     
 Tracing beam         7729   2.4275111331024242     
 Tracing beam         7890   2.6864176150420587     
 Tracing beam         8051   2.9453240969816914     

 CPU Time =        3.28    s
