 BELLHOP- UWASN                                                                  
 frequency =  0.1975E+05 Hz

 Dummy parameter NMedia =            1

     C-LINEAR approximation to SSP
     Attenuation units: dB/mkHz
     THORP attenuation added
     VACUUM

 Depth =    100.00000000000000      m

 C-Linear SSP option

 Sound speed profile:
      7.00      1447.00
     10.00      1474.90
     20.00      1497.70
     30.00      1478.70
     40.00      1460.10
     50.00      1450.80
     60.00      1447.10
     70.00      1447.10
     80.00      1444.90
     90.00      1446.00
     95.00      1443.80
    100.00      1441.80

                                 ( RMS roughness =  0.200E-01 )
     Bathymetry file selected
     Perfectly RIGID

 Number of sources   =            1
 Source depths (m)
   90.0000    

 Number of receivers =            6
 Receiver depths (m)
   87.0000       88.0000       89.0000       90.0000       91.0000    
   92.0000    

 Number of ranges   =            6
 Receiver ranges (km)
  0.900000       1.00000       1.10000       1.90000       2.00000    
   2.10000    

 Arrivals calculation, ASCII  file output
 Geometric hat beams
 Point source (cylindrical coordinates)
 Rectilinear receiver grid: Receivers at rr( : ) x rd( : )

 Number of beams   =         8295
 Beam take-off angles (degrees)
  -10.0000      -9.99843      -9.99687      -9.99530      -9.99373    
  -9.99216      -9.99060      -9.98903      -9.98746      -9.98589    
  -9.98433      -9.98276      -9.98119      -9.97962      -9.97806    
  -9.97649      -9.97492      -9.97335      -9.97179      -9.97022    
  -9.96865    

 Step length,     deltas =    10.000000000000000      m

 Maximum ray Depth, zBox =    100.00000000000000      m
 Maximum ray range, rBox =    2200.0000000000000      m
 No beam shift in effect

 *********************************
 Using bottom-bathymetry file
 Curvilinear Interpolation
 Number of bathymetry points           3

  Range (km)  Depth (m)
   0.00       95.0    
   2.25       94.0    
   4.50       94.0    

 ( Maximum # of arrivals =        55555 )

 Tracing beam            1  -10.000000000000000     

 Minimum width beams                     
 halfwidth  =    4.8275375457402880     
 EpsOpt     =  (  0.0000000000000000     ,  1446000.0000000000     )
 EpsMult    =    1.0000000000000000     

 Tracing beam          166  -9.7413793103448274     
 Tracing beam          331  -9.4827586206896548     
 Tracing beam          496  -9.2241379310344822     
 Tracing beam          661  -8.9655172413793096     
 Tracing beam          826  -8.7068965517241388     
 Tracing beam          991  -8.4482758620689662     
 Tracing beam         1156  -8.1896551724137936     
 Tracing beam         1321  -7.9310344827586219     
 Tracing beam         1486  -7.6724137931034475     
 Tracing beam         1651  -7.4137931034482749     
 Tracing beam         1816  -7.1551724137931032     
 Tracing beam         1981  -6.8965517241379297     
 Tracing beam         2146  -6.6379310344827580     
 Tracing beam         2311  -6.3793103448275863     
 Tracing beam         2476  -6.1206896551724146     
 Tracing beam         2641  -5.8620689655172411     
 Tracing beam         2806  -5.6034482758620694     
 Tracing beam         2971  -5.3448275862068968     
 Tracing beam         3136  -5.0862068965517242     
 Tracing beam         3301  -4.8275862068965516     
 Tracing beam         3466  -4.5689655172413799     
 Tracing beam         3631  -4.3103448275862073     
 Tracing beam         3796  -4.0517241379310347     
 Tracing beam         3961  -3.7931034482758621     
 Tracing beam         4126  -3.5344827586206895     
 Tracing beam         4291  -3.2758620689655178     
 Tracing beam         4456  -3.0172413793103452     
 Tracing beam         4621  -2.7586206896551726     
 Tracing beam         4786  -2.5000000000000000     
 Tracing beam         4951  -2.2413793103448283     
 Tracing beam         5116  -1.9827586206896546     
 Tracing beam         5281  -1.7241379310344822     
 Tracing beam         5446  -1.4655172413793114     
 Tracing beam         5611  -1.2068965517241388     
 Tracing beam         5776 -0.94827586206896608     
 Tracing beam         5941 -0.68965517241379359     
 Tracing beam         6106 -0.43103448275862100     
 Tracing beam         6271 -0.17241379310344840     
 Tracing beam         6436  8.62068965517241992E-002
 Tracing beam         6601  0.34482758620689680     
 Tracing beam         6766  0.60344827586206939     
 Tracing beam         6931  0.86206896551724010     
 Tracing beam         7096   1.1206896551724128     
 Tracing beam         7261   1.3793103448275854     
 Tracing beam         7426   1.6379310344827578     
 Tracing beam         7591   1.8965517241379306     
 Tracing beam         7756   2.1551724137931032     
 Tracing beam         7921   2.4137931034482758     
 Tracing beam         8086   2.6724137931034484     
 Tracing beam         8251   2.9310344827586210     

 CPU Time =        3.41    s
