 BELLHOP- UWASN                                                                  
 frequency =  0.2000E+05 Hz

 Dummy parameter NMedia =            1

     C-LINEAR approximation to SSP
     Attenuation units: dB/mkHz
     THORP attenuation added
     VACUUM

 Depth =    100.00000000000000      m

 C-Linear SSP option

 Sound speed profile:
      7.00      1447.00
     10.00      1474.90
     20.00      1497.70
     30.00      1478.70
     40.00      1460.10
     50.00      1450.80
     60.00      1447.10
     70.00      1447.10
     80.00      1444.90
     90.00      1446.00
     95.00      1443.80
    100.00      1441.80

                                 ( RMS roughness =  0.200E-01 )
     Bathymetry file selected
     Perfectly RIGID

 Number of sources   =            1
 Source depths (m)
   90.0000    

 Number of receivers =            6
 Receiver depths (m)
   87.0000       88.0000       89.0000       90.0000       91.0000    
   92.0000    

 Number of ranges   =            6
 Receiver ranges (km)
  0.900000       1.00000       1.10000       1.90000       2.00000    
   2.10000    

 Arrivals calculation, ASCII  file output
 Geometric hat beams
 Point source (cylindrical coordinates)
 Rectilinear receiver grid: Receivers at rr( : ) x rd( : )

 Number of beams   =         8400
 Beam take-off angles (degrees)
  -10.0000      -9.99845      -9.99690      -9.99536      -9.99381    
  -9.99226      -9.99071      -9.98917      -9.98762      -9.98607    
  -9.98452      -9.98297      -9.98143      -9.97988      -9.97833    
  -9.97678      -9.97524      -9.97369      -9.97214      -9.97059    
  -9.96904    

 Step length,     deltas =    10.000000000000000      m

 Maximum ray Depth, zBox =    100.00000000000000      m
 Maximum ray range, rBox =    2200.0000000000000      m
 No beam shift in effect

 *********************************
 Using bottom-bathymetry file
 Curvilinear Interpolation
 Number of bathymetry points           3

  Range (km)  Depth (m)
   0.00       95.0    
   1.85       97.0    
   3.71       95.0    

 ( Maximum # of arrivals =        55555 )

 Tracing beam            1  -10.000000000000000     

 Minimum width beams                     
 halfwidth  =    4.7972705542931404     
 EpsOpt     =  (  0.0000000000000000     ,  1446000.0000000000     )
 EpsMult    =    1.0000000000000000     

 Tracing beam          169  -9.7399690439338009     
 Tracing beam          337  -9.4799380878676036     
 Tracing beam          505  -9.2199071318014045     
 Tracing beam          673  -8.9598761757352072     
 Tracing beam          841  -8.6998452196690064     
 Tracing beam         1009  -8.4398142636028073     
 Tracing beam         1177  -8.1797833075366118     
 Tracing beam         1345  -7.9197523514704127     
 Tracing beam         1513  -7.6597213954042154     
 Tracing beam         1681  -7.3996904393380163     
 Tracing beam         1849  -7.1396594832718181     
 Tracing beam         2017  -6.8796285272056199     
 Tracing beam         2185  -6.6195975711394208     
 Tracing beam         2353  -6.3595666150732235     
 Tracing beam         2521  -6.0995356590070244     
 Tracing beam         2689  -5.8395047029408262     
 Tracing beam         2857  -5.5794737468746280     
 Tracing beam         3025  -5.3194427908084299     
 Tracing beam         3193  -5.0594118347422308     
 Tracing beam         3361  -4.7993808786760317     
 Tracing beam         3529  -4.5393499226098344     
 Tracing beam         3697  -4.2793189665436362     
 Tracing beam         3865  -4.0192880104774380     
 Tracing beam         4033  -3.7592570544112385     
 Tracing beam         4201  -3.4992260983450407     
 Tracing beam         4369  -3.2391951422788425     
 Tracing beam         4537  -2.9791641862126439     
 Tracing beam         4705  -2.7191332301464461     
 Tracing beam         4873  -2.4591022740802471     
 Tracing beam         5041  -2.1990713180140484     
 Tracing beam         5209  -1.9390403619478516     
 Tracing beam         5377  -1.6790094058816523     
 Tracing beam         5545  -1.4189784498154534     
 Tracing beam         5713  -1.1589474937492561     
 Tracing beam         5881 -0.89891653768305690     
 Tracing beam         6049 -0.63888558161685971     
 Tracing beam         6217 -0.37885462555066063     
 Tracing beam         6385 -0.11882366948446153     
 Tracing beam         6553  0.14120728658173576     
 Tracing beam         6721  0.40123824264793484     
 Tracing beam         6889  0.66126919871413214     
 Tracing beam         7057  0.92130015478033134     
 Tracing beam         7225   1.1813311108465303     
 Tracing beam         7393   1.4413620669127276     
 Tracing beam         7561   1.7013930229789267     
 Tracing beam         7729   1.9614239790451240     
 Tracing beam         7897   2.2214549351113231     
 Tracing beam         8065   2.4814858911775222     
 Tracing beam         8233   2.7415168472437195     

 CPU Time =        3.44    s
