 BELLHOP- UWASN                                                                  
 frequency =   2000.     Hz

 Dummy parameter NMedia =            1

     C-LINEAR approximation to SSP
     Attenuation units: dB/mkHz
     THORP attenuation added
     VACUUM

 Depth =    100.00000000000000      m

 C-Linear SSP option

 Sound speed profile:
      7.00      1447.00
     10.00      1474.90
     20.00      1497.70
     30.00      1478.70
     40.00      1460.10
     50.00      1450.80
     60.00      1447.10
     70.00      1447.10
     80.00      1444.90
     90.00      1446.00
     95.00      1443.80
    100.00      1441.80

                                 ( RMS roughness =  0.200E-01 )
     Bathymetry file selected
     Perfectly RIGID

 Number of sources   =            1
 Source depths (m)
   90.0000    

 Number of receivers =            6
 Receiver depths (m)
   87.0000       88.0000       89.0000       90.0000       91.0000    
   92.0000    

 Number of ranges   =            6
 Receiver ranges (km)
  0.900000       1.00000       1.10000       1.90000       2.00000    
   2.10000    

 Arrivals calculation, ASCII  file output
 Geometric hat beams
 Point source (cylindrical coordinates)
 Rectilinear receiver grid: Receivers at rr( : ) x rd( : )

 Number of beams   =          840
 Beam take-off angles (degrees)
  -10.0000      -9.98451      -9.96901      -9.95352      -9.93802    
  -9.92253      -9.90703      -9.89154      -9.87604      -9.86055    
  -9.84505      -9.82956      -9.81406      -9.79857      -9.78308    
  -9.76758      -9.75209      -9.73659      -9.72110      -9.70560    
  -9.69011    

 Step length,     deltas =    10.000000000000000      m

 Maximum ray Depth, zBox =    100.00000000000000      m
 Maximum ray range, rBox =    2200.0000000000000      m
 No beam shift in effect

 *********************************
 Using bottom-bathymetry file
 Curvilinear Interpolation
 Number of bathymetry points           3

  Range (km)  Depth (m)
   0.00       95.0    
   2.25       93.0    
   4.50       92.0    

 ( Maximum # of arrivals =        55555 )

 Tracing beam            1  -10.000000000000000     

 Minimum width beams                     
 halfwidth  =    15.170301503624776     
 EpsOpt     =  (  0.0000000000000000     ,  1446000.0000000000     )
 EpsMult    =    1.0000000000000000     

 Tracing beam           17  -9.7520858164481528     
 Tracing beam           33  -9.5041716328963055     
 Tracing beam           49  -9.2562574493444583     
 Tracing beam           65  -9.0083432657926110     
 Tracing beam           81  -8.7604290822407620     
 Tracing beam           97  -8.5125148986889148     
 Tracing beam          113  -8.2646007151370675     
 Tracing beam          129  -8.0166865315852203     
 Tracing beam          145  -7.7687723480333730     
 Tracing beam          161  -7.5208581644815258     
 Tracing beam          177  -7.2729439809296776     
 Tracing beam          193  -7.0250297973778313     
 Tracing beam          209  -6.7771156138259823     
 Tracing beam          225  -6.5292014302741359     
 Tracing beam          241  -6.2812872467222878     
 Tracing beam          257  -6.0333730631704396     
 Tracing beam          273  -5.7854588796185933     
 Tracing beam          289  -5.5375446960667460     
 Tracing beam          305  -5.2896305125148988     
 Tracing beam          321  -5.0417163289630516     
 Tracing beam          337  -4.7938021454112034     
 Tracing beam          353  -4.5458879618593562     
 Tracing beam          369  -4.2979737783075089     
 Tracing beam          385  -4.0500595947556617     
 Tracing beam          401  -3.8021454112038144     
 Tracing beam          417  -3.5542312276519663     
 Tracing beam          433  -3.3063170441001191     
 Tracing beam          449  -3.0584028605482714     
 Tracing beam          465  -2.8104886769964246     
 Tracing beam          481  -2.5625744934445764     
 Tracing beam          497  -2.3146603098927288     
 Tracing beam          513  -2.0667461263408820     
 Tracing beam          529  -1.8188319427890338     
 Tracing beam          545  -1.5709177592371866     
 Tracing beam          561  -1.3230035756853393     
 Tracing beam          577  -1.0750893921334921     
 Tracing beam          593 -0.82717520858164484     
 Tracing beam          609 -0.57926102502979759     
 Tracing beam          625 -0.33134684147795035     
 Tracing beam          641 -8.34326579261031043E-002
 Tracing beam          657  0.16448152562574414     
 Tracing beam          673  0.41239570917759316     
 Tracing beam          689  0.66030989272944041     
 Tracing beam          705  0.90822407628128754     
 Tracing beam          721   1.1561382598331349     
 Tracing beam          737   1.4040524433849821     
 Tracing beam          753   1.6519666269368294     
 Tracing beam          769   1.8998808104886766     
 Tracing beam          785   2.1477949940405239     
 Tracing beam          801   2.3957091775923711     
 Tracing beam          817   2.6436233611442201     
 Tracing beam          833   2.8915375446960674     

 CPU Time =       0.304    s
