 BELLHOP- UWASN                                                                  
 frequency =  0.2075E+05 Hz

 Dummy parameter NMedia =            1

     C-LINEAR approximation to SSP
     Attenuation units: dB/mkHz
     THORP attenuation added
     VACUUM

 Depth =    100.00000000000000      m

 C-Linear SSP option

 Sound speed profile:
      7.00      1447.00
     10.00      1474.90
     20.00      1497.70
     30.00      1478.70
     40.00      1460.10
     50.00      1450.80
     60.00      1447.10
     70.00      1447.10
     80.00      1444.90
     90.00      1446.00
     95.00      1443.80
    100.00      1441.80

                                 ( RMS roughness =  0.200E-01 )
     Bathymetry file selected
     Perfectly RIGID

 Number of sources   =            1
 Source depths (m)
   90.0000    

 Number of receivers =            6
 Receiver depths (m)
   87.0000       88.0000       89.0000       90.0000       91.0000    
   92.0000    

 Number of ranges   =            6
 Receiver ranges (km)
  0.900000       1.00000       1.10000       1.90000       2.00000    
   2.10000    

 Arrivals calculation, ASCII  file output
 Geometric hat beams
 Point source (cylindrical coordinates)
 Rectilinear receiver grid: Receivers at rr( : ) x rd( : )

 Number of beams   =         8715
 Beam take-off angles (degrees)
  -10.0000      -9.99851      -9.99702      -9.99552      -9.99403    
  -9.99254      -9.99105      -9.98956      -9.98807      -9.98657    
  -9.98508      -9.98359      -9.98210      -9.98061      -9.97911    
  -9.97762      -9.97613      -9.97464      -9.97315      -9.97165    
  -9.97016    

 Step length,     deltas =    10.000000000000000      m

 Maximum ray Depth, zBox =    100.00000000000000      m
 Maximum ray range, rBox =    2200.0000000000000      m
 No beam shift in effect

 *********************************
 Using bottom-bathymetry file
 Curvilinear Interpolation
 Number of bathymetry points           3

  Range (km)  Depth (m)
   0.00       95.0    
   1.28       95.0    
   2.55       94.0    

 ( Maximum # of arrivals =        55555 )

 Tracing beam            1  -10.000000000000000     

 Minimum width beams                     
 halfwidth  =    4.7097749948647767     
 EpsOpt     =  (  0.0000000000000000     ,  1446000.0000000000     )
 EpsMult    =    1.0000000000000000     

 Tracing beam          175  -9.7404177186137257     
 Tracing beam          349  -9.4808354372274497     
 Tracing beam          523  -9.2212531558411754     
 Tracing beam          697  -8.9616708744548994     
 Tracing beam          871  -8.7020885930686251     
 Tracing beam         1045  -8.4425063116823509     
 Tracing beam         1219  -8.1829240302960748     
 Tracing beam         1393  -7.9233417489098015     
 Tracing beam         1567  -7.6637594675235245     
 Tracing beam         1741  -7.4041771861372503     
 Tracing beam         1915  -7.1445949047509760     
 Tracing beam         2089  -6.8850126233646991     
 Tracing beam         2263  -6.6254303419784257     
 Tracing beam         2437  -6.3658480605921506     
 Tracing beam         2611  -6.1062657792058754     
 Tracing beam         2785  -5.8466834978196003     
 Tracing beam         2959  -5.5871012164333242     
 Tracing beam         3133  -5.3275189350470509     
 Tracing beam         3307  -5.0679366536607757     
 Tracing beam         3481  -4.8083543722745006     
 Tracing beam         3655  -4.5487720908882254     
 Tracing beam         3829  -4.2891898095019512     
 Tracing beam         4003  -4.0296075281156760     
 Tracing beam         4177  -3.7700252467294009     
 Tracing beam         4351  -3.5104429653431257     
 Tracing beam         4525  -3.2508606839568506     
 Tracing beam         4699  -2.9912784025705763     
 Tracing beam         4873  -2.7316961211843012     
 Tracing beam         5047  -2.4721138397980260     
 Tracing beam         5221  -2.2125315584117509     
 Tracing beam         5395  -1.9529492770254766     
 Tracing beam         5569  -1.6933669956392006     
 Tracing beam         5743  -1.4337847142529263     
 Tracing beam         5917  -1.1742024328666503     
 Tracing beam         6091 -0.91462015148037601     
 Tracing beam         6265 -0.65503787009410175     
 Tracing beam         6439 -0.39545558870782571     
 Tracing beam         6613 -0.13587330732155145     
 Tracing beam         6787  0.12370897406472459     
 Tracing beam         6961  0.38329125545099885     
 Tracing beam         7135  0.64287353683727311     
 Tracing beam         7309  0.90245581822354914     
 Tracing beam         7483   1.1620380996098234     
 Tracing beam         7657   1.4216203809960977     
 Tracing beam         7831   1.6812026623823737     
 Tracing beam         8005   1.9407849437686480     
 Tracing beam         8179   2.2003672251549240     
 Tracing beam         8353   2.4599495065411983     
 Tracing beam         8527   2.7195317879274725     
 Tracing beam         8701   2.9791140693137486     

 CPU Time =        3.42    s
