 BELLHOP- UWASN                                                                  
 frequency =  0.2125E+05 Hz

 Dummy parameter NMedia =            1

     C-LINEAR approximation to SSP
     Attenuation units: dB/mkHz
     THORP attenuation added
     VACUUM

 Depth =    100.00000000000000      m

 C-Linear SSP option

 Sound speed profile:
      7.00      1447.00
     10.00      1474.90
     20.00      1497.70
     30.00      1478.70
     40.00      1460.10
     50.00      1450.80
     60.00      1447.10
     70.00      1447.10
     80.00      1444.90
     90.00      1446.00
     95.00      1443.80
    100.00      1441.80

                                 ( RMS roughness =  0.200E-01 )
     Bathymetry file selected
     Perfectly RIGID

 Number of sources   =            1
 Source depths (m)
   90.0000    

 Number of receivers =            6
 Receiver depths (m)
   87.0000       88.0000       89.0000       90.0000       91.0000    
   92.0000    

 Number of ranges   =            6
 Receiver ranges (km)
  0.900000       1.00000       1.10000       1.90000       2.00000    
   2.10000    

 Arrivals calculation, ASCII  file output
 Geometric hat beams
 Point source (cylindrical coordinates)
 Rectilinear receiver grid: Receivers at rr( : ) x rd( : )

 Number of beams   =         8925
 Beam take-off angles (degrees)
  -10.0000      -9.99854      -9.99709      -9.99563      -9.99417    
  -9.99272      -9.99126      -9.98980      -9.98835      -9.98689    
  -9.98543      -9.98398      -9.98252      -9.98106      -9.97961    
  -9.97815      -9.97669      -9.97524      -9.97378      -9.97232    
  -9.97087    

 Step length,     deltas =    10.000000000000000      m

 Maximum ray Depth, zBox =    100.00000000000000      m
 Maximum ray range, rBox =    2200.0000000000000      m
 No beam shift in effect

 *********************************
 Using bottom-bathymetry file
 Curvilinear Interpolation
 Number of bathymetry points           3

  Range (km)  Depth (m)
   0.00       95.0    
   1.85       93.0    
   3.71       93.0    

 ( Maximum # of arrivals =        55555 )

 Tracing beam            1  -10.000000000000000     

 Minimum width beams                     
 halfwidth  =    4.6540360494155291     
 EpsOpt     =  (  0.0000000000000000     ,  1446000.0000000000     )
 EpsMult    =    1.0000000000000000     

 Tracing beam          179  -9.7406992380098618     
 Tracing beam          357  -9.4813984760197219     
 Tracing beam          535  -9.2220977140295837     
 Tracing beam          713  -8.9627969520394437     
 Tracing beam          891  -8.7034961900493055     
 Tracing beam         1069  -8.4441954280591673     
 Tracing beam         1247  -8.1848946660690274     
 Tracing beam         1425  -7.9255939040788883     
 Tracing beam         1603  -7.6662931420887492     
 Tracing beam         1781  -7.4069923800986119     
 Tracing beam         1959  -7.1476916181084711     
 Tracing beam         2137  -6.8883908561183329     
 Tracing beam         2315  -6.6290900941281938     
 Tracing beam         2493  -6.3697893321380539     
 Tracing beam         2671  -6.1104885701479148     
 Tracing beam         2849  -5.8511878081577766     
 Tracing beam         3027  -5.5918870461676384     
 Tracing beam         3205  -5.3325862841774994     
 Tracing beam         3383  -5.0732855221873603     
 Tracing beam         3561  -4.8139847601972212     
 Tracing beam         3739  -4.5546839982070821     
 Tracing beam         3917  -4.2953832362169431     
 Tracing beam         4095  -4.0360824742268040     
 Tracing beam         4273  -3.7767817122366654     
 Tracing beam         4451  -3.5174809502465267     
 Tracing beam         4629  -3.2581801882563877     
 Tracing beam         4807  -2.9988794262662486     
 Tracing beam         4985  -2.7395786642761091     
 Tracing beam         5163  -2.4802779022859704     
 Tracing beam         5341  -2.2209771402958314     
 Tracing beam         5519  -1.9616763783056930     
 Tracing beam         5697  -1.7023756163155532     
 Tracing beam         5875  -1.4430748543254150     
 Tracing beam         6053  -1.1837740923352769     
 Tracing beam         6231 -0.92447333034513690     
 Tracing beam         6409 -0.66517256835499872     
 Tracing beam         6587 -0.40587180636485870     
 Tracing beam         6765 -0.14657104437472057     
 Tracing beam         6943  0.11272971761541939     
 Tracing beam         7121  0.37203047960555757     
 Tracing beam         7299  0.63133124159569576     
 Tracing beam         7477  0.89063200358583572     
 Tracing beam         7655   1.1499327655759739     
 Tracing beam         7833   1.4092335275661139     
 Tracing beam         8011   1.6685342895562520     
 Tracing beam         8189   1.9278350515463920     
 Tracing beam         8367   2.1871358135365302     
 Tracing beam         8545   2.4464365755266684     
 Tracing beam         8723   2.7057373375168079     
 Tracing beam         8901   2.9650380995069465     

 CPU Time =        3.61    s
