 BELLHOP- UWASN                                                                  
 frequency =  0.2200E+05 Hz

 Dummy parameter NMedia =            1

     C-LINEAR approximation to SSP
     Attenuation units: dB/mkHz
     THORP attenuation added
     VACUUM

 Depth =    100.00000000000000      m

 C-Linear SSP option

 Sound speed profile:
      7.00      1447.00
     10.00      1474.90
     20.00      1497.70
     30.00      1478.70
     40.00      1460.10
     50.00      1450.80
     60.00      1447.10
     70.00      1447.10
     80.00      1444.90
     90.00      1446.00
     95.00      1443.80
    100.00      1441.80

                                 ( RMS roughness =  0.200E-01 )
     Bathymetry file selected
     Perfectly RIGID

 Number of sources   =            1
 Source depths (m)
   90.0000    

 Number of receivers =            6
 Receiver depths (m)
   87.0000       88.0000       89.0000       90.0000       91.0000    
   92.0000    

 Number of ranges   =            6
 Receiver ranges (km)
  0.900000       1.00000       1.10000       1.90000       2.00000    
   2.10000    

 Arrivals calculation, ASCII  file output
 Geometric hat beams
 Point source (cylindrical coordinates)
 Rectilinear receiver grid: Receivers at rr( : ) x rd( : )

 Number of beams   =         9240
 Beam take-off angles (degrees)
  -10.0000      -9.99859      -9.99719      -9.99578      -9.99437    
  -9.99296      -9.99156      -9.99015      -9.98874      -9.98734    
  -9.98593      -9.98452      -9.98312      -9.98171      -9.98030    
  -9.97889      -9.97749      -9.97608      -9.97467      -9.97327    
  -9.97186    

 Step length,     deltas =    10.000000000000000      m

 Maximum ray Depth, zBox =    100.00000000000000      m
 Maximum ray range, rBox =    2200.0000000000000      m
 No beam shift in effect

 *********************************
 Using bottom-bathymetry file
 Curvilinear Interpolation
 Number of bathymetry points           3

  Range (km)  Depth (m)
   0.00       95.0    
   2.25       97.0    
   4.50       96.0    

 ( Maximum # of arrivals =        55555 )

 Tracing beam            1  -10.000000000000000     

 Minimum width beams                     
 halfwidth  =    4.5740180040079759     
 EpsOpt     =  (  0.0000000000000000     ,  1446000.0000000000     )
 EpsMult    =    1.0000000000000000     

 Tracing beam          185  -9.7410975213767728     
 Tracing beam          369  -9.4821950427535455     
 Tracing beam          553  -9.2232925641303165     
 Tracing beam          737  -8.9643900855070893     
 Tracing beam          921  -8.7054876068838620     
 Tracing beam         1105  -8.4465851282606348     
 Tracing beam         1289  -8.1876826496374058     
 Tracing beam         1473  -7.9287801710141785     
 Tracing beam         1657  -7.6698776923909504     
 Tracing beam         1841  -7.4109752137677232     
 Tracing beam         2025  -7.1520727351444959     
 Tracing beam         2209  -6.8931702565212669     
 Tracing beam         2393  -6.6342677778980406     
 Tracing beam         2577  -6.3753652992748133     
 Tracing beam         2761  -6.1164628206515852     
 Tracing beam         2945  -5.8575603420283580     
 Tracing beam         3129  -5.5986578634051298     
 Tracing beam         3313  -5.3397553847819026     
 Tracing beam         3497  -5.0808529061586745     
 Tracing beam         3681  -4.8219504275354472     
 Tracing beam         3865  -4.5630479489122200     
 Tracing beam         4049  -4.3041454702889919     
 Tracing beam         4233  -4.0452429916657646     
 Tracing beam         4417  -3.7863405130425365     
 Tracing beam         4601  -3.5274380344193093     
 Tracing beam         4785  -3.2685355557960811     
 Tracing beam         4969  -3.0096330771728534     
 Tracing beam         5153  -2.7507305985496258     
 Tracing beam         5337  -2.4918281199263985     
 Tracing beam         5521  -2.2329256413031713     
 Tracing beam         5705  -1.9740231626799432     
 Tracing beam         5889  -1.7151206840567159     
 Tracing beam         6073  -1.4562182054334887     
 Tracing beam         6257  -1.1973157268102594     
 Tracing beam         6441 -0.93841324818703242     
 Tracing beam         6625 -0.67951076956380518     
 Tracing beam         6809 -0.42060829094057794     
 Tracing beam         6993 -0.16170581231735071     
 Tracing beam         7177  9.71966663058783098E-002
 Tracing beam         7361  0.35609914492910555     
 Tracing beam         7545  0.61500162355233279     
 Tracing beam         7729  0.87390410217555992     
 Tracing beam         7913   1.1328065807987890     
 Tracing beam         8097   1.3917090594220163     
 Tracing beam         8281   1.6506115380452435     
 Tracing beam         8465   1.9095140166684708     
 Tracing beam         8649   2.1684164952916998     
 Tracing beam         8833   2.4273189739149270     
 Tracing beam         9017   2.6862214525381543     
 Tracing beam         9201   2.9451239311613810     

 CPU Time =        3.89    s
