 BELLHOP- UWASN                                                                  
 frequency =  0.2225E+05 Hz

 Dummy parameter NMedia =            1

     C-LINEAR approximation to SSP
     Attenuation units: dB/mkHz
     THORP attenuation added
     VACUUM

 Depth =    100.00000000000000      m

 C-Linear SSP option

 Sound speed profile:
      7.00      1447.00
     10.00      1474.90
     20.00      1497.70
     30.00      1478.70
     40.00      1460.10
     50.00      1450.80
     60.00      1447.10
     70.00      1447.10
     80.00      1444.90
     90.00      1446.00
     95.00      1443.80
    100.00      1441.80

                                 ( RMS roughness =  0.200E-01 )
     Bathymetry file selected
     Perfectly RIGID

 Number of sources   =            1
 Source depths (m)
   90.0000    

 Number of receivers =            6
 Receiver depths (m)
   87.0000       88.0000       89.0000       90.0000       91.0000    
   92.0000    

 Number of ranges   =            6
 Receiver ranges (km)
  0.900000       1.00000       1.10000       1.90000       2.00000    
   2.10000    

 Arrivals calculation, ASCII  file output
 Geometric hat beams
 Point source (cylindrical coordinates)
 Rectilinear receiver grid: Receivers at rr( : ) x rd( : )

 Number of beams   =         9345
 Beam take-off angles (degrees)
  -10.0000      -9.99861      -9.99722      -9.99583      -9.99443    
  -9.99304      -9.99165      -9.99026      -9.98887      -9.98748    
  -9.98609      -9.98470      -9.98330      -9.98191      -9.98052    
  -9.97913      -9.97774      -9.97635      -9.97496      -9.97357    
  -9.97217    

 Step length,     deltas =    10.000000000000000      m

 Maximum ray Depth, zBox =    100.00000000000000      m
 Maximum ray range, rBox =    2200.0000000000000      m
 No beam shift in effect

 *********************************
 Using bottom-bathymetry file
 Curvilinear Interpolation
 Number of bathymetry points           3

  Range (km)  Depth (m)
   0.00       95.0    
   2.25       96.0    
   4.50       94.0    

 ( Maximum # of arrivals =        55555 )

 Tracing beam            1  -10.000000000000000     

 Minimum width beams                     
 halfwidth  =    4.5482486834353342     
 EpsOpt     =  (  0.0000000000000000     ,  1446000.0000000000     )
 EpsMult    =    1.0000000000000000     

 Tracing beam          187  -9.7412243150684930     
 Tracing beam          373  -9.4824486301369859     
 Tracing beam          559  -9.2236729452054789     
 Tracing beam          745  -8.9648972602739718     
 Tracing beam          931  -8.7061215753424666     
 Tracing beam         1117  -8.4473458904109595     
 Tracing beam         1303  -8.1885702054794525     
 Tracing beam         1489  -7.9297945205479445     
 Tracing beam         1675  -7.6710188356164375     
 Tracing beam         1861  -7.4122431506849322     
 Tracing beam         2047  -7.1534674657534243     
 Tracing beam         2233  -6.8946917808219172     
 Tracing beam         2419  -6.6359160958904102     
 Tracing beam         2605  -6.3771404109589049     
 Tracing beam         2791  -6.1183647260273979     
 Tracing beam         2977  -5.8595890410958908     
 Tracing beam         3163  -5.6008133561643838     
 Tracing beam         3349  -5.3420376712328768     
 Tracing beam         3535  -5.0832619863013697     
 Tracing beam         3721  -4.8244863013698636     
 Tracing beam         3907  -4.5657106164383565     
 Tracing beam         4093  -4.3069349315068495     
 Tracing beam         4279  -4.0481592465753415     
 Tracing beam         4465  -3.7893835616438363     
 Tracing beam         4651  -3.5306078767123292     
 Tracing beam         4837  -3.2718321917808222     
 Tracing beam         5023  -3.0130565068493151     
 Tracing beam         5209  -2.7542808219178090     
 Tracing beam         5395  -2.4955051369863015     
 Tracing beam         5581  -2.2367294520547949     
 Tracing beam         5767  -1.9779537671232887     
 Tracing beam         5953  -1.7191780821917817     
 Tracing beam         6139  -1.4604023972602747     
 Tracing beam         6325  -1.2016267123287676     
 Tracing beam         6511 -0.94285102739726045     
 Tracing beam         6697 -0.68407534246575352     
 Tracing beam         6883 -0.42529965753424648     
 Tracing beam         7069 -0.16652397260273943     
 Tracing beam         7255  9.22517123287658197E-002
 Tracing beam         7441  0.35102739726027288     
 Tracing beam         7627  0.60980308219177992     
 Tracing beam         7813  0.86857876712328697     
 Tracing beam         7999   1.1273544520547940     
 Tracing beam         8185   1.3861301369863011     
 Tracing beam         8371   1.6449058219178081     
 Tracing beam         8557   1.9036815068493151     
 Tracing beam         8743   2.1624571917808200     
 Tracing beam         8929   2.4212328767123275     
 Tracing beam         9115   2.6800085616438345     
 Tracing beam         9301   2.9387842465753415     

 CPU Time =        3.75    s
