 BELLHOP- UWASN                                                                  
 frequency =  0.2300E+05 Hz

 Dummy parameter NMedia =            1

     C-LINEAR approximation to SSP
     Attenuation units: dB/mkHz
     THORP attenuation added
     VACUUM

 Depth =    100.00000000000000      m

 C-Linear SSP option

 Sound speed profile:
      7.00      1447.00
     10.00      1474.90
     20.00      1497.70
     30.00      1478.70
     40.00      1460.10
     50.00      1450.80
     60.00      1447.10
     70.00      1447.10
     80.00      1444.90
     90.00      1446.00
     95.00      1443.80
    100.00      1441.80

                                 ( RMS roughness =  0.200E-01 )
     Bathymetry file selected
     Perfectly RIGID

 Number of sources   =            1
 Source depths (m)
   90.0000    

 Number of receivers =            6
 Receiver depths (m)
   87.0000       88.0000       89.0000       90.0000       91.0000    
   92.0000    

 Number of ranges   =            6
 Receiver ranges (km)
  0.900000       1.00000       1.10000       1.90000       2.00000    
   2.10000    

 Arrivals calculation, ASCII  file output
 Geometric hat beams
 Point source (cylindrical coordinates)
 Rectilinear receiver grid: Receivers at rr( : ) x rd( : )

 Number of beams   =         9660
 Beam take-off angles (degrees)
  -10.0000      -9.99865      -9.99731      -9.99596      -9.99462    
  -9.99327      -9.99192      -9.99058      -9.98923      -9.98789    
  -9.98654      -9.98520      -9.98385      -9.98250      -9.98116    
  -9.97981      -9.97847      -9.97712      -9.97577      -9.97443    
  -9.97308    

 Step length,     deltas =    10.000000000000000      m

 Maximum ray Depth, zBox =    100.00000000000000      m
 Maximum ray range, rBox =    2200.0000000000000      m
 No beam shift in effect

 *********************************
 Using bottom-bathymetry file
 Curvilinear Interpolation
 Number of bathymetry points           3

  Range (km)  Depth (m)
   0.00       95.0    
   1.85       93.0    
   3.71       93.0    

 ( Maximum # of arrivals =        55555 )

 Tracing beam            1  -10.000000000000000     

 Minimum width beams                     
 halfwidth  =    4.4734778583080290     
 EpsOpt     =  (  0.0000000000000000     ,  1446000.0000000000     )
 EpsMult    =    1.0000000000000000     

 Tracing beam          194  -9.7402422611036332     
 Tracing beam          387  -9.4804845222072682     
 Tracing beam          580  -9.2207267833109015     
 Tracing beam          773  -8.9609690444145365     
 Tracing beam          966  -8.7012113055181697     
 Tracing beam         1159  -8.4414535666218029     
 Tracing beam         1352  -8.1816958277254379     
 Tracing beam         1545  -7.9219380888290702     
 Tracing beam         1738  -7.6621803499327044     
 Tracing beam         1931  -7.4024226110363385     
 Tracing beam         2124  -7.1426648721399726     
 Tracing beam         2317  -6.8829071332436076     
 Tracing beam         2510  -6.6231493943472408     
 Tracing beam         2703  -6.3633916554508749     
 Tracing beam         2896  -6.1036339165545090     
 Tracing beam         3089  -5.8438761776581423     
 Tracing beam         3282  -5.5841184387617755     
 Tracing beam         3475  -5.3243606998654105     
 Tracing beam         3668  -5.0646029609690446     
 Tracing beam         3861  -4.8048452220726787     
 Tracing beam         4054  -4.5450874831763119     
 Tracing beam         4247  -4.2853297442799461     
 Tracing beam         4440  -4.0255720053835802     
 Tracing beam         4633  -3.7658142664872138     
 Tracing beam         4826  -3.5060565275908471     
 Tracing beam         5019  -3.2462987886944816     
 Tracing beam         5212  -2.9865410497981157     
 Tracing beam         5405  -2.7267833109017499     
 Tracing beam         5598  -2.4670255720053831     
 Tracing beam         5791  -2.2072678331090172     
 Tracing beam         5984  -1.9475100942126513     
 Tracing beam         6177  -1.6877523553162845     
 Tracing beam         6370  -1.4279946164199195     
 Tracing beam         6563  -1.1682368775235528     
 Tracing beam         6756 -0.90847913862718777     
 Tracing beam         6949 -0.64872139973082099     
 Tracing beam         7142 -0.38896366083445422     
 Tracing beam         7335 -0.12920592193808922     
 Tracing beam         7528  0.13055181695827756     
 Tracing beam         7721  0.39030955585464255     
 Tracing beam         7914  0.65006729475100922     
 Tracing beam         8107  0.90982503364737599     
 Tracing beam         8300   1.1695827725437411     
 Tracing beam         8493   1.4293405114401079     
 Tracing beam         8686   1.6890982503364746     
 Tracing beam         8879   1.9488559892328399     
 Tracing beam         9072   2.2086137281292064     
 Tracing beam         9265   2.4683714670255714     
 Tracing beam         9458   2.7281292059219382     
 Tracing beam         9651   2.9878869448183050     

 CPU Time =        4.00    s
