 BELLHOP- UWASN                                                                  
 frequency =  0.2325E+05 Hz

 Dummy parameter NMedia =            1

     C-LINEAR approximation to SSP
     Attenuation units: dB/mkHz
     THORP attenuation added
     VACUUM

 Depth =    100.00000000000000      m

 C-Linear SSP option

 Sound speed profile:
      7.00      1447.00
     10.00      1474.90
     20.00      1497.70
     30.00      1478.70
     40.00      1460.10
     50.00      1450.80
     60.00      1447.10
     70.00      1447.10
     80.00      1444.90
     90.00      1446.00
     95.00      1443.80
    100.00      1441.80

                                 ( RMS roughness =  0.200E-01 )
     Bathymetry file selected
     Perfectly RIGID

 Number of sources   =            1
 Source depths (m)
   90.0000    

 Number of receivers =            6
 Receiver depths (m)
   87.0000       88.0000       89.0000       90.0000       91.0000    
   92.0000    

 Number of ranges   =            6
 Receiver ranges (km)
  0.900000       1.00000       1.10000       1.90000       2.00000    
   2.10000    

 Arrivals calculation, ASCII  file output
 Geometric hat beams
 Point source (cylindrical coordinates)
 Rectilinear receiver grid: Receivers at rr( : ) x rd( : )

 Number of beams   =         9765
 Beam take-off angles (degrees)
  -10.0000      -9.99867      -9.99734      -9.99601      -9.99467    
  -9.99334      -9.99201      -9.99068      -9.98935      -9.98802    
  -9.98669      -9.98535      -9.98402      -9.98269      -9.98136    
  -9.98003      -9.97870      -9.97737      -9.97603      -9.97470    
  -9.97337    

 Step length,     deltas =    10.000000000000000      m

 Maximum ray Depth, zBox =    100.00000000000000      m
 Maximum ray range, rBox =    2200.0000000000000      m
 No beam shift in effect

 *********************************
 Using bottom-bathymetry file
 Curvilinear Interpolation
 Number of bathymetry points           3

  Range (km)  Depth (m)
   0.00       95.0    
   2.25       97.0    
   4.50       96.0    

 ( Maximum # of arrivals =        55555 )

 Tracing beam            1  -10.000000000000000     

 Minimum width beams                     
 halfwidth  =    4.4493618990213424     
 EpsOpt     =  (  0.0000000000000000     ,  1446000.0000000000     )
 EpsMult    =    1.0000000000000000     

 Tracing beam          196  -9.7403727980335937     
 Tracing beam          391  -9.4807455960671856     
 Tracing beam          586  -9.2211183941007775     
 Tracing beam          781  -8.9614911921343712     
 Tracing beam          976  -8.7018639901679649     
 Tracing beam         1171  -8.4422367882015568     
 Tracing beam         1366  -8.1826095862351487     
 Tracing beam         1561  -7.9229823842687432     
 Tracing beam         1756  -7.6633551823023360     
 Tracing beam         1951  -7.4037279803359271     
 Tracing beam         2146  -7.1441007783695207     
 Tracing beam         2341  -6.8844735764031135     
 Tracing beam         2536  -6.6248463744367063     
 Tracing beam         2731  -6.3652191724702991     
 Tracing beam         2926  -6.1055919705038910     
 Tracing beam         3121  -5.8459647685374847     
 Tracing beam         3316  -5.5863375665710775     
 Tracing beam         3511  -5.3267103646046703     
 Tracing beam         3706  -5.0670831626382631     
 Tracing beam         3901  -4.8074559606718559     
 Tracing beam         4096  -4.5478287587054487     
 Tracing beam         4291  -4.2882015567390415     
 Tracing beam         4486  -4.0285743547726343     
 Tracing beam         4681  -3.7689471528062266     
 Tracing beam         4876  -3.5093199508398198     
 Tracing beam         5071  -3.2496927488734122     
 Tracing beam         5266  -2.9900655469070054     
 Tracing beam         5461  -2.7304383449405982     
 Tracing beam         5656  -2.4708111429741910     
 Tracing beam         5851  -2.2111839410077838     
 Tracing beam         6046  -1.9515567390413755     
 Tracing beam         6241  -1.6919295370749692     
 Tracing beam         6436  -1.4323023351085613     
 Tracing beam         6631  -1.1726751331421550     
 Tracing beam         6826 -0.91304793117574690     
 Tracing beam         7021 -0.65342072920934047     
 Tracing beam         7216 -0.39379352724293248     
 Tracing beam         7411 -0.13416632527652617     
 Tracing beam         7606  0.12546087668988193     
 Tracing beam         7801  0.38508807865628825     
 Tracing beam         7996  0.64471528062269634     
 Tracing beam         8191  0.90434248258910266     
 Tracing beam         8386   1.1639696845555108     
 Tracing beam         8581   1.4235968865219171     
 Tracing beam         8776   1.6832240884883252     
 Tracing beam         8971   1.9428512904547315     
 Tracing beam         9166   2.2024784924211396     
 Tracing beam         9361   2.4621056943875459     
 Tracing beam         9556   2.7217328963539540     
 Tracing beam         9751   2.9813600983203603     

 CPU Time =        4.11    s
