 BELLHOP- UWASN                                                                  
 frequency =  0.2375E+05 Hz

 Dummy parameter NMedia =            1

     C-LINEAR approximation to SSP
     Attenuation units: dB/mkHz
     THORP attenuation added
     VACUUM

 Depth =    100.00000000000000      m

 C-Linear SSP option

 Sound speed profile:
      7.00      1447.00
     10.00      1474.90
     20.00      1497.70
     30.00      1478.70
     40.00      1460.10
     50.00      1450.80
     60.00      1447.10
     70.00      1447.10
     80.00      1444.90
     90.00      1446.00
     95.00      1443.80
    100.00      1441.80

                                 ( RMS roughness =  0.200E-01 )
     Bathymetry file selected
     Perfectly RIGID

 Number of sources   =            1
 Source depths (m)
   90.0000    

 Number of receivers =            6
 Receiver depths (m)
   87.0000       88.0000       89.0000       90.0000       91.0000    
   92.0000    

 Number of ranges   =            6
 Receiver ranges (km)
  0.900000       1.00000       1.10000       1.90000       2.00000    
   2.10000    

 Arrivals calculation, ASCII  file output
 Geometric hat beams
 Point source (cylindrical coordinates)
 Rectilinear receiver grid: Receivers at rr( : ) x rd( : )

 Number of beams   =         9975
 Beam take-off angles (degrees)
  -10.0000      -9.99870      -9.99739      -9.99609      -9.99479    
  -9.99348      -9.99218      -9.99088      -9.98957      -9.98827    
  -9.98697      -9.98566      -9.98436      -9.98306      -9.98175    
  -9.98045      -9.97915      -9.97784      -9.97654      -9.97524    
  -9.97393    

 Step length,     deltas =    10.000000000000000      m

 Maximum ray Depth, zBox =    100.00000000000000      m
 Maximum ray range, rBox =    2200.0000000000000      m
 No beam shift in effect

 *********************************
 Using bottom-bathymetry file
 Curvilinear Interpolation
 Number of bathymetry points           3

  Range (km)  Depth (m)
   0.00       95.0    
   2.25       94.0    
   4.50       94.0    

 ( Maximum # of arrivals =        55555 )

 Tracing beam            1  -10.000000000000000     

 Minimum width beams                     
 halfwidth  =    4.4022773791551897     
 EpsOpt     =  (  0.0000000000000000     ,  1446000.0000000000     )
 EpsMult    =    1.0000000000000000     

 Tracing beam          200  -9.7406256266292353     
 Tracing beam          399  -9.4812512532584723     
 Tracing beam          598  -9.2218768798877075     
 Tracing beam          797  -8.9625025065169446     
 Tracing beam          996  -8.7031281331461798     
 Tracing beam         1195  -8.4437537597754169     
 Tracing beam         1394  -8.1843793864046521     
 Tracing beam         1593  -7.9250050130338883     
 Tracing beam         1792  -7.6656306396631244     
 Tracing beam         1991  -7.4062562662923588     
 Tracing beam         2190  -7.1468818929215967     
 Tracing beam         2389  -6.8875075195508320     
 Tracing beam         2588  -6.6281331461800681     
 Tracing beam         2787  -6.3687587728093034     
 Tracing beam         2986  -6.1093843994385404     
 Tracing beam         3185  -5.8500100260677765     
 Tracing beam         3384  -5.5906356526970127     
 Tracing beam         3583  -5.3312612793262488     
 Tracing beam         3782  -5.0718869059554850     
 Tracing beam         3981  -4.8125125325847202     
 Tracing beam         4180  -4.5531381592139564     
 Tracing beam         4379  -4.2937637858431925     
 Tracing beam         4578  -4.0343894124724278     
 Tracing beam         4777  -3.7750150391016652     
 Tracing beam         4976  -3.5156406657309005     
 Tracing beam         5175  -3.2562662923601371     
 Tracing beam         5374  -2.9968919189893723     
 Tracing beam         5573  -2.7375175456186085     
 Tracing beam         5772  -2.4781431722478446     
 Tracing beam         5971  -2.2187687988770808     
 Tracing beam         6170  -1.9593944255063158     
 Tracing beam         6369  -1.7000200521355531     
 Tracing beam         6568  -1.4406456787647883     
 Tracing beam         6767  -1.1812713053940254     
 Tracing beam         6966 -0.92189693202326062     
 Tracing beam         7165 -0.66252255865249765     
 Tracing beam         7364 -0.40314818528173291     
 Tracing beam         7563 -0.14377381191096994     
 Tracing beam         7762  0.11560056145979480     
 Tracing beam         7961  0.37497493483055955     
 Tracing beam         8160  0.63434930820132251     
 Tracing beam         8359  0.89372368157208726     
 Tracing beam         8558   1.1530980549428502     
 Tracing beam         8757   1.4124724283136150     
 Tracing beam         8956   1.6718468016843779     
 Tracing beam         9155   1.9312211750551425     
 Tracing beam         9354   2.1905955484259074     
 Tracing beam         9553   2.4499699217966704     
 Tracing beam         9752   2.7093442951674351     
 Tracing beam         9951   2.9687186685381981     

 CPU Time =        3.91    s
