 BELLHOP- UWASN                                                                  
 frequency =  0.2400E+05 Hz

 Dummy parameter NMedia =            1

     C-LINEAR approximation to SSP
     Attenuation units: dB/mkHz
     THORP attenuation added
     VACUUM

 Depth =    100.00000000000000      m

 C-Linear SSP option

 Sound speed profile:
      7.00      1447.00
     10.00      1474.90
     20.00      1497.70
     30.00      1478.70
     40.00      1460.10
     50.00      1450.80
     60.00      1447.10
     70.00      1447.10
     80.00      1444.90
     90.00      1446.00
     95.00      1443.80
    100.00      1441.80

                                 ( RMS roughness =  0.200E-01 )
     Bathymetry file selected
     Perfectly RIGID

 Number of sources   =            1
 Source depths (m)
   90.0000    

 Number of receivers =            6
 Receiver depths (m)
   87.0000       88.0000       89.0000       90.0000       91.0000    
   92.0000    

 Number of ranges   =            6
 Receiver ranges (km)
  0.900000       1.00000       1.10000       1.90000       2.00000    
   2.10000    

 Arrivals calculation, ASCII  file output
 Geometric hat beams
 Point source (cylindrical coordinates)
 Rectilinear receiver grid: Receivers at rr( : ) x rd( : )

 Number of beams   =        10080
 Beam take-off angles (degrees)
  -10.0000      -9.99871      -9.99742      -9.99613      -9.99484    
  -9.99355      -9.99226      -9.99097      -9.98968      -9.98839    
  -9.98710      -9.98581      -9.98452      -9.98323      -9.98194    
  -9.98065      -9.97936      -9.97807      -9.97678      -9.97549    
  -9.97420    

 Step length,     deltas =    10.000000000000000      m

 Maximum ray Depth, zBox =    100.00000000000000      m
 Maximum ray range, rBox =    2200.0000000000000      m
 No beam shift in effect

 *********************************
 Using bottom-bathymetry file
 Curvilinear Interpolation
 Number of bathymetry points           3

  Range (km)  Depth (m)
   0.00       95.0    
   2.25       93.0    
   4.50       92.0    

 ( Maximum # of arrivals =        55555 )

 Tracing beam            1  -10.000000000000000     

 Minimum width beams                     
 halfwidth  =    4.3792888284027747     
 EpsOpt     =  (  0.0000000000000000     ,  1446000.0000000000     )
 EpsMult    =    1.0000000000000000     

 Tracing beam          202  -9.7407480900883012     
 Tracing beam          403  -9.4814961801766042     
 Tracing beam          604  -9.2222442702649072     
 Tracing beam          805  -8.9629923603532102     
 Tracing beam         1006  -8.7037404504415115     
 Tracing beam         1207  -8.4444885405298145     
 Tracing beam         1408  -8.1852366306181175     
 Tracing beam         1609  -7.9259847207064196     
 Tracing beam         1810  -7.6667328107947217     
 Tracing beam         2011  -7.4074809008830238     
 Tracing beam         2212  -7.1482289909713259     
 Tracing beam         2413  -6.8889770810596289     
 Tracing beam         2614  -6.6297251711479310     
 Tracing beam         2815  -6.3704732612362323     
 Tracing beam         3016  -6.1112213513245361     
 Tracing beam         3217  -5.8519694414128383     
 Tracing beam         3418  -5.5927175315011404     
 Tracing beam         3619  -5.3334656215894434     
 Tracing beam         3820  -5.0742137116777455     
 Tracing beam         4021  -4.8149618017660476     
 Tracing beam         4222  -4.5557098918543506     
 Tracing beam         4423  -4.2964579819426518     
 Tracing beam         4624  -4.0372060720309548     
 Tracing beam         4825  -3.7779541621192574     
 Tracing beam         5026  -3.5187022522075595     
 Tracing beam         5227  -3.2594503422958621     
 Tracing beam         5428  -3.0001984323841651     
 Tracing beam         5629  -2.7409465224724672     
 Tracing beam         5830  -2.4816946125607693     
 Tracing beam         6031  -2.2224427026490714     
 Tracing beam         6232  -1.9631907927373735     
 Tracing beam         6433  -1.7039388828256763     
 Tracing beam         6634  -1.4446869729139795     
 Tracing beam         6835  -1.1854350630022807     
 Tracing beam         7036 -0.92618315309058374     
 Tracing beam         7237 -0.66693124317888675     
 Tracing beam         7438 -0.40767933326718797     
 Tracing beam         7639 -0.14842742335549097     
 Tracing beam         7840  0.11082448655620603     
 Tracing beam         8041  0.37007639646790480     
 Tracing beam         8242  0.62932830637960169     
 Tracing beam         8443  0.88858021629129880     
 Tracing beam         8644   1.1478321262029976     
 Tracing beam         8845   1.4070840361146946     
 Tracing beam         9046   1.6663359460263916     
 Tracing beam         9247   1.9255878559380903     
 Tracing beam         9448   2.1848397658497873     
 Tracing beam         9649   2.4440916757614843     
 Tracing beam         9850   2.7033435856731831     
 Tracing beam        10051   2.9625954955848797     

 CPU Time =        4.02    s
