 BELLHOP- UWASN                                                                  
 frequency =  0.2425E+05 Hz

 Dummy parameter NMedia =            1

     C-LINEAR approximation to SSP
     Attenuation units: dB/mkHz
     THORP attenuation added
     VACUUM

 Depth =    100.00000000000000      m

 C-Linear SSP option

 Sound speed profile:
      7.00      1447.00
     10.00      1474.90
     20.00      1497.70
     30.00      1478.70
     40.00      1460.10
     50.00      1450.80
     60.00      1447.10
     70.00      1447.10
     80.00      1444.90
     90.00      1446.00
     95.00      1443.80
    100.00      1441.80

                                 ( RMS roughness =  0.200E-01 )
     Bathymetry file selected
     Perfectly RIGID

 Number of sources   =            1
 Source depths (m)
   90.0000    

 Number of receivers =            6
 Receiver depths (m)
   87.0000       88.0000       89.0000       90.0000       91.0000    
   92.0000    

 Number of ranges   =            6
 Receiver ranges (km)
  0.900000       1.00000       1.10000       1.90000       2.00000    
   2.10000    

 Arrivals calculation, ASCII  file output
 Geometric hat beams
 Point source (cylindrical coordinates)
 Rectilinear receiver grid: Receivers at rr( : ) x rd( : )

 Number of beams   =        10185
 Beam take-off angles (degrees)
  -10.0000      -9.99872      -9.99745      -9.99617      -9.99489    
  -9.99362      -9.99234      -9.99106      -9.98979      -9.98851    
  -9.98723      -9.98596      -9.98468      -9.98341      -9.98213    
  -9.98085      -9.97958      -9.97830      -9.97702      -9.97575    
  -9.97447    

 Step length,     deltas =    10.000000000000000      m

 Maximum ray Depth, zBox =    100.00000000000000      m
 Maximum ray range, rBox =    2200.0000000000000      m
 No beam shift in effect

 *********************************
 Using bottom-bathymetry file
 Curvilinear Interpolation
 Number of bathymetry points           3

  Range (km)  Depth (m)
   0.00       95.0    
   2.25       96.0    
   4.50       94.0    

 ( Maximum # of arrivals =        55555 )

 Tracing beam            1  -10.000000000000000     

 Minimum width beams                     
 halfwidth  =    4.3566566932873396     
 EpsOpt     =  (  0.0000000000000000     ,  1446000.0000000000     )
 EpsMult    =    1.0000000000000000     

 Tracing beam          204  -9.7408680282796549     
 Tracing beam          407  -9.4817360565593081     
 Tracing beam          610  -9.2226040848389630     
 Tracing beam          813  -8.9634721131186179     
 Tracing beam         1016  -8.7043401413982711     
 Tracing beam         1219  -8.4452081696779260     
 Tracing beam         1422  -8.1860761979575809     
 Tracing beam         1625  -7.9269442262372349     
 Tracing beam         1828  -7.6678122545168881     
 Tracing beam         2031  -7.4086802827965430     
 Tracing beam         2234  -7.1495483110761979     
 Tracing beam         2437  -6.8904163393558511     
 Tracing beam         2640  -6.6312843676355060     
 Tracing beam         2843  -6.3721523959151609     
 Tracing beam         3046  -6.1130204241948150     
 Tracing beam         3249  -5.8538884524744699     
 Tracing beam         3452  -5.5947564807541239     
 Tracing beam         3655  -5.3356245090337779     
 Tracing beam         3858  -5.0764925373134329     
 Tracing beam         4061  -4.8173605655930860     
 Tracing beam         4264  -4.5582285938727418     
 Tracing beam         4467  -4.2990966221523959     
 Tracing beam         4670  -4.0399646504320499     
 Tracing beam         4873  -3.7808326787117048     
 Tracing beam         5076  -3.5217007069913588     
 Tracing beam         5279  -3.2625687352710129     
 Tracing beam         5482  -3.0034367635506678     
 Tracing beam         5685  -2.7443047918303218     
 Tracing beam         5888  -2.4851728201099754     
 Tracing beam         6091  -2.2260408483896308     
 Tracing beam         6294  -1.9669088766692848     
 Tracing beam         6497  -1.7077769049489397     
 Tracing beam         6700  -1.4486449332285929     
 Tracing beam         6903  -1.1895129615082476     
 Tracing beam         7106 -0.93038098978790262     
 Tracing beam         7309 -0.67124901806755588     
 Tracing beam         7512 -0.41211704634721080     
 Tracing beam         7715 -0.15298507462686572     
 Tracing beam         7918  0.10614689709347935     
 Tracing beam         8121  0.36527886881382621     
 Tracing beam         8324  0.62441084053417129     
 Tracing beam         8527  0.88354281225451636     
 Tracing beam         8730   1.1426747839748632     
 Tracing beam         8933   1.4018067556952081     
 Tracing beam         9136   1.6609387274155534     
 Tracing beam         9339   1.9200706991359002     
 Tracing beam         9542   2.1792026708562453     
 Tracing beam         9745   2.4383346425765904     
 Tracing beam         9948   2.6974666142969372     
 Tracing beam        10151   2.9565985860172823     

 CPU Time =        4.14    s
