 BELLHOP- UWASN                                                                  
 frequency =   2500.     Hz

 Dummy parameter NMedia =            1

     C-LINEAR approximation to SSP
     Attenuation units: dB/mkHz
     THORP attenuation added
     VACUUM

 Depth =    100.00000000000000      m

 C-Linear SSP option

 Sound speed profile:
      7.00      1447.00
     10.00      1474.90
     20.00      1497.70
     30.00      1478.70
     40.00      1460.10
     50.00      1450.80
     60.00      1447.10
     70.00      1447.10
     80.00      1444.90
     90.00      1446.00
     95.00      1443.80
    100.00      1441.80

                                 ( RMS roughness =  0.200E-01 )
     Bathymetry file selected
     Perfectly RIGID

 Number of sources   =            1
 Source depths (m)
   90.0000    

 Number of receivers =            6
 Receiver depths (m)
   87.0000       88.0000       89.0000       90.0000       91.0000    
   92.0000    

 Number of ranges   =            6
 Receiver ranges (km)
  0.900000       1.00000       1.10000       1.90000       2.00000    
   2.10000    

 Arrivals calculation, ASCII  file output
 Geometric hat beams
 Point source (cylindrical coordinates)
 Rectilinear receiver grid: Receivers at rr( : ) x rd( : )

 Number of beams   =         1050
 Beam take-off angles (degrees)
  -10.0000      -9.98761      -9.97521      -9.96282      -9.95043    
  -9.93804      -9.92564      -9.91325      -9.90086      -9.88847    
  -9.87607      -9.86368      -9.85129      -9.83889      -9.82650    
  -9.81411      -9.80172      -9.78932      -9.77693      -9.76454    
  -9.75214    

 Step length,     deltas =    10.000000000000000      m

 Maximum ray Depth, zBox =    100.00000000000000      m
 Maximum ray range, rBox =    2200.0000000000000      m
 No beam shift in effect

 *********************************
 Using bottom-bathymetry file
 Curvilinear Interpolation
 Number of bathymetry points           3

  Range (km)  Depth (m)
   0.00       95.0    
   1.28       95.0    
   2.55       94.0    

 ( Maximum # of arrivals =        55555 )

 Tracing beam            1  -10.000000000000000     

 Minimum width beams                     
 halfwidth  =    13.568730160508910     
 EpsOpt     =  (  0.0000000000000000     ,  1446000.0000000000     )
 EpsMult    =    1.0000000000000000     

 Tracing beam           22  -9.7397521448999029     
 Tracing beam           43  -9.4795042897998094     
 Tracing beam           64  -9.2192564346997141     
 Tracing beam           85  -8.9590085795996188     
 Tracing beam          106  -8.6987607244995235     
 Tracing beam          127  -8.4385128693994265     
 Tracing beam          148  -8.1782650142993329     
 Tracing beam          169  -7.9180171591992368     
 Tracing beam          190  -7.6577693040991424     
 Tracing beam          211  -7.3975214489990471     
 Tracing beam          232  -7.1372735938989518     
 Tracing beam          253  -6.8770257387988565     
 Tracing beam          274  -6.6167778836987612     
 Tracing beam          295  -6.3565300285986659     
 Tracing beam          316  -6.0962821734985706     
 Tracing beam          337  -5.8360343183984744     
 Tracing beam          358  -5.5757864632983791     
 Tracing beam          379  -5.3155386081982838     
 Tracing beam          400  -5.0552907530981877     
 Tracing beam          421  -4.7950428979980932     
 Tracing beam          442  -4.5347950428979980     
 Tracing beam          463  -4.2745471877979027     
 Tracing beam          484  -4.0142993326978074     
 Tracing beam          505  -3.7540514775977121     
 Tracing beam          526  -3.4938036224976168     
 Tracing beam          547  -3.2335557673975210     
 Tracing beam          568  -2.9733079122974262     
 Tracing beam          589  -2.7130600571973309     
 Tracing beam          610  -2.4528122020972352     
 Tracing beam          631  -2.1925643469971403     
 Tracing beam          652  -1.9323164918970439     
 Tracing beam          673  -1.6720686367969488     
 Tracing beam          694  -1.4118207816968535     
 Tracing beam          715  -1.1515729265967583     
 Tracing beam          736 -0.89132507149666296     
 Tracing beam          757 -0.63107721639656766     
 Tracing beam          778 -0.37082936129647237     
 Tracing beam          799 -0.11058150619637708     
 Tracing beam          820  0.14966634890371822     
 Tracing beam          841  0.40991420400381351     
 Tracing beam          862  0.67016205910390880     
 Tracing beam          883  0.93040991420400410     
 Tracing beam          904   1.1906577693040994     
 Tracing beam          925   1.4509056244041947     
 Tracing beam          946   1.7111534795042900     
 Tracing beam          967   1.9714013346043853     
 Tracing beam          988   2.2316491897044806     
 Tracing beam         1009   2.4918970448045759     
 Tracing beam         1030   2.7521448999046711     

 CPU Time =       0.392    s
