 BELLHOP- UWASN                                                                  
 frequency =  0.2575E+05 Hz

 Dummy parameter NMedia =            1

     C-LINEAR approximation to SSP
     Attenuation units: dB/mkHz
     THORP attenuation added
     VACUUM

 Depth =    100.00000000000000      m

 C-Linear SSP option

 Sound speed profile:
      7.00      1447.00
     10.00      1474.90
     20.00      1497.70
     30.00      1478.70
     40.00      1460.10
     50.00      1450.80
     60.00      1447.10
     70.00      1447.10
     80.00      1444.90
     90.00      1446.00
     95.00      1443.80
    100.00      1441.80

                                 ( RMS roughness =  0.200E-01 )
     Bathymetry file selected
     Perfectly RIGID

 Number of sources   =            1
 Source depths (m)
   90.0000    

 Number of receivers =            6
 Receiver depths (m)
   87.0000       88.0000       89.0000       90.0000       91.0000    
   92.0000    

 Number of ranges   =            6
 Receiver ranges (km)
  0.900000       1.00000       1.10000       1.90000       2.00000    
   2.10000    

 Arrivals calculation, ASCII  file output
 Geometric hat beams
 Point source (cylindrical coordinates)
 Rectilinear receiver grid: Receivers at rr( : ) x rd( : )

 Number of beams   =        10815
 Beam take-off angles (degrees)
  -10.0000      -9.99880      -9.99760      -9.99639      -9.99519    
  -9.99399      -9.99279      -9.99158      -9.99038      -9.98918    
  -9.98798      -9.98678      -9.98557      -9.98437      -9.98317    
  -9.98197      -9.98077      -9.97956      -9.97836      -9.97716    
  -9.97596    

 Step length,     deltas =    10.000000000000000      m

 Maximum ray Depth, zBox =    100.00000000000000      m
 Maximum ray range, rBox =    2200.0000000000000      m
 No beam shift in effect

 *********************************
 Using bottom-bathymetry file
 Curvilinear Interpolation
 Number of bathymetry points           3

  Range (km)  Depth (m)
   0.00       95.0    
   1.85       93.0    
   3.71       93.0    

 ( Maximum # of arrivals =        55555 )

 Tracing beam            1  -10.000000000000000     

 Minimum width beams                     
 halfwidth  =    4.2278599577332603     
 EpsOpt     =  (  0.0000000000000000     ,  1446000.0000000000     )
 EpsMult    =    1.0000000000000000     

 Tracing beam          217  -9.7403366007027916     
 Tracing beam          433  -9.4806732014055850     
 Tracing beam          649  -9.2210098021083784     
 Tracing beam          865  -8.9613464028111700     
 Tracing beam         1081  -8.7016830035139634     
 Tracing beam         1297  -8.4420196042167568     
 Tracing beam         1513  -8.1823562049195484     
 Tracing beam         1729  -7.9226928056223418     
 Tracing beam         1945  -7.6630294063251352     
 Tracing beam         2161  -7.4033660070279277     
 Tracing beam         2377  -7.1437026077307202     
 Tracing beam         2593  -6.8840392084335118     
 Tracing beam         2809  -6.6243758091363052     
 Tracing beam         3025  -6.3647124098390977     
 Tracing beam         3241  -6.1050490105418902     
 Tracing beam         3457  -5.8453856112446818     
 Tracing beam         3673  -5.5857222119474752     
 Tracing beam         3889  -5.3260588126502686     
 Tracing beam         4105  -5.0663954133530611     
 Tracing beam         4321  -4.8067320140558536     
 Tracing beam         4537  -4.5470686147586470     
 Tracing beam         4753  -4.2874052154614395     
 Tracing beam         4969  -4.0277418161642320     
 Tracing beam         5185  -3.7680784168670245     
 Tracing beam         5401  -3.5084150175698170     
 Tracing beam         5617  -3.2487516182726104     
 Tracing beam         5833  -2.9890882189754029     
 Tracing beam         6049  -2.7294248196781954     
 Tracing beam         6265  -2.4697614203809879     
 Tracing beam         6481  -2.2100980210837813     
 Tracing beam         6697  -1.9504346217865738     
 Tracing beam         6913  -1.6907712224893654     
 Tracing beam         7129  -1.4311078231921588     
 Tracing beam         7345  -1.1714444238949522     
 Tracing beam         7561 -0.91178102459774368     
 Tracing beam         7777 -0.65211762530053707     
 Tracing beam         7993 -0.39245422600333058     
 Tracing beam         8209 -0.13279082670612219     
 Tracing beam         8425  0.12687257259108442     
 Tracing beam         8641  0.38653597188829281     
 Tracing beam         8857  0.64619937118549930     
 Tracing beam         9073  0.90586277048270603     
 Tracing beam         9289   1.1655261697799144     
 Tracing beam         9505   1.4251895690771210     
 Tracing beam         9721   1.6848529683743294     
 Tracing beam         9937   1.9445163676715360     
 Tracing beam        10153   2.2041797669687426     
 Tracing beam        10369   2.4638431662659510     
 Tracing beam        10585   2.7235065655631576     
 Tracing beam        10801   2.9831699648603660     

 CPU Time =        4.28    s
