 BELLHOP- UWASN                                                                  
 frequency =  0.2625E+05 Hz

 Dummy parameter NMedia =            1

     C-LINEAR approximation to SSP
     Attenuation units: dB/mkHz
     THORP attenuation added
     VACUUM

 Depth =    100.00000000000000      m

 C-Linear SSP option

 Sound speed profile:
      7.00      1447.00
     10.00      1474.90
     20.00      1497.70
     30.00      1478.70
     40.00      1460.10
     50.00      1450.80
     60.00      1447.10
     70.00      1447.10
     80.00      1444.90
     90.00      1446.00
     95.00      1443.80
    100.00      1441.80

                                 ( RMS roughness =  0.200E-01 )
     Bathymetry file selected
     Perfectly RIGID

 Number of sources   =            1
 Source depths (m)
   90.0000    

 Number of receivers =            6
 Receiver depths (m)
   87.0000       88.0000       89.0000       90.0000       91.0000    
   92.0000    

 Number of ranges   =            6
 Receiver ranges (km)
  0.900000       1.00000       1.10000       1.90000       2.00000    
   2.10000    

 Arrivals calculation, ASCII  file output
 Geometric hat beams
 Point source (cylindrical coordinates)
 Rectilinear receiver grid: Receivers at rr( : ) x rd( : )

 Number of beams   =        11025
 Beam take-off angles (degrees)
  -10.0000      -9.99882      -9.99764      -9.99646      -9.99528    
  -9.99410      -9.99292      -9.99175      -9.99057      -9.98939    
  -9.98821      -9.98703      -9.98585      -9.98467      -9.98349    
  -9.98231      -9.98113      -9.97995      -9.97877      -9.97759    
  -9.97642    

 Step length,     deltas =    10.000000000000000      m

 Maximum ray Depth, zBox =    100.00000000000000      m
 Maximum ray range, rBox =    2200.0000000000000      m
 No beam shift in effect

 *********************************
 Using bottom-bathymetry file
 Curvilinear Interpolation
 Number of bathymetry points           3

  Range (km)  Depth (m)
   0.00       95.0    
   1.85       93.0    
   3.71       93.0    

 ( Maximum # of arrivals =        55555 )

 Tracing beam            1  -10.000000000000000     

 Minimum width beams                     
 halfwidth  =    4.1874010369963948     
 EpsOpt     =  (  0.0000000000000000     ,  1446000.0000000000     )
 EpsMult    =    1.0000000000000000     

 Tracing beam          221  -9.7405660377358494     
 Tracing beam          441  -9.4811320754716988     
 Tracing beam          661  -9.2216981132075464     
 Tracing beam          881  -8.9622641509433958     
 Tracing beam         1101  -8.7028301886792452     
 Tracing beam         1321  -8.4433962264150946     
 Tracing beam         1541  -8.1839622641509440     
 Tracing beam         1761  -7.9245283018867934     
 Tracing beam         1981  -7.6650943396226410     
 Tracing beam         2201  -7.4056603773584913     
 Tracing beam         2421  -7.1462264150943398     
 Tracing beam         2641  -6.8867924528301891     
 Tracing beam         2861  -6.6273584905660377     
 Tracing beam         3081  -6.3679245283018870     
 Tracing beam         3301  -6.1084905660377355     
 Tracing beam         3521  -5.8490566037735849     
 Tracing beam         3741  -5.5896226415094343     
 Tracing beam         3961  -5.3301886792452828     
 Tracing beam         4181  -5.0707547169811322     
 Tracing beam         4401  -4.8113207547169816     
 Tracing beam         4621  -4.5518867924528301     
 Tracing beam         4841  -4.2924528301886795     
 Tracing beam         5061  -4.0330188679245289     
 Tracing beam         5281  -3.7735849056603770     
 Tracing beam         5501  -3.5141509433962268     
 Tracing beam         5721  -3.2547169811320753     
 Tracing beam         5941  -2.9952830188679247     
 Tracing beam         6161  -2.7358490566037741     
 Tracing beam         6381  -2.4764150943396226     
 Tracing beam         6601  -2.2169811320754720     
 Tracing beam         6821  -1.9575471698113205     
 Tracing beam         7041  -1.6981132075471699     
 Tracing beam         7261  -1.4386792452830193     
 Tracing beam         7481  -1.1792452830188687     
 Tracing beam         7701 -0.91981132075471816     
 Tracing beam         7921 -0.66037735849056567     
 Tracing beam         8141 -0.40094339622641506     
 Tracing beam         8361 -0.14150943396226442     
 Tracing beam         8581  0.11792452830188616     
 Tracing beam         8801  0.37735849056603676     
 Tracing beam         9021  0.63679245283018915     
 Tracing beam         9241  0.89622641509433976     
 Tracing beam         9461   1.1556603773584901     
 Tracing beam         9681   1.4150943396226410     
 Tracing beam         9901   1.6745283018867916     
 Tracing beam        10121   1.9339622641509420     
 Tracing beam        10341   2.1933962264150946     
 Tracing beam        10561   2.4528301886792452     
 Tracing beam        10781   2.7122641509433953     
 Tracing beam        11001   2.9716981132075460     

 CPU Time =        4.46    s
