 BELLHOP- UWASN                                                                  
 frequency =  0.2750E+05 Hz

 Dummy parameter NMedia =            1

     C-LINEAR approximation to SSP
     Attenuation units: dB/mkHz
     THORP attenuation added
     VACUUM

 Depth =    100.00000000000000      m

 C-Linear SSP option

 Sound speed profile:
      7.00      1447.00
     10.00      1474.90
     20.00      1497.70
     30.00      1478.70
     40.00      1460.10
     50.00      1450.80
     60.00      1447.10
     70.00      1447.10
     80.00      1444.90
     90.00      1446.00
     95.00      1443.80
    100.00      1441.80

                                 ( RMS roughness =  0.200E-01 )
     Bathymetry file selected
     Perfectly RIGID

 Number of sources   =            1
 Source depths (m)
   90.0000    

 Number of receivers =            6
 Receiver depths (m)
   87.0000       88.0000       89.0000       90.0000       91.0000    
   92.0000    

 Number of ranges   =            6
 Receiver ranges (km)
  0.900000       1.00000       1.10000       1.90000       2.00000    
   2.10000    

 Arrivals calculation, ASCII  file output
 Geometric hat beams
 Point source (cylindrical coordinates)
 Rectilinear receiver grid: Receivers at rr( : ) x rd( : )

 Number of beams   =        11550
 Beam take-off angles (degrees)
  -10.0000      -9.99887      -9.99775      -9.99662      -9.99550    
  -9.99437      -9.99325      -9.99212      -9.99099      -9.98987    
  -9.98874      -9.98762      -9.98649      -9.98537      -9.98424    
  -9.98312      -9.98199      -9.98086      -9.97974      -9.97861    
  -9.97749    

 Step length,     deltas =    10.000000000000000      m

 Maximum ray Depth, zBox =    100.00000000000000      m
 Maximum ray range, rBox =    2200.0000000000000      m
 No beam shift in effect

 *********************************
 Using bottom-bathymetry file
 Curvilinear Interpolation
 Number of bathymetry points           3

  Range (km)  Depth (m)
   0.00       95.0    
   2.25       97.0    
   4.50       96.0    

 ( Maximum # of arrivals =        55555 )

 Tracing beam            1  -10.000000000000000     

 Minimum width beams                     
 halfwidth  =    4.0911260749078950     
 EpsOpt     =  (  0.0000000000000000     ,  1446000.0000000000     )
 EpsMult    =    1.0000000000000000     

 Tracing beam          232  -9.7399774872283320     
 Tracing beam          463  -9.4799549744566622     
 Tracing beam          694  -9.2199324616849943     
 Tracing beam          925  -8.9599099489133263     
 Tracing beam         1156  -8.6998874361416583     
 Tracing beam         1387  -8.4398649233699885     
 Tracing beam         1618  -8.1798424105983187     
 Tracing beam         1849  -7.9198198978266525     
 Tracing beam         2080  -7.6597973850549828     
 Tracing beam         2311  -7.3997748722833139     
 Tracing beam         2542  -7.1397523595116468     
 Tracing beam         2773  -6.8797298467399779     
 Tracing beam         3004  -6.6197073339683081     
 Tracing beam         3235  -6.3596848211966410     
 Tracing beam         3466  -6.0996623084249721     
 Tracing beam         3697  -5.8396397956533033     
 Tracing beam         3928  -5.5796172828816353     
 Tracing beam         4159  -5.3195947701099664     
 Tracing beam         4390  -5.0595722573382984     
 Tracing beam         4621  -4.7995497445666286     
 Tracing beam         4852  -4.5395272317949606     
 Tracing beam         5083  -4.2795047190232927     
 Tracing beam         5314  -4.0194822062516238     
 Tracing beam         5545  -3.7594596934799562     
 Tracing beam         5776  -3.4994371807082869     
 Tracing beam         6007  -3.2394146679366189     
 Tracing beam         6238  -2.9793921551649500     
 Tracing beam         6469  -2.7193696423932812     
 Tracing beam         6700  -2.4593471296216132     
 Tracing beam         6931  -2.1993246168499443     
 Tracing beam         7162  -1.9393021040782763     
 Tracing beam         7393  -1.6792795913066065     
 Tracing beam         7624  -1.4192570785349385     
 Tracing beam         7855  -1.1592345657632706     
 Tracing beam         8086 -0.89921205299160245     
 Tracing beam         8317 -0.63918954021993279     
 Tracing beam         8548 -0.37916702744826475     
 Tracing beam         8779 -0.11914451467659681     
 Tracing beam         9010  0.14087799809507295     
 Tracing beam         9241  0.40090051086674094     
 Tracing beam         9472  0.66092302363840894     
 Tracing beam         9703  0.92094553641007870     
 Tracing beam         9934   1.1809680491817467     
 Tracing beam        10165   1.4409905619534147     
 Tracing beam        10396   1.7010130747250827     
 Tracing beam        10627   1.9610355874967522     
 Tracing beam        10858   2.2210581002684204     
 Tracing beam        11089   2.4810806130400884     
 Tracing beam        11320   2.7411031258117582     

 CPU Time =        4.68    s
