 BELLHOP- UWASN                                                                  
 frequency =  0.2850E+05 Hz

 Dummy parameter NMedia =            1

     C-LINEAR approximation to SSP
     Attenuation units: dB/mkHz
     THORP attenuation added
     VACUUM

 Depth =    100.00000000000000      m

 C-Linear SSP option

 Sound speed profile:
      7.00      1447.00
     10.00      1474.90
     20.00      1497.70
     30.00      1478.70
     40.00      1460.10
     50.00      1450.80
     60.00      1447.10
     70.00      1447.10
     80.00      1444.90
     90.00      1446.00
     95.00      1443.80
    100.00      1441.80

                                 ( RMS roughness =  0.200E-01 )
     Bathymetry file selected
     Perfectly RIGID

 Number of sources   =            1
 Source depths (m)
   90.0000    

 Number of receivers =            6
 Receiver depths (m)
   87.0000       88.0000       89.0000       90.0000       91.0000    
   92.0000    

 Number of ranges   =            6
 Receiver ranges (km)
  0.900000       1.00000       1.10000       1.90000       2.00000    
   2.10000    

 Arrivals calculation, ASCII  file output
 Geometric hat beams
 Point source (cylindrical coordinates)
 Rectilinear receiver grid: Receivers at rr( : ) x rd( : )

 Number of beams   =        11970
 Beam take-off angles (degrees)
  -10.0000      -9.99891      -9.99783      -9.99674      -9.99566    
  -9.99457      -9.99348      -9.99240      -9.99131      -9.99022    
  -9.98914      -9.98805      -9.98697      -9.98588      -9.98479    
  -9.98371      -9.98262      -9.98154      -9.98045      -9.97936    
  -9.97828    

 Step length,     deltas =    10.000000000000000      m

 Maximum ray Depth, zBox =    100.00000000000000      m
 Maximum ray range, rBox =    2200.0000000000000      m
 No beam shift in effect

 *********************************
 Using bottom-bathymetry file
 Curvilinear Interpolation
 Number of bathymetry points           3

  Range (km)  Depth (m)
   0.00       95.0    
   2.25       94.0    
   4.50       94.0    

 ( Maximum # of arrivals =        55555 )

 Tracing beam            1  -10.000000000000000     

 Minimum width beams                     
 halfwidth  =    4.0187110415967009     
 EpsOpt     =  (  0.0000000000000000     ,  1446000.0000000000     )
 EpsMult    =    1.0000000000000000     

 Tracing beam          240  -9.7404127328933079     
 Tracing beam          479  -9.4808254657866140     
 Tracing beam          718  -9.2212381986799237     
 Tracing beam          957  -8.9616509315732316     
 Tracing beam         1196  -8.7020636644665377     
 Tracing beam         1435  -8.4424763973598456     
 Tracing beam         1674  -8.1828891302531535     
 Tracing beam         1913  -7.9233018631464605     
 Tracing beam         2152  -7.6637145960397683     
 Tracing beam         2391  -7.4041273289330771     
 Tracing beam         2630  -7.1445400618263850     
 Tracing beam         2869  -6.8849527947196929     
 Tracing beam         3108  -6.6253655276129999     
 Tracing beam         3347  -6.3657782605063078     
 Tracing beam         3586  -6.1061909933996148     
 Tracing beam         3825  -5.8466037262929227     
 Tracing beam         4064  -5.5870164591862297     
 Tracing beam         4303  -5.3274291920795385     
 Tracing beam         4542  -5.0678419249728464     
 Tracing beam         4781  -4.8082546578661525     
 Tracing beam         5020  -4.5486673907594612     
 Tracing beam         5259  -4.2890801236527691     
 Tracing beam         5498  -4.0294928565460770     
 Tracing beam         5737  -3.7699055894393849     
 Tracing beam         5976  -3.5103183223326919     
 Tracing beam         6215  -3.2507310552259998     
 Tracing beam         6454  -2.9911437881193073     
 Tracing beam         6693  -2.7315565210126156     
 Tracing beam         6932  -2.4719692539059226     
 Tracing beam         7171  -2.2123819867992305     
 Tracing beam         7410  -1.9527947196925373     
 Tracing beam         7649  -1.6932074525858454     
 Tracing beam         7888  -1.4336201854791533     
 Tracing beam         8127  -1.1740329183724612     
 Tracing beam         8366 -0.91444565126576904     
 Tracing beam         8605 -0.65485838415907693     
 Tracing beam         8844 -0.39527111705238482     
 Tracing beam         9083 -0.13568384994569271     
 Tracing beam         9322  0.12390341716099938     
 Tracing beam         9561  0.38349068426769323     
 Tracing beam         9800  0.64307795137438539     
 Tracing beam        10039  0.90266521848107750     
 Tracing beam        10278   1.1622524855877696     
 Tracing beam        10517   1.4218397526944617     
 Tracing beam        10756   1.6814270198011538     
 Tracing beam        10995   1.9410142869078457     
 Tracing beam        11234   2.2006015540145381     
 Tracing beam        11473   2.4601888211212302     
 Tracing beam        11712   2.7197760882279240     
 Tracing beam        11951   2.9793633553346157     

 CPU Time =        4.68    s
