 BELLHOP- UWASN                                                                  
 frequency =  0.2925E+05 Hz

 Dummy parameter NMedia =            1

     C-LINEAR approximation to SSP
     Attenuation units: dB/mkHz
     THORP attenuation added
     VACUUM

 Depth =    100.00000000000000      m

 C-Linear SSP option

 Sound speed profile:
      7.00      1447.00
     10.00      1474.90
     20.00      1497.70
     30.00      1478.70
     40.00      1460.10
     50.00      1450.80
     60.00      1447.10
     70.00      1447.10
     80.00      1444.90
     90.00      1446.00
     95.00      1443.80
    100.00      1441.80

                                 ( RMS roughness =  0.200E-01 )
     Bathymetry file selected
     Perfectly RIGID

 Number of sources   =            1
 Source depths (m)
   90.0000    

 Number of receivers =            6
 Receiver depths (m)
   87.0000       88.0000       89.0000       90.0000       91.0000    
   92.0000    

 Number of ranges   =            6
 Receiver ranges (km)
  0.900000       1.00000       1.10000       1.90000       2.00000    
   2.10000    

 Arrivals calculation, ASCII  file output
 Geometric hat beams
 Point source (cylindrical coordinates)
 Rectilinear receiver grid: Receivers at rr( : ) x rd( : )

 Number of beams   =        12285
 Beam take-off angles (degrees)
  -10.0000      -9.99894      -9.99788      -9.99683      -9.99577    
  -9.99471      -9.99365      -9.99259      -9.99153      -9.99048    
  -9.98942      -9.98836      -9.98730      -9.98624      -9.98518    
  -9.98413      -9.98307      -9.98201      -9.98095      -9.97989    
  -9.97883    

 Step length,     deltas =    10.000000000000000      m

 Maximum ray Depth, zBox =    100.00000000000000      m
 Maximum ray range, rBox =    2200.0000000000000      m
 No beam shift in effect

 *********************************
 Using bottom-bathymetry file
 Curvilinear Interpolation
 Number of bathymetry points           3

  Range (km)  Depth (m)
   0.00       95.0    
   2.25       97.0    
   4.50       96.0    

 ( Maximum # of arrivals =        55555 )

 Tracing beam            1  -10.000000000000000     

 Minimum width beams                     
 halfwidth  =    3.9668545330291640     
 EpsOpt     =  (  0.0000000000000000     ,  1446000.0000000000     )
 EpsMult    =    1.0000000000000000     

 Tracing beam          246  -9.7407196352979479     
 Tracing beam          491  -9.4814392705958976     
 Tracing beam          736  -9.2221589058938456     
 Tracing beam          981  -8.9628785411917953     
 Tracing beam         1226  -8.7035981764897432     
 Tracing beam         1471  -8.4443178117876911     
 Tracing beam         1716  -8.1850374470856408     
 Tracing beam         1961  -7.9257570823835879     
 Tracing beam         2206  -7.6664767176815367     
 Tracing beam         2451  -7.4071963529794855     
 Tracing beam         2696  -7.1479159882774344     
 Tracing beam         2941  -6.8886356235753823     
 Tracing beam         3186  -6.6293552588733320     
 Tracing beam         3431  -6.3700748941712799     
 Tracing beam         3676  -6.1107945294692287     
 Tracing beam         3921  -5.8515141647671776     
 Tracing beam         4166  -5.5922338000651255     
 Tracing beam         4411  -5.3329534353630743     
 Tracing beam         4656  -5.0736730706610231     
 Tracing beam         4901  -4.8143927059589711     
 Tracing beam         5146  -4.5551123412569199     
 Tracing beam         5391  -4.2958319765548687     
 Tracing beam         5636  -4.0365516118528175     
 Tracing beam         5881  -3.7772712471507655     
 Tracing beam         6126  -3.5179908824487143     
 Tracing beam         6371  -3.2587105177466631     
 Tracing beam         6616  -2.9994301530446110     
 Tracing beam         6861  -2.7401497883425598     
 Tracing beam         7106  -2.4808694236405087     
 Tracing beam         7351  -2.2215890589384575     
 Tracing beam         7596  -1.9623086942364054     
 Tracing beam         7841  -1.7030283295343551     
 Tracing beam         8086  -1.4437479648323031     
 Tracing beam         8331  -1.1844676001302510     
 Tracing beam         8576 -0.92518723542820058     
 Tracing beam         8821 -0.66590687072614863     
 Tracing beam         9066 -0.40662650602409656     
 Tracing beam         9311 -0.14734614132204626     
 Tracing beam         9556  0.11193422338000582     
 Tracing beam         9801  0.37121458808205787     
 Tracing beam        10046  0.63049495278410816     
 Tracing beam        10291  0.88977531748616023     
 Tracing beam        10536   1.1490556821882123     
 Tracing beam        10781   1.4083360468902626     
 Tracing beam        11026   1.6676164115923147     
 Tracing beam        11271   1.9268967762943647     
 Tracing beam        11516   2.1861771409964170     
 Tracing beam        11761   2.4454575056984691     
 Tracing beam        12006   2.7047378704005194     
 Tracing beam        12251   2.9640182351025715     

 CPU Time =        4.95    s
