 BELLHOP- UWASN                                                                  
 frequency =  0.3000E+05 Hz

 Dummy parameter NMedia =            1

     C-LINEAR approximation to SSP
     Attenuation units: dB/mkHz
     THORP attenuation added
     VACUUM

 Depth =    100.00000000000000      m

 C-Linear SSP option

 Sound speed profile:
      7.00      1447.00
     10.00      1474.90
     20.00      1497.70
     30.00      1478.70
     40.00      1460.10
     50.00      1450.80
     60.00      1447.10
     70.00      1447.10
     80.00      1444.90
     90.00      1446.00
     95.00      1443.80
    100.00      1441.80

                                 ( RMS roughness =  0.200E-01 )
     Bathymetry file selected
     Perfectly RIGID

 Number of sources   =            1
 Source depths (m)
   90.0000    

 Number of receivers =            6
 Receiver depths (m)
   87.0000       88.0000       89.0000       90.0000       91.0000    
   92.0000    

 Number of ranges   =            6
 Receiver ranges (km)
  0.900000       1.00000       1.10000       1.90000       2.00000    
   2.10000    

 Arrivals calculation, ASCII  file output
 Geometric hat beams
 Point source (cylindrical coordinates)
 Rectilinear receiver grid: Receivers at rr( : ) x rd( : )

 Number of beams   =        12600
 Beam take-off angles (degrees)
  -10.0000      -9.99897      -9.99794      -9.99690      -9.99587    
  -9.99484      -9.99381      -9.99278      -9.99175      -9.99071    
  -9.98968      -9.98865      -9.98762      -9.98659      -9.98555    
  -9.98452      -9.98349      -9.98246      -9.98143      -9.98040    
  -9.97936    

 Step length,     deltas =    10.000000000000000      m

 Maximum ray Depth, zBox =    100.00000000000000      m
 Maximum ray range, rBox =    2200.0000000000000      m
 No beam shift in effect

 *********************************
 Using bottom-bathymetry file
 Curvilinear Interpolation
 Number of bathymetry points           3

  Range (km)  Depth (m)
   0.00       95.0    
   2.25       93.0    
   4.50       92.0    

 ( Maximum # of arrivals =        55555 )

 Tracing beam            1  -10.000000000000000     

 Minimum width beams                     
 halfwidth  =    3.9169550053656064     
 EpsOpt     =  (  0.0000000000000000     ,  1446000.0000000000     )
 EpsMult    =    1.0000000000000000     

 Tracing beam          253  -9.7399793634415435     
 Tracing beam          505  -9.4799587268830852     
 Tracing beam          757  -9.2199380903246286     
 Tracing beam         1009  -8.9599174537661721     
 Tracing beam         1261  -8.6998968172077156     
 Tracing beam         1513  -8.4398761806492573     
 Tracing beam         1765  -8.1798555440908007     
 Tracing beam         2017  -7.9198349075323442     
 Tracing beam         2269  -7.6598142709738859     
 Tracing beam         2521  -7.3997936344154294     
 Tracing beam         2773  -7.1397729978569728     
 Tracing beam         3025  -6.8797523612985163     
 Tracing beam         3277  -6.6197317247400589     
 Tracing beam         3529  -6.3597110881816006     
 Tracing beam         3781  -6.0996904516231440     
 Tracing beam         4033  -5.8396698150646866     
 Tracing beam         4285  -5.5796491785062301     
 Tracing beam         4537  -5.3196285419477736     
 Tracing beam         4789  -5.0596079053893170     
 Tracing beam         5041  -4.7995872688308596     
 Tracing beam         5293  -4.5395666322724022     
 Tracing beam         5545  -4.2795459957139457     
 Tracing beam         5797  -4.0195253591554883     
 Tracing beam         6049  -3.7595047225970313     
 Tracing beam         6301  -3.4994840860385743     
 Tracing beam         6553  -3.2394634494801178     
 Tracing beam         6805  -2.9794428129216604     
 Tracing beam         7057  -2.7194221763632038     
 Tracing beam         7309  -2.4594015398047464     
 Tracing beam         7561  -2.1993809032462899     
 Tracing beam         7813  -1.9393602666878318     
 Tracing beam         8065  -1.6793396301293750     
 Tracing beam         8317  -1.4193189935709185     
 Tracing beam         8569  -1.1592983570124620     
 Tracing beam         8821 -0.89927772045400378     
 Tracing beam         9073 -0.63925708389554714     
 Tracing beam         9325 -0.37923644733709061     
 Tracing beam         9577 -0.11921581077863407     
 Tracing beam         9829  0.14080482577982423     
 Tracing beam        10081  0.40082546233828076     
 Tracing beam        10333  0.66084609889673718     
 Tracing beam        10585  0.92086673545519571     
 Tracing beam        10837   1.1808873720136519     
 Tracing beam        11089   1.4409080085721087     
 Tracing beam        11341   1.7009286451305652     
 Tracing beam        11593   1.9609492816890237     
 Tracing beam        11845   2.2209699182474796     
 Tracing beam        12097   2.4809905548059361     
 Tracing beam        12349   2.7410111913643931     

 CPU Time =        4.95    s
