 BELLHOP- UWASN                                                                  
 frequency =   3000.     Hz

 Dummy parameter NMedia =            1

     C-LINEAR approximation to SSP
     Attenuation units: dB/mkHz
     THORP attenuation added
     VACUUM

 Depth =    100.00000000000000      m

 C-Linear SSP option

 Sound speed profile:
      7.00      1447.00
     10.00      1474.90
     20.00      1497.70
     30.00      1478.70
     40.00      1460.10
     50.00      1450.80
     60.00      1447.10
     70.00      1447.10
     80.00      1444.90
     90.00      1446.00
     95.00      1443.80
    100.00      1441.80

                                 ( RMS roughness =  0.200E-01 )
     Bathymetry file selected
     Perfectly RIGID

 Number of sources   =            1
 Source depths (m)
   90.0000    

 Number of receivers =            6
 Receiver depths (m)
   87.0000       88.0000       89.0000       90.0000       91.0000    
   92.0000    

 Number of ranges   =            6
 Receiver ranges (km)
  0.900000       1.00000       1.10000       1.90000       2.00000    
   2.10000    

 Arrivals calculation, ASCII  file output
 Geometric hat beams
 Point source (cylindrical coordinates)
 Rectilinear receiver grid: Receivers at rr( : ) x rd( : )

 Number of beams   =         1260
 Beam take-off angles (degrees)
  -10.0000      -9.98967      -9.97935      -9.96902      -9.95870    
  -9.94837      -9.93805      -9.92772      -9.91739      -9.90707    
  -9.89674      -9.88642      -9.87609      -9.86577      -9.85544    
  -9.84512      -9.83479      -9.82446      -9.81414      -9.80381    
  -9.79349    

 Step length,     deltas =    10.000000000000000      m

 Maximum ray Depth, zBox =    100.00000000000000      m
 Maximum ray range, rBox =    2200.0000000000000      m
 No beam shift in effect

 *********************************
 Using bottom-bathymetry file
 Curvilinear Interpolation
 Number of bathymetry points           3

  Range (km)  Depth (m)
   0.00       95.0    
   2.25       97.0    
   4.50       96.0    

 ( Maximum # of arrivals =        55555 )

 Tracing beam            1  -10.000000000000000     

 Minimum width beams                     
 halfwidth  =    12.386499309352370     
 EpsOpt     =  (  0.0000000000000000     ,  1446000.0000000000     )
 EpsMult    =    1.0000000000000000     

 Tracing beam           26  -9.7418586179507543     
 Tracing beam           51  -9.4837172359015085     
 Tracing beam           76  -9.2255758538522645     
 Tracing beam          101  -8.9674344718030188     
 Tracing beam          126  -8.7092930897537730     
 Tracing beam          151  -8.4511517077045255     
 Tracing beam          176  -8.1930103256552815     
 Tracing beam          201  -7.9348689436060367     
 Tracing beam          226  -7.6767275615567909     
 Tracing beam          251  -7.4185861795075461     
 Tracing beam          276  -7.1604447974583003     
 Tracing beam          301  -6.9023034154090546     
 Tracing beam          326  -6.6441620333598097     
 Tracing beam          351  -6.3860206513105640     
 Tracing beam          376  -6.1278792692613182     
 Tracing beam          401  -5.8697378872120733     
 Tracing beam          426  -5.6115965051628276     
 Tracing beam          451  -5.3534551231135827     
 Tracing beam          476  -5.0953137410643370     
 Tracing beam          501  -4.8371723590150912     
 Tracing beam          526  -4.5790309769658464     
 Tracing beam          551  -4.3208895949165997     
 Tracing beam          576  -4.0627482128673549     
 Tracing beam          601  -3.8046068308181100     
 Tracing beam          626  -3.5464654487688643     
 Tracing beam          651  -3.2883240667196190     
 Tracing beam          676  -3.0301826846703737     
 Tracing beam          701  -2.7720413026211279     
 Tracing beam          726  -2.5138999205718831     
 Tracing beam          751  -2.2557585385226373     
 Tracing beam          776  -1.9976171564733924     
 Tracing beam          801  -1.7394757744241465     
 Tracing beam          826  -1.4813343923749009     
 Tracing beam          851  -1.2231930103256552     
 Tracing beam          876 -0.96505162827640945     
 Tracing beam          901 -0.70691024622716536     
 Tracing beam          926 -0.44876886417791967     
 Tracing beam          951 -0.19062748212867398     
 Tracing beam          976  6.75138999205717738E-002
 Tracing beam         1001  0.32565528196981752     
 Tracing beam         1026  0.58379666401906150     
 Tracing beam         1051  0.84193804606830724     
 Tracing beam         1076   1.1000794281175530     
 Tracing beam         1101   1.3582208101667987     
 Tracing beam         1126   1.6163621922160445     
 Tracing beam         1151   1.8745035742652902     
 Tracing beam         1176   2.1326449563145342     
 Tracing beam         1201   2.3907863383637800     
 Tracing beam         1226   2.6489277204130253     
 Tracing beam         1251   2.9070691024622715     

 CPU Time =       0.496    s
