 BELLHOP- UWASN                                                                  
 frequency =  0.3050E+05 Hz

 Dummy parameter NMedia =            1

     C-LINEAR approximation to SSP
     Attenuation units: dB/mkHz
     THORP attenuation added
     VACUUM

 Depth =    100.00000000000000      m

 C-Linear SSP option

 Sound speed profile:
      7.00      1447.00
     10.00      1474.90
     20.00      1497.70
     30.00      1478.70
     40.00      1460.10
     50.00      1450.80
     60.00      1447.10
     70.00      1447.10
     80.00      1444.90
     90.00      1446.00
     95.00      1443.80
    100.00      1441.80

                                 ( RMS roughness =  0.200E-01 )
     Bathymetry file selected
     Perfectly RIGID

 Number of sources   =            1
 Source depths (m)
   90.0000    

 Number of receivers =            6
 Receiver depths (m)
   87.0000       88.0000       89.0000       90.0000       91.0000    
   92.0000    

 Number of ranges   =            6
 Receiver ranges (km)
  0.900000       1.00000       1.10000       1.90000       2.00000    
   2.10000    

 Arrivals calculation, ASCII  file output
 Geometric hat beams
 Point source (cylindrical coordinates)
 Rectilinear receiver grid: Receivers at rr( : ) x rd( : )

 Number of beams   =        12810
 Beam take-off angles (degrees)
  -10.0000      -9.99899      -9.99797      -9.99696      -9.99594    
  -9.99493      -9.99391      -9.99290      -9.99188      -9.99087    
  -9.98985      -9.98884      -9.98782      -9.98681      -9.98579    
  -9.98478      -9.98376      -9.98275      -9.98173      -9.98072    
  -9.97970    

 Step length,     deltas =    10.000000000000000      m

 Maximum ray Depth, zBox =    100.00000000000000      m
 Maximum ray range, rBox =    2200.0000000000000      m
 No beam shift in effect

 *********************************
 Using bottom-bathymetry file
 Curvilinear Interpolation
 Number of bathymetry points           3

  Range (km)  Depth (m)
   0.00       95.0    
   2.25       94.0    
   4.50       94.0    

 ( Maximum # of arrivals =        55555 )

 Tracing beam            1  -10.000000000000000     

 Minimum width beams                     
 halfwidth  =    3.8847161443308735     
 EpsOpt     =  (  0.0000000000000000     ,  1446000.0000000000     )
 EpsMult    =    1.0000000000000000     

 Tracing beam          257  -9.7401826840502768     
 Tracing beam          513  -9.4803653681005535     
 Tracing beam          769  -9.2205480521508321     
 Tracing beam         1025  -8.9607307362011088     
 Tracing beam         1281  -8.7009134202513856     
 Tracing beam         1537  -8.4410961043016624     
 Tracing beam         1793  -8.1812787883519391     
 Tracing beam         2049  -7.9214614724022168     
 Tracing beam         2305  -7.6616441564524953     
 Tracing beam         2561  -7.4018268405027712     
 Tracing beam         2817  -7.1420095245530488     
 Tracing beam         3073  -6.8821922086033247     
 Tracing beam         3329  -6.6223748926536032     
 Tracing beam         3585  -6.3625575767038800     
 Tracing beam         3841  -6.1027402607541568     
 Tracing beam         4097  -5.8429229448044344     
 Tracing beam         4353  -5.5831056288547112     
 Tracing beam         4609  -5.3232883129049888     
 Tracing beam         4865  -5.0634709969552656     
 Tracing beam         5121  -4.8036536810055432     
 Tracing beam         5377  -4.5438363650558191     
 Tracing beam         5633  -4.2840190491060977     
 Tracing beam         5889  -4.0242017331563744     
 Tracing beam         6145  -3.7643844172066512     
 Tracing beam         6401  -3.5045671012569288     
 Tracing beam         6657  -3.2447497853072056     
 Tracing beam         6913  -2.9849324693574828     
 Tracing beam         7169  -2.7251151534077600     
 Tracing beam         7425  -2.4652978374580377     
 Tracing beam         7681  -2.2054805215083144     
 Tracing beam         7937  -1.9456632055585921     
 Tracing beam         8193  -1.6858458896088686     
 Tracing beam         8449  -1.4260285736591456     
 Tracing beam         8705  -1.1662112577094224     
 Tracing beam         8961 -0.90639394175970089     
 Tracing beam         9217 -0.64657662580997766     
 Tracing beam         9473 -0.38675930986025442     
 Tracing beam         9729 -0.12694199391053118     
 Tracing beam         9985  0.13287532203919028     
 Tracing beam        10241  0.39269263798891352     
 Tracing beam        10497  0.65250995393863676     
 Tracing beam        10753  0.91232726988835988     
 Tracing beam        11009   1.1721445858380830     
 Tracing beam        11265   1.4319619017878047     
 Tracing beam        11521   1.6917792177375279     
 Tracing beam        11777   1.9515965336872512     
 Tracing beam        12033   2.2114138496369744     
 Tracing beam        12289   2.4712311655866976     
 Tracing beam        12545   2.7310484815364191     
 Tracing beam        12801   2.9908657974861423     

 CPU Time =        5.02    s
