 BELLHOP- UWASN                                                                  
 frequency =  0.3125E+05 Hz

 Dummy parameter NMedia =            1

     C-LINEAR approximation to SSP
     Attenuation units: dB/mkHz
     THORP attenuation added
     VACUUM

 Depth =    100.00000000000000      m

 C-Linear SSP option

 Sound speed profile:
      7.00      1447.00
     10.00      1474.90
     20.00      1497.70
     30.00      1478.70
     40.00      1460.10
     50.00      1450.80
     60.00      1447.10
     70.00      1447.10
     80.00      1444.90
     90.00      1446.00
     95.00      1443.80
    100.00      1441.80

                                 ( RMS roughness =  0.200E-01 )
     Bathymetry file selected
     Perfectly RIGID

 Number of sources   =            1
 Source depths (m)
   90.0000    

 Number of receivers =            6
 Receiver depths (m)
   87.0000       88.0000       89.0000       90.0000       91.0000    
   92.0000    

 Number of ranges   =            6
 Receiver ranges (km)
  0.900000       1.00000       1.10000       1.90000       2.00000    
   2.10000    

 Arrivals calculation, ASCII  file output
 Geometric hat beams
 Point source (cylindrical coordinates)
 Rectilinear receiver grid: Receivers at rr( : ) x rd( : )

 Number of beams   =        13125
 Beam take-off angles (degrees)
  -10.0000      -9.99901      -9.99802      -9.99703      -9.99604    
  -9.99505      -9.99406      -9.99307      -9.99208      -9.99109    
  -9.99009      -9.98910      -9.98811      -9.98712      -9.98613    
  -9.98514      -9.98415      -9.98316      -9.98217      -9.98118    
  -9.98019    

 Step length,     deltas =    10.000000000000000      m

 Maximum ray Depth, zBox =    100.00000000000000      m
 Maximum ray range, rBox =    2200.0000000000000      m
 No beam shift in effect

 *********************************
 Using bottom-bathymetry file
 Curvilinear Interpolation
 Number of bathymetry points           3

  Range (km)  Depth (m)
   0.00       95.0    
   2.25       94.0    
   4.50       94.0    

 ( Maximum # of arrivals =        55555 )

 Tracing beam            1  -10.000000000000000     

 Minimum width beams                     
 halfwidth  =    3.8378164434345123     
 EpsOpt     =  (  0.0000000000000000     ,  1446000.0000000000     )
 EpsMult    =    1.0000000000000000     

 Tracing beam          263  -9.7404754647973171     
 Tracing beam          525  -9.4809509295946359     
 Tracing beam          787  -9.2214263943919530     
 Tracing beam         1049  -8.9619018591892718     
 Tracing beam         1311  -8.7023773239865889     
 Tracing beam         1573  -8.4428527887839078     
 Tracing beam         1835  -8.1833282535812248     
 Tracing beam         2097  -7.9238037183785428     
 Tracing beam         2359  -7.6642791831758599     
 Tracing beam         2621  -7.4047546479731796     
 Tracing beam         2883  -7.1452301127704967     
 Tracing beam         3145  -6.8857055775678147     
 Tracing beam         3407  -6.6261810423651326     
 Tracing beam         3669  -6.3666565071624506     
 Tracing beam         3931  -6.1071319719597676     
 Tracing beam         4193  -5.8476074367570865     
 Tracing beam         4455  -5.5880829015544045     
 Tracing beam         4717  -5.3285583663517224     
 Tracing beam         4979  -5.0690338311490404     
 Tracing beam         5241  -4.8095092959463583     
 Tracing beam         5503  -4.5499847607436763     
 Tracing beam         5765  -4.2904602255409943     
 Tracing beam         6027  -4.0309356903383113     
 Tracing beam         6289  -3.7714111551356289     
 Tracing beam         6551  -3.5118866199329473     
 Tracing beam         6813  -3.2523620847302652     
 Tracing beam         7075  -2.9928375495275832     
 Tracing beam         7337  -2.7333130143249011     
 Tracing beam         7599  -2.4737884791222187     
 Tracing beam         7861  -2.2142639439195371     
 Tracing beam         8123  -1.9547394087168544     
 Tracing beam         8385  -1.6952148735141730     
 Tracing beam         8647  -1.4356903383114901     
 Tracing beam         8909  -1.1761658031088089     
 Tracing beam         9171 -0.91664126790612599     
 Tracing beam         9433 -0.65711673270344484     
 Tracing beam         9695 -0.39759219750076191     
 Tracing beam         9957 -0.13806766229808076     
 Tracing beam        10219  0.12145687290460216     
 Tracing beam        10481  0.38098140810728331     
 Tracing beam        10743  0.64050594330996624     
 Tracing beam        11005  0.90003047851264750     
 Tracing beam        11267   1.1595550137153303     
 Tracing beam        11529   1.4190795489180115     
 Tracing beam        11791   1.6786040841206944     
 Tracing beam        12053   1.9381286193233773     
 Tracing beam        12315   2.1976531545260585     
 Tracing beam        12577   2.4571776897287410     
 Tracing beam        12839   2.7167022249314225     
 Tracing beam        13101   2.9762267601341055     

 CPU Time =        5.19    s
