 BELLHOP- UWASN                                                                  
 frequency =  0.3175E+05 Hz

 Dummy parameter NMedia =            1

     C-LINEAR approximation to SSP
     Attenuation units: dB/mkHz
     THORP attenuation added
     VACUUM

 Depth =    100.00000000000000      m

 C-Linear SSP option

 Sound speed profile:
      7.00      1447.00
     10.00      1474.90
     20.00      1497.70
     30.00      1478.70
     40.00      1460.10
     50.00      1450.80
     60.00      1447.10
     70.00      1447.10
     80.00      1444.90
     90.00      1446.00
     95.00      1443.80
    100.00      1441.80

                                 ( RMS roughness =  0.200E-01 )
     Bathymetry file selected
     Perfectly RIGID

 Number of sources   =            1
 Source depths (m)
   90.0000    

 Number of receivers =            6
 Receiver depths (m)
   87.0000       88.0000       89.0000       90.0000       91.0000    
   92.0000    

 Number of ranges   =            6
 Receiver ranges (km)
  0.900000       1.00000       1.10000       1.90000       2.00000    
   2.10000    

 Arrivals calculation, ASCII  file output
 Geometric hat beams
 Point source (cylindrical coordinates)
 Rectilinear receiver grid: Receivers at rr( : ) x rd( : )

 Number of beams   =        13335
 Beam take-off angles (degrees)
  -10.0000      -9.99903      -9.99805      -9.99708      -9.99610    
  -9.99513      -9.99415      -9.99318      -9.99220      -9.99123    
  -9.99025      -9.98928      -9.98830      -9.98733      -9.98635    
  -9.98538      -9.98440      -9.98343      -9.98245      -9.98148    
  -9.98050    

 Step length,     deltas =    10.000000000000000      m

 Maximum ray Depth, zBox =    100.00000000000000      m
 Maximum ray range, rBox =    2200.0000000000000      m
 No beam shift in effect

 *********************************
 Using bottom-bathymetry file
 Curvilinear Interpolation
 Number of bathymetry points           3

  Range (km)  Depth (m)
   0.00       95.0    
   1.28       95.0    
   2.55       96.0    

 ( Maximum # of arrivals =        55555 )

 Tracing beam            1  -10.000000000000000     

 Minimum width beams                     
 halfwidth  =    3.8074774976582004     
 EpsOpt     =  (  0.0000000000000000     ,  1446000.0000000000     )
 EpsMult    =    1.0000000000000000     

 Tracing beam          267  -9.7406629668516569     
 Tracing beam          533  -9.4813259337033156     
 Tracing beam          799  -9.2219889005549724     
 Tracing beam         1065  -8.9626518674066276     
 Tracing beam         1331  -8.7033148342582862     
 Tracing beam         1597  -8.4439778011099449     
 Tracing beam         1863  -8.1846407679616018     
 Tracing beam         2129  -7.9253037348132587     
 Tracing beam         2395  -7.6659667016649164     
 Tracing beam         2661  -7.4066296685165742     
 Tracing beam         2927  -7.1472926353682311     
 Tracing beam         3193  -6.8879556022198889     
 Tracing beam         3459  -6.6286185690715458     
 Tracing beam         3725  -6.3692815359232036     
 Tracing beam         3991  -6.1099445027748613     
 Tracing beam         4257  -5.8506074696265191     
 Tracing beam         4523  -5.5912704364781760     
 Tracing beam         4789  -5.3319334033298338     
 Tracing beam         5055  -5.0725963701814907     
 Tracing beam         5321  -4.8132593370331476     
 Tracing beam         5587  -4.5539223038848053     
 Tracing beam         5853  -4.2945852707364631     
 Tracing beam         6119  -4.0352482375881209     
 Tracing beam         6385  -3.7759112044397773     
 Tracing beam         6651  -3.5165741712914356     
 Tracing beam         6917  -3.2572371381430925     
 Tracing beam         7183  -2.9979001049947502     
 Tracing beam         7449  -2.7385630718464076     
 Tracing beam         7715  -2.4792260386980649     
 Tracing beam         7981  -2.2198890055497227     
 Tracing beam         8247  -1.9605519724013798     
 Tracing beam         8513  -1.7012149392530382     
 Tracing beam         8779  -1.4418779061046951     
 Tracing beam         9045  -1.1825408729563520     
 Tracing beam         9311 -0.92320383980800880     
 Tracing beam         9577 -0.66386680665966757     
 Tracing beam         9843 -0.40452977351132446     
 Tracing beam        10109 -0.14519274036298135     
 Tracing beam        10375  0.11414429278535998     
 Tracing beam        10641  0.37348132593370309     
 Tracing beam        10907  0.63281835908204620     
 Tracing beam        11173  0.89215539223038931     
 Tracing beam        11439   1.1514924253787306     
 Tracing beam        11705   1.4108294585270735     
 Tracing beam        11971   1.6701664916754169     
 Tracing beam        12237   1.9295035248237582     
 Tracing beam        12503   2.1888405579721013     
 Tracing beam        12769   2.4481775911204444     
 Tracing beam        13035   2.7075146242687858     
 Tracing beam        13301   2.9668516574171289     

 CPU Time =        5.34    s
