 BELLHOP- UWASN                                                                  
 frequency =  0.3200E+05 Hz

 Dummy parameter NMedia =            1

     C-LINEAR approximation to SSP
     Attenuation units: dB/mkHz
     THORP attenuation added
     VACUUM

 Depth =    100.00000000000000      m

 C-Linear SSP option

 Sound speed profile:
      7.00      1447.00
     10.00      1474.90
     20.00      1497.70
     30.00      1478.70
     40.00      1460.10
     50.00      1450.80
     60.00      1447.10
     70.00      1447.10
     80.00      1444.90
     90.00      1446.00
     95.00      1443.80
    100.00      1441.80

                                 ( RMS roughness =  0.200E-01 )
     Bathymetry file selected
     Perfectly RIGID

 Number of sources   =            1
 Source depths (m)
   90.0000    

 Number of receivers =            6
 Receiver depths (m)
   87.0000       88.0000       89.0000       90.0000       91.0000    
   92.0000    

 Number of ranges   =            6
 Receiver ranges (km)
  0.900000       1.00000       1.10000       1.90000       2.00000    
   2.10000    

 Arrivals calculation, ASCII  file output
 Geometric hat beams
 Point source (cylindrical coordinates)
 Rectilinear receiver grid: Receivers at rr( : ) x rd( : )

 Number of beams   =        13440
 Beam take-off angles (degrees)
  -10.0000      -9.99903      -9.99807      -9.99710      -9.99613    
  -9.99516      -9.99420      -9.99323      -9.99226      -9.99129    
  -9.99033      -9.98936      -9.98839      -9.98742      -9.98646    
  -9.98549      -9.98452      -9.98356      -9.98259      -9.98162    
  -9.98065    

 Step length,     deltas =    10.000000000000000      m

 Maximum ray Depth, zBox =    100.00000000000000      m
 Maximum ray range, rBox =    2200.0000000000000      m
 No beam shift in effect

 *********************************
 Using bottom-bathymetry file
 Curvilinear Interpolation
 Number of bathymetry points           3

  Range (km)  Depth (m)
   0.00       95.0    
   1.28       95.0    
   2.55       94.0    

 ( Maximum # of arrivals =        55555 )

 Tracing beam            1  -10.000000000000000     

 Minimum width beams                     
 halfwidth  =    3.7925753759061940     
 EpsOpt     =  (  0.0000000000000000     ,  1446000.0000000000     )
 EpsMult    =    1.0000000000000000     

 Tracing beam          269  -9.7407545204256252     
 Tracing beam          537  -9.4815090408512539     
 Tracing beam          805  -9.2222635612768808     
 Tracing beam         1073  -8.9630180817025078     
 Tracing beam         1341  -8.7037726021281347     
 Tracing beam         1609  -8.4445271225537599     
 Tracing beam         1877  -8.1852816429793886     
 Tracing beam         2145  -7.9260361634050147     
 Tracing beam         2413  -7.6667906838306425     
 Tracing beam         2681  -7.4075452042562695     
 Tracing beam         2949  -7.1482997246818964     
 Tracing beam         3217  -6.8890542451075234     
 Tracing beam         3485  -6.6298087655331486     
 Tracing beam         3753  -6.3705632859587764     
 Tracing beam         4021  -6.1113178063844034     
 Tracing beam         4289  -5.8520723268100303     
 Tracing beam         4557  -5.5928268472356573     
 Tracing beam         4825  -5.3335813676612833     
 Tracing beam         5093  -5.0743358880869112     
 Tracing beam         5361  -4.8150904085125381     
 Tracing beam         5629  -4.5558449289381651     
 Tracing beam         5897  -4.2965994493637920     
 Tracing beam         6165  -4.0373539697894181     
 Tracing beam         6433  -3.7781084902150455     
 Tracing beam         6701  -3.5188630106406720     
 Tracing beam         6969  -3.2596175310662985     
 Tracing beam         7237  -3.0003720514919259     
 Tracing beam         7505  -2.7411265719175528     
 Tracing beam         7773  -2.4818810923431798     
 Tracing beam         8041  -2.2226356127688067     
 Tracing beam         8309  -1.9633901331944339     
 Tracing beam         8577  -1.7041446536200606     
 Tracing beam         8845  -1.4448991740456876     
 Tracing beam         9113  -1.1856536944713145     
 Tracing beam         9381 -0.92640821489694147     
 Tracing beam         9649 -0.66716273532256842     
 Tracing beam         9917 -0.40791725574819537     
 Tracing beam        10185 -0.14867177617382232     
 Tracing beam        10453  0.11057370340055071     
 Tracing beam        10721  0.36981918297492378     
 Tracing beam        10989  0.62906466254929672     
 Tracing beam        11257  0.88831014212366988     
 Tracing beam        11525   1.1475556216980429     
 Tracing beam        11793   1.4068011012724160     
 Tracing beam        12061   1.6660465808467890     
 Tracing beam        12329   1.9252920604211619     
 Tracing beam        12597   2.1845375399955351     
 Tracing beam        12865   2.4437830195699082     
 Tracing beam        13133   2.7030284991442830     
 Tracing beam        13401   2.9622739787186561     

 CPU Time =        5.32    s
