 BELLHOP- UWASN                                                                  
 frequency =  0.3300E+05 Hz

 Dummy parameter NMedia =            1

     C-LINEAR approximation to SSP
     Attenuation units: dB/mkHz
     THORP attenuation added
     VACUUM

 Depth =    100.00000000000000      m

 C-Linear SSP option

 Sound speed profile:
      7.00      1447.00
     10.00      1474.90
     20.00      1497.70
     30.00      1478.70
     40.00      1460.10
     50.00      1450.80
     60.00      1447.10
     70.00      1447.10
     80.00      1444.90
     90.00      1446.00
     95.00      1443.80
    100.00      1441.80

                                 ( RMS roughness =  0.200E-01 )
     Bathymetry file selected
     Perfectly RIGID

 Number of sources   =            1
 Source depths (m)
   90.0000    

 Number of receivers =            6
 Receiver depths (m)
   87.0000       88.0000       89.0000       90.0000       91.0000    
   92.0000    

 Number of ranges   =            6
 Receiver ranges (km)
  0.900000       1.00000       1.10000       1.90000       2.00000    
   2.10000    

 Arrivals calculation, ASCII  file output
 Geometric hat beams
 Point source (cylindrical coordinates)
 Rectilinear receiver grid: Receivers at rr( : ) x rd( : )

 Number of beams   =        13860
 Beam take-off angles (degrees)
  -10.0000      -9.99906      -9.99812      -9.99719      -9.99625    
  -9.99531      -9.99437      -9.99343      -9.99250      -9.99156    
  -9.99062      -9.98968      -9.98874      -9.98781      -9.98687    
  -9.98593      -9.98499      -9.98405      -9.98312      -9.98218    
  -9.98124    

 Step length,     deltas =    10.000000000000000      m

 Maximum ray Depth, zBox =    100.00000000000000      m
 Maximum ray range, rBox =    2200.0000000000000      m
 No beam shift in effect

 *********************************
 Using bottom-bathymetry file
 Curvilinear Interpolation
 Number of bathymetry points           3

  Range (km)  Depth (m)
   0.00       95.0    
   2.25       96.0    
   4.50       94.0    

 ( Maximum # of arrivals =        55555 )

 Tracing beam            1  -10.000000000000000     

 Minimum width beams                     
 halfwidth  =    3.7346700613743740     
 EpsOpt     =  (  0.0000000000000000     ,  1446000.0000000000     )
 EpsMult    =    1.0000000000000000     

 Tracing beam          278  -9.7401688433508919     
 Tracing beam          555  -9.4803376867017821     
 Tracing beam          832  -9.2205065300526741     
 Tracing beam         1109  -8.9606753734035642     
 Tracing beam         1386  -8.7008442167544562     
 Tracing beam         1663  -8.4410130601053464     
 Tracing beam         1940  -8.1811819034562383     
 Tracing beam         2217  -7.9213507468071276     
 Tracing beam         2494  -7.6615195901580204     
 Tracing beam         2771  -7.4016884335089097     
 Tracing beam         3048  -7.1418572768598025     
 Tracing beam         3325  -6.8820261202106927     
 Tracing beam         3602  -6.6221949635615847     
 Tracing beam         3879  -6.3623638069124748     
 Tracing beam         4156  -6.1025326502633668     
 Tracing beam         4433  -5.8427014936142578     
 Tracing beam         4710  -5.5828703369651489     
 Tracing beam         4987  -5.3230391803160400     
 Tracing beam         5264  -5.0632080236669310     
 Tracing beam         5541  -4.8033768670178221     
 Tracing beam         5818  -4.5435457103687131     
 Tracing beam         6095  -4.2837145537196042     
 Tracing beam         6372  -4.0238833970704952     
 Tracing beam         6649  -3.7640522404213859     
 Tracing beam         6926  -3.5042210837722774     
 Tracing beam         7203  -3.2443899271231684     
 Tracing beam         7480  -2.9845587704740595     
 Tracing beam         7757  -2.7247276138249505     
 Tracing beam         8034  -2.4648964571758425     
 Tracing beam         8311  -2.2050653005267336     
 Tracing beam         8588  -1.9452341438776237     
 Tracing beam         8865  -1.6854029872285157     
 Tracing beam         9142  -1.4255718305794058     
 Tracing beam         9419  -1.1657406739302978     
 Tracing beam         9696 -0.90590951728118796     
 Tracing beam         9973 -0.64607836063207991     
 Tracing beam        10250 -0.38624720398297008     
 Tracing beam        10527 -0.12641604733386202     
 Tracing beam        10804  0.13341510931524603     
 Tracing beam        11081  0.39324626596435580     
 Tracing beam        11358  0.65307742261346391     
 Tracing beam        11635  0.91290857926257374     
 Tracing beam        11912   1.1727397359116818     
 Tracing beam        12189   1.4325708925607914     
 Tracing beam        12466   1.6924020492098997     
 Tracing beam        12743   1.9522332058590097     
 Tracing beam        13020   2.2120643625081176     
 Tracing beam        13297   2.4718955191572274     
 Tracing beam        13574   2.7317266758063354     
 Tracing beam        13851   2.9915578324554453     

 CPU Time =        5.60    s
