 BELLHOP- UWASN                                                                  
 frequency =  0.3350E+05 Hz

 Dummy parameter NMedia =            1

     C-LINEAR approximation to SSP
     Attenuation units: dB/mkHz
     THORP attenuation added
     VACUUM

 Depth =    100.00000000000000      m

 C-Linear SSP option

 Sound speed profile:
      7.00      1447.00
     10.00      1474.90
     20.00      1497.70
     30.00      1478.70
     40.00      1460.10
     50.00      1450.80
     60.00      1447.10
     70.00      1447.10
     80.00      1444.90
     90.00      1446.00
     95.00      1443.80
    100.00      1441.80

                                 ( RMS roughness =  0.200E-01 )
     Bathymetry file selected
     Perfectly RIGID

 Number of sources   =            1
 Source depths (m)
   90.0000    

 Number of receivers =            6
 Receiver depths (m)
   87.0000       88.0000       89.0000       90.0000       91.0000    
   92.0000    

 Number of ranges   =            6
 Receiver ranges (km)
  0.900000       1.00000       1.10000       1.90000       2.00000    
   2.10000    

 Arrivals calculation, ASCII  file output
 Geometric hat beams
 Point source (cylindrical coordinates)
 Rectilinear receiver grid: Receivers at rr( : ) x rd( : )

 Number of beams   =        14070
 Beam take-off angles (degrees)
  -10.0000      -9.99908      -9.99815      -9.99723      -9.99630    
  -9.99538      -9.99446      -9.99353      -9.99261      -9.99168    
  -9.99076      -9.98984      -9.98891      -9.98799      -9.98706    
  -9.98614      -9.98522      -9.98429      -9.98337      -9.98244    
  -9.98152    

 Step length,     deltas =    10.000000000000000      m

 Maximum ray Depth, zBox =    100.00000000000000      m
 Maximum ray range, rBox =    2200.0000000000000      m
 No beam shift in effect

 *********************************
 Using bottom-bathymetry file
 Curvilinear Interpolation
 Number of bathymetry points           3

  Range (km)  Depth (m)
   0.00       95.0    
   2.25       97.0    
   4.50       96.0    

 ( Maximum # of arrivals =        55555 )

 Tracing beam            1  -10.000000000000000     

 Minimum width beams                     
 halfwidth  =    3.7066946108309211     
 EpsOpt     =  (  0.0000000000000000     ,  1446000.0000000000     )
 EpsMult    =    1.0000000000000000     

 Tracing beam          282  -9.7403511265903742     
 Tracing beam          563  -9.4807022531807519     
 Tracing beam          844  -9.2210533797711278     
 Tracing beam         1125  -8.9614045063615038     
 Tracing beam         1406  -8.7017556329518797     
 Tracing beam         1687  -8.4421067595422556     
 Tracing beam         1968  -8.1824578861326316     
 Tracing beam         2249  -7.9228090127230075     
 Tracing beam         2530  -7.6631601393133835     
 Tracing beam         2811  -7.4035112659037585     
 Tracing beam         3092  -7.1438623924941353     
 Tracing beam         3373  -6.8842135190845122     
 Tracing beam         3654  -6.6245646456748881     
 Tracing beam         3935  -6.3649157722652641     
 Tracing beam         4216  -6.1052668988556400     
 Tracing beam         4497  -5.8456180254460151     
 Tracing beam         4778  -5.5859691520363910     
 Tracing beam         5059  -5.3263202786267678     
 Tracing beam         5340  -5.0666714052171438     
 Tracing beam         5621  -4.8070225318075197     
 Tracing beam         5902  -4.5473736583978956     
 Tracing beam         6183  -4.2877247849882716     
 Tracing beam         6464  -4.0280759115786475     
 Tracing beam         6745  -3.7684270381690244     
 Tracing beam         7026  -3.5087781647593999     
 Tracing beam         7307  -3.2491292913497762     
 Tracing beam         7588  -2.9894804179401522     
 Tracing beam         7869  -2.7298315445305281     
 Tracing beam         8150  -2.4701826711209041     
 Tracing beam         8431  -2.2105337977112800     
 Tracing beam         8712  -1.9508849243016559     
 Tracing beam         8993  -1.6912360508920319     
 Tracing beam         9274  -1.4315871774824076     
 Tracing beam         9555  -1.1719383040727838     
 Tracing beam         9836 -0.91228943066315971     
 Tracing beam        10117 -0.65264055725353554     
 Tracing beam        10398 -0.39299168384391159     
 Tracing beam        10679 -0.13334281043428753     
 Tracing beam        10960  0.12630606297533653     
 Tracing beam        11241  0.38595493638496059     
 Tracing beam        11522  0.64560380979458465     
 Tracing beam        11803  0.90525268320420860     
 Tracing beam        12084   1.1649015566138328     
 Tracing beam        12365   1.4245504300234568     
 Tracing beam        12646   1.6841993034330807     
 Tracing beam        12927   1.9438481768427049     
 Tracing beam        13208   2.2034970502523290     
 Tracing beam        13489   2.4631459236619513     
 Tracing beam        13770   2.7227947970715753     
 Tracing beam        14051   2.9824436704811994     

 CPU Time =        5.79    s
