 BELLHOP- UWASN                                                                  
 frequency =  0.3425E+05 Hz

 Dummy parameter NMedia =            1

     C-LINEAR approximation to SSP
     Attenuation units: dB/mkHz
     THORP attenuation added
     VACUUM

 Depth =    100.00000000000000      m

 C-Linear SSP option

 Sound speed profile:
      7.00      1447.00
     10.00      1474.90
     20.00      1497.70
     30.00      1478.70
     40.00      1460.10
     50.00      1450.80
     60.00      1447.10
     70.00      1447.10
     80.00      1444.90
     90.00      1446.00
     95.00      1443.80
    100.00      1441.80

                                 ( RMS roughness =  0.200E-01 )
     Bathymetry file selected
     Perfectly RIGID

 Number of sources   =            1
 Source depths (m)
   90.0000    

 Number of receivers =            6
 Receiver depths (m)
   87.0000       88.0000       89.0000       90.0000       91.0000    
   92.0000    

 Number of ranges   =            6
 Receiver ranges (km)
  0.900000       1.00000       1.10000       1.90000       2.00000    
   2.10000    

 Arrivals calculation, ASCII  file output
 Geometric hat beams
 Point source (cylindrical coordinates)
 Rectilinear receiver grid: Receivers at rr( : ) x rd( : )

 Number of beams   =        14385
 Beam take-off angles (degrees)
  -10.0000      -9.99910      -9.99819      -9.99729      -9.99638    
  -9.99548      -9.99458      -9.99367      -9.99277      -9.99187    
  -9.99096      -9.99006      -9.98915      -9.98825      -9.98735    
  -9.98644      -9.98554      -9.98464      -9.98373      -9.98283    
  -9.98192    

 Step length,     deltas =    10.000000000000000      m

 Maximum ray Depth, zBox =    100.00000000000000      m
 Maximum ray range, rBox =    2200.0000000000000      m
 No beam shift in effect

 *********************************
 Using bottom-bathymetry file
 Curvilinear Interpolation
 Number of bathymetry points           3

  Range (km)  Depth (m)
   0.00       95.0    
   1.85       93.0    
   3.71       93.0    

 ( Maximum # of arrivals =        55555 )

 Tracing beam            1  -10.000000000000000     

 Minimum width beams                     
 halfwidth  =    3.6658857203278923     
 EpsOpt     =  (  0.0000000000000000     ,  1446000.0000000000     )
 EpsMult    =    1.0000000000000000     

 Tracing beam          288  -9.7406145717463843     
 Tracing beam          575  -9.4812291434927705     
 Tracing beam          862  -9.2218437152391548     
 Tracing beam         1149  -8.9624582869855374     
 Tracing beam         1436  -8.7030728587319253     
 Tracing beam         1723  -8.4436874304783096     
 Tracing beam         2010  -8.1843020022246940     
 Tracing beam         2297  -7.9249165739710783     
 Tracing beam         2584  -7.6655311457174635     
 Tracing beam         2871  -7.4061457174638488     
 Tracing beam         3158  -7.1467602892102331     
 Tracing beam         3445  -6.8873748609566192     
 Tracing beam         3732  -6.6279894327030036     
 Tracing beam         4019  -6.3686040044493879     
 Tracing beam         4306  -6.1092185761957731     
 Tracing beam         4593  -5.8498331479421584     
 Tracing beam         4880  -5.5904477196885418     
 Tracing beam         5167  -5.3310622914349279     
 Tracing beam         5454  -5.0716768631813132     
 Tracing beam         5741  -4.8122914349276975     
 Tracing beam         6028  -4.5529060066740827     
 Tracing beam         6315  -4.2935205784204671     
 Tracing beam         6602  -4.0341351501668523     
 Tracing beam         6889  -3.7747497219132380     
 Tracing beam         7176  -3.5153642936596214     
 Tracing beam         7463  -3.2559788654060071     
 Tracing beam         7750  -2.9965934371523923     
 Tracing beam         8037  -2.7372080088987767     
 Tracing beam         8324  -2.4778225806451615     
 Tracing beam         8611  -2.2184371523915463     
 Tracing beam         8898  -1.9590517241379306     
 Tracing beam         9185  -1.6996662958843167     
 Tracing beam         9472  -1.4402808676307008     
 Tracing beam         9759  -1.1808954393770854     
 Tracing beam        10046 -0.92151001112347153     
 Tracing beam        10333 -0.66212458286985587     
 Tracing beam        10620 -0.40273915461624021     
 Tracing beam        10907 -0.14335372636262633     
 Tracing beam        11194  0.11603170189098932     
 Tracing beam        11481  0.37541713014460498     
 Tracing beam        11768  0.63480255839821886     
 Tracing beam        12055  0.89418798665183452     
 Tracing beam        12342   1.1535734149054502     
 Tracing beam        12629   1.4129588431590658     
 Tracing beam        12916   1.6723442714126797     
 Tracing beam        13203   1.9317296996662954     
 Tracing beam        13490   2.1911151279199106     
 Tracing beam        13777   2.4505005561735249     
 Tracing beam        14064   2.7098859844271406     
 Tracing beam        14351   2.9692714126807562     

 CPU Time =        6.02    s
