 BELLHOP- UWASN                                                                  
 frequency =  0.3475E+05 Hz

 Dummy parameter NMedia =            1

     C-LINEAR approximation to SSP
     Attenuation units: dB/mkHz
     THORP attenuation added
     VACUUM

 Depth =    100.00000000000000      m

 C-Linear SSP option

 Sound speed profile:
      7.00      1447.00
     10.00      1474.90
     20.00      1497.70
     30.00      1478.70
     40.00      1460.10
     50.00      1450.80
     60.00      1447.10
     70.00      1447.10
     80.00      1444.90
     90.00      1446.00
     95.00      1443.80
    100.00      1441.80

                                 ( RMS roughness =  0.200E-01 )
     Bathymetry file selected
     Perfectly RIGID

 Number of sources   =            1
 Source depths (m)
   90.0000    

 Number of receivers =            6
 Receiver depths (m)
   87.0000       88.0000       89.0000       90.0000       91.0000    
   92.0000    

 Number of ranges   =            6
 Receiver ranges (km)
  0.900000       1.00000       1.10000       1.90000       2.00000    
   2.10000    

 Arrivals calculation, ASCII  file output
 Geometric hat beams
 Point source (cylindrical coordinates)
 Rectilinear receiver grid: Receivers at rr( : ) x rd( : )

 Number of beams   =        14595
 Beam take-off angles (degrees)
  -10.0000      -9.99911      -9.99822      -9.99733      -9.99644    
  -9.99555      -9.99466      -9.99376      -9.99287      -9.99198    
  -9.99109      -9.99020      -9.98931      -9.98842      -9.98753    
  -9.98664      -9.98575      -9.98486      -9.98397      -9.98308    
  -9.98218    

 Step length,     deltas =    10.000000000000000      m

 Maximum ray Depth, zBox =    100.00000000000000      m
 Maximum ray range, rBox =    2200.0000000000000      m
 No beam shift in effect

 *********************************
 Using bottom-bathymetry file
 Curvilinear Interpolation
 Number of bathymetry points           3

  Range (km)  Depth (m)
   0.00       95.0    
   2.25       93.0    
   4.50       92.0    

 ( Maximum # of arrivals =        55555 )

 Tracing beam            1  -10.000000000000000     

 Minimum width beams                     
 halfwidth  =    3.6394168851528330     
 EpsOpt     =  (  0.0000000000000000     ,  1446000.0000000000     )
 EpsMult    =    1.0000000000000000     

 Tracing beam          292  -9.7407838837878575     
 Tracing beam          583  -9.4815677675757168     
 Tracing beam          874  -9.2223516513635744     
 Tracing beam         1165  -8.9631355351514319     
 Tracing beam         1456  -8.7039194189392894     
 Tracing beam         1747  -8.4447033027271488     
 Tracing beam         2038  -8.1854871865150063     
 Tracing beam         2329  -7.9262710703028629     
 Tracing beam         2620  -7.6670549540907222     
 Tracing beam         2911  -7.4078388378785798     
 Tracing beam         3202  -7.1486227216664382     
 Tracing beam         3493  -6.8894066054542957     
 Tracing beam         3784  -6.6301904892421542     
 Tracing beam         4075  -6.3709743730300126     
 Tracing beam         4366  -6.1117582568178701     
 Tracing beam         4657  -5.8525421406057276     
 Tracing beam         4948  -5.5933260243935852     
 Tracing beam         5239  -5.3341099081814445     
 Tracing beam         5530  -5.0748937919693029     
 Tracing beam         5821  -4.8156776757571604     
 Tracing beam         6112  -4.5564615595450189     
 Tracing beam         6403  -4.2972454433328764     
 Tracing beam         6694  -4.0380293271207348     
 Tracing beam         6985  -3.7788132109085923     
 Tracing beam         7276  -3.5195970946964508     
 Tracing beam         7567  -3.2603809784843079     
 Tracing beam         7858  -3.0011648622721667     
 Tracing beam         8149  -2.7419487460600251     
 Tracing beam         8440  -2.4827326298478827     
 Tracing beam         8731  -2.2235165136357411     
 Tracing beam         9022  -1.9643003974235993     
 Tracing beam         9313  -1.7050842812114571     
 Tracing beam         9604  -1.4458681649993146     
 Tracing beam         9895  -1.1866520487871721     
 Tracing beam        10186 -0.92743593257503132     
 Tracing beam        10477 -0.66821981636288896     
 Tracing beam        10768 -0.40900370015074650     
 Tracing beam        11059 -0.14978758393860581     
 Tracing beam        11350  0.10942853227353666     
 Tracing beam        11641  0.36864464848567913     
 Tracing beam        11932  0.62786076469782159     
 Tracing beam        12223  0.88707688090996228     
 Tracing beam        12514   1.1462929971221048     
 Tracing beam        12805   1.4055091133342472     
 Tracing beam        13096   1.6647252295463879     
 Tracing beam        13387   1.9239413457585304     
 Tracing beam        13678   2.1831574619706728     
 Tracing beam        13969   2.4423735781828153     
 Tracing beam        14260   2.7015896943949556     
 Tracing beam        14551   2.9608058106070980     

 CPU Time =        5.70    s
