 BELLHOP- UWASN                                                                  
 frequency =   3500.     Hz

 Dummy parameter NMedia =            1

     C-LINEAR approximation to SSP
     Attenuation units: dB/mkHz
     THORP attenuation added
     VACUUM

 Depth =    100.00000000000000      m

 C-Linear SSP option

 Sound speed profile:
      7.00      1447.00
     10.00      1474.90
     20.00      1497.70
     30.00      1478.70
     40.00      1460.10
     50.00      1450.80
     60.00      1447.10
     70.00      1447.10
     80.00      1444.90
     90.00      1446.00
     95.00      1443.80
    100.00      1441.80

                                 ( RMS roughness =  0.200E-01 )
     Bathymetry file selected
     Perfectly RIGID

 Number of sources   =            1
 Source depths (m)
   90.0000    

 Number of receivers =            6
 Receiver depths (m)
   87.0000       88.0000       89.0000       90.0000       91.0000    
   92.0000    

 Number of ranges   =            6
 Receiver ranges (km)
  0.900000       1.00000       1.10000       1.90000       2.00000    
   2.10000    

 Arrivals calculation, ASCII  file output
 Geometric hat beams
 Point source (cylindrical coordinates)
 Rectilinear receiver grid: Receivers at rr( : ) x rd( : )

 Number of beams   =         1470
 Beam take-off angles (degrees)
  -10.0000      -9.99115      -9.98230      -9.97345      -9.96460    
  -9.95575      -9.94690      -9.93805      -9.92920      -9.92035    
  -9.91150      -9.90265      -9.89381      -9.88496      -9.87611    
  -9.86726      -9.85841      -9.84956      -9.84071      -9.83186    
  -9.82301    

 Step length,     deltas =    10.000000000000000      m

 Maximum ray Depth, zBox =    100.00000000000000      m
 Maximum ray range, rBox =    2200.0000000000000      m
 No beam shift in effect

 *********************************
 Using bottom-bathymetry file
 Curvilinear Interpolation
 Number of bathymetry points           3

  Range (km)  Depth (m)
   0.00       95.0    
   1.28       95.0    
   2.55       94.0    

 ( Maximum # of arrivals =        55555 )

 Tracing beam            1  -10.000000000000000     

 Minimum width beams                     
 halfwidth  =    11.467670026417252     
 EpsOpt     =  (  0.0000000000000000     ,  1446000.0000000000     )
 EpsMult    =    1.0000000000000000     

 Tracing beam           30  -9.7433628318584073     
 Tracing beam           59  -9.4867256637168147     
 Tracing beam           88  -9.2300884955752220     
 Tracing beam          117  -8.9734513274336276     
 Tracing beam          146  -8.7168141592920350     
 Tracing beam          175  -8.4601769911504423     
 Tracing beam          204  -8.2035398230088497     
 Tracing beam          233  -7.9469026548672579     
 Tracing beam          262  -7.6902654867256652     
 Tracing beam          291  -7.4336283185840708     
 Tracing beam          320  -7.1769911504424764     
 Tracing beam          349  -6.9203539823008846     
 Tracing beam          378  -6.6637168141592911     
 Tracing beam          407  -6.4070796460176984     
 Tracing beam          436  -6.1504424778761067     
 Tracing beam          465  -5.8938053097345131     
 Tracing beam          494  -5.6371681415929205     
 Tracing beam          523  -5.3805309734513278     
 Tracing beam          552  -5.1238938053097343     
 Tracing beam          581  -4.8672566371681416     
 Tracing beam          610  -4.6106194690265490     
 Tracing beam          639  -4.3539823008849545     
 Tracing beam          668  -4.0973451327433628     
 Tracing beam          697  -3.8407079646017697     
 Tracing beam          726  -3.5840707964601770     
 Tracing beam          755  -3.3274336283185839     
 Tracing beam          784  -3.0707964601769913     
 Tracing beam          813  -2.8141592920353986     
 Tracing beam          842  -2.5575221238938051     
 Tracing beam          871  -2.3008849557522124     
 Tracing beam          900  -2.0442477876106198     
 Tracing beam          929  -1.7876106194690262     
 Tracing beam          958  -1.5309734513274336     
 Tracing beam          987  -1.2743362831858407     
 Tracing beam         1016  -1.0176991150442483     
 Tracing beam         1045 -0.76106194690265561     
 Tracing beam         1074 -0.50442477876106295     
 Tracing beam         1103 -0.24778761061946852     
 Tracing beam         1132  8.84955752212412960E-003
 Tracing beam         1161  0.26548672566371678     
 Tracing beam         1190  0.52212389380530932     
 Tracing beam         1219  0.77876106194690209     
 Tracing beam         1248   1.0353982300884947     
 Tracing beam         1277   1.2920353982300892     
 Tracing beam         1306   1.5486725663716818     
 Tracing beam         1335   1.8053097345132745     
 Tracing beam         1364   2.0619469026548671     
 Tracing beam         1393   2.3185840707964598     
 Tracing beam         1422   2.5752212389380524     
 Tracing beam         1451   2.8318584070796451     

 CPU Time =       0.572    s
