 BELLHOP- UWASN                                                                  
 frequency =  0.3525E+05 Hz

 Dummy parameter NMedia =            1

     C-LINEAR approximation to SSP
     Attenuation units: dB/mkHz
     THORP attenuation added
     VACUUM

 Depth =    100.00000000000000      m

 C-Linear SSP option

 Sound speed profile:
      7.00      1447.00
     10.00      1474.90
     20.00      1497.70
     30.00      1478.70
     40.00      1460.10
     50.00      1450.80
     60.00      1447.10
     70.00      1447.10
     80.00      1444.90
     90.00      1446.00
     95.00      1443.80
    100.00      1441.80

                                 ( RMS roughness =  0.200E-01 )
     Bathymetry file selected
     Perfectly RIGID

 Number of sources   =            1
 Source depths (m)
   90.0000    

 Number of receivers =            6
 Receiver depths (m)
   87.0000       88.0000       89.0000       90.0000       91.0000    
   92.0000    

 Number of ranges   =            6
 Receiver ranges (km)
  0.900000       1.00000       1.10000       1.90000       2.00000    
   2.10000    

 Arrivals calculation, ASCII  file output
 Geometric hat beams
 Point source (cylindrical coordinates)
 Rectilinear receiver grid: Receivers at rr( : ) x rd( : )

 Number of beams   =        14805
 Beam take-off angles (degrees)
  -10.0000      -9.99912      -9.99824      -9.99737      -9.99649    
  -9.99561      -9.99473      -9.99385      -9.99297      -9.99210    
  -9.99122      -9.99034      -9.98946      -9.98858      -9.98771    
  -9.98683      -9.98595      -9.98507      -9.98419      -9.98332    
  -9.98244    

 Step length,     deltas =    10.000000000000000      m

 Maximum ray Depth, zBox =    100.00000000000000      m
 Maximum ray range, rBox =    2200.0000000000000      m
 No beam shift in effect

 *********************************
 Using bottom-bathymetry file
 Curvilinear Interpolation
 Number of bathymetry points           3

  Range (km)  Depth (m)
   0.00       95.0    
   2.25       96.0    
   4.50       94.0    

 ( Maximum # of arrivals =        55555 )

 Tracing beam            1  -10.000000000000000     

 Minimum width beams                     
 halfwidth  =    3.6135132328947206     
 EpsOpt     =  (  0.0000000000000000     ,  1446000.0000000000     )
 EpsMult    =    1.0000000000000000     

 Tracing beam          297  -9.7400702512834361     
 Tracing beam          593  -9.4801405025668739     
 Tracing beam          889  -9.2202107538503100     
 Tracing beam         1185  -8.9602810051337478     
 Tracing beam         1481  -8.7003512564171839     
 Tracing beam         1777  -8.4404215077006199     
 Tracing beam         2073  -8.1804917589840578     
 Tracing beam         2369  -7.9205620102674956     
 Tracing beam         2665  -7.6606322615509308     
 Tracing beam         2961  -7.4007025128343695     
 Tracing beam         3257  -7.1407727641178056     
 Tracing beam         3553  -6.8808430154012434     
 Tracing beam         3849  -6.6209132666846795     
 Tracing beam         4145  -6.3609835179681165     
 Tracing beam         4441  -6.1010537692515525     
 Tracing beam         4737  -5.8411240205349904     
 Tracing beam         5033  -5.5811942718184273     
 Tracing beam         5329  -5.3212645231018643     
 Tracing beam         5625  -5.0613347743853012     
 Tracing beam         5921  -4.8014050256687382     
 Tracing beam         6217  -4.5414752769521751     
 Tracing beam         6513  -4.2815455282356121     
 Tracing beam         6809  -4.0216157795190490     
 Tracing beam         7105  -3.7616860308024860     
 Tracing beam         7401  -3.5017562820859229     
 Tracing beam         7697  -3.2418265333693590     
 Tracing beam         7993  -2.9818967846527955     
 Tracing beam         8289  -2.7219670359362329     
 Tracing beam         8585  -2.4620372872196699     
 Tracing beam         8881  -2.2021075385031064     
 Tracing beam         9177  -1.9421777897865447     
 Tracing beam         9473  -1.6822480410699807     
 Tracing beam         9769  -1.4223182923534183     
 Tracing beam        10065  -1.1623885436368546     
 Tracing beam        10361 -0.90245879492029069     
 Tracing beam        10657 -0.64252904620372853     
 Tracing beam        10953 -0.38259929748716459     
 Tracing beam        11249 -0.12266954877060243     
 Tracing beam        11545  0.13726019994596150     
 Tracing beam        11841  0.39718994866252366     
 Tracing beam        12137  0.65711969737908760     
 Tracing beam        12433  0.91704944609564976     
 Tracing beam        12729   1.1769791948122137     
 Tracing beam        13025   1.4369089435287759     
 Tracing beam        13321   1.6968386922453398     
 Tracing beam        13617   1.9567684409619017     
 Tracing beam        13913   2.2166981896784659     
 Tracing beam        14209   2.4766279383950280     
 Tracing beam        14505   2.7365576871115915     
 Tracing beam        14801   2.9964874358281541     

 CPU Time =        5.84    s
