 BELLHOP- UWASN                                                                  
 frequency =  0.3550E+05 Hz

 Dummy parameter NMedia =            1

     C-LINEAR approximation to SSP
     Attenuation units: dB/mkHz
     THORP attenuation added
     VACUUM

 Depth =    100.00000000000000      m

 C-Linear SSP option

 Sound speed profile:
      7.00      1447.00
     10.00      1474.90
     20.00      1497.70
     30.00      1478.70
     40.00      1460.10
     50.00      1450.80
     60.00      1447.10
     70.00      1447.10
     80.00      1444.90
     90.00      1446.00
     95.00      1443.80
    100.00      1441.80

                                 ( RMS roughness =  0.200E-01 )
     Bathymetry file selected
     Perfectly RIGID

 Number of sources   =            1
 Source depths (m)
   90.0000    

 Number of receivers =            6
 Receiver depths (m)
   87.0000       88.0000       89.0000       90.0000       91.0000    
   92.0000    

 Number of ranges   =            6
 Receiver ranges (km)
  0.900000       1.00000       1.10000       1.90000       2.00000    
   2.10000    

 Arrivals calculation, ASCII  file output
 Geometric hat beams
 Point source (cylindrical coordinates)
 Rectilinear receiver grid: Receivers at rr( : ) x rd( : )

 Number of beams   =        14910
 Beam take-off angles (degrees)
  -10.0000      -9.99913      -9.99826      -9.99738      -9.99651    
  -9.99564      -9.99477      -9.99390      -9.99302      -9.99215    
  -9.99128      -9.99041      -9.98954      -9.98866      -9.98779    
  -9.98692      -9.98605      -9.98518      -9.98430      -9.98343    
  -9.98256    

 Step length,     deltas =    10.000000000000000      m

 Maximum ray Depth, zBox =    100.00000000000000      m
 Maximum ray range, rBox =    2200.0000000000000      m
 No beam shift in effect

 *********************************
 Using bottom-bathymetry file
 Curvilinear Interpolation
 Number of bathymetry points           3

  Range (km)  Depth (m)
   0.00       95.0    
   1.85       97.0    
   3.71       95.0    

 ( Maximum # of arrivals =        55555 )

 Tracing beam            1  -10.000000000000000     

 Minimum width beams                     
 halfwidth  =    3.6007671147545035     
 EpsOpt     =  (  0.0000000000000000     ,  1446000.0000000000     )
 EpsMult    =    1.0000000000000000     

 Tracing beam          299  -9.7401569521765374     
 Tracing beam          597  -9.4803139043530749     
 Tracing beam          895  -9.2204708565296123     
 Tracing beam         1193  -8.9606278087061497     
 Tracing beam         1491  -8.7007847608826889     
 Tracing beam         1789  -8.4409417130592264     
 Tracing beam         2087  -8.1810986652357638     
 Tracing beam         2385  -7.9212556174123003     
 Tracing beam         2683  -7.6614125695888387     
 Tracing beam         2981  -7.4015695217653761     
 Tracing beam         3279  -7.1417264739419144     
 Tracing beam         3577  -6.8818834261184509     
 Tracing beam         3875  -6.6220403782949901     
 Tracing beam         4173  -6.3621973304715276     
 Tracing beam         4471  -6.1023542826480650     
 Tracing beam         4769  -5.8425112348246024     
 Tracing beam         5067  -5.5826681870011399     
 Tracing beam         5365  -5.3228251391776782     
 Tracing beam         5663  -5.0629820913542156     
 Tracing beam         5961  -4.8031390435307530     
 Tracing beam         6259  -4.5432959957072914     
 Tracing beam         6557  -4.2834529478838288     
 Tracing beam         6855  -4.0236099000603662     
 Tracing beam         7153  -3.7637668522369037     
 Tracing beam         7451  -3.5039238044134420     
 Tracing beam         7749  -3.2440807565899794     
 Tracing beam         8047  -2.9842377087665168     
 Tracing beam         8345  -2.7243946609430543     
 Tracing beam         8643  -2.4645516131195926     
 Tracing beam         8941  -2.2047085652961300     
 Tracing beam         9239  -1.9448655174726674     
 Tracing beam         9537  -1.6850224696492049     
 Tracing beam         9835  -1.4251794218257423     
 Tracing beam        10133  -1.1653363740022815     
 Tracing beam        10431 -0.90549332617881884     
 Tracing beam        10729 -0.64565027835535638     
 Tracing beam        11027 -0.38580723053189381     
 Tracing beam        11325 -0.12596418270843124     
 Tracing beam        11623  0.13387886511503133     
 Tracing beam        11921  0.39372191293849390     
 Tracing beam        12219  0.65356496076195647     
 Tracing beam        12517  0.91340800858541715     
 Tracing beam        12815   1.1732510564088798     
 Tracing beam        13113   1.4330941042323424     
 Tracing beam        13411   1.6929371520558050     
 Tracing beam        13709   1.9527801998792675     
 Tracing beam        14007   2.2126232477027301     
 Tracing beam        14305   2.4724662955261927     
 Tracing beam        14603   2.7323093433496530     
 Tracing beam        14901   2.9921523911731160     

 CPU Time =        6.03    s
