 BELLHOP- UWASN                                                                  
 frequency =  0.3575E+05 Hz

 Dummy parameter NMedia =            1

     C-LINEAR approximation to SSP
     Attenuation units: dB/mkHz
     THORP attenuation added
     VACUUM

 Depth =    100.00000000000000      m

 C-Linear SSP option

 Sound speed profile:
      7.00      1447.00
     10.00      1474.90
     20.00      1497.70
     30.00      1478.70
     40.00      1460.10
     50.00      1450.80
     60.00      1447.10
     70.00      1447.10
     80.00      1444.90
     90.00      1446.00
     95.00      1443.80
    100.00      1441.80

                                 ( RMS roughness =  0.200E-01 )
     Bathymetry file selected
     Perfectly RIGID

 Number of sources   =            1
 Source depths (m)
   90.0000    

 Number of receivers =            6
 Receiver depths (m)
   87.0000       88.0000       89.0000       90.0000       91.0000    
   92.0000    

 Number of ranges   =            6
 Receiver ranges (km)
  0.900000       1.00000       1.10000       1.90000       2.00000    
   2.10000    

 Arrivals calculation, ASCII  file output
 Geometric hat beams
 Point source (cylindrical coordinates)
 Rectilinear receiver grid: Receivers at rr( : ) x rd( : )

 Number of beams   =        15015
 Beam take-off angles (degrees)
  -10.0000      -9.99913      -9.99827      -9.99740      -9.99654    
  -9.99567      -9.99480      -9.99394      -9.99307      -9.99221    
  -9.99134      -9.99048      -9.98961      -9.98874      -9.98788    
  -9.98701      -9.98615      -9.98528      -9.98441      -9.98355    
  -9.98268    

 Step length,     deltas =    10.000000000000000      m

 Maximum ray Depth, zBox =    100.00000000000000      m
 Maximum ray range, rBox =    2200.0000000000000      m
 No beam shift in effect

 *********************************
 Using bottom-bathymetry file
 Curvilinear Interpolation
 Number of bathymetry points           3

  Range (km)  Depth (m)
   0.00       95.0    
   1.85       93.0    
   3.71       93.0    

 ( Maximum # of arrivals =        55555 )

 Tracing beam            1  -10.000000000000000     

 Minimum width beams                     
 halfwidth  =    3.5881549319940595     
 EpsOpt     =  (  0.0000000000000000     ,  1446000.0000000000     )
 EpsMult    =    1.0000000000000000     

 Tracing beam          301  -9.7402424403889700     
 Tracing beam          601  -9.4804848807779400     
 Tracing beam          901  -9.2207273211669101     
 Tracing beam         1201  -8.9609697615558801     
 Tracing beam         1501  -8.7012122019448519     
 Tracing beam         1801  -8.4414546423338219     
 Tracing beam         2101  -8.1816970827227919     
 Tracing beam         2401  -7.9219395231117620     
 Tracing beam         2701  -7.6621819635007320     
 Tracing beam         3001  -7.4024244038897038     
 Tracing beam         3301  -7.1426668442786729     
 Tracing beam         3601  -6.8829092846676438     
 Tracing beam         3901  -6.6231517250566139     
 Tracing beam         4201  -6.3633941654455839     
 Tracing beam         4501  -6.1036366058345539     
 Tracing beam         4801  -5.8438790462235239     
 Tracing beam         5101  -5.5841214866124949     
 Tracing beam         5401  -5.3243639270014649     
 Tracing beam         5701  -5.0646063673904358     
 Tracing beam         6001  -4.8048488077794058     
 Tracing beam         6301  -4.5450912481683750     
 Tracing beam         6601  -4.2853336885573459     
 Tracing beam         6901  -4.0255761289463168     
 Tracing beam         7201  -3.7658185693352868     
 Tracing beam         7501  -3.5060610097242568     
 Tracing beam         7801  -3.2463034501132277     
 Tracing beam         8101  -2.9865458905021973     
 Tracing beam         8401  -2.7267883308911678     
 Tracing beam         8701  -2.4670307712801378     
 Tracing beam         9001  -2.2072732116691087     
 Tracing beam         9301  -1.9475156520580794     
 Tracing beam         9601  -1.6877580924470494     
 Tracing beam         9901  -1.4280005328360197     
 Tracing beam        10201  -1.1682429732249897     
 Tracing beam        10501 -0.90848541361395985     
 Tracing beam        10801 -0.64872785400292965     
 Tracing beam        11101 -0.38897029439189978     
 Tracing beam        11401 -0.12921273478087159     
 Tracing beam        11701  0.13054482483015839     
 Tracing beam        12001  0.39030238444118837     
 Tracing beam        12301  0.65005994405221834     
 Tracing beam        12601  0.90981750366324832     
 Tracing beam        12901   1.1695750632742783     
 Tracing beam        13201   1.4293326228853083     
 Tracing beam        13501   1.6890901824963365     
 Tracing beam        13801   1.9488477421073662     
 Tracing beam        14101   2.2086053017183964     
 Tracing beam        14401   2.4683628613294264     
 Tracing beam        14701   2.7281204209404564     
 Tracing beam        15001   2.9878779805514863     

 CPU Time =        6.20    s
