 BELLHOP- UWASN                                                                  
 frequency =  0.3700E+05 Hz

 Dummy parameter NMedia =            1

     C-LINEAR approximation to SSP
     Attenuation units: dB/mkHz
     THORP attenuation added
     VACUUM

 Depth =    100.00000000000000      m

 C-Linear SSP option

 Sound speed profile:
      7.00      1447.00
     10.00      1474.90
     20.00      1497.70
     30.00      1478.70
     40.00      1460.10
     50.00      1450.80
     60.00      1447.10
     70.00      1447.10
     80.00      1444.90
     90.00      1446.00
     95.00      1443.80
    100.00      1441.80

                                 ( RMS roughness =  0.200E-01 )
     Bathymetry file selected
     Perfectly RIGID

 Number of sources   =            1
 Source depths (m)
   90.0000    

 Number of receivers =            6
 Receiver depths (m)
   87.0000       88.0000       89.0000       90.0000       91.0000    
   92.0000    

 Number of ranges   =            6
 Receiver ranges (km)
  0.900000       1.00000       1.10000       1.90000       2.00000    
   2.10000    

 Arrivals calculation, ASCII  file output
 Geometric hat beams
 Point source (cylindrical coordinates)
 Rectilinear receiver grid: Receivers at rr( : ) x rd( : )

 Number of beams   =        15540
 Beam take-off angles (degrees)
  -10.0000      -9.99916      -9.99833      -9.99749      -9.99665    
  -9.99582      -9.99498      -9.99414      -9.99331      -9.99247    
  -9.99163      -9.99080      -9.98996      -9.98912      -9.98829    
  -9.98745      -9.98661      -9.98578      -9.98494      -9.98410    
  -9.98327    

 Step length,     deltas =    10.000000000000000      m

 Maximum ray Depth, zBox =    100.00000000000000      m
 Maximum ray range, rBox =    2200.0000000000000      m
 No beam shift in effect

 *********************************
 Using bottom-bathymetry file
 Curvilinear Interpolation
 Number of bathymetry points           3

  Range (km)  Depth (m)
   0.00       95.0    
   1.28       95.0    
   2.55       96.0    

 ( Maximum # of arrivals =        55555 )

 Tracing beam            1  -10.000000000000000     

 Minimum width beams                     
 halfwidth  =    3.5270234576563828     
 EpsOpt     =  (  0.0000000000000000     ,  1446000.0000000000     )
 EpsMult    =    1.0000000000000000     

 Tracing beam          311  -9.7406525516442475     
 Tracing beam          621  -9.4813051032885003     
 Tracing beam          931  -9.2219576549327495     
 Tracing beam         1241  -8.9626102065770006     
 Tracing beam         1551  -8.7032627582212498     
 Tracing beam         1861  -8.4439153098654991     
 Tracing beam         2171  -8.1845678615097501     
 Tracing beam         2481  -7.9252204131539985     
 Tracing beam         2791  -7.6658729647982486     
 Tracing beam         3101  -7.4065255164424988     
 Tracing beam         3411  -7.1471780680867480     
 Tracing beam         3721  -6.8878306197310000     
 Tracing beam         4031  -6.6284831713752492     
 Tracing beam         4341  -6.3691357230194994     
 Tracing beam         4651  -6.1097882746637495     
 Tracing beam         4961  -5.8504408263079997     
 Tracing beam         5271  -5.5910933779522489     
 Tracing beam         5581  -5.3317459295964991     
 Tracing beam         5891  -5.0723984812407492     
 Tracing beam         6201  -4.8130510328849994     
 Tracing beam         6511  -4.5537035845292495     
 Tracing beam         6821  -4.2943561361734988     
 Tracing beam         7131  -4.0350086878177489     
 Tracing beam         7441  -3.7756612394619986     
 Tracing beam         7751  -3.5163137911062488     
 Tracing beam         8061  -3.2569663427504980     
 Tracing beam         8371  -2.9976188943947486     
 Tracing beam         8681  -2.7382714460389987     
 Tracing beam         8991  -2.4789239976832489     
 Tracing beam         9301  -2.2195765493274990     
 Tracing beam         9611  -1.9602291009717483     
 Tracing beam         9921  -1.7008816526159993     
 Tracing beam        10231  -1.4415342042602486     
 Tracing beam        10541  -1.1821867559044978     
 Tracing beam        10851 -0.92283930754874888     
 Tracing beam        11161 -0.66349185919299802     
 Tracing beam        11471 -0.40414441083724917     
 Tracing beam        11781 -0.14479696248149843     
 Tracing beam        12091  0.11455048587425232     
 Tracing beam        12401  0.37389793423000123     
 Tracing beam        12711  0.63324538258575203     
 Tracing beam        13021  0.89259283094150099     
 Tracing beam        13331   1.1519402792972517     
 Tracing beam        13641   1.4112877276530025     
 Tracing beam        13951   1.6706351760087514     
 Tracing beam        14261   1.9299826243645022     
 Tracing beam        14571   2.1893300727202529     
 Tracing beam        14881   2.4486775210760019     
 Tracing beam        15191   2.7080249694317522     
 Tracing beam        15501   2.9673724177875016     

 CPU Time =        6.36    s
