 BELLHOP- UWASN                                                                  
 frequency =  0.3725E+05 Hz

 Dummy parameter NMedia =            1

     C-LINEAR approximation to SSP
     Attenuation units: dB/mkHz
     THORP attenuation added
     VACUUM

 Depth =    100.00000000000000      m

 C-Linear SSP option

 Sound speed profile:
      7.00      1447.00
     10.00      1474.90
     20.00      1497.70
     30.00      1478.70
     40.00      1460.10
     50.00      1450.80
     60.00      1447.10
     70.00      1447.10
     80.00      1444.90
     90.00      1446.00
     95.00      1443.80
    100.00      1441.80

                                 ( RMS roughness =  0.200E-01 )
     Bathymetry file selected
     Perfectly RIGID

 Number of sources   =            1
 Source depths (m)
   90.0000    

 Number of receivers =            6
 Receiver depths (m)
   87.0000       88.0000       89.0000       90.0000       91.0000    
   92.0000    

 Number of ranges   =            6
 Receiver ranges (km)
  0.900000       1.00000       1.10000       1.90000       2.00000    
   2.10000    

 Arrivals calculation, ASCII  file output
 Geometric hat beams
 Point source (cylindrical coordinates)
 Rectilinear receiver grid: Receivers at rr( : ) x rd( : )

 Number of beams   =        15645
 Beam take-off angles (degrees)
  -10.0000      -9.99917      -9.99834      -9.99751      -9.99668    
  -9.99585      -9.99501      -9.99418      -9.99335      -9.99252    
  -9.99169      -9.99086      -9.99003      -9.98920      -9.98837    
  -9.98754      -9.98670      -9.98587      -9.98504      -9.98421    
  -9.98338    

 Step length,     deltas =    10.000000000000000      m

 Maximum ray Depth, zBox =    100.00000000000000      m
 Maximum ray range, rBox =    2200.0000000000000      m
 No beam shift in effect

 *********************************
 Using bottom-bathymetry file
 Curvilinear Interpolation
 Number of bathymetry points           3

  Range (km)  Depth (m)
   0.00       95.0    
   2.25       93.0    
   4.50       92.0    

 ( Maximum # of arrivals =        55555 )

 Tracing beam            1  -10.000000000000000     

 Minimum width beams                     
 halfwidth  =    3.5151678830778130     
 EpsOpt     =  (  0.0000000000000000     ,  1446000.0000000000     )
 EpsMult    =    1.0000000000000000     

 Tracing beam          313  -9.7407312707747380     
 Tracing beam          625  -9.4814625415494760     
 Tracing beam          937  -9.2221938123242140     
 Tracing beam         1249  -8.9629250830989502     
 Tracing beam         1561  -8.7036563538736900     
 Tracing beam         1873  -8.4443876246484280     
 Tracing beam         2185  -8.1851188954231660     
 Tracing beam         2497  -7.9258501661979039     
 Tracing beam         2809  -7.6665814369726411     
 Tracing beam         3121  -7.4073127077473799     
 Tracing beam         3433  -7.1480439785221161     
 Tracing beam         3745  -6.8887752492968550     
 Tracing beam         4057  -6.6295065200715930     
 Tracing beam         4369  -6.3702377908463310     
 Tracing beam         4681  -6.1109690616210681     
 Tracing beam         4993  -5.8517003323958061     
 Tracing beam         5305  -5.5924316031705450     
 Tracing beam         5617  -5.3331628739452821     
 Tracing beam         5929  -5.0738941447200201     
 Tracing beam         6241  -4.8146254154947581     
 Tracing beam         6553  -4.5553566862694961     
 Tracing beam         6865  -4.2960879570442341     
 Tracing beam         7177  -4.0368192278189721     
 Tracing beam         7489  -3.7775504985937096     
 Tracing beam         7801  -3.5182817693684481     
 Tracing beam         8113  -3.2590130401431860     
 Tracing beam         8425  -2.9997443109179240     
 Tracing beam         8737  -2.7404755816926620     
 Tracing beam         9049  -2.4812068524673987     
 Tracing beam         9361  -2.2219381232421371     
 Tracing beam         9673  -1.9626693940168762     
 Tracing beam         9985  -1.7034006647916140     
 Tracing beam        10297  -1.4441319355663520     
 Tracing beam        10609  -1.1848632063410900     
 Tracing beam        10921 -0.92559447711582621     
 Tracing beam        11233 -0.66632574789056420     
 Tracing beam        11545 -0.40705701866530219     
 Tracing beam        11857 -0.14778828944004019     
 Tracing beam        12169  0.11148043978522182     
 Tracing beam        12481  0.37074916901048383     
 Tracing beam        12793  0.63001789823574583     
 Tracing beam        13105  0.88928662746100784     
 Tracing beam        13417   1.1485553566862698     
 Tracing beam        13729   1.4078240859115319     
 Tracing beam        14041   1.6670928151367939     
 Tracing beam        14353   1.9263615443620556     
 Tracing beam        14665   2.1856302735873179     
 Tracing beam        14977   2.4448990028125799     
 Tracing beam        15289   2.7041677320378419     
 Tracing beam        15601   2.9634364612631039     

 CPU Time =        6.43    s
