 BELLHOP- UWASN                                                                  
 frequency =   3750.     Hz

 Dummy parameter NMedia =            1

     C-LINEAR approximation to SSP
     Attenuation units: dB/mkHz
     THORP attenuation added
     VACUUM

 Depth =    100.00000000000000      m

 C-Linear SSP option

 Sound speed profile:
      7.00      1447.00
     10.00      1474.90
     20.00      1497.70
     30.00      1478.70
     40.00      1460.10
     50.00      1450.80
     60.00      1447.10
     70.00      1447.10
     80.00      1444.90
     90.00      1446.00
     95.00      1443.80
    100.00      1441.80

                                 ( RMS roughness =  0.200E-01 )
     Bathymetry file selected
     Perfectly RIGID

 Number of sources   =            1
 Source depths (m)
   90.0000    

 Number of receivers =            6
 Receiver depths (m)
   87.0000       88.0000       89.0000       90.0000       91.0000    
   92.0000    

 Number of ranges   =            6
 Receiver ranges (km)
  0.900000       1.00000       1.10000       1.90000       2.00000    
   2.10000    

 Arrivals calculation, ASCII  file output
 Geometric hat beams
 Point source (cylindrical coordinates)
 Rectilinear receiver grid: Receivers at rr( : ) x rd( : )

 Number of beams   =         1575
 Beam take-off angles (degrees)
  -10.0000      -9.99174      -9.98348      -9.97522      -9.96696    
  -9.95870      -9.95044      -9.94219      -9.93393      -9.92567    
  -9.91741      -9.90915      -9.90089      -9.89263      -9.88437    
  -9.87611      -9.86785      -9.85959      -9.85133      -9.84307    
  -9.83482    

 Step length,     deltas =    10.000000000000000      m

 Maximum ray Depth, zBox =    100.00000000000000      m
 Maximum ray range, rBox =    2200.0000000000000      m
 No beam shift in effect

 *********************************
 Using bottom-bathymetry file
 Curvilinear Interpolation
 Number of bathymetry points           3

  Range (km)  Depth (m)
   0.00       95.0    
   1.28       95.0    
   2.55       94.0    

 ( Maximum # of arrivals =        55555 )

 Tracing beam            1  -10.000000000000000     

 Minimum width beams                     
 halfwidth  =    11.078821783586440     
 EpsOpt     =  (  0.0000000000000000     ,  1446000.0000000000     )
 EpsMult    =    1.0000000000000000     

 Tracing beam           32  -9.7439644218551464     
 Tracing beam           63  -9.4879288437102929     
 Tracing beam           94  -9.2318932655654393     
 Tracing beam          125  -8.9758576874205822     
 Tracing beam          156  -8.7198221092757304     
 Tracing beam          187  -8.4637865311308769     
 Tracing beam          218  -8.2077509529860233     
 Tracing beam          249  -7.9517153748411697     
 Tracing beam          280  -7.6956797966963144     
 Tracing beam          311  -7.4396442185514609     
 Tracing beam          342  -7.1836086404066073     
 Tracing beam          373  -6.9275730622617537     
 Tracing beam          404  -6.6715374841169002     
 Tracing beam          435  -6.4155019059720457     
 Tracing beam          466  -6.1594663278271922     
 Tracing beam          497  -5.9034307496823377     
 Tracing beam          528  -5.6473951715374842     
 Tracing beam          559  -5.3913595933926306     
 Tracing beam          590  -5.1353240152477762     
 Tracing beam          621  -4.8792884371029226     
 Tracing beam          652  -4.6232528589580690     
 Tracing beam          683  -4.3672172808132146     
 Tracing beam          714  -4.1111817026683610     
 Tracing beam          745  -3.8551461245235070     
 Tracing beam          776  -3.5991105463786526     
 Tracing beam          807  -3.3430749682337995     
 Tracing beam          838  -3.0870393900889459     
 Tracing beam          869  -2.8310038119440915     
 Tracing beam          900  -2.5749682337992379     
 Tracing beam          931  -2.3189326556543843     
 Tracing beam          962  -2.0628970775095299     
 Tracing beam          993  -1.8068614993646754     
 Tracing beam         1024  -1.5508259212198219     
 Tracing beam         1055  -1.2947903430749683     
 Tracing beam         1086  -1.0387547649301148     
 Tracing beam         1117 -0.78271918678526120     
 Tracing beam         1148 -0.52668360864040764     
 Tracing beam         1179 -0.27064803049555231     
 Tracing beam         1210 -1.46124523506987441E-002
 Tracing beam         1241  0.24142312579415481     
 Tracing beam         1272  0.49745870393900837     
 Tracing beam         1303  0.75349428208386182     
 Tracing beam         1334   1.0095298602287153     
 Tracing beam         1365   1.2655654383735708     
 Tracing beam         1396   1.5216010165184244     
 Tracing beam         1427   1.7776365946632779     
 Tracing beam         1458   2.0336721728081315     
 Tracing beam         1489   2.2897077509529851     
 Tracing beam         1520   2.5457433290978386     
 Tracing beam         1551   2.8017789072426935     

 CPU Time =       0.552    s
