 BELLHOP- UWASN                                                                  
 frequency =  0.3825E+05 Hz

 Dummy parameter NMedia =            1

     C-LINEAR approximation to SSP
     Attenuation units: dB/mkHz
     THORP attenuation added
     VACUUM

 Depth =    100.00000000000000      m

 C-Linear SSP option

 Sound speed profile:
      7.00      1447.00
     10.00      1474.90
     20.00      1497.70
     30.00      1478.70
     40.00      1460.10
     50.00      1450.80
     60.00      1447.10
     70.00      1447.10
     80.00      1444.90
     90.00      1446.00
     95.00      1443.80
    100.00      1441.80

                                 ( RMS roughness =  0.200E-01 )
     Bathymetry file selected
     Perfectly RIGID

 Number of sources   =            1
 Source depths (m)
   90.0000    

 Number of receivers =            6
 Receiver depths (m)
   87.0000       88.0000       89.0000       90.0000       91.0000    
   92.0000    

 Number of ranges   =            6
 Receiver ranges (km)
  0.900000       1.00000       1.10000       1.90000       2.00000    
   2.10000    

 Arrivals calculation, ASCII  file output
 Geometric hat beams
 Point source (cylindrical coordinates)
 Rectilinear receiver grid: Receivers at rr( : ) x rd( : )

 Number of beams   =        16065
 Beam take-off angles (degrees)
  -10.0000      -9.99919      -9.99838      -9.99757      -9.99676    
  -9.99595      -9.99514      -9.99434      -9.99353      -9.99272    
  -9.99191      -9.99110      -9.99029      -9.98948      -9.98867    
  -9.98786      -9.98705      -9.98624      -9.98543      -9.98462    
  -9.98381    

 Step length,     deltas =    10.000000000000000      m

 Maximum ray Depth, zBox =    100.00000000000000      m
 Maximum ray range, rBox =    2200.0000000000000      m
 No beam shift in effect

 *********************************
 Using bottom-bathymetry file
 Curvilinear Interpolation
 Number of bathymetry points           3

  Range (km)  Depth (m)
   0.00       95.0    
   2.25       97.0    
   4.50       96.0    

 ( Maximum # of arrivals =        55555 )

 Tracing beam            1  -10.000000000000000     

 Minimum width beams                     
 halfwidth  =    3.4689136587425646     
 EpsOpt     =  (  0.0000000000000000     ,  1446000.0000000000     )
 EpsMult    =    1.0000000000000000     

 Tracing beam          322  -9.7402265936254988     
 Tracing beam          643  -9.4804531872509958     
 Tracing beam          964  -9.2206797808764946     
 Tracing beam         1285  -8.9609063745019917     
 Tracing beam         1606  -8.7011329681274905     
 Tracing beam         1927  -8.4413595617529875     
 Tracing beam         2248  -8.1815861553784863     
 Tracing beam         2569  -7.9218127490039825     
 Tracing beam         2890  -7.6620393426294822     
 Tracing beam         3211  -7.4022659362549801     
 Tracing beam         3532  -7.1424925298804780     
 Tracing beam         3853  -6.8827191235059759     
 Tracing beam         4174  -6.6229457171314738     
 Tracing beam         4495  -6.3631723107569718     
 Tracing beam         4816  -6.1033989043824697     
 Tracing beam         5137  -5.8436254980079676     
 Tracing beam         5458  -5.5838520916334646     
 Tracing beam         5779  -5.3240786852589643     
 Tracing beam         6100  -5.0643052788844622     
 Tracing beam         6421  -4.8045318725099602     
 Tracing beam         6742  -4.5447584661354581     
 Tracing beam         7063  -4.2849850597609560     
 Tracing beam         7384  -4.0252116533864539     
 Tracing beam         7705  -3.7654382470119518     
 Tracing beam         8026  -3.5056648406374498     
 Tracing beam         8347  -3.2458914342629477     
 Tracing beam         8668  -2.9861180278884452     
 Tracing beam         8989  -2.7263446215139435     
 Tracing beam         9310  -2.4665712151394414     
 Tracing beam         9631  -2.2067978087649402     
 Tracing beam         9952  -1.9470244023904379     
 Tracing beam        10273  -1.6872509960159350     
 Tracing beam        10594  -1.4274775896414340     
 Tracing beam        10915  -1.1677041832669310     
 Tracing beam        11236 -0.90793077689242985     
 Tracing beam        11557 -0.64815737051792865     
 Tracing beam        11878 -0.38838396414342569     
 Tracing beam        12199 -0.12861055776892449     
 Tracing beam        12520  0.13116284860557847     
 Tracing beam        12841  0.39093625498007967     
 Tracing beam        13162  0.65070966135458264     
 Tracing beam        13483  0.91048306772908383     
 Tracing beam        13804   1.1702564741035868     
 Tracing beam        14125   1.4300298804780880     
 Tracing beam        14446   1.6898032868525910     
 Tracing beam        14767   1.9495766932270919     
 Tracing beam        15088   2.2093500996015951     
 Tracing beam        15409   2.4691235059760963     
 Tracing beam        15730   2.7288969123505975     
 Tracing beam        16051   2.9886703187251005     

 CPU Time =        6.45    s
