 BELLHOP- UWASN                                                                  
 frequency =  0.3900E+05 Hz

 Dummy parameter NMedia =            1

     C-LINEAR approximation to SSP
     Attenuation units: dB/mkHz
     THORP attenuation added
     VACUUM

 Depth =    100.00000000000000      m

 C-Linear SSP option

 Sound speed profile:
      7.00      1447.00
     10.00      1474.90
     20.00      1497.70
     30.00      1478.70
     40.00      1460.10
     50.00      1450.80
     60.00      1447.10
     70.00      1447.10
     80.00      1444.90
     90.00      1446.00
     95.00      1443.80
    100.00      1441.80

                                 ( RMS roughness =  0.200E-01 )
     Bathymetry file selected
     Perfectly RIGID

 Number of sources   =            1
 Source depths (m)
   90.0000    

 Number of receivers =            6
 Receiver depths (m)
   87.0000       88.0000       89.0000       90.0000       91.0000    
   92.0000    

 Number of ranges   =            6
 Receiver ranges (km)
  0.900000       1.00000       1.10000       1.90000       2.00000    
   2.10000    

 Arrivals calculation, ASCII  file output
 Geometric hat beams
 Point source (cylindrical coordinates)
 Rectilinear receiver grid: Receivers at rr( : ) x rd( : )

 Number of beams   =        16380
 Beam take-off angles (degrees)
  -10.0000      -9.99921      -9.99841      -9.99762      -9.99683    
  -9.99603      -9.99524      -9.99444      -9.99365      -9.99286    
  -9.99206      -9.99127      -9.99048      -9.98968      -9.98889    
  -9.98809      -9.98730      -9.98651      -9.98571      -9.98492    
  -9.98413    

 Step length,     deltas =    10.000000000000000      m

 Maximum ray Depth, zBox =    100.00000000000000      m
 Maximum ray range, rBox =    2200.0000000000000      m
 No beam shift in effect

 *********************************
 Using bottom-bathymetry file
 Curvilinear Interpolation
 Number of bathymetry points           3

  Range (km)  Depth (m)
   0.00       95.0    
   2.25       94.0    
   4.50       94.0    

 ( Maximum # of arrivals =        55555 )

 Tracing beam            1  -10.000000000000000     

 Minimum width beams                     
 halfwidth  =    3.4353967987207126     
 EpsOpt     =  (  0.0000000000000000     ,  1446000.0000000000     )
 EpsMult    =    1.0000000000000000     

 Tracing beam          328  -9.7404603455644416     
 Tracing beam          655  -9.4809206911288850     
 Tracing beam          982  -9.2213810366933266     
 Tracing beam         1309  -8.9618413822577701     
 Tracing beam         1636  -8.7023017278222117     
 Tracing beam         1963  -8.4427620733866533     
 Tracing beam         2290  -8.1832224189510967     
 Tracing beam         2617  -7.9236827645155374     
 Tracing beam         2944  -7.6641431100799817     
 Tracing beam         3271  -7.4046034556444233     
 Tracing beam         3598  -7.1450638012088650     
 Tracing beam         3925  -6.8855241467733075     
 Tracing beam         4252  -6.6259844923377500     
 Tracing beam         4579  -6.3664448379021916     
 Tracing beam         4906  -6.1069051834666350     
 Tracing beam         5233  -5.8473655290310766     
 Tracing beam         5560  -5.5878258745955192     
 Tracing beam         5887  -5.3282862201599617     
 Tracing beam         6214  -5.0687465657244033     
 Tracing beam         6541  -4.8092069112888458     
 Tracing beam         6868  -4.5496672568532883     
 Tracing beam         7195  -4.2901276024177308     
 Tracing beam         7522  -4.0305879479821725     
 Tracing beam         7849  -3.7710482935466145     
 Tracing beam         8176  -3.5115086391110570     
 Tracing beam         8503  -3.2519689846755000     
 Tracing beam         8830  -2.9924293302399416     
 Tracing beam         9157  -2.7328896758043841     
 Tracing beam         9484  -2.4733500213688266     
 Tracing beam         9811  -2.2138103669332692     
 Tracing beam        10138  -1.9542707124977117     
 Tracing beam        10465  -1.6947310580621533     
 Tracing beam        10792  -1.4351914036265949     
 Tracing beam        11119  -1.1756517491910383     
 Tracing beam        11446 -0.91611209475547983     
 Tracing beam        11773 -0.65657244031992323     
 Tracing beam        12100 -0.39703278588436497     
 Tracing beam        12427 -0.13749313144880659     
 Tracing beam        12754  0.12204652298675001     
 Tracing beam        13081  0.38158617742230838     
 Tracing beam        13408  0.64112583185786665     
 Tracing beam        13735  0.90066548629342336     
 Tracing beam        14062   1.1602051407289817     
 Tracing beam        14389   1.4197447951645383     
 Tracing beam        14716   1.6792844496000967     
 Tracing beam        15043   1.9388241040356549     
 Tracing beam        15370   2.1983637584712117     
 Tracing beam        15697   2.4579034129067701     
 Tracing beam        16024   2.7174430673423284     
 Tracing beam        16351   2.9769827217778850     

 CPU Time =        6.40    s
