 BELLHOP- UWASN                                                                  
 frequency =  0.4000E+05 Hz

 Dummy parameter NMedia =            1

     C-LINEAR approximation to SSP
     Attenuation units: dB/mkHz
     THORP attenuation added
     VACUUM

 Depth =    100.00000000000000      m

 C-Linear SSP option

 Sound speed profile:
      7.00      1447.00
     10.00      1474.90
     20.00      1497.70
     30.00      1478.70
     40.00      1460.10
     50.00      1450.80
     60.00      1447.10
     70.00      1447.10
     80.00      1444.90
     90.00      1446.00
     95.00      1443.80
    100.00      1441.80

                                 ( RMS roughness =  0.200E-01 )
     Bathymetry file selected
     Perfectly RIGID

 Number of sources   =            1
 Source depths (m)
   90.0000    

 Number of receivers =            6
 Receiver depths (m)
   87.0000       88.0000       89.0000       90.0000       91.0000    
   92.0000    

 Number of ranges   =            6
 Receiver ranges (km)
  0.900000       1.00000       1.10000       1.90000       2.00000    
   2.10000    

 Arrivals calculation, ASCII  file output
 Geometric hat beams
 Point source (cylindrical coordinates)
 Rectilinear receiver grid: Receivers at rr( : ) x rd( : )

 Number of beams   =        16800
 Beam take-off angles (degrees)
  -10.0000      -9.99923      -9.99845      -9.99768      -9.99690    
  -9.99613      -9.99536      -9.99458      -9.99381      -9.99304    
  -9.99226      -9.99149      -9.99071      -9.98994      -9.98917    
  -9.98839      -9.98762      -9.98684      -9.98607      -9.98530    
  -9.98452    

 Step length,     deltas =    10.000000000000000      m

 Maximum ray Depth, zBox =    100.00000000000000      m
 Maximum ray range, rBox =    2200.0000000000000      m
 No beam shift in effect

 *********************************
 Using bottom-bathymetry file
 Curvilinear Interpolation
 Number of bathymetry points           3

  Range (km)  Depth (m)
   0.00       95.0    
   2.25       94.0    
   4.50       94.0    

 ( Maximum # of arrivals =        55555 )

 Tracing beam            1  -10.000000000000000     

 Minimum width beams                     
 halfwidth  =    3.3921825401272274     
 EpsOpt     =  (  0.0000000000000000     ,  1446000.0000000000     )
 EpsMult    =    1.0000000000000000     

 Tracing beam          337  -9.7399845228882675     
 Tracing beam          673  -9.4799690457765351     
 Tracing beam         1009  -9.2199535686648009     
 Tracing beam         1345  -8.9599380915530684     
 Tracing beam         1681  -8.6999226144413360     
 Tracing beam         2017  -8.4399071373296035     
 Tracing beam         2353  -8.1798916602178693     
 Tracing beam         2689  -7.9198761831061368     
 Tracing beam         3025  -7.6598607059944044     
 Tracing beam         3361  -7.3998452288826710     
 Tracing beam         3697  -7.1398297517709386     
 Tracing beam         4033  -6.8798142746592061     
 Tracing beam         4369  -6.6197987975474719     
 Tracing beam         4705  -6.3597833204357404     
 Tracing beam         5041  -6.0997678433240079     
 Tracing beam         5377  -5.8397523662122737     
 Tracing beam         5713  -5.5797368891005421     
 Tracing beam         6049  -5.3197214119888088     
 Tracing beam         6385  -5.0597059348770754     
 Tracing beam         6721  -4.7996904577653430     
 Tracing beam         7057  -4.5396749806536105     
 Tracing beam         7393  -4.2796595035418772     
 Tracing beam         7729  -4.0196440264301447     
 Tracing beam         8065  -3.7596285493184123     
 Tracing beam         8401  -3.4996130722066789     
 Tracing beam         8737  -3.2395975950949465     
 Tracing beam         9073  -2.9795821179832132     
 Tracing beam         9409  -2.7195666408714807     
 Tracing beam         9745  -2.4595511637597474     
 Tracing beam        10081  -2.1995356866480149     
 Tracing beam        10417  -1.9395202095362813     
 Tracing beam        10753  -1.6795047324245491     
 Tracing beam        11089  -1.4194892553128167     
 Tracing beam        11425  -1.1594737782010842     
 Tracing beam        11761 -0.89945830108934988     
 Tracing beam        12097 -0.63944282397761754     
 Tracing beam        12433 -0.37942734686588508     
 Tracing beam        12769 -0.11941186975415263     
 Tracing beam        13105  0.14060360735757982     
 Tracing beam        13441  0.40061908446931399     
 Tracing beam        13777  0.66063456158104650     
 Tracing beam        14113  0.92065003869277895     
 Tracing beam        14449   1.1806655158045114     
 Tracing beam        14785   1.4406809929162456     
 Tracing beam        15121   1.7006964700279779     
 Tracing beam        15457   1.9607119471397105     
 Tracing beam        15793   2.2207274242514430     
 Tracing beam        16129   2.4807429013631754     
 Tracing beam        16465   2.7407583784749097     

 CPU Time =        6.59    s
