 BELLHOP- UWASN                                                                  
 frequency =  0.4025E+05 Hz

 Dummy parameter NMedia =            1

     C-LINEAR approximation to SSP
     Attenuation units: dB/mkHz
     THORP attenuation added
     VACUUM

 Depth =    100.00000000000000      m

 C-Linear SSP option

 Sound speed profile:
      7.00      1447.00
     10.00      1474.90
     20.00      1497.70
     30.00      1478.70
     40.00      1460.10
     50.00      1450.80
     60.00      1447.10
     70.00      1447.10
     80.00      1444.90
     90.00      1446.00
     95.00      1443.80
    100.00      1441.80

                                 ( RMS roughness =  0.200E-01 )
     Bathymetry file selected
     Perfectly RIGID

 Number of sources   =            1
 Source depths (m)
   90.0000    

 Number of receivers =            6
 Receiver depths (m)
   87.0000       88.0000       89.0000       90.0000       91.0000    
   92.0000    

 Number of ranges   =            6
 Receiver ranges (km)
  0.900000       1.00000       1.10000       1.90000       2.00000    
   2.10000    

 Arrivals calculation, ASCII  file output
 Geometric hat beams
 Point source (cylindrical coordinates)
 Rectilinear receiver grid: Receivers at rr( : ) x rd( : )

 Number of beams   =        16905
 Beam take-off angles (degrees)
  -10.0000      -9.99923      -9.99846      -9.99769      -9.99692    
  -9.99615      -9.99539      -9.99462      -9.99385      -9.99308    
  -9.99231      -9.99154      -9.99077      -9.99000      -9.98923    
  -9.98846      -9.98770      -9.98693      -9.98616      -9.98539    
  -9.98462    

 Step length,     deltas =    10.000000000000000      m

 Maximum ray Depth, zBox =    100.00000000000000      m
 Maximum ray range, rBox =    2200.0000000000000      m
 No beam shift in effect

 *********************************
 Using bottom-bathymetry file
 Curvilinear Interpolation
 Number of bathymetry points           3

  Range (km)  Depth (m)
   0.00       95.0    
   2.25       93.0    
   4.50       92.0    

 ( Maximum # of arrivals =        55555 )

 Tracing beam            1  -10.000000000000000     

 Minimum width beams                     
 halfwidth  =    3.3816314024676810     
 EpsOpt     =  (  0.0000000000000000     ,  1446000.0000000000     )
 EpsMult    =    1.0000000000000000     

 Tracing beam          339  -9.7400615238996693     
 Tracing beam          677  -9.4801230477993368     
 Tracing beam         1015  -9.2201845716990061     
 Tracing beam         1353  -8.9602460955986754     
 Tracing beam         1691  -8.7003076194983429     
 Tracing beam         2029  -8.4403691433980121     
 Tracing beam         2367  -8.1804306672976814     
 Tracing beam         2705  -7.9204921911973498     
 Tracing beam         3043  -7.6605537150970182     
 Tracing beam         3381  -7.4006152389966884     
 Tracing beam         3719  -7.1406767628963550     
 Tracing beam         4057  -6.8807382867960243     
 Tracing beam         4395  -6.6207998106956936     
 Tracing beam         4733  -6.3608613345953620     
 Tracing beam         5071  -6.1009228584950295     
 Tracing beam         5409  -5.8409843823946996     
 Tracing beam         5747  -5.5810459062943680     
 Tracing beam         6085  -5.3211074301940364     
 Tracing beam         6423  -5.0611689540937057     
 Tracing beam         6761  -4.8012304779933741     
 Tracing beam         7099  -4.5412920018930434     
 Tracing beam         7437  -4.2813535257927118     
 Tracing beam         7775  -4.0214150496923811     
 Tracing beam         8113  -3.7614765735920490     
 Tracing beam         8451  -3.5015380974917178     
 Tracing beam         8789  -3.2415996213913871     
 Tracing beam         9127  -2.9816611452910555     
 Tracing beam         9465  -2.7217226691907239     
 Tracing beam         9803  -2.4617841930903932     
 Tracing beam        10141  -2.2018457169900616     
 Tracing beam        10479  -1.9419072408897300     
 Tracing beam        10817  -1.6819687647893993     
 Tracing beam        11155  -1.4220302886890686     
 Tracing beam        11493  -1.1620918125887361     
 Tracing beam        11831 -0.90215333648840523     
 Tracing beam        12169 -0.64221486038807452     
 Tracing beam        12507 -0.38227638428774213     
 Tracing beam        12845 -0.12233790818741143     
 Tracing beam        13183  0.13760056791291927     
 Tracing beam        13521  0.39753904401325174     
 Tracing beam        13859  0.65747752011358251     
 Tracing beam        14197  0.91741599621391323     
 Tracing beam        14535   1.1773544723142439     
 Tracing beam        14873   1.4372929484145764     
 Tracing beam        15211   1.6972314245149072     
 Tracing beam        15549   1.9571699006152379     
 Tracing beam        15887   2.2171083767155704     
 Tracing beam        16225   2.4770468528159011     
 Tracing beam        16563   2.7369853289162318     
 Tracing beam        16901   2.9969238050165643     

 CPU Time =        6.61    s
