 BELLHOP- UWASN                                                                  
 frequency =  0.4075E+05 Hz

 Dummy parameter NMedia =            1

     C-LINEAR approximation to SSP
     Attenuation units: dB/mkHz
     THORP attenuation added
     VACUUM

 Depth =    100.00000000000000      m

 C-Linear SSP option

 Sound speed profile:
      7.00      1447.00
     10.00      1474.90
     20.00      1497.70
     30.00      1478.70
     40.00      1460.10
     50.00      1450.80
     60.00      1447.10
     70.00      1447.10
     80.00      1444.90
     90.00      1446.00
     95.00      1443.80
    100.00      1441.80

                                 ( RMS roughness =  0.200E-01 )
     Bathymetry file selected
     Perfectly RIGID

 Number of sources   =            1
 Source depths (m)
   90.0000    

 Number of receivers =            6
 Receiver depths (m)
   87.0000       88.0000       89.0000       90.0000       91.0000    
   92.0000    

 Number of ranges   =            6
 Receiver ranges (km)
  0.900000       1.00000       1.10000       1.90000       2.00000    
   2.10000    

 Arrivals calculation, ASCII  file output
 Geometric hat beams
 Point source (cylindrical coordinates)
 Rectilinear receiver grid: Receivers at rr( : ) x rd( : )

 Number of beams   =        17115
 Beam take-off angles (degrees)
  -10.0000      -9.99924      -9.99848      -9.99772      -9.99696    
  -9.99620      -9.99544      -9.99468      -9.99392      -9.99316    
  -9.99240      -9.99164      -9.99088      -9.99013      -9.98937    
  -9.98861      -9.98785      -9.98709      -9.98633      -9.98557    
  -9.98481    

 Step length,     deltas =    10.000000000000000      m

 Maximum ray Depth, zBox =    100.00000000000000      m
 Maximum ray range, rBox =    2200.0000000000000      m
 No beam shift in effect

 *********************************
 Using bottom-bathymetry file
 Curvilinear Interpolation
 Number of bathymetry points           3

  Range (km)  Depth (m)
   0.00       95.0    
   1.28       95.0    
   2.55       96.0    

 ( Maximum # of arrivals =        55555 )

 Tracing beam            1  -10.000000000000000     

 Minimum width beams                     
 halfwidth  =    3.3608211654379154     
 EpsOpt     =  (  0.0000000000000000     ,  1446000.0000000000     )
 EpsMult    =    1.0000000000000000     

 Tracing beam          343  -9.7402126913637961     
 Tracing beam          685  -9.4804253827275922     
 Tracing beam         1027  -9.2206380740913865     
 Tracing beam         1369  -8.9608507654551826     
 Tracing beam         1711  -8.7010634568189786     
 Tracing beam         2053  -8.4412761481827747     
 Tracing beam         2395  -8.1814888395465708     
 Tracing beam         2737  -7.9217015309103660     
 Tracing beam         3079  -7.6619142222741603     
 Tracing beam         3421  -7.4021269136379573     
 Tracing beam         3763  -7.1423396050017534     
 Tracing beam         4105  -6.8825522963655485     
 Tracing beam         4447  -6.6227649877293446     
 Tracing beam         4789  -6.3629776790931398     
 Tracing beam         5131  -6.1031903704569359     
 Tracing beam         5473  -5.8434030618207311     
 Tracing beam         5815  -5.5836157531845272     
 Tracing beam         6157  -5.3238284445483224     
 Tracing beam         6499  -5.0640411359121185     
 Tracing beam         6841  -4.8042538272759137     
 Tracing beam         7183  -4.5444665186397106     
 Tracing beam         7525  -4.2846792100035049     
 Tracing beam         7867  -4.0248919013673019     
 Tracing beam         8209  -3.7651045927310967     
 Tracing beam         8551  -3.5053172840948932     
 Tracing beam         8893  -3.2455299754586893     
 Tracing beam         9235  -2.9857426668224845     
 Tracing beam         9577  -2.7259553581862805     
 Tracing beam         9919  -2.4661680495500757     
 Tracing beam        10261  -2.2063807409138718     
 Tracing beam        10603  -1.9465934322776677     
 Tracing beam        10945  -1.6868061236414640     
 Tracing beam        11287  -1.4270188150052583     
 Tracing beam        11629  -1.1672315063690544     
 Tracing beam        11971 -0.90744419773285034     
 Tracing beam        12313 -0.64765688909664654     
 Tracing beam        12655 -0.38786958046044262     
 Tracing beam        12997 -0.12808227182423693     
 Tracing beam        13339  0.13170503681196699     
 Tracing beam        13681  0.39149234544817091     
 Tracing beam        14023  0.65127965408437483     
 Tracing beam        14365  0.91106696272057874     
 Tracing beam        14707   1.1708542713567842     
 Tracing beam        15049   1.4306415799929884     
 Tracing beam        15391   1.6904288886291923     
 Tracing beam        15733   1.9502161972653962     
 Tracing beam        16075   2.2100035059016001     
 Tracing beam        16417   2.4697908145378058     
 Tracing beam        16759   2.7295781231740097     
 Tracing beam        17101   2.9893654318102136     

 CPU Time =        6.87    s
