 BELLHOP- UWASN                                                                  
 frequency =  0.4100E+05 Hz

 Dummy parameter NMedia =            1

     C-LINEAR approximation to SSP
     Attenuation units: dB/mkHz
     THORP attenuation added
     VACUUM

 Depth =    100.00000000000000      m

 C-Linear SSP option

 Sound speed profile:
      7.00      1447.00
     10.00      1474.90
     20.00      1497.70
     30.00      1478.70
     40.00      1460.10
     50.00      1450.80
     60.00      1447.10
     70.00      1447.10
     80.00      1444.90
     90.00      1446.00
     95.00      1443.80
    100.00      1441.80

                                 ( RMS roughness =  0.200E-01 )
     Bathymetry file selected
     Perfectly RIGID

 Number of sources   =            1
 Source depths (m)
   90.0000    

 Number of receivers =            6
 Receiver depths (m)
   87.0000       88.0000       89.0000       90.0000       91.0000    
   92.0000    

 Number of ranges   =            6
 Receiver ranges (km)
  0.900000       1.00000       1.10000       1.90000       2.00000    
   2.10000    

 Arrivals calculation, ASCII  file output
 Geometric hat beams
 Point source (cylindrical coordinates)
 Rectilinear receiver grid: Receivers at rr( : ) x rd( : )

 Number of beams   =        17220
 Beam take-off angles (degrees)
  -10.0000      -9.99925      -9.99849      -9.99774      -9.99698    
  -9.99623      -9.99547      -9.99472      -9.99396      -9.99321    
  -9.99245      -9.99170      -9.99094      -9.99019      -9.98943    
  -9.98868      -9.98792      -9.98717      -9.98641      -9.98566    
  -9.98490    

 Step length,     deltas =    10.000000000000000      m

 Maximum ray Depth, zBox =    100.00000000000000      m
 Maximum ray range, rBox =    2200.0000000000000      m
 No beam shift in effect

 *********************************
 Using bottom-bathymetry file
 Curvilinear Interpolation
 Number of bathymetry points           3

  Range (km)  Depth (m)
   0.00       95.0    
   2.25       97.0    
   4.50       96.0    

 ( Maximum # of arrivals =        55555 )

 Tracing beam            1  -10.000000000000000     

 Minimum width beams                     
 halfwidth  =    3.3505590921216464     
 EpsOpt     =  (  0.0000000000000000     ,  1446000.0000000000     )
 EpsMult    =    1.0000000000000000     

 Tracing beam          345  -9.7402868923863171     
 Tracing beam          689  -9.4805737847726341     
 Tracing beam         1033  -9.2208606771589530     
 Tracing beam         1377  -8.9611475695452700     
 Tracing beam         1721  -8.7014344619315871     
 Tracing beam         2065  -8.4417213543179042     
 Tracing beam         2409  -8.1820082467042212     
 Tracing beam         2753  -7.9222951390905401     
 Tracing beam         3097  -7.6625820314768562     
 Tracing beam         3441  -7.4028689238631733     
 Tracing beam         3785  -7.1431558162494913     
 Tracing beam         4129  -6.8834427086358092     
 Tracing beam         4473  -6.6237296010221263     
 Tracing beam         4817  -6.3640164934084442     
 Tracing beam         5161  -6.1043033857947613     
 Tracing beam         5505  -5.8445902781810783     
 Tracing beam         5849  -5.5848771705673963     
 Tracing beam         6193  -5.3251640629537134     
 Tracing beam         6537  -5.0654509553400313     
 Tracing beam         6881  -4.8057378477263484     
 Tracing beam         7225  -4.5460247401126663     
 Tracing beam         7569  -4.2863116324989834     
 Tracing beam         7913  -4.0265985248853013     
 Tracing beam         8257  -3.7668854172716189     
 Tracing beam         8601  -3.5071723096579355     
 Tracing beam         8945  -3.2474592020442534     
 Tracing beam         9289  -2.9877460944305705     
 Tracing beam         9633  -2.7280329868168884     
 Tracing beam         9977  -2.4683198792032055     
 Tracing beam        10321  -2.2086067715895226     
 Tracing beam        10665  -1.9488936639758396     
 Tracing beam        11009  -1.6891805563621585     
 Tracing beam        11353  -1.4294674487484755     
 Tracing beam        11697  -1.1697543411347926     
 Tracing beam        12041 -0.91004123352110955     
 Tracing beam        12385 -0.65032812590742661     
 Tracing beam        12729 -0.39061501829374556     
 Tracing beam        13073 -0.13090191068006263     
 Tracing beam        13417  0.12881119693362031     
 Tracing beam        13761  0.38852430454730325     
 Tracing beam        14105  0.64823741216098441     
 Tracing beam        14449  0.90795051977466734     
 Tracing beam        14793   1.1676636273883503     
 Tracing beam        15137   1.4273767350020332     
 Tracing beam        15481   1.6870898426157162     
 Tracing beam        15825   1.9468029502293971     
 Tracing beam        16169   2.2065160578430802     
 Tracing beam        16513   2.4662291654567632     
 Tracing beam        16857   2.7259422730704461     
 Tracing beam        17201   2.9856553806841286     

 CPU Time =        6.94    s
