 BELLHOP- UWASN                                                                  
 frequency =  0.4125E+05 Hz

 Dummy parameter NMedia =            1

     C-LINEAR approximation to SSP
     Attenuation units: dB/mkHz
     THORP attenuation added
     VACUUM

 Depth =    100.00000000000000      m

 C-Linear SSP option

 Sound speed profile:
      7.00      1447.00
     10.00      1474.90
     20.00      1497.70
     30.00      1478.70
     40.00      1460.10
     50.00      1450.80
     60.00      1447.10
     70.00      1447.10
     80.00      1444.90
     90.00      1446.00
     95.00      1443.80
    100.00      1441.80

                                 ( RMS roughness =  0.200E-01 )
     Bathymetry file selected
     Perfectly RIGID

 Number of sources   =            1
 Source depths (m)
   90.0000    

 Number of receivers =            6
 Receiver depths (m)
   87.0000       88.0000       89.0000       90.0000       91.0000    
   92.0000    

 Number of ranges   =            6
 Receiver ranges (km)
  0.900000       1.00000       1.10000       1.90000       2.00000    
   2.10000    

 Arrivals calculation, ASCII  file output
 Geometric hat beams
 Point source (cylindrical coordinates)
 Rectilinear receiver grid: Receivers at rr( : ) x rd( : )

 Number of beams   =        17325
 Beam take-off angles (degrees)
  -10.0000      -9.99925      -9.99850      -9.99775      -9.99700    
  -9.99625      -9.99550      -9.99475      -9.99400      -9.99325    
  -9.99250      -9.99175      -9.99100      -9.99024      -9.98949    
  -9.98874      -9.98799      -9.98724      -9.98649      -9.98574    
  -9.98499    

 Step length,     deltas =    10.000000000000000      m

 Maximum ray Depth, zBox =    100.00000000000000      m
 Maximum ray range, rBox =    2200.0000000000000      m
 No beam shift in effect

 *********************************
 Using bottom-bathymetry file
 Curvilinear Interpolation
 Number of bathymetry points           3

  Range (km)  Depth (m)
   0.00       95.0    
   2.25       97.0    
   4.50       96.0    

 ( Maximum # of arrivals =        55555 )

 Tracing beam            1  -10.000000000000000     

 Minimum width beams                     
 halfwidth  =    3.3403904523065648     
 EpsOpt     =  (  0.0000000000000000     ,  1446000.0000000000     )
 EpsMult    =    1.0000000000000000     

 Tracing beam          347  -9.7403601939505879     
 Tracing beam          693  -9.4807203879011777     
 Tracing beam         1039  -9.2210805818517656     
 Tracing beam         1385  -8.9614407758023553     
 Tracing beam         1731  -8.7018009697529433     
 Tracing beam         2077  -8.4421611637035330     
 Tracing beam         2423  -8.1825213576541209     
 Tracing beam         2769  -7.9228815516047106     
 Tracing beam         3115  -7.6632417455552986     
 Tracing beam         3461  -7.4036019395058883     
 Tracing beam         3807  -7.1439621334564762     
 Tracing beam         4153  -6.8843223274070651     
 Tracing beam         4499  -6.6246825213576539     
 Tracing beam         4845  -6.3650427153082427     
 Tracing beam         5191  -6.1054029092588316     
 Tracing beam         5537  -5.8457631032094204     
 Tracing beam         5883  -5.5861232971600092     
 Tracing beam         6229  -5.3264834911105980     
 Tracing beam         6575  -5.0668436850611869     
 Tracing beam         6921  -4.8072038790117757     
 Tracing beam         7267  -4.5475640729623645     
 Tracing beam         7613  -4.2879242669129534     
 Tracing beam         7959  -4.0282844608635404     
 Tracing beam         8305  -3.7686446548141297     
 Tracing beam         8651  -3.5090048487647190     
 Tracing beam         8997  -3.2493650427153078     
 Tracing beam         9343  -2.9897252366658966     
 Tracing beam         9689  -2.7300854306164855     
 Tracing beam        10035  -2.4704456245670743     
 Tracing beam        10381  -2.2108058185176631     
 Tracing beam        10727  -1.9511660124682513     
 Tracing beam        11073  -1.6915262064188408     
 Tracing beam        11419  -1.4318864003694287     
 Tracing beam        11765  -1.1722465943200182     
 Tracing beam        12111 -0.91260678827060637     
 Tracing beam        12457 -0.65296698222119609     
 Tracing beam        12803 -0.39332717617178398     
 Tracing beam        13149 -0.13368737012237375     
 Tracing beam        13495  0.12595243592703831     
 Tracing beam        13841  0.38559224197644859     
 Tracing beam        14187  0.64523204802586065     
 Tracing beam        14533  0.90487185407527093     
 Tracing beam        14879   1.1645116601246828     
 Tracing beam        15225   1.4241514661740933     
 Tracing beam        15571   1.6837912722235053     
 Tracing beam        15917   1.9434310782729174     
 Tracing beam        16263   2.2030708843223277     
 Tracing beam        16609   2.4627106903717397     
 Tracing beam        16955   2.7223504964211500     
 Tracing beam        17301   2.9819903024705621     

 CPU Time =        7.09    s
