 BELLHOP- UWASN                                                                  
 frequency =  0.4175E+05 Hz

 Dummy parameter NMedia =            1

     C-LINEAR approximation to SSP
     Attenuation units: dB/mkHz
     THORP attenuation added
     VACUUM

 Depth =    100.00000000000000      m

 C-Linear SSP option

 Sound speed profile:
      7.00      1447.00
     10.00      1474.90
     20.00      1497.70
     30.00      1478.70
     40.00      1460.10
     50.00      1450.80
     60.00      1447.10
     70.00      1447.10
     80.00      1444.90
     90.00      1446.00
     95.00      1443.80
    100.00      1441.80

                                 ( RMS roughness =  0.200E-01 )
     Bathymetry file selected
     Perfectly RIGID

 Number of sources   =            1
 Source depths (m)
   90.0000    

 Number of receivers =            6
 Receiver depths (m)
   87.0000       88.0000       89.0000       90.0000       91.0000    
   92.0000    

 Number of ranges   =            6
 Receiver ranges (km)
  0.900000       1.00000       1.10000       1.90000       2.00000    
   2.10000    

 Arrivals calculation, ASCII  file output
 Geometric hat beams
 Point source (cylindrical coordinates)
 Rectilinear receiver grid: Receivers at rr( : ) x rd( : )

 Number of beams   =        17535
 Beam take-off angles (degrees)
  -10.0000      -9.99926      -9.99852      -9.99778      -9.99703    
  -9.99629      -9.99555      -9.99481      -9.99407      -9.99333    
  -9.99259      -9.99184      -9.99110      -9.99036      -9.98962    
  -9.98888      -9.98814      -9.98740      -9.98665      -9.98591    
  -9.98517    

 Step length,     deltas =    10.000000000000000      m

 Maximum ray Depth, zBox =    100.00000000000000      m
 Maximum ray range, rBox =    2200.0000000000000      m
 No beam shift in effect

 *********************************
 Using bottom-bathymetry file
 Curvilinear Interpolation
 Number of bathymetry points           3

  Range (km)  Depth (m)
   0.00       95.0    
   2.25       93.0    
   4.50       92.0    

 ( Maximum # of arrivals =        55555 )

 Tracing beam            1  -10.000000000000000     

 Minimum width beams                     
 halfwidth  =    3.3203278657160569     
 EpsOpt     =  (  0.0000000000000000     ,  1446000.0000000000     )
 EpsMult    =    1.0000000000000000     

 Tracing beam          351  -9.7405041633397964     
 Tracing beam          701  -9.4810083266795946     
 Tracing beam         1051  -9.2215124900193910     
 Tracing beam         1401  -8.9620166533591874     
 Tracing beam         1751  -8.7025208166989856     
 Tracing beam         2101  -8.4430249800387820     
 Tracing beam         2451  -8.1835291433785784     
 Tracing beam         2801  -7.9240333067183757     
 Tracing beam         3151  -7.6645374700581730     
 Tracing beam         3501  -7.4050416333979694     
 Tracing beam         3851  -7.1455457967377667     
 Tracing beam         4201  -6.8860499600775631     
 Tracing beam         4551  -6.6265541234173604     
 Tracing beam         4901  -6.3670582867571577     
 Tracing beam         5251  -6.1075624500969550     
 Tracing beam         5601  -5.8480666134367514     
 Tracing beam         5951  -5.5885707767765478     
 Tracing beam         6301  -5.3290749401163460     
 Tracing beam         6651  -5.0695791034561424     
 Tracing beam         7001  -4.8100832667959397     
 Tracing beam         7351  -4.5505874301357370     
 Tracing beam         7701  -4.2910915934755325     
 Tracing beam         8051  -4.0315957568153307     
 Tracing beam         8401  -3.7720999201551271     
 Tracing beam         8751  -3.5126040834949244     
 Tracing beam         9101  -3.2531082468347217     
 Tracing beam         9451  -2.9936124101745181     
 Tracing beam         9801  -2.7341165735143154     
 Tracing beam        10151  -2.4746207368541127     
 Tracing beam        10501  -2.2151249001939091     
 Tracing beam        10851  -1.9556290635337064     
 Tracing beam        11201  -1.6961332268735028     
 Tracing beam        11551  -1.4366373902133009     
 Tracing beam        11901  -1.1771415535530971     
 Tracing beam        12251 -0.91764571689289387     
 Tracing beam        12601 -0.65814988023269194     
 Tracing beam        12951 -0.39865404357248835     
 Tracing beam        13301 -0.13915820691228475     
 Tracing beam        13651  0.12033762974791708     
 Tracing beam        14001  0.37983346640812066     
 Tracing beam        14351  0.63932930306832425     
 Tracing beam        14701  0.89882513972852618     
 Tracing beam        15051   1.1583209763887294     
 Tracing beam        15401   1.4178168130489333     
 Tracing beam        15751   1.6773126497091368     
 Tracing beam        16101   1.9368084863693389     
 Tracing beam        16451   2.1963043230295418     
 Tracing beam        16801   2.4558001596897459     
 Tracing beam        17151   2.7152959963499477     
 Tracing beam        17501   2.9747918330101513     

 CPU Time =        7.07    s
