 BELLHOP- UWASN                                                                  
 frequency =  0.4225E+05 Hz

 Dummy parameter NMedia =            1

     C-LINEAR approximation to SSP
     Attenuation units: dB/mkHz
     THORP attenuation added
     VACUUM

 Depth =    100.00000000000000      m

 C-Linear SSP option

 Sound speed profile:
      7.00      1447.00
     10.00      1474.90
     20.00      1497.70
     30.00      1478.70
     40.00      1460.10
     50.00      1450.80
     60.00      1447.10
     70.00      1447.10
     80.00      1444.90
     90.00      1446.00
     95.00      1443.80
    100.00      1441.80

                                 ( RMS roughness =  0.200E-01 )
     Bathymetry file selected
     Perfectly RIGID

 Number of sources   =            1
 Source depths (m)
   90.0000    

 Number of receivers =            6
 Receiver depths (m)
   87.0000       88.0000       89.0000       90.0000       91.0000    
   92.0000    

 Number of ranges   =            6
 Receiver ranges (km)
  0.900000       1.00000       1.10000       1.90000       2.00000    
   2.10000    

 Arrivals calculation, ASCII  file output
 Geometric hat beams
 Point source (cylindrical coordinates)
 Rectilinear receiver grid: Receivers at rr( : ) x rd( : )

 Number of beams   =        17745
 Beam take-off angles (degrees)
  -10.0000      -9.99927      -9.99853      -9.99780      -9.99707    
  -9.99634      -9.99560      -9.99487      -9.99414      -9.99341    
  -9.99267      -9.99194      -9.99121      -9.99048      -9.98974    
  -9.98901      -9.98828      -9.98755      -9.98681      -9.98608    
  -9.98535    

 Step length,     deltas =    10.000000000000000      m

 Maximum ray Depth, zBox =    100.00000000000000      m
 Maximum ray range, rBox =    2200.0000000000000      m
 No beam shift in effect

 *********************************
 Using bottom-bathymetry file
 Curvilinear Interpolation
 Number of bathymetry points           3

  Range (km)  Depth (m)
   0.00       95.0    
   2.25       96.0    
   4.50       94.0    

 ( Maximum # of arrivals =        55555 )

 Tracing beam            1  -10.000000000000000     

 Minimum width beams                     
 halfwidth  =    3.3006224818023253     
 EpsOpt     =  (  0.0000000000000000     ,  1446000.0000000000     )
 EpsMult    =    1.0000000000000000     

 Tracing beam          355  -9.7406447249774573     
 Tracing beam          709  -9.4812894499549127     
 Tracing beam         1063  -9.2219341749323718     
 Tracing beam         1417  -8.9625788999098290     
 Tracing beam         1771  -8.7032236248872845     
 Tracing beam         2125  -8.4438683498647435     
 Tracing beam         2479  -8.1845130748422008     
 Tracing beam         2833  -7.9251577998196572     
 Tracing beam         3187  -7.6658025247971144     
 Tracing beam         3541  -7.4064472497745708     
 Tracing beam         3895  -7.1470919747520290     
 Tracing beam         4249  -6.8877366997294853     
 Tracing beam         4603  -6.6283814247069426     
 Tracing beam         4957  -6.3690261496843990     
 Tracing beam         5311  -6.1096708746618571     
 Tracing beam         5665  -5.8503155996393144     
 Tracing beam         6019  -5.5909603246167716     
 Tracing beam         6373  -5.3316050495942289     
 Tracing beam         6727  -5.0722497745716861     
 Tracing beam         7081  -4.8128944995491434     
 Tracing beam         7435  -4.5535392245266006     
 Tracing beam         7789  -4.2941839495040579     
 Tracing beam         8143  -4.0348286744815143     
 Tracing beam         8497  -3.7754733994589711     
 Tracing beam         8851  -3.5161181244364288     
 Tracing beam         9205  -3.2567628494138861     
 Tracing beam         9559  -2.9974075743913433     
 Tracing beam         9913  -2.7380522993688006     
 Tracing beam        10267  -2.4786970243462574     
 Tracing beam        10621  -2.2193417493237151     
 Tracing beam        10975  -1.9599864743011715     
 Tracing beam        11329  -1.7006311992786287     
 Tracing beam        11683  -1.4412759242560860     
 Tracing beam        12037  -1.1819206492335432     
 Tracing beam        12391 -0.92256537421100049     
 Tracing beam        12745 -0.66321009918845775     
 Tracing beam        13099 -0.40385482416591501     
 Tracing beam        13453 -0.14449954914337226     
 Tracing beam        13807  0.11485572587917048     
 Tracing beam        14161  0.37421100090171322     
 Tracing beam        14515  0.63356627592425596     
 Tracing beam        14869  0.89292155094679870     
 Tracing beam        15223   1.1522768259693414     
 Tracing beam        15577   1.4116321009918842     
 Tracing beam        15931   1.6709873760144269     
 Tracing beam        16285   1.9303426510369714     
 Tracing beam        16639   2.1896979260595142     
 Tracing beam        16993   2.4490532010820569     
 Tracing beam        17347   2.7084084761045997     
 Tracing beam        17701   2.9677637511271424     

 CPU Time =        7.41    s
