 BELLHOP- UWASN                                                                  
 frequency =  0.4250E+05 Hz

 Dummy parameter NMedia =            1

     C-LINEAR approximation to SSP
     Attenuation units: dB/mkHz
     THORP attenuation added
     VACUUM

 Depth =    100.00000000000000      m

 C-Linear SSP option

 Sound speed profile:
      7.00      1447.00
     10.00      1474.90
     20.00      1497.70
     30.00      1478.70
     40.00      1460.10
     50.00      1450.80
     60.00      1447.10
     70.00      1447.10
     80.00      1444.90
     90.00      1446.00
     95.00      1443.80
    100.00      1441.80

                                 ( RMS roughness =  0.200E-01 )
     Bathymetry file selected
     Perfectly RIGID

 Number of sources   =            1
 Source depths (m)
   90.0000    

 Number of receivers =            6
 Receiver depths (m)
   87.0000       88.0000       89.0000       90.0000       91.0000    
   92.0000    

 Number of ranges   =            6
 Receiver ranges (km)
  0.900000       1.00000       1.10000       1.90000       2.00000    
   2.10000    

 Arrivals calculation, ASCII  file output
 Geometric hat beams
 Point source (cylindrical coordinates)
 Rectilinear receiver grid: Receivers at rr( : ) x rd( : )

 Number of beams   =        17850
 Beam take-off angles (degrees)
  -10.0000      -9.99927      -9.99854      -9.99782      -9.99709    
  -9.99636      -9.99563      -9.99490      -9.99417      -9.99345    
  -9.99272      -9.99199      -9.99126      -9.99053      -9.98980    
  -9.98908      -9.98835      -9.98762      -9.98689      -9.98616    
  -9.98543    

 Step length,     deltas =    10.000000000000000      m

 Maximum ray Depth, zBox =    100.00000000000000      m
 Maximum ray range, rBox =    2200.0000000000000      m
 No beam shift in effect

 *********************************
 Using bottom-bathymetry file
 Curvilinear Interpolation
 Number of bathymetry points           3

  Range (km)  Depth (m)
   0.00       95.0    
   2.25       97.0    
   4.50       96.0    

 ( Maximum # of arrivals =        55555 )

 Tracing beam            1  -10.000000000000000     

 Minimum width beams                     
 halfwidth  =    3.2909004504283708     
 EpsOpt     =  (  0.0000000000000000     ,  1446000.0000000000     )
 EpsMult    =    1.0000000000000000     

 Tracing beam          358  -9.7399854333576119     
 Tracing beam          715  -9.4799708667152220     
 Tracing beam         1072  -9.2199563000728340     
 Tracing beam         1429  -8.9599417334304441     
 Tracing beam         1786  -8.6999271667880560     
 Tracing beam         2143  -8.4399126001456661     
 Tracing beam         2500  -8.1798980335032780     
 Tracing beam         2857  -7.9198834668608891     
 Tracing beam         3214  -7.6598689002185001     
 Tracing beam         3571  -7.3998543335761093     
 Tracing beam         3928  -7.1398397669337221     
 Tracing beam         4285  -6.8798252002913323     
 Tracing beam         4642  -6.6198106336489442     
 Tracing beam         4999  -6.3597960670065534     
 Tracing beam         5356  -6.0997815003641653     
 Tracing beam         5713  -5.8397669337217764     
 Tracing beam         6070  -5.5797523670793883     
 Tracing beam         6427  -5.3197378004369993     
 Tracing beam         6784  -5.0597232337946103     
 Tracing beam         7141  -4.7997086671522213     
 Tracing beam         7498  -4.5396941005098324     
 Tracing beam         7855  -4.2796795338674434     
 Tracing beam         8212  -4.0196649672250544     
 Tracing beam         8569  -3.7596504005826650     
 Tracing beam         8926  -3.4996358339402764     
 Tracing beam         9283  -3.2396212672978875     
 Tracing beam         9640  -2.9796067006554985     
 Tracing beam         9997  -2.7195921340131095     
 Tracing beam        10354  -2.4595775673707205     
 Tracing beam        10711  -2.1995630007283316     
 Tracing beam        11068  -1.9395484340859424     
 Tracing beam        11425  -1.6795338674435545     
 Tracing beam        11782  -1.4195193008011646     
 Tracing beam        12139  -1.1595047341587765     
 Tracing beam        12496 -0.89949016751638666     
 Tracing beam        12853 -0.63947560087399857     
 Tracing beam        13210 -0.37946103423160871     
 Tracing beam        13567 -0.11944646758922062     
 Tracing beam        13924  0.14056809905316925     
 Tracing beam        14281  0.40058266569555734     
 Tracing beam        14638  0.66059723233794720     
 Tracing beam        14995  0.92061179898033541     
 Tracing beam        15352   1.1806263656227249     
 Tracing beam        15709   1.4406409322651130     
 Tracing beam        16066   1.7006554989075031     
 Tracing beam        16423   1.9606700655498912     
 Tracing beam        16780   2.2206846321922811     
 Tracing beam        17137   2.4806991988346692     
 Tracing beam        17494   2.7407137654770590     

 CPU Time =        7.24    s
