 BELLHOP- UWASN                                                                  
 frequency =   4250.     Hz

 Dummy parameter NMedia =            1

     C-LINEAR approximation to SSP
     Attenuation units: dB/mkHz
     THORP attenuation added
     VACUUM

 Depth =    100.00000000000000      m

 C-Linear SSP option

 Sound speed profile:
      7.00      1447.00
     10.00      1474.90
     20.00      1497.70
     30.00      1478.70
     40.00      1460.10
     50.00      1450.80
     60.00      1447.10
     70.00      1447.10
     80.00      1444.90
     90.00      1446.00
     95.00      1443.80
    100.00      1441.80

                                 ( RMS roughness =  0.200E-01 )
     Bathymetry file selected
     Perfectly RIGID

 Number of sources   =            1
 Source depths (m)
   90.0000    

 Number of receivers =            6
 Receiver depths (m)
   87.0000       88.0000       89.0000       90.0000       91.0000    
   92.0000    

 Number of ranges   =            6
 Receiver ranges (km)
  0.900000       1.00000       1.10000       1.90000       2.00000    
   2.10000    

 Arrivals calculation, ASCII  file output
 Geometric hat beams
 Point source (cylindrical coordinates)
 Rectilinear receiver grid: Receivers at rr( : ) x rd( : )

 Number of beams   =         1785
 Beam take-off angles (degrees)
  -10.0000      -9.99271      -9.98543      -9.97814      -9.97085    
  -9.96357      -9.95628      -9.94899      -9.94170      -9.93442    
  -9.92713      -9.91984      -9.91256      -9.90527      -9.89798    
  -9.89070      -9.88341      -9.87612      -9.86883      -9.86155    
  -9.85426    

 Step length,     deltas =    10.000000000000000      m

 Maximum ray Depth, zBox =    100.00000000000000      m
 Maximum ray range, rBox =    2200.0000000000000      m
 No beam shift in effect

 *********************************
 Using bottom-bathymetry file
 Curvilinear Interpolation
 Number of bathymetry points           3

  Range (km)  Depth (m)
   0.00       95.0    
   2.25       93.0    
   4.50       92.0    

 ( Maximum # of arrivals =        55555 )

 Tracing beam            1  -10.000000000000000     

 Minimum width beams                     
 halfwidth  =    10.406740976227693     
 EpsOpt     =  (  0.0000000000000000     ,  1446000.0000000000     )
 EpsMult    =    1.0000000000000000     

 Tracing beam           36  -9.7449551569506720     
 Tracing beam           71  -9.4899103139013459     
 Tracing beam          106  -9.2348654708520179     
 Tracing beam          141  -8.9798206278026900     
 Tracing beam          176  -8.7247757847533638     
 Tracing beam          211  -8.4697309417040358     
 Tracing beam          246  -8.2146860986547079     
 Tracing beam          281  -7.9596412556053817     
 Tracing beam          316  -7.7045964125560538     
 Tracing beam          351  -7.4495515695067258     
 Tracing beam          386  -7.1945067264573996     
 Tracing beam          421  -6.9394618834080708     
 Tracing beam          456  -6.6844170403587437     
 Tracing beam          491  -6.4293721973094176     
 Tracing beam          526  -6.1743273542600896     
 Tracing beam          561  -5.9192825112107625     
 Tracing beam          596  -5.6642376681614337     
 Tracing beam          631  -5.4091928251121075     
 Tracing beam          666  -5.1541479820627805     
 Tracing beam          701  -4.8991031390134525     
 Tracing beam          736  -4.6440582959641254     
 Tracing beam          771  -4.3890134529147975     
 Tracing beam          806  -4.1339686098654704     
 Tracing beam          841  -3.8789237668161434     
 Tracing beam          876  -3.6238789237668163     
 Tracing beam          911  -3.3688340807174879     
 Tracing beam          946  -3.1137892376681613     
 Tracing beam          981  -2.8587443946188338     
 Tracing beam         1016  -2.6036995515695063     
 Tracing beam         1051  -2.3486547085201792     
 Tracing beam         1086  -2.0936098654708521     
 Tracing beam         1121  -1.8385650224215251     
 Tracing beam         1156  -1.5835201793721971     
 Tracing beam         1191  -1.3284753363228692     
 Tracing beam         1226  -1.0734304932735430     
 Tracing beam         1261 -0.81838565022421506     
 Tracing beam         1296 -0.56334080717488710     
 Tracing beam         1331 -0.30829596412556093     
 Tracing beam         1366 -5.32511210762329767E-002
 Tracing beam         1401  0.20179372197309495     
 Tracing beam         1436  0.45683856502242109     
 Tracing beam         1471  0.71188340807174910     
 Tracing beam         1506  0.96692825112107705     
 Tracing beam         1541   1.2219730941704032     
 Tracing beam         1576   1.4770179372197312     
 Tracing beam         1611   1.7320627802690591     
 Tracing beam         1646   1.9871076233183853     
 Tracing beam         1681   2.2421524663677133     
 Tracing beam         1716   2.4971973094170408     
 Tracing beam         1751   2.7522421524663674     

 CPU Time =       0.676    s
