 BELLHOP- UWASN                                                                  
 frequency =  0.4300E+05 Hz

 Dummy parameter NMedia =            1

     C-LINEAR approximation to SSP
     Attenuation units: dB/mkHz
     THORP attenuation added
     VACUUM

 Depth =    100.00000000000000      m

 C-Linear SSP option

 Sound speed profile:
      7.00      1447.00
     10.00      1474.90
     20.00      1497.70
     30.00      1478.70
     40.00      1460.10
     50.00      1450.80
     60.00      1447.10
     70.00      1447.10
     80.00      1444.90
     90.00      1446.00
     95.00      1443.80
    100.00      1441.80

                                 ( RMS roughness =  0.200E-01 )
     Bathymetry file selected
     Perfectly RIGID

 Number of sources   =            1
 Source depths (m)
   90.0000    

 Number of receivers =            6
 Receiver depths (m)
   87.0000       88.0000       89.0000       90.0000       91.0000    
   92.0000    

 Number of ranges   =            6
 Receiver ranges (km)
  0.900000       1.00000       1.10000       1.90000       2.00000    
   2.10000    

 Arrivals calculation, ASCII  file output
 Geometric hat beams
 Point source (cylindrical coordinates)
 Rectilinear receiver grid: Receivers at rr( : ) x rd( : )

 Number of beams   =        18060
 Beam take-off angles (degrees)
  -10.0000      -9.99928      -9.99856      -9.99784      -9.99712    
  -9.99640      -9.99568      -9.99496      -9.99424      -9.99352    
  -9.99280      -9.99208      -9.99136      -9.99064      -9.98992    
  -9.98920      -9.98848      -9.98776      -9.98704      -9.98632    
  -9.98560    

 Step length,     deltas =    10.000000000000000      m

 Maximum ray Depth, zBox =    100.00000000000000      m
 Maximum ray range, rBox =    2200.0000000000000      m
 No beam shift in effect

 *********************************
 Using bottom-bathymetry file
 Curvilinear Interpolation
 Number of bathymetry points           3

  Range (km)  Depth (m)
   0.00       95.0    
   2.25       96.0    
   4.50       94.0    

 ( Maximum # of arrivals =        55555 )

 Tracing beam            1  -10.000000000000000     

 Minimum width beams                     
 halfwidth  =    3.2717113629363026     
 EpsOpt     =  (  0.0000000000000000     ,  1446000.0000000000     )
 EpsMult    =    1.0000000000000000     

 Tracing beam          362  -9.7401295752810224     
 Tracing beam          723  -9.4802591505620466     
 Tracing beam         1084  -9.2203887258430708     
 Tracing beam         1445  -8.9605183011240932     
 Tracing beam         1806  -8.7006478764051174     
 Tracing beam         2167  -8.4407774516861398     
 Tracing beam         2528  -8.1809070269671640     
 Tracing beam         2889  -7.9210366022481864     
 Tracing beam         3250  -7.6611661775292097     
 Tracing beam         3611  -7.4012957528102330     
 Tracing beam         3972  -7.1414253280912563     
 Tracing beam         4333  -6.8815549033722787     
 Tracing beam         4694  -6.6216844786533038     
 Tracing beam         5055  -6.3618140539343262     
 Tracing beam         5416  -6.1019436292153504     
 Tracing beam         5777  -5.8420732044963719     
 Tracing beam         6138  -5.5822027797773961     
 Tracing beam         6499  -5.3223323550584194     
 Tracing beam         6860  -5.0624619303394427     
 Tracing beam         7221  -4.8025915056204660     
 Tracing beam         7582  -4.5427210809014893     
 Tracing beam         7943  -4.2828506561825126     
 Tracing beam         8304  -4.0229802314635359     
 Tracing beam         8665  -3.7631098067445601     
 Tracing beam         9026  -3.5032393820255834     
 Tracing beam         9387  -3.2433689573066067     
 Tracing beam         9748  -2.9834985325876300     
 Tracing beam        10109  -2.7236281078686533     
 Tracing beam        10470  -2.4637576831496761     
 Tracing beam        10831  -2.2038872584306999     
 Tracing beam        11192  -1.9440168337117234     
 Tracing beam        11553  -1.6841464089927456     
 Tracing beam        11914  -1.4242759842737696     
 Tracing beam        12275  -1.1644055595547922     
 Tracing beam        12636 -0.90453513483581638     
 Tracing beam        12997 -0.64466471011683879     
 Tracing beam        13358 -0.38479428539786292     
 Tracing beam        13719 -0.12492386067888539     
 Tracing beam        14080  0.13494656404009042     
 Tracing beam        14441  0.39481698875906801     
 Tracing beam        14802  0.65468741347804382     
 Tracing beam        15163  0.91455783819702141     
 Tracing beam        15524   1.1744282629159970     
 Tracing beam        15885   1.4342986876349748     
 Tracing beam        16246   1.6941691123539506     
 Tracing beam        16607   1.9540395370729280     
 Tracing beam        16968   2.2139099617919036     
 Tracing beam        17329   2.4737803865108798     
 Tracing beam        17690   2.7336508112298574     
 Tracing beam        18051   2.9935212359488332     

 CPU Time =        7.47    s
