 BELLHOP- UWASN                                                                  
 frequency =  0.4400E+05 Hz

 Dummy parameter NMedia =            1

     C-LINEAR approximation to SSP
     Attenuation units: dB/mkHz
     THORP attenuation added
     VACUUM

 Depth =    100.00000000000000      m

 C-Linear SSP option

 Sound speed profile:
      7.00      1447.00
     10.00      1474.90
     20.00      1497.70
     30.00      1478.70
     40.00      1460.10
     50.00      1450.80
     60.00      1447.10
     70.00      1447.10
     80.00      1444.90
     90.00      1446.00
     95.00      1443.80
    100.00      1441.80

                                 ( RMS roughness =  0.200E-01 )
     Bathymetry file selected
     Perfectly RIGID

 Number of sources   =            1
 Source depths (m)
   90.0000    

 Number of receivers =            6
 Receiver depths (m)
   87.0000       88.0000       89.0000       90.0000       91.0000    
   92.0000    

 Number of ranges   =            6
 Receiver ranges (km)
  0.900000       1.00000       1.10000       1.90000       2.00000    
   2.10000    

 Arrivals calculation, ASCII  file output
 Geometric hat beams
 Point source (cylindrical coordinates)
 Rectilinear receiver grid: Receivers at rr( : ) x rd( : )

 Number of beams   =        18480
 Beam take-off angles (degrees)
  -10.0000      -9.99930      -9.99859      -9.99789      -9.99719    
  -9.99648      -9.99578      -9.99508      -9.99437      -9.99367    
  -9.99296      -9.99226      -9.99156      -9.99085      -9.99015    
  -9.98945      -9.98874      -9.98804      -9.98734      -9.98663    
  -9.98593    

 Step length,     deltas =    10.000000000000000      m

 Maximum ray Depth, zBox =    100.00000000000000      m
 Maximum ray range, rBox =    2200.0000000000000      m
 No beam shift in effect

 *********************************
 Using bottom-bathymetry file
 Curvilinear Interpolation
 Number of bathymetry points           3

  Range (km)  Depth (m)
   0.00       95.0    
   1.85       93.0    
   3.71       93.0    

 ( Maximum # of arrivals =        55555 )

 Tracing beam            1  -10.000000000000000     

 Minimum width beams                     
 halfwidth  =    3.2343191479033964     
 EpsOpt     =  (  0.0000000000000000     ,  1446000.0000000000     )
 EpsMult    =    1.0000000000000000     

 Tracing beam          370  -9.7404080307375942     
 Tracing beam          739  -9.4808160614751884     
 Tracing beam         1108  -9.2212240922127826     
 Tracing beam         1477  -8.9616321229503750     
 Tracing beam         1846  -8.7020401536879710     
 Tracing beam         2215  -8.4424481844255634     
 Tracing beam         2584  -8.1828562151631576     
 Tracing beam         2953  -7.9232642459007518     
 Tracing beam         3322  -7.6636722766383460     
 Tracing beam         3691  -7.4040803073759411     
 Tracing beam         4060  -7.1444883381135345     
 Tracing beam         4429  -6.8848963688511278     
 Tracing beam         4798  -6.6253043995887229     
 Tracing beam         5167  -6.3657124303263162     
 Tracing beam         5536  -6.1061204610639104     
 Tracing beam         5905  -5.8465284918015046     
 Tracing beam         6274  -5.5869365225390988     
 Tracing beam         6643  -5.3273445532766921     
 Tracing beam         7012  -5.0677525840142863     
 Tracing beam         7381  -4.8081606147518805     
 Tracing beam         7750  -4.5485686454894747     
 Tracing beam         8119  -4.2889766762270680     
 Tracing beam         8488  -4.0293847069646622     
 Tracing beam         8857  -3.7697927377022564     
 Tracing beam         9226  -3.5102007684398506     
 Tracing beam         9595  -3.2506087991774448     
 Tracing beam         9964  -2.9910168299150381     
 Tracing beam        10333  -2.7314248606526323     
 Tracing beam        10702  -2.4718328913902265     
 Tracing beam        11071  -2.2122409221278208     
 Tracing beam        11440  -1.9526489528654150     
 Tracing beam        11809  -1.6930569836030092     
 Tracing beam        12178  -1.4334650143406034     
 Tracing beam        12547  -1.1738730450781976     
 Tracing beam        12916 -0.91428107581578999     
 Tracing beam        13285 -0.65468910655338419     
 Tracing beam        13654 -0.39509713729097840     
 Tracing beam        14023 -0.13550516802857260     
 Tracing beam        14392  0.12408680123383320     
 Tracing beam        14761  0.38367877049623900     
 Tracing beam        15130  0.64327073975864479     
 Tracing beam        15499  0.90286270902105059     
 Tracing beam        15868   1.1624546782834564     
 Tracing beam        16237   1.4220466475458640     
 Tracing beam        16606   1.6816386168082698     
 Tracing beam        16975   1.9412305860706753     
 Tracing beam        17344   2.2008225553330814     
 Tracing beam        17713   2.4604145245954872     
 Tracing beam        18082   2.7200064938578929     
 Tracing beam        18451   2.9795984631202987     

 CPU Time =        7.34    s
