 BELLHOP- UWASN                                                                  
 frequency =  0.4575E+05 Hz

 Dummy parameter NMedia =            1

     C-LINEAR approximation to SSP
     Attenuation units: dB/mkHz
     THORP attenuation added
     VACUUM

 Depth =    100.00000000000000      m

 C-Linear SSP option

 Sound speed profile:
      7.00      1447.00
     10.00      1474.90
     20.00      1497.70
     30.00      1478.70
     40.00      1460.10
     50.00      1450.80
     60.00      1447.10
     70.00      1447.10
     80.00      1444.90
     90.00      1446.00
     95.00      1443.80
    100.00      1441.80

                                 ( RMS roughness =  0.200E-01 )
     Bathymetry file selected
     Perfectly RIGID

 Number of sources   =            1
 Source depths (m)
   90.0000    

 Number of receivers =            6
 Receiver depths (m)
   87.0000       88.0000       89.0000       90.0000       91.0000    
   92.0000    

 Number of ranges   =            6
 Receiver ranges (km)
  0.900000       1.00000       1.10000       1.90000       2.00000    
   2.10000    

 Arrivals calculation, ASCII  file output
 Geometric hat beams
 Point source (cylindrical coordinates)
 Rectilinear receiver grid: Receivers at rr( : ) x rd( : )

 Number of beams   =        19215
 Beam take-off angles (degrees)
  -10.0000      -9.99932      -9.99865      -9.99797      -9.99729    
  -9.99662      -9.99594      -9.99526      -9.99459      -9.99391    
  -9.99323      -9.99256      -9.99188      -9.99120      -9.99053    
  -9.98985      -9.98917      -9.98850      -9.98782      -9.98714    
  -9.98647    

 Step length,     deltas =    10.000000000000000      m

 Maximum ray Depth, zBox =    100.00000000000000      m
 Maximum ray range, rBox =    2200.0000000000000      m
 No beam shift in effect

 *********************************
 Using bottom-bathymetry file
 Curvilinear Interpolation
 Number of bathymetry points           3

  Range (km)  Depth (m)
   0.00       95.0    
   1.28       95.0    
   2.55       96.0    

 ( Maximum # of arrivals =        55555 )

 Tracing beam            1  -10.000000000000000     

 Minimum width beams                     
 halfwidth  =    3.1718574497208967     
 EpsOpt     =  (  0.0000000000000000     ,  1446000.0000000000     )
 EpsMult    =    1.0000000000000000     

 Tracing beam          385  -9.7401894451962114     
 Tracing beam          769  -9.4803788903924229     
 Tracing beam         1153  -9.2205683355886308     
 Tracing beam         1537  -8.9607577807848440     
 Tracing beam         1921  -8.7009472259810554     
 Tracing beam         2305  -8.4411366711772668     
 Tracing beam         2689  -8.1813261163734783     
 Tracing beam         3073  -7.9215155615696879     
 Tracing beam         3457  -7.6617050067659003     
 Tracing beam         3841  -7.4018944519621099     
 Tracing beam         4225  -7.1420838971583214     
 Tracing beam         4609  -6.8822733423545328     
 Tracing beam         4993  -6.6224627875507434     
 Tracing beam         5377  -6.3626522327469539     
 Tracing beam         5761  -6.1028416779431662     
 Tracing beam         6145  -5.8430311231393777     
 Tracing beam         6529  -5.5832205683355873     
 Tracing beam         6913  -5.3234100135317997     
 Tracing beam         7297  -5.0635994587280102     
 Tracing beam         7681  -4.8037889039242208     
 Tracing beam         8065  -4.5439783491204322     
 Tracing beam         8449  -4.2841677943166436     
 Tracing beam         8833  -4.0243572395128551     
 Tracing beam         9217  -3.7645466847090656     
 Tracing beam         9601  -3.5047361299052771     
 Tracing beam         9985  -3.2449255751014876     
 Tracing beam        10369  -2.9851150202976990     
 Tracing beam        10753  -2.7253044654939105     
 Tracing beam        11137  -2.4654939106901210     
 Tracing beam        11521  -2.2056833558863325     
 Tracing beam        11905  -1.9458728010825439     
 Tracing beam        12289  -1.6860622462787553     
 Tracing beam        12673  -1.4262516914749650     
 Tracing beam        13057  -1.1664411366711764     
 Tracing beam        13441 -0.90663058186738776     
 Tracing beam        13825 -0.64682002706359931     
 Tracing beam        14209 -0.38700947225980892     
 Tracing beam        14593 -0.12719891745602041     
 Tracing beam        14977  0.13261163734776815     
 Tracing beam        15361  0.39242219215155671     
 Tracing beam        15745  0.65223274695534528     
 Tracing beam        16129  0.91204330175913551     
 Tracing beam        16513   1.1718538565629242     
 Tracing beam        16897   1.4316644113667127     
 Tracing beam        17281   1.6914749661705013     
 Tracing beam        17665   1.9512855209742899     
 Tracing beam        18049   2.2110960757780802     
 Tracing beam        18433   2.4709066305818688     
 Tracing beam        18817   2.7307171853856573     
 Tracing beam        19201   2.9905277401894459     

 CPU Time =        8.17    s
