 BELLHOP- UWASN                                                                  
 frequency =  0.4650E+05 Hz

 Dummy parameter NMedia =            1

     C-LINEAR approximation to SSP
     Attenuation units: dB/mkHz
     THORP attenuation added
     VACUUM

 Depth =    100.00000000000000      m

 C-Linear SSP option

 Sound speed profile:
      7.00      1447.00
     10.00      1474.90
     20.00      1497.70
     30.00      1478.70
     40.00      1460.10
     50.00      1450.80
     60.00      1447.10
     70.00      1447.10
     80.00      1444.90
     90.00      1446.00
     95.00      1443.80
    100.00      1441.80

                                 ( RMS roughness =  0.200E-01 )
     Bathymetry file selected
     Perfectly RIGID

 Number of sources   =            1
 Source depths (m)
   90.0000    

 Number of receivers =            6
 Receiver depths (m)
   87.0000       88.0000       89.0000       90.0000       91.0000    
   92.0000    

 Number of ranges   =            6
 Receiver ranges (km)
  0.900000       1.00000       1.10000       1.90000       2.00000    
   2.10000    

 Arrivals calculation, ASCII  file output
 Geometric hat beams
 Point source (cylindrical coordinates)
 Rectilinear receiver grid: Receivers at rr( : ) x rd( : )

 Number of beams   =        19530
 Beam take-off angles (degrees)
  -10.0000      -9.99933      -9.99867      -9.99800      -9.99734    
  -9.99667      -9.99601      -9.99534      -9.99467      -9.99401    
  -9.99334      -9.99268      -9.99201      -9.99135      -9.99068    
  -9.99001      -9.98935      -9.98868      -9.98802      -9.98735    
  -9.98669    

 Step length,     deltas =    10.000000000000000      m

 Maximum ray Depth, zBox =    100.00000000000000      m
 Maximum ray range, rBox =    2200.0000000000000      m
 No beam shift in effect

 *********************************
 Using bottom-bathymetry file
 Curvilinear Interpolation
 Number of bathymetry points           3

  Range (km)  Depth (m)
   0.00       95.0    
   1.28       95.0    
   2.55       94.0    

 ( Maximum # of arrivals =        55555 )

 Tracing beam            1  -10.000000000000000     

 Minimum width beams                     
 halfwidth  =    3.1461739707510463     
 EpsOpt     =  (  0.0000000000000000     ,  1446000.0000000000     )
 EpsMult    =    1.0000000000000000     

 Tracing beam          391  -9.7403860924778538     
 Tracing beam          781  -9.4807721849557076     
 Tracing beam         1171  -9.2211582774335596     
 Tracing beam         1561  -8.9615443699114135     
 Tracing beam         1951  -8.7019304623892673     
 Tracing beam         2341  -8.4423165548671193     
 Tracing beam         2731  -8.1827026473449749     
 Tracing beam         3121  -7.9230887398228260     
 Tracing beam         3511  -7.6634748323006807     
 Tracing beam         3901  -7.4038609247785345     
 Tracing beam         4291  -7.1442470172563883     
 Tracing beam         4681  -6.8846331097342413     
 Tracing beam         5071  -6.6250192022120942     
 Tracing beam         5461  -6.3654052946899480     
 Tracing beam         5851  -6.1057913871678018     
 Tracing beam         6241  -5.8461774796456547     
 Tracing beam         6631  -5.5865635721235085     
 Tracing beam         7021  -5.3269496646013614     
 Tracing beam         7411  -5.0673357570792152     
 Tracing beam         7801  -4.8077218495570690     
 Tracing beam         8191  -4.5481079420349220     
 Tracing beam         8581  -4.2884940345127758     
 Tracing beam         8971  -4.0288801269906296     
 Tracing beam         9361  -3.7692662194684821     
 Tracing beam         9751  -3.5096523119463363     
 Tracing beam        10141  -3.2500384044241892     
 Tracing beam        10531  -2.9904244969020430     
 Tracing beam        10921  -2.7308105893798955     
 Tracing beam        11311  -2.4711966818577498     
 Tracing beam        11701  -2.2115827743356036     
 Tracing beam        12091  -1.9519688668134576     
 Tracing beam        12481  -1.6923549592913094     
 Tracing beam        12871  -1.4327410517691632     
 Tracing beam        13261  -1.1731271442470170     
 Tracing beam        13651 -0.91351323672487084     
 Tracing beam        14041 -0.65389932920272464     
 Tracing beam        14431 -0.39428542168057662     
 Tracing beam        14821 -0.13467151415843048     
 Tracing beam        15211  0.12494239336371570     
 Tracing beam        15601  0.38455630088586190     
 Tracing beam        15991  0.64417020840800809     
 Tracing beam        16381  0.90378411593015606     
 Tracing beam        16771   1.1633980234523023     
 Tracing beam        17161   1.4230119309744484     
 Tracing beam        17551   1.6826258384965944     
 Tracing beam        17941   1.9422397460187406     
 Tracing beam        18331   2.2018536535408884     
 Tracing beam        18721   2.4614675610630350     
 Tracing beam        19111   2.7210814685851812     
 Tracing beam        19501   2.9806953761073269     

 CPU Time =        7.88    s
