 BELLHOP- UWASN                                                                  
 frequency =  0.4700E+05 Hz

 Dummy parameter NMedia =            1

     C-LINEAR approximation to SSP
     Attenuation units: dB/mkHz
     THORP attenuation added
     VACUUM

 Depth =    100.00000000000000      m

 C-Linear SSP option

 Sound speed profile:
      7.00      1447.00
     10.00      1474.90
     20.00      1497.70
     30.00      1478.70
     40.00      1460.10
     50.00      1450.80
     60.00      1447.10
     70.00      1447.10
     80.00      1444.90
     90.00      1446.00
     95.00      1443.80
    100.00      1441.80

                                 ( RMS roughness =  0.200E-01 )
     Bathymetry file selected
     Perfectly RIGID

 Number of sources   =            1
 Source depths (m)
   90.0000    

 Number of receivers =            6
 Receiver depths (m)
   87.0000       88.0000       89.0000       90.0000       91.0000    
   92.0000    

 Number of ranges   =            6
 Receiver ranges (km)
  0.900000       1.00000       1.10000       1.90000       2.00000    
   2.10000    

 Arrivals calculation, ASCII  file output
 Geometric hat beams
 Point source (cylindrical coordinates)
 Rectilinear receiver grid: Receivers at rr( : ) x rd( : )

 Number of beams   =        19740
 Beam take-off angles (degrees)
  -10.0000      -9.99934      -9.99868      -9.99802      -9.99737    
  -9.99671      -9.99605      -9.99539      -9.99473      -9.99407    
  -9.99341      -9.99276      -9.99210      -9.99144      -9.99078    
  -9.99012      -9.98946      -9.98880      -9.98815      -9.98749    
  -9.98683    

 Step length,     deltas =    10.000000000000000      m

 Maximum ray Depth, zBox =    100.00000000000000      m
 Maximum ray range, rBox =    2200.0000000000000      m
 No beam shift in effect

 *********************************
 Using bottom-bathymetry file
 Curvilinear Interpolation
 Number of bathymetry points           3

  Range (km)  Depth (m)
   0.00       95.0    
   2.25       96.0    
   4.50       94.0    

 ( Maximum # of arrivals =        55555 )

 Tracing beam            1  -10.000000000000000     

 Minimum width beams                     
 halfwidth  =    3.1293942565980628     
 EpsOpt     =  (  0.0000000000000000     ,  1446000.0000000000     )
 EpsMult    =    1.0000000000000000     

 Tracing beam          395  -9.7405137038350471     
 Tracing beam          789  -9.4810274076700942     
 Tracing beam         1183  -9.2215411115051413     
 Tracing beam         1577  -8.9620548153401902     
 Tracing beam         1971  -8.7025685191752373     
 Tracing beam         2365  -8.4430822230102844     
 Tracing beam         2759  -8.1835959268453315     
 Tracing beam         3153  -7.9241096306803787     
 Tracing beam         3547  -7.6646233345154275     
 Tracing beam         3941  -7.4051370383504738     
 Tracing beam         4335  -7.1456507421855218     
 Tracing beam         4729  -6.8861644460205689     
 Tracing beam         5123  -6.6266781498556160     
 Tracing beam         5517  -6.3671918536906631     
 Tracing beam         5911  -6.1077055575257093     
 Tracing beam         6305  -5.8482192613607582     
 Tracing beam         6699  -5.5887329651958053     
 Tracing beam         7093  -5.3292466690308533     
 Tracing beam         7487  -5.0697603728658995     
 Tracing beam         7881  -4.8102740767009475     
 Tracing beam         8275  -4.5507877805359946     
 Tracing beam         8669  -4.2913014843710426     
 Tracing beam         9063  -4.0318151882060898     
 Tracing beam         9457  -3.7723288920411373     
 Tracing beam         9851  -3.5128425958761849     
 Tracing beam        10245  -3.2533562997112320     
 Tracing beam        10639  -2.9938700035462786     
 Tracing beam        11033  -2.7343837073813271     
 Tracing beam        11427  -2.4748974112163737     
 Tracing beam        11821  -2.2154111150514213     
 Tracing beam        12215  -1.9559248188864691     
 Tracing beam        12609  -1.6964385227215164     
 Tracing beam        13003  -1.4369522265565635     
 Tracing beam        13397  -1.1774659303916106     
 Tracing beam        13791 -0.91797963422665774     
 Tracing beam        14185 -0.65849333806170662     
 Tracing beam        14579 -0.39900704189675373     
 Tracing beam        14973 -0.13952074573180084     
 Tracing beam        15367  0.11996555043315203     
 Tracing beam        15761  0.37945184659810494     
 Tracing beam        16155  0.63893814276305771     
 Tracing beam        16549  0.89842443892801060     
 Tracing beam        16943   1.1579107350929618     
 Tracing beam        17337   1.4173970312579147     
 Tracing beam        17731   1.6768833274228676     
 Tracing beam        18125   1.9363696235878205     
 Tracing beam        18519   2.1958559197527734     
 Tracing beam        18913   2.4553422159177263     
 Tracing beam        19307   2.7148285120826774     
 Tracing beam        19701   2.9743148082476303     

 CPU Time =        8.28    s
