 BELLHOP- UWASN                                                                  
 frequency =   4750.     Hz

 Dummy parameter NMedia =            1

     C-LINEAR approximation to SSP
     Attenuation units: dB/mkHz
     THORP attenuation added
     VACUUM

 Depth =    100.00000000000000      m

 C-Linear SSP option

 Sound speed profile:
      7.00      1447.00
     10.00      1474.90
     20.00      1497.70
     30.00      1478.70
     40.00      1460.10
     50.00      1450.80
     60.00      1447.10
     70.00      1447.10
     80.00      1444.90
     90.00      1446.00
     95.00      1443.80
    100.00      1441.80

                                 ( RMS roughness =  0.200E-01 )
     Bathymetry file selected
     Perfectly RIGID

 Number of sources   =            1
 Source depths (m)
   90.0000    

 Number of receivers =            6
 Receiver depths (m)
   87.0000       88.0000       89.0000       90.0000       91.0000    
   92.0000    

 Number of ranges   =            6
 Receiver ranges (km)
  0.900000       1.00000       1.10000       1.90000       2.00000    
   2.10000    

 Arrivals calculation, ASCII  file output
 Geometric hat beams
 Point source (cylindrical coordinates)
 Rectilinear receiver grid: Receivers at rr( : ) x rd( : )

 Number of beams   =         1995
 Beam take-off angles (degrees)
  -10.0000      -9.99348      -9.98696      -9.98044      -9.97392    
  -9.96740      -9.96088      -9.95436      -9.94784      -9.94132    
  -9.93480      -9.92828      -9.92177      -9.91525      -9.90873    
  -9.90221      -9.89569      -9.88917      -9.88265      -9.87613    
  -9.86961    

 Step length,     deltas =    10.000000000000000      m

 Maximum ray Depth, zBox =    100.00000000000000      m
 Maximum ray range, rBox =    2200.0000000000000      m
 No beam shift in effect

 *********************************
 Using bottom-bathymetry file
 Curvilinear Interpolation
 Number of bathymetry points           3

  Range (km)  Depth (m)
   0.00       95.0    
   2.25       93.0    
   4.50       92.0    

 ( Maximum # of arrivals =        55555 )

 Tracing beam            1  -10.000000000000000     

 Minimum width beams                     
 halfwidth  =    9.8437914756006197     
 EpsOpt     =  (  0.0000000000000000     ,  1446000.0000000000     )
 EpsMult    =    1.0000000000000000     

 Tracing beam           40  -9.7457372116349053     
 Tracing beam           79  -9.4914744232698087     
 Tracing beam          118  -9.2372116349047140     
 Tracing beam          157  -8.9829488465396192     
 Tracing beam          196  -8.7286860581745245     
 Tracing beam          235  -8.4744232698094279     
 Tracing beam          274  -8.2201604814443314     
 Tracing beam          313  -7.9658976930792376     
 Tracing beam          352  -7.7116349047141419     
 Tracing beam          391  -7.4573721163490472     
 Tracing beam          430  -7.2031093279839515     
 Tracing beam          469  -6.9488465396188568     
 Tracing beam          508  -6.6945837512537612     
 Tracing beam          547  -6.4403209628886664     
 Tracing beam          586  -6.1860581745235708     
 Tracing beam          625  -5.9317953861584742     
 Tracing beam          664  -5.6775325977933804     
 Tracing beam          703  -5.4232698094282847     
 Tracing beam          742  -5.1690070210631900     
 Tracing beam          781  -4.9147442326980944     
 Tracing beam          820  -4.6604814443329978     
 Tracing beam          859  -4.4062186559679040     
 Tracing beam          898  -4.1519558676028083     
 Tracing beam          937  -3.8976930792377136     
 Tracing beam          976  -3.6434302908726179     
 Tracing beam         1015  -3.3891675025075223     
 Tracing beam         1054  -3.1349047141424276     
 Tracing beam         1093  -2.8806419257773315     
 Tracing beam         1132  -2.6263791374122367     
 Tracing beam         1171  -2.3721163490471415     
 Tracing beam         1210  -2.1178535606820459     
 Tracing beam         1249  -1.8635907723169505     
 Tracing beam         1288  -1.6093279839518555     
 Tracing beam         1327  -1.3550651955867608     
 Tracing beam         1366  -1.1008024072216660     
 Tracing beam         1405 -0.84653961885656936     
 Tracing beam         1444 -0.59227683049147473     
 Tracing beam         1483 -0.33801404212637998     
 Tracing beam         1522 -8.37512537612834507E-002
 Tracing beam         1561  0.17051153460381130     
 Tracing beam         1600  0.42477432296890605     
 Tracing beam         1639  0.67903711133400257     
 Tracing beam         1678  0.93329989969909732     
 Tracing beam         1717   1.1875626880641921     
 Tracing beam         1756   1.4418254764292868     
 Tracing beam         1795   1.6960882647943833     
 Tracing beam         1834   1.9503510531594779     
 Tracing beam         1873   2.2046138415245728     
 Tracing beam         1912   2.4588766298896694     
 Tracing beam         1951   2.7131394182547641     
 Tracing beam         1990   2.9674022066198589     

 CPU Time =       0.792    s
