 BELLHOP- UWASN                                                                  
 frequency =  0.4825E+05 Hz

 Dummy parameter NMedia =            1

     C-LINEAR approximation to SSP
     Attenuation units: dB/mkHz
     THORP attenuation added
     VACUUM

 Depth =    100.00000000000000      m

 C-Linear SSP option

 Sound speed profile:
      7.00      1447.00
     10.00      1474.90
     20.00      1497.70
     30.00      1478.70
     40.00      1460.10
     50.00      1450.80
     60.00      1447.10
     70.00      1447.10
     80.00      1444.90
     90.00      1446.00
     95.00      1443.80
    100.00      1441.80

                                 ( RMS roughness =  0.200E-01 )
     Bathymetry file selected
     Perfectly RIGID

 Number of sources   =            1
 Source depths (m)
   90.0000    

 Number of receivers =            6
 Receiver depths (m)
   87.0000       88.0000       89.0000       90.0000       91.0000    
   92.0000    

 Number of ranges   =            6
 Receiver ranges (km)
  0.900000       1.00000       1.10000       1.90000       2.00000    
   2.10000    

 Arrivals calculation, ASCII  file output
 Geometric hat beams
 Point source (cylindrical coordinates)
 Rectilinear receiver grid: Receivers at rr( : ) x rd( : )

 Number of beams   =        20265
 Beam take-off angles (degrees)
  -10.0000      -9.99936      -9.99872      -9.99808      -9.99743    
  -9.99679      -9.99615      -9.99551      -9.99487      -9.99423    
  -9.99358      -9.99294      -9.99230      -9.99166      -9.99102    
  -9.99038      -9.98974      -9.98909      -9.98845      -9.98781    
  -9.98717    

 Step length,     deltas =    10.000000000000000      m

 Maximum ray Depth, zBox =    100.00000000000000      m
 Maximum ray range, rBox =    2200.0000000000000      m
 No beam shift in effect

 *********************************
 Using bottom-bathymetry file
 Curvilinear Interpolation
 Number of bathymetry points           3

  Range (km)  Depth (m)
   0.00       95.0    
   2.25       94.0    
   4.50       94.0    

 ( Maximum # of arrivals =        55555 )

 Tracing beam            1  -10.000000000000000     

 Minimum width beams                     
 halfwidth  =    3.0885920645795282     
 EpsOpt     =  (  0.0000000000000000     ,  1446000.0000000000     )
 EpsMult    =    1.0000000000000000     

 Tracing beam          406  -9.7401796288985398     
 Tracing beam          811  -9.4803592577970779     
 Tracing beam         1216  -9.2205388866956177     
 Tracing beam         1621  -8.9607185155941576     
 Tracing beam         2026  -8.7008981444926956     
 Tracing beam         2431  -8.4410777733912354     
 Tracing beam         2836  -8.1812574022897735     
 Tracing beam         3241  -7.9214370311883142     
 Tracing beam         3646  -7.6616166600868523     
 Tracing beam         4051  -7.4017962889853939     
 Tracing beam         4456  -7.1419759178839319     
 Tracing beam         4861  -6.8821555467824709     
 Tracing beam         5266  -6.6223351756810107     
 Tracing beam         5671  -6.3625148045795497     
 Tracing beam         6076  -6.1026944334780886     
 Tracing beam         6481  -5.8428740623766284     
 Tracing beam         6886  -5.5830536912751674     
 Tracing beam         7291  -5.3232333201737063     
 Tracing beam         7696  -5.0634129490722461     
 Tracing beam         8101  -4.8035925779707851     
 Tracing beam         8506  -4.5437722068693240     
 Tracing beam         8911  -4.2839518357678630     
 Tracing beam         9316  -4.0241314646664028     
 Tracing beam         9721  -3.7643110935649426     
 Tracing beam        10126  -3.5044907224634816     
 Tracing beam        10531  -3.2446703513620205     
 Tracing beam        10936  -2.9848499802605604     
 Tracing beam        11341  -2.7250296091590993     
 Tracing beam        11746  -2.4652092380576378     
 Tracing beam        12151  -2.2053888669561781     
 Tracing beam        12556  -1.9455684958547170     
 Tracing beam        12961  -1.6857481247532569     
 Tracing beam        13366  -1.4259277536517947     
 Tracing beam        13771  -1.1661073825503347     
 Tracing beam        14176 -0.90628701144887458     
 Tracing beam        14581 -0.64646664034741264     
 Tracing beam        14986 -0.38664626924595247     
 Tracing beam        15391 -0.12682589814449227     
 Tracing beam        15796  0.13299447295696787     
 Tracing beam        16201  0.39281484405842981     
 Tracing beam        16606  0.65263521515988998     
 Tracing beam        17011  0.91245558626135015     
 Tracing beam        17416   1.1722759573628121     
 Tracing beam        17821   1.4320963284642723     
 Tracing beam        18226   1.6919166995657324     
 Tracing beam        18631   1.9517370706671944     
 Tracing beam        19036   2.2115574417686545     
 Tracing beam        19441   2.4713778128701147     
 Tracing beam        19846   2.7311981839715767     
 Tracing beam        20251   2.9910185550730368     

 CPU Time =        7.96    s
