 BELLHOP- UWASN                                                                  
 frequency =  0.4900E+05 Hz

 Dummy parameter NMedia =            1

     C-LINEAR approximation to SSP
     Attenuation units: dB/mkHz
     THORP attenuation added
     VACUUM

 Depth =    100.00000000000000      m

 C-Linear SSP option

 Sound speed profile:
      7.00      1447.00
     10.00      1474.90
     20.00      1497.70
     30.00      1478.70
     40.00      1460.10
     50.00      1450.80
     60.00      1447.10
     70.00      1447.10
     80.00      1444.90
     90.00      1446.00
     95.00      1443.80
    100.00      1441.80

                                 ( RMS roughness =  0.200E-01 )
     Bathymetry file selected
     Perfectly RIGID

 Number of sources   =            1
 Source depths (m)
   90.0000    

 Number of receivers =            6
 Receiver depths (m)
   87.0000       88.0000       89.0000       90.0000       91.0000    
   92.0000    

 Number of ranges   =            6
 Receiver ranges (km)
  0.900000       1.00000       1.10000       1.90000       2.00000    
   2.10000    

 Arrivals calculation, ASCII  file output
 Geometric hat beams
 Point source (cylindrical coordinates)
 Rectilinear receiver grid: Receivers at rr( : ) x rd( : )

 Number of beams   =        20580
 Beam take-off angles (degrees)
  -10.0000      -9.99937      -9.99874      -9.99810      -9.99747    
  -9.99684      -9.99621      -9.99558      -9.99495      -9.99431    
  -9.99368      -9.99305      -9.99242      -9.99179      -9.99116    
  -9.99052      -9.98989      -9.98926      -9.98863      -9.98800    
  -9.98737    

 Step length,     deltas =    10.000000000000000      m

 Maximum ray Depth, zBox =    100.00000000000000      m
 Maximum ray range, rBox =    2200.0000000000000      m
 No beam shift in effect

 *********************************
 Using bottom-bathymetry file
 Curvilinear Interpolation
 Number of bathymetry points           3

  Range (km)  Depth (m)
   0.00       95.0    
   2.25       93.0    
   4.50       92.0    

 ( Maximum # of arrivals =        55555 )

 Tracing beam            1  -10.000000000000000     

 Minimum width beams                     
 halfwidth  =    3.0648637331021593     
 EpsOpt     =  (  0.0000000000000000     ,  1446000.0000000000     )
 EpsMult    =    1.0000000000000000     

 Tracing beam          412  -9.7403663929248250     
 Tracing beam          823  -9.4807327858496535     
 Tracing beam         1234  -9.2210991787744785     
 Tracing beam         1645  -8.9614655716993052     
 Tracing beam         2056  -8.7018319646241320     
 Tracing beam         2467  -8.4421983575489570     
 Tracing beam         2878  -8.1825647504737837     
 Tracing beam         3289  -7.9229311433986105     
 Tracing beam         3700  -7.6632975363234364     
 Tracing beam         4111  -7.4036639292482622     
 Tracing beam         4522  -7.1440303221730890     
 Tracing beam         4933  -6.8843967150979157     
 Tracing beam         5344  -6.6247631080227425     
 Tracing beam         5755  -6.3651295009475684     
 Tracing beam         6166  -6.1054958938723942     
 Tracing beam         6577  -5.8458622867972210     
 Tracing beam         6988  -5.5862286797220468     
 Tracing beam         7399  -5.3265950726468736     
 Tracing beam         7810  -5.0669614655716995     
 Tracing beam         8221  -4.8073278584965262     
 Tracing beam         8632  -4.5476942514213521     
 Tracing beam         9043  -4.2880606443461788     
 Tracing beam         9454  -4.0284270372710047     
 Tracing beam         9865  -3.7687934301958310     
 Tracing beam        10276  -3.5091598231206573     
 Tracing beam        10687  -3.2495262160454836     
 Tracing beam        11098  -2.9898926089703100     
 Tracing beam        11509  -2.7302590018951363     
 Tracing beam        11920  -2.4706253948199626     
 Tracing beam        12331  -2.2109917877447889     
 Tracing beam        12742  -1.9513581806696152     
 Tracing beam        13153  -1.6917245735944419     
 Tracing beam        13564  -1.4320909665192669     
 Tracing beam        13975  -1.1724573594440937     
 Tracing beam        14386 -0.91282375236892044     
 Tracing beam        14797 -0.65319014529374719     
 Tracing beam        15208 -0.39355653821857217     
 Tracing beam        15619 -0.13392293114339893     
 Tracing beam        16030  0.12571067593177432     
 Tracing beam        16441  0.38534428300694756     
 Tracing beam        16852  0.64497789008212258     
 Tracing beam        17263  0.90461149715729572     
 Tracing beam        17674   1.1642451042324691     
 Tracing beam        18085   1.4238787113076423     
 Tracing beam        18496   1.6835123183828173     
 Tracing beam        18907   1.9431459254579908     
 Tracing beam        19318   2.2027795325331638     
 Tracing beam        19729   2.4624131396083371     
 Tracing beam        20140   2.7220467466835121     
 Tracing beam        20551   2.9816803537586849     

 CPU Time =        8.12    s
