 BELLHOP- UWASN                                                                  
 frequency =  0.4950E+05 Hz

 Dummy parameter NMedia =            1

     C-LINEAR approximation to SSP
     Attenuation units: dB/mkHz
     THORP attenuation added
     VACUUM

 Depth =    100.00000000000000      m

 C-Linear SSP option

 Sound speed profile:
      7.00      1447.00
     10.00      1474.90
     20.00      1497.70
     30.00      1478.70
     40.00      1460.10
     50.00      1450.80
     60.00      1447.10
     70.00      1447.10
     80.00      1444.90
     90.00      1446.00
     95.00      1443.80
    100.00      1441.80

                                 ( RMS roughness =  0.200E-01 )
     Bathymetry file selected
     Perfectly RIGID

 Number of sources   =            1
 Source depths (m)
   90.0000    

 Number of receivers =            6
 Receiver depths (m)
   87.0000       88.0000       89.0000       90.0000       91.0000    
   92.0000    

 Number of ranges   =            6
 Receiver ranges (km)
  0.900000       1.00000       1.10000       1.90000       2.00000    
   2.10000    

 Arrivals calculation, ASCII  file output
 Geometric hat beams
 Point source (cylindrical coordinates)
 Rectilinear receiver grid: Receivers at rr( : ) x rd( : )

 Number of beams   =        20790
 Beam take-off angles (degrees)
  -10.0000      -9.99937      -9.99875      -9.99812      -9.99750    
  -9.99687      -9.99625      -9.99562      -9.99500      -9.99437    
  -9.99375      -9.99312      -9.99250      -9.99187      -9.99125    
  -9.99062      -9.98999      -9.98937      -9.98874      -9.98812    
  -9.98749    

 Step length,     deltas =    10.000000000000000      m

 Maximum ray Depth, zBox =    100.00000000000000      m
 Maximum ray range, rBox =    2200.0000000000000      m
 No beam shift in effect

 *********************************
 Using bottom-bathymetry file
 Curvilinear Interpolation
 Number of bathymetry points           3

  Range (km)  Depth (m)
   0.00       95.0    
   1.28       95.0    
   2.55       96.0    

 ( Maximum # of arrivals =        55555 )

 Tracing beam            1  -10.000000000000000     

 Minimum width beams                     
 halfwidth  =    3.0493453360053171     
 EpsOpt     =  (  0.0000000000000000     ,  1446000.0000000000     )
 EpsMult    =    1.0000000000000000     

 Tracing beam          416  -9.7404877579489160     
 Tracing beam          831  -9.4809755158978302     
 Tracing beam         1246  -9.2214632738467461     
 Tracing beam         1661  -8.9619510317956603     
 Tracing beam         2076  -8.7024387897445763     
 Tracing beam         2491  -8.4429265476934923     
 Tracing beam         2906  -8.1834143056424065     
 Tracing beam         3321  -7.9239020635913215     
 Tracing beam         3736  -7.6643898215402393     
 Tracing beam         4151  -7.4048775794891535     
 Tracing beam         4566  -7.1453653374380686     
 Tracing beam         4981  -6.8858530953869836     
 Tracing beam         5396  -6.6263408533358978     
 Tracing beam         5811  -6.3668286112848147     
 Tracing beam         6226  -6.1073163692337298     
 Tracing beam         6641  -5.8478041271826449     
 Tracing beam         7056  -5.5882918851315599     
 Tracing beam         7471  -5.3287796430804759     
 Tracing beam         7886  -5.0692674010293910     
 Tracing beam         8301  -4.8097551589783061     
 Tracing beam         8716  -4.5502429169272212     
 Tracing beam         9131  -4.2907306748761362     
 Tracing beam         9546  -4.0312184328250522     
 Tracing beam         9961  -3.7717061907739673     
 Tracing beam        10376  -3.5121939487228819     
 Tracing beam        10791  -3.2526817066717983     
 Tracing beam        11206  -2.9931694646207134     
 Tracing beam        11621  -2.7336572225696285     
 Tracing beam        12036  -2.4741449805185436     
 Tracing beam        12451  -2.2146327384674596     
 Tracing beam        12866  -1.9551204964163738     
 Tracing beam        13281  -1.6956082543652897     
 Tracing beam        13696  -1.4360960123142057     
 Tracing beam        14111  -1.1765837702631199     
 Tracing beam        14526 -0.91707152821203575     
 Tracing beam        14941 -0.65755928616095172     
 Tracing beam        15356 -0.39804704410986597     
 Tracing beam        15771 -0.13853480205878199     
 Tracing beam        16186  0.12097743999230380     
 Tracing beam        16601  0.38048968204338784     
 Tracing beam        17016  0.64000192409447176     
 Tracing beam        17431  0.89951416614555768     
 Tracing beam        17846   1.1590264081966417     
 Tracing beam        18261   1.4185386502477257     
 Tracing beam        18676   1.6780508922988113     
 Tracing beam        19091   1.9375631343498956     
 Tracing beam        19506   2.1970753764009814     
 Tracing beam        19921   2.4565876184520650     
 Tracing beam        20336   2.7160998605031494     
 Tracing beam        20751   2.9756121025542352     

 CPU Time =        8.48    s
