 BELLHOP- UWASN                                                                  
 frequency =  0.4975E+05 Hz

 Dummy parameter NMedia =            1

     C-LINEAR approximation to SSP
     Attenuation units: dB/mkHz
     THORP attenuation added
     VACUUM

 Depth =    100.00000000000000      m

 C-Linear SSP option

 Sound speed profile:
      7.00      1447.00
     10.00      1474.90
     20.00      1497.70
     30.00      1478.70
     40.00      1460.10
     50.00      1450.80
     60.00      1447.10
     70.00      1447.10
     80.00      1444.90
     90.00      1446.00
     95.00      1443.80
    100.00      1441.80

                                 ( RMS roughness =  0.200E-01 )
     Bathymetry file selected
     Perfectly RIGID

 Number of sources   =            1
 Source depths (m)
   90.0000    

 Number of receivers =            6
 Receiver depths (m)
   87.0000       88.0000       89.0000       90.0000       91.0000    
   92.0000    

 Number of ranges   =            6
 Receiver ranges (km)
  0.900000       1.00000       1.10000       1.90000       2.00000    
   2.10000    

 Arrivals calculation, ASCII  file output
 Geometric hat beams
 Point source (cylindrical coordinates)
 Rectilinear receiver grid: Receivers at rr( : ) x rd( : )

 Number of beams   =        20895
 Beam take-off angles (degrees)
  -10.0000      -9.99938      -9.99876      -9.99813      -9.99751    
  -9.99689      -9.99627      -9.99564      -9.99502      -9.99440    
  -9.99378      -9.99316      -9.99253      -9.99191      -9.99129    
  -9.99067      -9.99004      -9.98942      -9.98880      -9.98818    
  -9.98756    

 Step length,     deltas =    10.000000000000000      m

 Maximum ray Depth, zBox =    100.00000000000000      m
 Maximum ray range, rBox =    2200.0000000000000      m
 No beam shift in effect

 *********************************
 Using bottom-bathymetry file
 Curvilinear Interpolation
 Number of bathymetry points           3

  Range (km)  Depth (m)
   0.00       95.0    
   2.25       94.0    
   4.50       94.0    

 ( Maximum # of arrivals =        55555 )

 Tracing beam            1  -10.000000000000000     

 Minimum width beams                     
 halfwidth  =    3.0416740148309276     
 EpsOpt     =  (  0.0000000000000000     ,  1446000.0000000000     )
 EpsMult    =    1.0000000000000000     

 Tracing beam          418  -9.7405475256054377     
 Tracing beam          835  -9.4810950512108736     
 Tracing beam         1252  -9.2216425768163095     
 Tracing beam         1669  -8.9621901024217472     
 Tracing beam         2086  -8.7027376280271831     
 Tracing beam         2503  -8.4432851536326226     
 Tracing beam         2920  -8.1838326792380585     
 Tracing beam         3337  -7.9243802048434961     
 Tracing beam         3754  -7.6649277304489312     
 Tracing beam         4171  -7.4054752560543697     
 Tracing beam         4588  -7.1460227816598065     
 Tracing beam         5005  -6.8865703072652433     
 Tracing beam         5422  -6.6271178328706810     
 Tracing beam         5839  -6.3676653584761169     
 Tracing beam         6256  -6.1082128840815546     
 Tracing beam         6673  -5.8487604096869914     
 Tracing beam         7090  -5.5893079352924282     
 Tracing beam         7507  -5.3298554608978650     
 Tracing beam         7924  -5.0704029865033018     
 Tracing beam         8341  -4.8109505121087395     
 Tracing beam         8758  -4.5514980377141763     
 Tracing beam         9175  -4.2920455633196131     
 Tracing beam         9592  -4.0325930889250490     
 Tracing beam        10009  -3.7731406145304862     
 Tracing beam        10426  -3.5136881401359243     
 Tracing beam        10843  -3.2542356657413611     
 Tracing beam        11260  -2.9947831913467979     
 Tracing beam        11677  -2.7353307169522347     
 Tracing beam        12094  -2.4758782425576715     
 Tracing beam        12511  -2.2164257681631083     
 Tracing beam        12928  -1.9569732937685449     
 Tracing beam        13345  -1.6975208193739828     
 Tracing beam        13762  -1.4380683449794187     
 Tracing beam        14179  -1.1786158705848564     
 Tracing beam        14596 -0.91916339619029397     
 Tracing beam        15013 -0.65971092179572999     
 Tracing beam        15430 -0.40025844740116767     
 Tracing beam        15847 -0.14080597300660358     
 Tracing beam        16264  0.11864650138795874     
 Tracing beam        16681  0.37809897578252105     
 Tracing beam        17098  0.63755145017708514     
 Tracing beam        17515  0.89700392457164757     
 Tracing beam        17932   1.1564563989662116     
 Tracing beam        18349   1.4159088733607739     
 Tracing beam        18766   1.6753613477553362     
 Tracing beam        19183   1.9348138221499003     
 Tracing beam        19600   2.1942662965444626     
 Tracing beam        20017   2.4537187709390267     
 Tracing beam        20434   2.7131712453335890     
 Tracing beam        20851   2.9726237197281513     

 CPU Time =        8.29    s
