 BELLHOP- UWASN                                                                  
 frequency =  0.5050E+05 Hz

 Dummy parameter NMedia =            1

     C-LINEAR approximation to SSP
     Attenuation units: dB/mkHz
     THORP attenuation added
     VACUUM

 Depth =    100.00000000000000      m

 C-Linear SSP option

 Sound speed profile:
      7.00      1447.00
     10.00      1474.90
     20.00      1497.70
     30.00      1478.70
     40.00      1460.10
     50.00      1450.80
     60.00      1447.10
     70.00      1447.10
     80.00      1444.90
     90.00      1446.00
     95.00      1443.80
    100.00      1441.80

                                 ( RMS roughness =  0.200E-01 )
     Bathymetry file selected
     Perfectly RIGID

 Number of sources   =            1
 Source depths (m)
   90.0000    

 Number of receivers =            6
 Receiver depths (m)
   87.0000       88.0000       89.0000       90.0000       91.0000    
   92.0000    

 Number of ranges   =            6
 Receiver ranges (km)
  0.900000       1.00000       1.10000       1.90000       2.00000    
   2.10000    

 Arrivals calculation, ASCII  file output
 Geometric hat beams
 Point source (cylindrical coordinates)
 Rectilinear receiver grid: Receivers at rr( : ) x rd( : )

 Number of beams   =        21210
 Beam take-off angles (degrees)
  -10.0000      -9.99939      -9.99877      -9.99816      -9.99755    
  -9.99694      -9.99632      -9.99571      -9.99510      -9.99448    
  -9.99387      -9.99326      -9.99264      -9.99203      -9.99142    
  -9.99081      -9.99019      -9.98958      -9.98897      -9.98835    
  -9.98774    

 Step length,     deltas =    10.000000000000000      m

 Maximum ray Depth, zBox =    100.00000000000000      m
 Maximum ray range, rBox =    2200.0000000000000      m
 No beam shift in effect

 *********************************
 Using bottom-bathymetry file
 Curvilinear Interpolation
 Number of bathymetry points           3

  Range (km)  Depth (m)
   0.00       95.0    
   1.28       95.0    
   2.55       96.0    

 ( Maximum # of arrivals =        55555 )

 Tracing beam            1  -10.000000000000000     

 Minimum width beams                     
 halfwidth  =    3.0190028365610342     
 EpsOpt     =  (  0.0000000000000000     ,  1446000.0000000000     )
 EpsMult    =    1.0000000000000000     

 Tracing beam          425  -9.7401103305200625     
 Tracing beam          849  -9.4802206610401250     
 Tracing beam         1273  -9.2203309915601874     
 Tracing beam         1697  -8.9604413220802481     
 Tracing beam         2121  -8.7005516526003088     
 Tracing beam         2545  -8.4406619831203731     
 Tracing beam         2969  -8.1807723136404356     
 Tracing beam         3393  -7.9208826441604971     
 Tracing beam         3817  -7.6609929746805605     
 Tracing beam         4241  -7.4011033052006212     
 Tracing beam         4665  -7.1412136357206837     
 Tracing beam         5089  -6.8813239662407462     
 Tracing beam         5513  -6.6214342967608077     
 Tracing beam         5937  -6.3615446272808711     
 Tracing beam         6361  -6.1016549578009336     
 Tracing beam         6785  -5.8417652883209952     
 Tracing beam         7209  -5.5818756188410577     
 Tracing beam         7633  -5.3219859493611192     
 Tracing beam         8057  -5.0620962798811826     
 Tracing beam         8481  -4.8022066104012442     
 Tracing beam         8905  -4.5423169409213067     
 Tracing beam         9329  -4.2824272714413691     
 Tracing beam         9753  -4.0225376019614307     
 Tracing beam        10177  -3.7626479324814932     
 Tracing beam        10601  -3.5027582630015557     
 Tracing beam        11025  -3.2428685935216182     
 Tracing beam        11449  -2.9829789240416797     
 Tracing beam        11873  -2.7230892545617422     
 Tracing beam        12297  -2.4631995850818047     
 Tracing beam        12721  -2.2033099156018663     
 Tracing beam        13145  -1.9434202461219297     
 Tracing beam        13569  -1.6835305766419904     
 Tracing beam        13993  -1.4236409071620528     
 Tracing beam        14417  -1.1637512376821151     
 Tracing beam        14841 -0.90386156820217778     
 Tracing beam        15265 -0.64397189872224025     
 Tracing beam        15689 -0.38408222924230273     
 Tracing beam        16113 -0.12419255976236521     
 Tracing beam        16537  0.13569710971757409     
 Tracing beam        16961  0.39558677919751162     
 Tracing beam        17385  0.65547644867744914     
 Tracing beam        17809  0.91536611815738667     
 Tracing beam        18233   1.1752557876373240     
 Tracing beam        18657   1.4351454571172617     
 Tracing beam        19081   1.6950351265971992     
 Tracing beam        19505   1.9549247960771385     
 Tracing beam        19929   2.2148144655570761     
 Tracing beam        20353   2.4747041350370136     
 Tracing beam        20777   2.7345938045169507     
 Tracing beam        21201   2.9944834739968886     

 CPU Time =        8.50    s
