 BELLHOP- UWASN                                                                  
 frequency =  0.5075E+05 Hz

 Dummy parameter NMedia =            1

     C-LINEAR approximation to SSP
     Attenuation units: dB/mkHz
     THORP attenuation added
     VACUUM

 Depth =    100.00000000000000      m

 C-Linear SSP option

 Sound speed profile:
      7.00      1447.00
     10.00      1474.90
     20.00      1497.70
     30.00      1478.70
     40.00      1460.10
     50.00      1450.80
     60.00      1447.10
     70.00      1447.10
     80.00      1444.90
     90.00      1446.00
     95.00      1443.80
    100.00      1441.80

                                 ( RMS roughness =  0.200E-01 )
     Bathymetry file selected
     Perfectly RIGID

 Number of sources   =            1
 Source depths (m)
   90.0000    

 Number of receivers =            6
 Receiver depths (m)
   87.0000       88.0000       89.0000       90.0000       91.0000    
   92.0000    

 Number of ranges   =            6
 Receiver ranges (km)
  0.900000       1.00000       1.10000       1.90000       2.00000    
   2.10000    

 Arrivals calculation, ASCII  file output
 Geometric hat beams
 Point source (cylindrical coordinates)
 Rectilinear receiver grid: Receivers at rr( : ) x rd( : )

 Number of beams   =        21315
 Beam take-off angles (degrees)
  -10.0000      -9.99939      -9.99878      -9.99817      -9.99756    
  -9.99695      -9.99634      -9.99573      -9.99512      -9.99451    
  -9.99390      -9.99329      -9.99268      -9.99207      -9.99146    
  -9.99085      -9.99024      -9.98963      -9.98902      -9.98841    
  -9.98780    

 Step length,     deltas =    10.000000000000000      m

 Maximum ray Depth, zBox =    100.00000000000000      m
 Maximum ray range, rBox =    2200.0000000000000      m
 No beam shift in effect

 *********************************
 Using bottom-bathymetry file
 Curvilinear Interpolation
 Number of bathymetry points           3

  Range (km)  Depth (m)
   0.00       95.0    
   2.25       96.0    
   4.50       94.0    

 ( Maximum # of arrivals =        55555 )

 Tracing beam            1  -10.000000000000000     

 Minimum width beams                     
 halfwidth  =    3.0115576887624194     
 EpsOpt     =  (  0.0000000000000000     ,  1446000.0000000000     )
 EpsMult    =    1.0000000000000000     

 Tracing beam          427  -9.7401707797691639     
 Tracing beam          853  -9.4803415595383314     
 Tracing beam         1279  -9.2205123393074970     
 Tracing beam         1705  -8.9606831190766627     
 Tracing beam         2131  -8.7008538988458284     
 Tracing beam         2557  -8.4410246786149941     
 Tracing beam         2983  -8.1811954583841615     
 Tracing beam         3409  -7.9213662381533281     
 Tracing beam         3835  -7.6615370179224929     
 Tracing beam         4261  -7.4017077976916577     
 Tracing beam         4687  -7.1418785774608242     
 Tracing beam         5113  -6.8820493572299899     
 Tracing beam         5539  -6.6222201369991547     
 Tracing beam         5965  -6.3623909167683212     
 Tracing beam         6391  -6.1025616965374869     
 Tracing beam         6817  -5.8427324763066535     
 Tracing beam         7243  -5.5829032560758192     
 Tracing beam         7669  -5.3230740358449848     
 Tracing beam         8095  -5.0632448156141505     
 Tracing beam         8521  -4.8034155953833153     
 Tracing beam         8947  -4.5435863751524819     
 Tracing beam         9373  -4.2837571549216484     
 Tracing beam         9799  -4.0239279346908141     
 Tracing beam        10225  -3.7640987144599798     
 Tracing beam        10651  -3.5042694942291455     
 Tracing beam        11077  -3.2444402739983111     
 Tracing beam        11503  -2.9846110537674773     
 Tracing beam        11929  -2.7247818335366434     
 Tracing beam        12355  -2.4649526133058091     
 Tracing beam        12781  -2.2051233930749747     
 Tracing beam        13207  -1.9452941728441415     
 Tracing beam        13633  -1.6854649526133070     
 Tracing beam        14059  -1.4256357323824727     
 Tracing beam        14485  -1.1658065121516383     
 Tracing beam        14911 -0.90597729192080401     
 Tracing beam        15337 -0.64614807168996957     
 Tracing beam        15763 -0.38631885145913536     
 Tracing beam        16189 -0.12648963122830104     
 Tracing beam        16615  0.13333958900253329     
 Tracing beam        17041  0.39316880923336761     
 Tracing beam        17467  0.65299802946420193     
 Tracing beam        17893  0.91282724969503437     
 Tracing beam        18319   1.1726564699258688     
 Tracing beam        18745   1.4324856901567029     
 Tracing beam        19171   1.6923149103875375     
 Tracing beam        19597   1.9521441306183716     
 Tracing beam        20023   2.2119733508492061     
 Tracing beam        20449   2.4718025710800404     
 Tracing beam        20875   2.7316317913108747     
 Tracing beam        21301   2.9914610115417086     

 CPU Time =        8.95    s
