 BELLHOP- UWASN                                                                  
 frequency =  0.5125E+05 Hz

 Dummy parameter NMedia =            1

     C-LINEAR approximation to SSP
     Attenuation units: dB/mkHz
     THORP attenuation added
     VACUUM

 Depth =    100.00000000000000      m

 C-Linear SSP option

 Sound speed profile:
      7.00      1447.00
     10.00      1474.90
     20.00      1497.70
     30.00      1478.70
     40.00      1460.10
     50.00      1450.80
     60.00      1447.10
     70.00      1447.10
     80.00      1444.90
     90.00      1446.00
     95.00      1443.80
    100.00      1441.80

                                 ( RMS roughness =  0.200E-01 )
     Bathymetry file selected
     Perfectly RIGID

 Number of sources   =            1
 Source depths (m)
   90.0000    

 Number of receivers =            6
 Receiver depths (m)
   87.0000       88.0000       89.0000       90.0000       91.0000    
   92.0000    

 Number of ranges   =            6
 Receiver ranges (km)
  0.900000       1.00000       1.10000       1.90000       2.00000    
   2.10000    

 Arrivals calculation, ASCII  file output
 Geometric hat beams
 Point source (cylindrical coordinates)
 Rectilinear receiver grid: Receivers at rr( : ) x rd( : )

 Number of beams   =        21525
 Beam take-off angles (degrees)
  -10.0000      -9.99940      -9.99879      -9.99819      -9.99758    
  -9.99698      -9.99638      -9.99577      -9.99517      -9.99456    
  -9.99396      -9.99336      -9.99275      -9.99215      -9.99154    
  -9.99094      -9.99034      -9.98973      -9.98913      -9.98852    
  -9.98792    

 Step length,     deltas =    10.000000000000000      m

 Maximum ray Depth, zBox =    100.00000000000000      m
 Maximum ray range, rBox =    2200.0000000000000      m
 No beam shift in effect

 *********************************
 Using bottom-bathymetry file
 Curvilinear Interpolation
 Number of bathymetry points           3

  Range (km)  Depth (m)
   0.00       95.0    
   1.85       93.0    
   3.71       93.0    

 ( Maximum # of arrivals =        55555 )

 Tracing beam            1  -10.000000000000000     

 Minimum width beams                     
 halfwidth  =    2.9968311570455928     
 EpsOpt     =  (  0.0000000000000000     ,  1446000.0000000000     )
 EpsMult    =    1.0000000000000000     

 Tracing beam          431  -9.7402899089388590     
 Tracing beam          861  -9.4805798178777181     
 Tracing beam         1291  -9.2208697268165771     
 Tracing beam         1721  -8.9611596357554362     
 Tracing beam         2151  -8.7014495446942952     
 Tracing beam         2581  -8.4417394536331543     
 Tracing beam         3011  -8.1820293625720133     
 Tracing beam         3441  -7.9223192715108715     
 Tracing beam         3871  -7.6626091804497314     
 Tracing beam         4301  -7.4028990893885895     
 Tracing beam         4731  -7.1431889983274486     
 Tracing beam         5161  -6.8834789072663076     
 Tracing beam         5591  -6.6237688162051667     
 Tracing beam         6021  -6.3640587251440257     
 Tracing beam         6451  -6.1043486340828839     
 Tracing beam         6881  -5.8446385430217429     
 Tracing beam         7311  -5.5849284519606028     
 Tracing beam         7741  -5.3252183608994619     
 Tracing beam         8171  -5.0655082698383200     
 Tracing beam         8601  -4.8057981787771791     
 Tracing beam         9031  -4.5460880877160381     
 Tracing beam         9461  -4.2863779966548972     
 Tracing beam         9891  -4.0266679055937562     
 Tracing beam        10321  -3.7669578145326148     
 Tracing beam        10751  -3.5072477234714743     
 Tracing beam        11181  -3.2475376324103333     
 Tracing beam        11611  -2.9878275413491924     
 Tracing beam        12041  -2.7281174502880514     
 Tracing beam        12471  -2.4684073592269105     
 Tracing beam        12901  -2.2086972681657695     
 Tracing beam        13331  -1.9489871771046285     
 Tracing beam        13761  -1.6892770860434876     
 Tracing beam        14191  -1.4295669949823466     
 Tracing beam        14621  -1.1698569039212057     
 Tracing beam        15051 -0.91014681286006471     
 Tracing beam        15481 -0.65043672179892376     
 Tracing beam        15911 -0.39072663073778280     
 Tracing beam        16341 -0.13101653967664006     
 Tracing beam        16771  0.12869355138450089     
 Tracing beam        17201  0.38840364244564185     
 Tracing beam        17631  0.64811373350678281     
 Tracing beam        18061  0.90782382456792377     
 Tracing beam        18491   1.1675339156290647     
 Tracing beam        18921   1.4272440066902057     
 Tracing beam        19351   1.6869540977513466     
 Tracing beam        19781   1.9466641888124876     
 Tracing beam        20211   2.2063742798736286     
 Tracing beam        20641   2.4660843709347695     
 Tracing beam        21071   2.7257944619959105     
 Tracing beam        21501   2.9855045530570514     

 CPU Time =        8.57    s
