 BELLHOP- UWASN                                                                  
 frequency =  0.5150E+05 Hz

 Dummy parameter NMedia =            1

     C-LINEAR approximation to SSP
     Attenuation units: dB/mkHz
     THORP attenuation added
     VACUUM

 Depth =    100.00000000000000      m

 C-Linear SSP option

 Sound speed profile:
      7.00      1447.00
     10.00      1474.90
     20.00      1497.70
     30.00      1478.70
     40.00      1460.10
     50.00      1450.80
     60.00      1447.10
     70.00      1447.10
     80.00      1444.90
     90.00      1446.00
     95.00      1443.80
    100.00      1441.80

                                 ( RMS roughness =  0.200E-01 )
     Bathymetry file selected
     Perfectly RIGID

 Number of sources   =            1
 Source depths (m)
   90.0000    

 Number of receivers =            6
 Receiver depths (m)
   87.0000       88.0000       89.0000       90.0000       91.0000    
   92.0000    

 Number of ranges   =            6
 Receiver ranges (km)
  0.900000       1.00000       1.10000       1.90000       2.00000    
   2.10000    

 Arrivals calculation, ASCII  file output
 Geometric hat beams
 Point source (cylindrical coordinates)
 Rectilinear receiver grid: Receivers at rr( : ) x rd( : )

 Number of beams   =        21630
 Beam take-off angles (degrees)
  -10.0000      -9.99940      -9.99880      -9.99820      -9.99760    
  -9.99699      -9.99639      -9.99579      -9.99519      -9.99459    
  -9.99399      -9.99339      -9.99279      -9.99219      -9.99159    
  -9.99098      -9.99038      -9.98978      -9.98918      -9.98858    
  -9.98798    

 Step length,     deltas =    10.000000000000000      m

 Maximum ray Depth, zBox =    100.00000000000000      m
 Maximum ray range, rBox =    2200.0000000000000      m
 No beam shift in effect

 *********************************
 Using bottom-bathymetry file
 Curvilinear Interpolation
 Number of bathymetry points           3

  Range (km)  Depth (m)
   0.00       95.0    
   2.25       93.0    
   4.50       92.0    

 ( Maximum # of arrivals =        55555 )

 Tracing beam            1  -10.000000000000000     

 Minimum width beams                     
 halfwidth  =    2.9895484460202586     
 EpsOpt     =  (  0.0000000000000000     ,  1446000.0000000000     )
 EpsMult    =    1.0000000000000000     

 Tracing beam          433  -9.7403486060381876     
 Tracing beam          865  -9.4806972120763788     
 Tracing beam         1297  -9.2210458181145682     
 Tracing beam         1729  -8.9613944241527577     
 Tracing beam         2161  -8.7017430301909471     
 Tracing beam         2593  -8.4420916362291365     
 Tracing beam         3025  -8.1824402422673259     
 Tracing beam         3457  -7.9227888483055162     
 Tracing beam         3889  -7.6631374543437047     
 Tracing beam         4321  -7.4034860603818933     
 Tracing beam         4753  -7.1438346664200836     
 Tracing beam         5185  -6.8841832724582730     
 Tracing beam         5617  -6.6245318784964615     
 Tracing beam         6049  -6.3648804845346518     
 Tracing beam         6481  -6.1052290905728412     
 Tracing beam         6913  -5.8455776966110315     
 Tracing beam         7345  -5.5859263026492210     
 Tracing beam         7777  -5.3262749086874104     
 Tracing beam         8209  -5.0666235147255998     
 Tracing beam         8641  -4.8069721207637892     
 Tracing beam         9073  -4.5473207268019786     
 Tracing beam         9505  -4.2876693328401680     
 Tracing beam         9937  -4.0280179388783575     
 Tracing beam        10369  -3.7683665449165464     
 Tracing beam        10801  -3.5087151509547363     
 Tracing beam        11233  -3.2490637569929257     
 Tracing beam        11665  -2.9894123630311151     
 Tracing beam        12097  -2.7297609690693045     
 Tracing beam        12529  -2.4701095751074940     
 Tracing beam        12961  -2.2104581811456834     
 Tracing beam        13393  -1.9508067871838737     
 Tracing beam        13825  -1.6911553932220631     
 Tracing beam        14257  -1.4315039992602525     
 Tracing beam        14689  -1.1718526052984419     
 Tracing beam        15121 -0.91220121133663135     
 Tracing beam        15553 -0.65254981737482076     
 Tracing beam        15985 -0.39289842341301018     
 Tracing beam        16417 -0.13324702945119959     
 Tracing beam        16849  0.12640436451061099     
 Tracing beam        17281  0.38605575847242152     
 Tracing beam        17713  0.64570715243423216     
 Tracing beam        18145  0.90535854639604274     
 Tracing beam        18577   1.1650099403578533     
 Tracing beam        19009   1.4246613343196639     
 Tracing beam        19441   1.6843127282814745     
 Tracing beam        19873   1.9439641222432851     
 Tracing beam        20305   2.2036155162050957     
 Tracing beam        20737   2.4632669101669058     
 Tracing beam        21169   2.7229183041287168     
 Tracing beam        21601   2.9825696980905274     

 CPU Time =        8.87    s
