 BELLHOP- UWASN                                                                  
 frequency =  0.5200E+05 Hz

 Dummy parameter NMedia =            1

     C-LINEAR approximation to SSP
     Attenuation units: dB/mkHz
     THORP attenuation added
     VACUUM

 Depth =    100.00000000000000      m

 C-Linear SSP option

 Sound speed profile:
      7.00      1447.00
     10.00      1474.90
     20.00      1497.70
     30.00      1478.70
     40.00      1460.10
     50.00      1450.80
     60.00      1447.10
     70.00      1447.10
     80.00      1444.90
     90.00      1446.00
     95.00      1443.80
    100.00      1441.80

                                 ( RMS roughness =  0.200E-01 )
     Bathymetry file selected
     Perfectly RIGID

 Number of sources   =            1
 Source depths (m)
   90.0000    

 Number of receivers =            6
 Receiver depths (m)
   87.0000       88.0000       89.0000       90.0000       91.0000    
   92.0000    

 Number of ranges   =            6
 Receiver ranges (km)
  0.900000       1.00000       1.10000       1.90000       2.00000    
   2.10000    

 Arrivals calculation, ASCII  file output
 Geometric hat beams
 Point source (cylindrical coordinates)
 Rectilinear receiver grid: Receivers at rr( : ) x rd( : )

 Number of beams   =        21840
 Beam take-off angles (degrees)
  -10.0000      -9.99940      -9.99881      -9.99821      -9.99762    
  -9.99702      -9.99643      -9.99583      -9.99524      -9.99464    
  -9.99405      -9.99345      -9.99286      -9.99226      -9.99167    
  -9.99107      -9.99048      -9.98988      -9.98929      -9.98869    
  -9.98809    

 Step length,     deltas =    10.000000000000000      m

 Maximum ray Depth, zBox =    100.00000000000000      m
 Maximum ray range, rBox =    2200.0000000000000      m
 No beam shift in effect

 *********************************
 Using bottom-bathymetry file
 Curvilinear Interpolation
 Number of bathymetry points           3

  Range (km)  Depth (m)
   0.00       95.0    
   1.28       95.0    
   2.55       94.0    

 ( Maximum # of arrivals =        55555 )

 Tracing beam            1  -10.000000000000000     

 Minimum width beams                     
 halfwidth  =    2.9751408997718731     
 EpsOpt     =  (  0.0000000000000000     ,  1446000.0000000000     )
 EpsMult    =    1.0000000000000000     

 Tracing beam          437  -9.7404643069737613     
 Tracing beam          873  -9.4809286139475244     
 Tracing beam         1309  -9.2213929209212875     
 Tracing beam         1745  -8.9618572278950506     
 Tracing beam         2181  -8.7023215348688119     
 Tracing beam         2617  -8.4427858418425750     
 Tracing beam         3053  -8.1832501488163381     
 Tracing beam         3489  -7.9237144557901003     
 Tracing beam         3925  -7.6641787627638625     
 Tracing beam         4361  -7.4046430697376246     
 Tracing beam         4797  -7.1451073767113877     
 Tracing beam         5233  -6.8855716836851499     
 Tracing beam         5669  -6.6260359906589130     
 Tracing beam         6105  -6.3665002976326761     
 Tracing beam         6541  -6.1069646046064383     
 Tracing beam         6977  -5.8474289115802005     
 Tracing beam         7413  -5.5878932185539636     
 Tracing beam         7849  -5.3283575255277258     
 Tracing beam         8285  -5.0688218325014880     
 Tracing beam         8721  -4.8092861394752511     
 Tracing beam         9157  -4.5497504464490133     
 Tracing beam         9593  -4.2902147534227764     
 Tracing beam        10029  -4.0306790603965386     
 Tracing beam        10465  -3.7711433673703003     
 Tracing beam        10901  -3.5116076743440638     
 Tracing beam        11337  -3.2520719813178256     
 Tracing beam        11773  -2.9925362882915891     
 Tracing beam        12209  -2.7330005952653513     
 Tracing beam        12645  -2.4734649022391131     
 Tracing beam        13081  -2.2139292092128766     
 Tracing beam        13517  -1.9543935161866397     
 Tracing beam        13953  -1.6948578231604010     
 Tracing beam        14389  -1.4353221301341641     
 Tracing beam        14825  -1.1757864371079272     
 Tracing beam        15261 -0.91625074408168838     
 Tracing beam        15697 -0.65671505105545158     
 Tracing beam        16133 -0.39717935802921467     
 Tracing beam        16569 -0.13764366500297598     
 Tracing beam        17005  0.12189202802326093     
 Tracing beam        17441  0.38142772104949785     
 Tracing beam        17877  0.64096341407573476     
 Tracing beam        18313  0.90049910710197345     
 Tracing beam        18749   1.1600348001282104     
 Tracing beam        19185   1.4195704931544471     
 Tracing beam        19621   1.6791061861806860     
 Tracing beam        20057   1.9386418792069227     
 Tracing beam        20493   2.1981775722331598     
 Tracing beam        20929   2.4577132652593985     
 Tracing beam        21365   2.7172489582856350     
 Tracing beam        21801   2.9767846513118723     

 CPU Time =        8.70    s
