 BELLHOP- UWASN                                                                  
 frequency =   5250.     Hz

 Dummy parameter NMedia =            1

     C-LINEAR approximation to SSP
     Attenuation units: dB/mkHz
     THORP attenuation added
     VACUUM

 Depth =    100.00000000000000      m

 C-Linear SSP option

 Sound speed profile:
      7.00      1447.00
     10.00      1474.90
     20.00      1497.70
     30.00      1478.70
     40.00      1460.10
     50.00      1450.80
     60.00      1447.10
     70.00      1447.10
     80.00      1444.90
     90.00      1446.00
     95.00      1443.80
    100.00      1441.80

                                 ( RMS roughness =  0.200E-01 )
     Bathymetry file selected
     Perfectly RIGID

 Number of sources   =            1
 Source depths (m)
   90.0000    

 Number of receivers =            6
 Receiver depths (m)
   87.0000       88.0000       89.0000       90.0000       91.0000    
   92.0000    

 Number of ranges   =            6
 Receiver ranges (km)
  0.900000       1.00000       1.10000       1.90000       2.00000    
   2.10000    

 Arrivals calculation, ASCII  file output
 Geometric hat beams
 Point source (cylindrical coordinates)
 Rectilinear receiver grid: Receivers at rr( : ) x rd( : )

 Number of beams   =         2205
 Beam take-off angles (degrees)
  -10.0000      -9.99410      -9.98820      -9.98230      -9.97641    
  -9.97051      -9.96461      -9.95871      -9.95281      -9.94691    
  -9.94102      -9.93512      -9.92922      -9.92332      -9.91742    
  -9.91152      -9.90563      -9.89973      -9.89383      -9.88793    
  -9.88203    

 Step length,     deltas =    10.000000000000000      m

 Maximum ray Depth, zBox =    100.00000000000000      m
 Maximum ray range, rBox =    2200.0000000000000      m
 No beam shift in effect

 *********************************
 Using bottom-bathymetry file
 Curvilinear Interpolation
 Number of bathymetry points           3

  Range (km)  Depth (m)
   0.00       95.0    
   1.85       97.0    
   3.71       95.0    

 ( Maximum # of arrivals =        55555 )

 Tracing beam            1  -10.000000000000000     

 Minimum width beams                     
 halfwidth  =    9.3633133677770530     
 EpsOpt     =  (  0.0000000000000000     ,  1446000.0000000000     )
 EpsMult    =    1.0000000000000000     

 Tracing beam           45  -9.7404718693284931     
 Tracing beam           89  -9.4809437386569879     
 Tracing beam          133  -9.2214156079854810     
 Tracing beam          177  -8.9618874773139741     
 Tracing beam          221  -8.7023593466424689     
 Tracing beam          265  -8.4428312159709620     
 Tracing beam          309  -8.1833030852994550     
 Tracing beam          353  -7.9237749546279481     
 Tracing beam          397  -7.6642468239564439     
 Tracing beam          441  -7.4047186932849351     
 Tracing beam          485  -7.1451905626134291     
 Tracing beam          529  -6.8856624319419240     
 Tracing beam          573  -6.6261343012704170     
 Tracing beam          617  -6.3666061705989110     
 Tracing beam          661  -6.1070780399274049     
 Tracing beam          705  -5.8475499092558980     
 Tracing beam          749  -5.5880217785843920     
 Tracing beam          793  -5.3284936479128850     
 Tracing beam          837  -5.0689655172413790     
 Tracing beam          881  -4.8094373865698730     
 Tracing beam          925  -4.5499092558983660     
 Tracing beam          969  -4.2903811252268600     
 Tracing beam         1013  -4.0308529945553531     
 Tracing beam         1057  -3.7713248638838466     
 Tracing beam         1101  -3.5117967332123410     
 Tracing beam         1145  -3.2522686025408341     
 Tracing beam         1189  -2.9927404718693280     
 Tracing beam         1233  -2.7332123411978220     
 Tracing beam         1277  -2.4736842105263150     
 Tracing beam         1321  -2.2141560798548090     
 Tracing beam         1365  -1.9546279491833027     
 Tracing beam         1409  -1.6950998185117960     
 Tracing beam         1453  -1.4355716878402889     
 Tracing beam         1497  -1.1760435571687839     
 Tracing beam         1541 -0.91651542649727691     
 Tracing beam         1585 -0.65698729582577009     
 Tracing beam         1629 -0.39745916515426494     
 Tracing beam         1673 -0.13793103448275801     
 Tracing beam         1717  0.12159709618874891     
 Tracing beam         1761  0.38112522686025407     
 Tracing beam         1805  0.64065335753176100     
 Tracing beam         1849  0.90018148820326793     
 Tracing beam         1893   1.1597096188747731     
 Tracing beam         1937   1.4192377495462800     
 Tracing beam         1981   1.6787658802177869     
 Tracing beam         2025   1.9382940108892939     
 Tracing beam         2069   2.1978221415607990     
 Tracing beam         2113   2.4573502722323060     
 Tracing beam         2157   2.7168784029038129     
 Tracing beam         2201   2.9764065335753180     

 CPU Time =       0.868    s
