 BELLHOP- UWASN                                                                  
 frequency =  0.5275E+05 Hz

 Dummy parameter NMedia =            1

     C-LINEAR approximation to SSP
     Attenuation units: dB/mkHz
     THORP attenuation added
     VACUUM

 Depth =    100.00000000000000      m

 C-Linear SSP option

 Sound speed profile:
      7.00      1447.00
     10.00      1474.90
     20.00      1497.70
     30.00      1478.70
     40.00      1460.10
     50.00      1450.80
     60.00      1447.10
     70.00      1447.10
     80.00      1444.90
     90.00      1446.00
     95.00      1443.80
    100.00      1441.80

                                 ( RMS roughness =  0.200E-01 )
     Bathymetry file selected
     Perfectly RIGID

 Number of sources   =            1
 Source depths (m)
   90.0000    

 Number of receivers =            6
 Receiver depths (m)
   87.0000       88.0000       89.0000       90.0000       91.0000    
   92.0000    

 Number of ranges   =            6
 Receiver ranges (km)
  0.900000       1.00000       1.10000       1.90000       2.00000    
   2.10000    

 Arrivals calculation, ASCII  file output
 Geometric hat beams
 Point source (cylindrical coordinates)
 Rectilinear receiver grid: Receivers at rr( : ) x rd( : )

 Number of beams   =        22155
 Beam take-off angles (degrees)
  -10.0000      -9.99941      -9.99883      -9.99824      -9.99765    
  -9.99707      -9.99648      -9.99589      -9.99531      -9.99472    
  -9.99413      -9.99355      -9.99296      -9.99237      -9.99178    
  -9.99120      -9.99061      -9.99002      -9.98944      -9.98885    
  -9.98826    

 Step length,     deltas =    10.000000000000000      m

 Maximum ray Depth, zBox =    100.00000000000000      m
 Maximum ray range, rBox =    2200.0000000000000      m
 No beam shift in effect

 *********************************
 Using bottom-bathymetry file
 Curvilinear Interpolation
 Number of bathymetry points           3

  Range (km)  Depth (m)
   0.00       95.0    
   1.85       97.0    
   3.71       95.0    

 ( Maximum # of arrivals =        55555 )

 Tracing beam            1  -10.000000000000000     

 Minimum width beams                     
 halfwidth  =    2.9539148910134334     
 EpsOpt     =  (  0.0000000000000000     ,  1446000.0000000000     )
 EpsMult    =    1.0000000000000000     

 Tracing beam          444  -9.7400469441184434     
 Tracing beam          887  -9.4800938882368868     
 Tracing beam         1330  -9.2201408323553302     
 Tracing beam         1773  -8.9601877764737718     
 Tracing beam         2216  -8.7002347205922188     
 Tracing beam         2659  -8.4402816647106622     
 Tracing beam         3102  -8.1803286088291056     
 Tracing beam         3545  -7.9203755529475490     
 Tracing beam         3988  -7.6604224970659924     
 Tracing beam         4431  -7.4004694411844358     
 Tracing beam         4874  -7.1405163853028792     
 Tracing beam         5317  -6.8805633294213235     
 Tracing beam         5760  -6.6206102735397661     
 Tracing beam         6203  -6.3606572176582112     
 Tracing beam         6646  -6.1007041617766546     
 Tracing beam         7089  -5.8407511058950980     
 Tracing beam         7532  -5.5807980500135406     
 Tracing beam         7975  -5.3208449941319849     
 Tracing beam         8418  -5.0608919382504283     
 Tracing beam         8861  -4.8009388823688726     
 Tracing beam         9304  -4.5409858264873160     
 Tracing beam         9747  -4.2810327706057594     
 Tracing beam        10190  -4.0210797147242028     
 Tracing beam        10633  -3.7611266588426475     
 Tracing beam        11076  -3.5011736029610905     
 Tracing beam        11519  -3.2412205470795339     
 Tracing beam        11962  -2.9812674911979773     
 Tracing beam        12405  -2.7213144353164216     
 Tracing beam        12848  -2.4613613794348650     
 Tracing beam        13291  -2.2014083235533084     
 Tracing beam        13734  -1.9414552676717525     
 Tracing beam        14177  -1.6815022117901961     
 Tracing beam        14620  -1.4215491559086393     
 Tracing beam        15063  -1.1615961000270829     
 Tracing beam        15506 -0.90164304414552632     
 Tracing beam        15949 -0.64168998826396972     
 Tracing beam        16392 -0.38173693238241313     
 Tracing beam        16835 -0.12178387650085654     
 Tracing beam        17278  0.13816917938069828     
 Tracing beam        17721  0.39812223526225488     
 Tracing beam        18164  0.65807529114381147     
 Tracing beam        18607  0.91802834702536795     
 Tracing beam        19050   1.1779814029069247     
 Tracing beam        19493   1.4379344587884813     
 Tracing beam        19936   1.6978875146700378     
 Tracing beam        20379   1.9578405705515944     
 Tracing beam        20822   2.2177936264331493     
 Tracing beam        21265   2.4777466823147059     
 Tracing beam        21708   2.7376997381962624     
 Tracing beam        22151   2.9976527940778190     

 CPU Time =        9.37    s
