 BELLHOP- UWASN                                                                  
 frequency =  0.5650E+05 Hz

 Dummy parameter NMedia =            1

     C-LINEAR approximation to SSP
     Attenuation units: dB/mkHz
     THORP attenuation added
     VACUUM

 Depth =    100.00000000000000      m

 C-Linear SSP option

 Sound speed profile:
      7.00      1447.00
     10.00      1474.90
     20.00      1497.70
     30.00      1478.70
     40.00      1460.10
     50.00      1450.80
     60.00      1447.10
     70.00      1447.10
     80.00      1444.90
     90.00      1446.00
     95.00      1443.80
    100.00      1441.80

                                 ( RMS roughness =  0.200E-01 )
     Bathymetry file selected
     Perfectly RIGID

 Number of sources   =            1
 Source depths (m)
   90.0000    

 Number of receivers =            6
 Receiver depths (m)
   87.0000       88.0000       89.0000       90.0000       91.0000    
   92.0000    

 Number of ranges   =            6
 Receiver ranges (km)
  0.900000       1.00000       1.10000       1.90000       2.00000    
   2.10000    

 Arrivals calculation, ASCII  file output
 Geometric hat beams
 Point source (cylindrical coordinates)
 Rectilinear receiver grid: Receivers at rr( : ) x rd( : )

 Number of beams   =        23730
 Beam take-off angles (degrees)
  -10.0000      -9.99945      -9.99890      -9.99836      -9.99781    
  -9.99726      -9.99671      -9.99617      -9.99562      -9.99507    
  -9.99452      -9.99397      -9.99343      -9.99288      -9.99233    
  -9.99178      -9.99123      -9.99069      -9.99014      -9.98959    
  -9.98904    

 Step length,     deltas =    10.000000000000000      m

 Maximum ray Depth, zBox =    100.00000000000000      m
 Maximum ray range, rBox =    2200.0000000000000      m
 No beam shift in effect

 *********************************
 Using bottom-bathymetry file
 Curvilinear Interpolation
 Number of bathymetry points           3

  Range (km)  Depth (m)
   0.00       95.0    
   1.85       93.0    
   3.71       93.0    

 ( Maximum # of arrivals =        55555 )

 Tracing beam            1  -10.000000000000000     

 Minimum width beams                     
 halfwidth  =    2.8542038408261781     
 EpsOpt     =  (  0.0000000000000000     ,  1446000.0000000000     )
 EpsMult    =    1.0000000000000000     

 Tracing beam          475  -9.7403177546462114     
 Tracing beam          949  -9.4806355092924264     
 Tracing beam         1423  -9.2209532639386378     
 Tracing beam         1897  -8.9612710185848545     
 Tracing beam         2371  -8.7015887732310659     
 Tracing beam         2845  -8.4419065278772809     
 Tracing beam         3319  -8.1822242825234923     
 Tracing beam         3793  -7.9225420371697073     
 Tracing beam         4267  -7.6628597918159214     
 Tracing beam         4741  -7.4031775464621354     
 Tracing beam         5215  -7.1434953011083486     
 Tracing beam         5689  -6.8838130557545618     
 Tracing beam         6163  -6.6241308104007750     
 Tracing beam         6637  -6.3644485650469891     
 Tracing beam         7111  -6.1047663196932032     
 Tracing beam         7585  -5.8450840743394163     
 Tracing beam         8059  -5.5854018289856295     
 Tracing beam         8533  -5.3257195836318427     
 Tracing beam         9007  -5.0660373382780568     
 Tracing beam         9481  -4.8063550929242700     
 Tracing beam         9955  -4.5466728475704832     
 Tracing beam        10429  -4.2869906022166973     
 Tracing beam        10903  -4.0273083568629104     
 Tracing beam        11377  -3.7676261115091236     
 Tracing beam        11851  -3.5079438661553373     
 Tracing beam        12325  -3.2482616208015509     
 Tracing beam        12799  -2.9885793754477641     
 Tracing beam        13273  -2.7288971300939782     
 Tracing beam        13747  -2.4692148847401914     
 Tracing beam        14221  -2.2095326393864054     
 Tracing beam        14695  -1.9498503940326177     
 Tracing beam        15169  -1.6901681486788327     
 Tracing beam        15643  -1.4304859033250459     
 Tracing beam        16117  -1.1708036579712591     
 Tracing beam        16591 -0.91112141261747226     
 Tracing beam        17065 -0.65143916726368545     
 Tracing beam        17539 -0.39175692190989864     
 Tracing beam        18013 -0.13207467655611360     
 Tracing beam        18487  0.12760756879767321     
 Tracing beam        18961  0.38728981415146002     
 Tracing beam        19435  0.64697205950524683     
 Tracing beam        19909  0.90665430485903353     
 Tracing beam        20383   1.1663365502128187     
 Tracing beam        20857   1.4260187955666055     
 Tracing beam        21331   1.6857010409203923     
 Tracing beam        21805   1.9453832862741789     
 Tracing beam        22279   2.2050655316279659     
 Tracing beam        22753   2.4647477769817523     
 Tracing beam        23227   2.7244300223355378     
 Tracing beam        23701   2.9841122676893246     

 CPU Time =        9.80    s
