 BELLHOP- UWASN                                                                  
 frequency =   5750.     Hz

 Dummy parameter NMedia =            1

     C-LINEAR approximation to SSP
     Attenuation units: dB/mkHz
     THORP attenuation added
     VACUUM

 Depth =    100.00000000000000      m

 C-Linear SSP option

 Sound speed profile:
      7.00      1447.00
     10.00      1474.90
     20.00      1497.70
     30.00      1478.70
     40.00      1460.10
     50.00      1450.80
     60.00      1447.10
     70.00      1447.10
     80.00      1444.90
     90.00      1446.00
     95.00      1443.80
    100.00      1441.80

                                 ( RMS roughness =  0.200E-01 )
     Bathymetry file selected
     Perfectly RIGID

 Number of sources   =            1
 Source depths (m)
   90.0000    

 Number of receivers =            6
 Receiver depths (m)
   87.0000       88.0000       89.0000       90.0000       91.0000    
   92.0000    

 Number of ranges   =            6
 Receiver ranges (km)
  0.900000       1.00000       1.10000       1.90000       2.00000    
   2.10000    

 Arrivals calculation, ASCII  file output
 Geometric hat beams
 Point source (cylindrical coordinates)
 Rectilinear receiver grid: Receivers at rr( : ) x rd( : )

 Number of beams   =         2415
 Beam take-off angles (degrees)
  -10.0000      -9.99461      -9.98923      -9.98384      -9.97846    
  -9.97307      -9.96769      -9.96230      -9.95692      -9.95153    
  -9.94615      -9.94076      -9.93538      -9.92999      -9.92461    
  -9.91922      -9.91384      -9.90845      -9.90307      -9.89768    
  -9.89229    

 Step length,     deltas =    10.000000000000000      m

 Maximum ray Depth, zBox =    100.00000000000000      m
 Maximum ray range, rBox =    2200.0000000000000      m
 No beam shift in effect

 *********************************
 Using bottom-bathymetry file
 Curvilinear Interpolation
 Number of bathymetry points           3

  Range (km)  Depth (m)
   0.00       95.0    
   2.25       97.0    
   4.50       96.0    

 ( Maximum # of arrivals =        55555 )

 Tracing beam            1  -10.000000000000000     

 Minimum width beams                     
 halfwidth  =    8.9469557166160580     
 EpsOpt     =  (  0.0000000000000000     ,  1446000.0000000000     )
 EpsMult    =    1.0000000000000000     

 Tracing beam           49  -9.7415078707539351     
 Tracing beam           97  -9.4830157415078702     
 Tracing beam          145  -9.2245236122618053     
 Tracing beam          193  -8.9660314830157422     
 Tracing beam          241  -8.7075393537696772     
 Tracing beam          289  -8.4490472245236123     
 Tracing beam          337  -8.1905550952775474     
 Tracing beam          385  -7.9320629660314816     
 Tracing beam          433  -7.6735708367854185     
 Tracing beam          481  -7.4150787075393536     
 Tracing beam          529  -7.1565865782932896     
 Tracing beam          577  -6.8980944490472247     
 Tracing beam          625  -6.6396023198011598     
 Tracing beam          673  -6.3811101905550949     
 Tracing beam          721  -6.1226180613090309     
 Tracing beam          769  -5.8641259320629660     
 Tracing beam          817  -5.6056338028169019     
 Tracing beam          865  -5.3471416735708370     
 Tracing beam          913  -5.0886495443247721     
 Tracing beam          961  -4.8301574150787081     
 Tracing beam         1009  -4.5716652858326432     
 Tracing beam         1057  -4.3131731565865783     
 Tracing beam         1105  -4.0546810273405143     
 Tracing beam         1153  -3.7961888980944494     
 Tracing beam         1201  -3.5376967688483845     
 Tracing beam         1249  -3.2792046396023200     
 Tracing beam         1297  -3.0207125103562555     
 Tracing beam         1345  -2.7622203811101906     
 Tracing beam         1393  -2.5037282518641266     
 Tracing beam         1441  -2.2452361226180617     
 Tracing beam         1489  -1.9867439933719968     
 Tracing beam         1537  -1.7282518641259319     
 Tracing beam         1585  -1.4697597348798670     
 Tracing beam         1633  -1.2112676056338039     
 Tracing beam         1681 -0.95277547638773896     
 Tracing beam         1729 -0.69428334714167395     
 Tracing beam         1777 -0.43579121789560915     
 Tracing beam         1825 -0.17729908864954425     
 Tracing beam         1873  8.11930405965206464E-002
 Tracing beam         1921  0.33968516984258379     
 Tracing beam         1969  0.59817729908864858     
 Tracing beam         2017  0.85666942833471349     
 Tracing beam         2065   1.1151615575807785     
 Tracing beam         2113   1.3736536868268434     
 Tracing beam         2161   1.6321458160729083     
 Tracing beam         2209   1.8906379453189717     
 Tracing beam         2257   2.1491300745650364     
 Tracing beam         2305   2.4076222038111013     
 Tracing beam         2353   2.6661143330571662     
 Tracing beam         2401   2.9246064623032311     

 CPU Time =       0.972    s
