 BELLHOP- UWASN                                                                  
 frequency =  0.5775E+05 Hz

 Dummy parameter NMedia =            1

     C-LINEAR approximation to SSP
     Attenuation units: dB/mkHz
     THORP attenuation added
     VACUUM

 Depth =    100.00000000000000      m

 C-Linear SSP option

 Sound speed profile:
      7.00      1447.00
     10.00      1474.90
     20.00      1497.70
     30.00      1478.70
     40.00      1460.10
     50.00      1450.80
     60.00      1447.10
     70.00      1447.10
     80.00      1444.90
     90.00      1446.00
     95.00      1443.80
    100.00      1441.80

                                 ( RMS roughness =  0.200E-01 )
     Bathymetry file selected
     Perfectly RIGID

 Number of sources   =            1
 Source depths (m)
   90.0000    

 Number of receivers =            6
 Receiver depths (m)
   87.0000       88.0000       89.0000       90.0000       91.0000    
   92.0000    

 Number of ranges   =            6
 Receiver ranges (km)
  0.900000       1.00000       1.10000       1.90000       2.00000    
   2.10000    

 Arrivals calculation, ASCII  file output
 Geometric hat beams
 Point source (cylindrical coordinates)
 Rectilinear receiver grid: Receivers at rr( : ) x rd( : )

 Number of beams   =        24255
 Beam take-off angles (degrees)
  -10.0000      -9.99946      -9.99893      -9.99839      -9.99786    
  -9.99732      -9.99678      -9.99625      -9.99571      -9.99518    
  -9.99464      -9.99410      -9.99357      -9.99303      -9.99250    
  -9.99196      -9.99142      -9.99089      -9.99035      -9.98982    
  -9.98928    

 Step length,     deltas =    10.000000000000000      m

 Maximum ray Depth, zBox =    100.00000000000000      m
 Maximum ray range, rBox =    2200.0000000000000      m
 No beam shift in effect

 *********************************
 Using bottom-bathymetry file
 Curvilinear Interpolation
 Number of bathymetry points           3

  Range (km)  Depth (m)
   0.00       95.0    
   2.25       96.0    
   4.50       94.0    

 ( Maximum # of arrivals =        55555 )

 Tracing beam            1  -10.000000000000000     

 Minimum width beams                     
 halfwidth  =    2.8231452032214071     
 EpsOpt     =  (  0.0000000000000000     ,  1446000.0000000000     )
 EpsMult    =    1.0000000000000000     

 Tracing beam          486  -9.7400428795250260     
 Tracing beam          971  -9.4800857590500538     
 Tracing beam         1456  -9.2201286385750798     
 Tracing beam         1941  -8.9601715181001076     
 Tracing beam         2426  -8.7002143976251318     
 Tracing beam         2911  -8.4402572771501596     
 Tracing beam         3396  -8.1803001566751874     
 Tracing beam         3881  -7.9203430362002143     
 Tracing beam         4366  -7.6603859157252412     
 Tracing beam         4851  -7.4004287952502690     
 Tracing beam         5336  -7.1404716747752950     
 Tracing beam         5821  -6.8805145543003219     
 Tracing beam         6306  -6.6205574338253488     
 Tracing beam         6791  -6.3606003133503748     
 Tracing beam         7276  -6.1006431928754026     
 Tracing beam         7761  -5.8406860724004295     
 Tracing beam         8246  -5.5807289519254564     
 Tracing beam         8731  -5.3207718314504824     
 Tracing beam         9216  -5.0608147109755093     
 Tracing beam         9701  -4.8008575905005362     
 Tracing beam        10186  -4.5409004700255631     
 Tracing beam        10671  -4.2809433495505900     
 Tracing beam        11156  -4.0209862290756169     
 Tracing beam        11641  -3.7610291086006433     
 Tracing beam        12126  -3.5010719881256707     
 Tracing beam        12611  -3.2411148676506976     
 Tracing beam        13096  -2.9811577471757245     
 Tracing beam        13581  -2.7212006267007509     
 Tracing beam        14066  -2.4612435062257783     
 Tracing beam        14551  -2.2012863857508043     
 Tracing beam        15036  -1.9413292652758309     
 Tracing beam        15521  -1.6813721448008589     
 Tracing beam        16006  -1.4214150243258850     
 Tracing beam        16491  -1.1614579038509127     
 Tracing beam        16976 -0.90150078337593864     
 Tracing beam        17461 -0.64154366290096476     
 Tracing beam        17946 -0.38158654242599255     
 Tracing beam        18431 -0.12162942195101856     
 Tracing beam        18916  0.13832769852395366     
 Tracing beam        19401  0.39828481899892765     
 Tracing beam        19886  0.65824193947389986     
 Tracing beam        20371  0.91819905994887385     
 Tracing beam        20856   1.1781561804238461     
 Tracing beam        21341   1.4381133008988198     
 Tracing beam        21826   1.6980704213737923     
 Tracing beam        22311   1.9580275418487660     
 Tracing beam        22796   2.2179846623237403     
 Tracing beam        23281   2.4779417827987125     
 Tracing beam        23766   2.7378989032736865     
 Tracing beam        24251   2.9978560237486587     

 CPU Time =        9.74    s
