 BELLHOP- UWASN                                                                  
 frequency =  0.5825E+05 Hz

 Dummy parameter NMedia =            1

     C-LINEAR approximation to SSP
     Attenuation units: dB/mkHz
     THORP attenuation added
     VACUUM

 Depth =    100.00000000000000      m

 C-Linear SSP option

 Sound speed profile:
      7.00      1447.00
     10.00      1474.90
     20.00      1497.70
     30.00      1478.70
     40.00      1460.10
     50.00      1450.80
     60.00      1447.10
     70.00      1447.10
     80.00      1444.90
     90.00      1446.00
     95.00      1443.80
    100.00      1441.80

                                 ( RMS roughness =  0.200E-01 )
     Bathymetry file selected
     Perfectly RIGID

 Number of sources   =            1
 Source depths (m)
   90.0000    

 Number of receivers =            6
 Receiver depths (m)
   87.0000       88.0000       89.0000       90.0000       91.0000    
   92.0000    

 Number of ranges   =            6
 Receiver ranges (km)
  0.900000       1.00000       1.10000       1.90000       2.00000    
   2.10000    

 Arrivals calculation, ASCII  file output
 Geometric hat beams
 Point source (cylindrical coordinates)
 Rectilinear receiver grid: Receivers at rr( : ) x rd( : )

 Number of beams   =        24465
 Beam take-off angles (degrees)
  -10.0000      -9.99947      -9.99894      -9.99841      -9.99787    
  -9.99734      -9.99681      -9.99628      -9.99575      -9.99522    
  -9.99469      -9.99415      -9.99362      -9.99309      -9.99256    
  -9.99203      -9.99150      -9.99097      -9.99043      -9.98990    
  -9.98937    

 Step length,     deltas =    10.000000000000000      m

 Maximum ray Depth, zBox =    100.00000000000000      m
 Maximum ray range, rBox =    2200.0000000000000      m
 No beam shift in effect

 *********************************
 Using bottom-bathymetry file
 Curvilinear Interpolation
 Number of bathymetry points           3

  Range (km)  Depth (m)
   0.00       95.0    
   2.25       97.0    
   4.50       96.0    

 ( Maximum # of arrivals =        55555 )

 Tracing beam            1  -10.000000000000000     

 Minimum width beams                     
 halfwidth  =    2.8110025869289426     
 EpsOpt     =  (  0.0000000000000000     ,  1446000.0000000000     )
 EpsMult    =    1.0000000000000000     

 Tracing beam          490  -9.7401487900588624     
 Tracing beam          979  -9.4802975801177247     
 Tracing beam         1468  -9.2204463701765835     
 Tracing beam         1957  -8.9605951602354477     
 Tracing beam         2446  -8.7007439502943100     
 Tracing beam         2935  -8.4408927403531724     
 Tracing beam         3424  -8.1810415304120347     
 Tracing beam         3913  -7.9211903204708953     
 Tracing beam         4402  -7.6613391105297586     
 Tracing beam         4891  -7.4014879005886192     
 Tracing beam         5380  -7.1416366906474815     
 Tracing beam         5869  -6.8817854807063439     
 Tracing beam         6358  -6.6219342707652062     
 Tracing beam         6847  -6.3620830608240668     
 Tracing beam         7336  -6.1022318508829301     
 Tracing beam         7825  -5.8423806409417924     
 Tracing beam         8314  -5.5825294310006530     
 Tracing beam         8803  -5.3226782210595163     
 Tracing beam         9292  -5.0628270111183777     
 Tracing beam         9781  -4.8029758011772392     
 Tracing beam        10270  -4.5431245912361025     
 Tracing beam        10759  -4.2832733812949639     
 Tracing beam        11248  -4.0234221713538263     
 Tracing beam        11737  -3.7635709614126878     
 Tracing beam        12226  -3.5037197514715501     
 Tracing beam        12715  -3.2438685415304125     
 Tracing beam        13204  -2.9840173315892735     
 Tracing beam        13693  -2.7241661216481363     
 Tracing beam        14182  -2.4643149117069978     
 Tracing beam        14671  -2.2044637017658597     
 Tracing beam        15160  -1.9446124918247225     
 Tracing beam        15649  -1.6847612818835849     
 Tracing beam        16138  -1.4249100719424455     
 Tracing beam        16627  -1.1650588620013078     
 Tracing beam        17116 -0.90520765206017006     
 Tracing beam        17605 -0.64535644211903254     
 Tracing beam        18094 -0.38550523217789490     
 Tracing beam        18583 -0.12565402223675548     
 Tracing beam        19072  0.13419718770438216     
 Tracing beam        19561  0.39404839764551980     
 Tracing beam        20050  0.65389960758665744     
 Tracing beam        20539  0.91375081752779497     
 Tracing beam        21028   1.1736020274689345     
 Tracing beam        21517   1.4334532374100719     
 Tracing beam        22006   1.6933044473512098     
 Tracing beam        22495   1.9531556572923474     
 Tracing beam        22984   2.2130068672334851     
 Tracing beam        23473   2.4728580771746240     
 Tracing beam        23962   2.7327092871157621     
 Tracing beam        24451   2.9925604970568997     

 CPU Time =        10.2    s
