 BELLHOP- UWASN                                                                  
 frequency =  0.5925E+05 Hz

 Dummy parameter NMedia =            1

     C-LINEAR approximation to SSP
     Attenuation units: dB/mkHz
     THORP attenuation added
     VACUUM

 Depth =    100.00000000000000      m

 C-Linear SSP option

 Sound speed profile:
      7.00      1447.00
     10.00      1474.90
     20.00      1497.70
     30.00      1478.70
     40.00      1460.10
     50.00      1450.80
     60.00      1447.10
     70.00      1447.10
     80.00      1444.90
     90.00      1446.00
     95.00      1443.80
    100.00      1441.80

                                 ( RMS roughness =  0.200E-01 )
     Bathymetry file selected
     Perfectly RIGID

 Number of sources   =            1
 Source depths (m)
   90.0000    

 Number of receivers =            6
 Receiver depths (m)
   87.0000       88.0000       89.0000       90.0000       91.0000    
   92.0000    

 Number of ranges   =            6
 Receiver ranges (km)
  0.900000       1.00000       1.10000       1.90000       2.00000    
   2.10000    

 Arrivals calculation, ASCII  file output
 Geometric hat beams
 Point source (cylindrical coordinates)
 Rectilinear receiver grid: Receivers at rr( : ) x rd( : )

 Number of beams   =        24885
 Beam take-off angles (degrees)
  -10.0000      -9.99948      -9.99896      -9.99843      -9.99791    
  -9.99739      -9.99687      -9.99634      -9.99582      -9.99530    
  -9.99478      -9.99425      -9.99373      -9.99321      -9.99269    
  -9.99216      -9.99164      -9.99112      -9.99060      -9.99007    
  -9.98955    

 Step length,     deltas =    10.000000000000000      m

 Maximum ray Depth, zBox =    100.00000000000000      m
 Maximum ray range, rBox =    2200.0000000000000      m
 No beam shift in effect

 *********************************
 Using bottom-bathymetry file
 Curvilinear Interpolation
 Number of bathymetry points           3

  Range (km)  Depth (m)
   0.00       95.0    
   1.85       93.0    
   3.71       93.0    

 ( Maximum # of arrivals =        55555 )

 Tracing beam            1  -10.000000000000000     

 Minimum width beams                     
 halfwidth  =    2.7871801015561810     
 EpsOpt     =  (  0.0000000000000000     ,  1446000.0000000000     )
 EpsMult    =    1.0000000000000000     

 Tracing beam          498  -9.7403552483523548     
 Tracing beam          995  -9.4807104967047096     
 Tracing beam         1492  -9.2210657450570643     
 Tracing beam         1989  -8.9614209934094191     
 Tracing beam         2486  -8.7017762417617739     
 Tracing beam         2983  -8.4421314901141287     
 Tracing beam         3480  -8.1824867384664834     
 Tracing beam         3977  -7.9228419868188409     
 Tracing beam         4474  -7.6631972351711948     
 Tracing beam         4971  -7.4035524835235496     
 Tracing beam         5468  -7.1439077318759034     
 Tracing beam         5965  -6.8842629802282591     
 Tracing beam         6462  -6.6246182285806139     
 Tracing beam         6959  -6.3649734769329687     
 Tracing beam         7456  -6.1053287252853234     
 Tracing beam         7953  -5.8456839736376791     
 Tracing beam         8450  -5.5860392219900339     
 Tracing beam         8947  -5.3263944703423887     
 Tracing beam         9444  -5.0667497186947426     
 Tracing beam         9941  -4.8071049670470991     
 Tracing beam        10438  -4.5474602153994539     
 Tracing beam        10935  -4.2878154637518087     
 Tracing beam        11432  -4.0281707121041634     
 Tracing beam        11929  -3.7685259604565182     
 Tracing beam        12426  -3.5088812088088726     
 Tracing beam        12923  -3.2492364571612287     
 Tracing beam        13420  -2.9895917055135834     
 Tracing beam        13917  -2.7299469538659382     
 Tracing beam        14414  -2.4703022022182926     
 Tracing beam        14911  -2.2106574505706478     
 Tracing beam        15408  -1.9510126989230032     
 Tracing beam        15905  -1.6913679472753582     
 Tracing beam        16402  -1.4317231956277130     
 Tracing beam        16899  -1.1720784439800678     
 Tracing beam        17396 -0.91243369233242255     
 Tracing beam        17893 -0.65278894068477733     
 Tracing beam        18390 -0.39314418903713211     
 Tracing beam        18887 -0.13349943738948689     
 Tracing beam        19384  0.12614531425815834     
 Tracing beam        19881  0.38579006590580178     
 Tracing beam        20378  0.64543481755344700     
 Tracing beam        20875  0.90507956920109223     
 Tracing beam        21372   1.1647243208487372     
 Tracing beam        21869   1.4243690724963827     
 Tracing beam        22366   1.6840138241440279     
 Tracing beam        22863   1.9436585757916731     
 Tracing beam        23360   2.2033033274393183     
 Tracing beam        23857   2.4629480790869636     
 Tracing beam        24354   2.7225928307346083     
 Tracing beam        24851   2.9822375823822540     

 CPU Time =        9.83    s
