 BELLHOP- UWASN                                                                  
 frequency =  0.5950E+05 Hz

 Dummy parameter NMedia =            1

     C-LINEAR approximation to SSP
     Attenuation units: dB/mkHz
     THORP attenuation added
     VACUUM

 Depth =    100.00000000000000      m

 C-Linear SSP option

 Sound speed profile:
      7.00      1447.00
     10.00      1474.90
     20.00      1497.70
     30.00      1478.70
     40.00      1460.10
     50.00      1450.80
     60.00      1447.10
     70.00      1447.10
     80.00      1444.90
     90.00      1446.00
     95.00      1443.80
    100.00      1441.80

                                 ( RMS roughness =  0.200E-01 )
     Bathymetry file selected
     Perfectly RIGID

 Number of sources   =            1
 Source depths (m)
   90.0000    

 Number of receivers =            6
 Receiver depths (m)
   87.0000       88.0000       89.0000       90.0000       91.0000    
   92.0000    

 Number of ranges   =            6
 Receiver ranges (km)
  0.900000       1.00000       1.10000       1.90000       2.00000    
   2.10000    

 Arrivals calculation, ASCII  file output
 Geometric hat beams
 Point source (cylindrical coordinates)
 Rectilinear receiver grid: Receivers at rr( : ) x rd( : )

 Number of beams   =        24990
 Beam take-off angles (degrees)
  -10.0000      -9.99948      -9.99896      -9.99844      -9.99792    
  -9.99740      -9.99688      -9.99636      -9.99584      -9.99532    
  -9.99480      -9.99428      -9.99376      -9.99324      -9.99272    
  -9.99220      -9.99168      -9.99116      -9.99064      -9.99012    
  -9.98960    

 Step length,     deltas =    10.000000000000000      m

 Maximum ray Depth, zBox =    100.00000000000000      m
 Maximum ray range, rBox =    2200.0000000000000      m
 No beam shift in effect

 *********************************
 Using bottom-bathymetry file
 Curvilinear Interpolation
 Number of bathymetry points           3

  Range (km)  Depth (m)
   0.00       95.0    
   1.28       95.0    
   2.55       96.0    

 ( Maximum # of arrivals =        55555 )

 Tracing beam            1  -10.000000000000000     

 Minimum width beams                     
 halfwidth  =    2.7813185175675295     
 EpsOpt     =  (  0.0000000000000000     ,  1446000.0000000000     )
 EpsMult    =    1.0000000000000000     

 Tracing beam          500  -9.7404057785425593     
 Tracing beam          999  -9.4808115570851168     
 Tracing beam         1498  -9.2212173356276761     
 Tracing beam         1997  -8.9616231141702354     
 Tracing beam         2496  -8.7020288927127929     
 Tracing beam         2995  -8.4424346712553504     
 Tracing beam         3494  -8.1828404497979115     
 Tracing beam         3993  -7.9232462283404699     
 Tracing beam         4492  -7.6636520068830283     
 Tracing beam         4991  -7.4040577854255876     
 Tracing beam         5490  -7.1444635639681460     
 Tracing beam         5989  -6.8848693425107044     
 Tracing beam         6488  -6.6252751210532637     
 Tracing beam         6987  -6.3656808995958221     
 Tracing beam         7486  -6.1060866781383805     
 Tracing beam         7985  -5.8464924566809398     
 Tracing beam         8484  -5.5868982352234982     
 Tracing beam         8983  -5.3273040137660566     
 Tracing beam         9482  -5.0677097923086158     
 Tracing beam         9981  -4.8081155708511742     
 Tracing beam        10480  -4.5485213493937326     
 Tracing beam        10979  -4.2889271279362911     
 Tracing beam        11478  -4.0293329064788503     
 Tracing beam        11977  -3.7697386850214096     
 Tracing beam        12476  -3.5101444635639680     
 Tracing beam        12975  -3.2505502421065264     
 Tracing beam        13474  -2.9909560206490857     
 Tracing beam        13973  -2.7313617991916441     
 Tracing beam        14472  -2.4717675777342025     
 Tracing beam        14971  -2.2121733562767614     
 Tracing beam        15470  -1.9525791348193202     
 Tracing beam        15969  -1.6929849133618795     
 Tracing beam        16468  -1.4333906919044370     
 Tracing beam        16967  -1.1737964704469963     
 Tracing beam        17466 -0.91420224898955560     
 Tracing beam        17965 -0.65460802753211311     
 Tracing beam        18464 -0.39501380607467240     
 Tracing beam        18963 -0.13541958461723169     
 Tracing beam        19462  0.12417463684021079     
 Tracing beam        19961  0.38376885829765151     
 Tracing beam        20460  0.64336307975509222     
 Tracing beam        20959  0.90295730121253459     
 Tracing beam        21458   1.1625515226699754     
 Tracing beam        21957   1.4221457441274159     
 Tracing beam        22456   1.6817399655848568     
 Tracing beam        22955   1.9413341870422993     
 Tracing beam        23454   2.2009284084997400     
 Tracing beam        23953   2.4605226299571807     
 Tracing beam        24452   2.7201168514146232     
 Tracing beam        24951   2.9797110728720635     

 CPU Time =        10.1    s
