 BELLHOP- UWASN                                                                  
 frequency =  0.5975E+05 Hz

 Dummy parameter NMedia =            1

     C-LINEAR approximation to SSP
     Attenuation units: dB/mkHz
     THORP attenuation added
     VACUUM

 Depth =    100.00000000000000      m

 C-Linear SSP option

 Sound speed profile:
      7.00      1447.00
     10.00      1474.90
     20.00      1497.70
     30.00      1478.70
     40.00      1460.10
     50.00      1450.80
     60.00      1447.10
     70.00      1447.10
     80.00      1444.90
     90.00      1446.00
     95.00      1443.80
    100.00      1441.80

                                 ( RMS roughness =  0.200E-01 )
     Bathymetry file selected
     Perfectly RIGID

 Number of sources   =            1
 Source depths (m)
   90.0000    

 Number of receivers =            6
 Receiver depths (m)
   87.0000       88.0000       89.0000       90.0000       91.0000    
   92.0000    

 Number of ranges   =            6
 Receiver ranges (km)
  0.900000       1.00000       1.10000       1.90000       2.00000    
   2.10000    

 Arrivals calculation, ASCII  file output
 Geometric hat beams
 Point source (cylindrical coordinates)
 Rectilinear receiver grid: Receivers at rr( : ) x rd( : )

 Number of beams   =        25095
 Beam take-off angles (degrees)
  -10.0000      -9.99948      -9.99896      -9.99845      -9.99793    
  -9.99741      -9.99689      -9.99637      -9.99586      -9.99534    
  -9.99482      -9.99430      -9.99378      -9.99327      -9.99275    
  -9.99223      -9.99171      -9.99119      -9.99068      -9.99016    
  -9.98964    

 Step length,     deltas =    10.000000000000000      m

 Maximum ray Depth, zBox =    100.00000000000000      m
 Maximum ray range, rBox =    2200.0000000000000      m
 No beam shift in effect

 *********************************
 Using bottom-bathymetry file
 Curvilinear Interpolation
 Number of bathymetry points           3

  Range (km)  Depth (m)
   0.00       95.0    
   1.28       95.0    
   2.55       94.0    

 ( Maximum # of arrivals =        55555 )

 Tracing beam            1  -10.000000000000000     

 Minimum width beams                     
 halfwidth  =    2.7754937603520768     
 EpsOpt     =  (  0.0000000000000000     ,  1446000.0000000000     )
 EpsMult    =    1.0000000000000000     

 Tracing beam          502  -9.7404558858691317     
 Tracing beam         1003  -9.4809117717382616     
 Tracing beam         1504  -9.2213676576073969     
 Tracing beam         2005  -8.9618235434765285     
 Tracing beam         2506  -8.7022794293456602     
 Tracing beam         3007  -8.4427353152147919     
 Tracing beam         3508  -8.1831912010839254     
 Tracing beam         4009  -7.9236470869530571     
 Tracing beam         4510  -7.6641029728221888     
 Tracing beam         5011  -7.4045588586913196     
 Tracing beam         5512  -7.1450147445604522     
 Tracing beam         6013  -6.8854706304295847     
 Tracing beam         6514  -6.6259265162987173     
 Tracing beam         7015  -6.3663824021678490     
 Tracing beam         7516  -6.1068382880369807     
 Tracing beam         8017  -5.8472941739061133     
 Tracing beam         8518  -5.5877500597752450     
 Tracing beam         9019  -5.3282059456443776     
 Tracing beam         9520  -5.0686618315135092     
 Tracing beam        10021  -4.8091177173826409     
 Tracing beam        10522  -4.5495736032517735     
 Tracing beam        11023  -4.2900294891209052     
 Tracing beam        11524  -4.0304853749900378     
 Tracing beam        12025  -3.7709412608591690     
 Tracing beam        12526  -3.5113971467283021     
 Tracing beam        13027  -3.2518530325974337     
 Tracing beam        13528  -2.9923089184665650     
 Tracing beam        14029  -2.7327648043356976     
 Tracing beam        14530  -2.4732206902048297     
 Tracing beam        15031  -2.2136765760739623     
 Tracing beam        15532  -1.9541324619430946     
 Tracing beam        16033  -1.6945883478122266     
 Tracing beam        16534  -1.4350442336813583     
 Tracing beam        17035  -1.1755001195504899     
 Tracing beam        17536 -0.91595600541962163     
 Tracing beam        18037 -0.65641189128875510     
 Tracing beam        18538 -0.39686777715788679     
 Tracing beam        19039 -0.13732366302701848     
 Tracing beam        19540  0.12222045110384984     
 Tracing beam        20041  0.38176456523471813     
 Tracing beam        20542  0.64130867936558467     
 Tracing beam        21043  0.90085279349645309     
 Tracing beam        21544   1.1603969076273213     
 Tracing beam        22045   1.4199410217581896     
 Tracing beam        22546   1.6794851358890561     
 Tracing beam        23047   1.9390292500199242     
 Tracing beam        23548   2.1985733641507927     
 Tracing beam        24049   2.4581174782816611     
 Tracing beam        24550   2.7176615924125294     
 Tracing beam        25051   2.9772057065433959     

 CPU Time =        10.2    s
