 BELLHOP- UWASN                                                                  
 frequency =   6500.     Hz

 Dummy parameter NMedia =            1

     C-LINEAR approximation to SSP
     Attenuation units: dB/mkHz
     THORP attenuation added
     VACUUM

 Depth =    100.00000000000000      m

 C-Linear SSP option

 Sound speed profile:
      7.00      1447.00
     10.00      1474.90
     20.00      1497.70
     30.00      1478.70
     40.00      1460.10
     50.00      1450.80
     60.00      1447.10
     70.00      1447.10
     80.00      1444.90
     90.00      1446.00
     95.00      1443.80
    100.00      1441.80

                                 ( RMS roughness =  0.200E-01 )
     Bathymetry file selected
     Perfectly RIGID

 Number of sources   =            1
 Source depths (m)
   90.0000    

 Number of receivers =            6
 Receiver depths (m)
   87.0000       88.0000       89.0000       90.0000       91.0000    
   92.0000    

 Number of ranges   =            6
 Receiver ranges (km)
  0.900000       1.00000       1.10000       1.90000       2.00000    
   2.10000    

 Arrivals calculation, ASCII  file output
 Geometric hat beams
 Point source (cylindrical coordinates)
 Rectilinear receiver grid: Receivers at rr( : ) x rd( : )

 Number of beams   =         2730
 Beam take-off angles (degrees)
  -10.0000      -9.99524      -9.99047      -9.98571      -9.98095    
  -9.97618      -9.97142      -9.96665      -9.96189      -9.95713    
  -9.95236      -9.94760      -9.94284      -9.93807      -9.93331    
  -9.92855      -9.92378      -9.91902      -9.91425      -9.90949    
  -9.90473    

 Step length,     deltas =    10.000000000000000      m

 Maximum ray Depth, zBox =    100.00000000000000      m
 Maximum ray range, rBox =    2200.0000000000000      m
 No beam shift in effect

 *********************************
 Using bottom-bathymetry file
 Curvilinear Interpolation
 Number of bathymetry points           3

  Range (km)  Depth (m)
   0.00       95.0    
   1.85       93.0    
   3.71       93.0    

 ( Maximum # of arrivals =        55555 )

 Tracing beam            1  -10.000000000000000     

 Minimum width beams                     
 halfwidth  =    8.4149692208565519     
 EpsOpt     =  (  0.0000000000000000     ,  1446000.0000000000     )
 EpsMult    =    1.0000000000000000     

 Tracing beam           55  -9.7427629168193484     
 Tracing beam          109  -9.4855258336386949     
 Tracing beam          163  -9.2282887504580433     
 Tracing beam          217  -8.9710516672773917     
 Tracing beam          271  -8.7138145840967383     
 Tracing beam          325  -8.4565775009160866     
 Tracing beam          379  -8.1993404177354350     
 Tracing beam          433  -7.9421033345547816     
 Tracing beam          487  -7.6848662513741299     
 Tracing beam          541  -7.4276291681934765     
 Tracing beam          595  -7.1703920850128249     
 Tracing beam          649  -6.9131550018321732     
 Tracing beam          703  -6.6559179186515207     
 Tracing beam          757  -6.3986808354708682     
 Tracing beam          811  -6.1414437522902166     
 Tracing beam          865  -5.8842066691095640     
 Tracing beam          919  -5.6269695859289115     
 Tracing beam          973  -5.3697325027482599     
 Tracing beam         1027  -5.1124954195676073     
 Tracing beam         1081  -4.8552583363869548     
 Tracing beam         1135  -4.5980212532063032     
 Tracing beam         1189  -4.3407841700256506     
 Tracing beam         1243  -4.0835470868449981     
 Tracing beam         1297  -3.8263100036643469     
 Tracing beam         1351  -3.5690729204836940     
 Tracing beam         1405  -3.3118358373030414     
 Tracing beam         1459  -3.0545987541223898     
 Tracing beam         1513  -2.7973616709417373     
 Tracing beam         1567  -2.5401245877610843     
 Tracing beam         1621  -2.2828875045804322     
 Tracing beam         1675  -2.0256504213997806     
 Tracing beam         1729  -1.7684133382191281     
 Tracing beam         1783  -1.5111762550384764     
 Tracing beam         1837  -1.2539391718578230     
 Tracing beam         1891 -0.99670208867717125     
 Tracing beam         1945 -0.73946500549651972     
 Tracing beam         1999 -0.48222792231586625     
 Tracing beam         2053 -0.22499083913521467     
 Tracing beam         2107  3.22462440454369600E-002
 Tracing beam         2161  0.28948332722609038     
 Tracing beam         2215  0.54672041040674202     
 Tracing beam         2269  0.80395749358739366     
 Tracing beam         2323   1.0611945767680471     
 Tracing beam         2377   1.3184316599486987     
 Tracing beam         2431   1.5756687431293503     
 Tracing beam         2485   1.8329058263100038     
 Tracing beam         2539   2.0901429094906554     
 Tracing beam         2593   2.3473799926713070     
 Tracing beam         2647   2.6046170758519605     
 Tracing beam         2701   2.8618541590326121     

 CPU Time =        1.06    s
