 BELLHOP- UWASN                                                                  
 frequency =   6750.     Hz

 Dummy parameter NMedia =            1

     C-LINEAR approximation to SSP
     Attenuation units: dB/mkHz
     THORP attenuation added
     VACUUM

 Depth =    100.00000000000000      m

 C-Linear SSP option

 Sound speed profile:
      7.00      1447.00
     10.00      1474.90
     20.00      1497.70
     30.00      1478.70
     40.00      1460.10
     50.00      1450.80
     60.00      1447.10
     70.00      1447.10
     80.00      1444.90
     90.00      1446.00
     95.00      1443.80
    100.00      1441.80

                                 ( RMS roughness =  0.200E-01 )
     Bathymetry file selected
     Perfectly RIGID

 Number of sources   =            1
 Source depths (m)
   90.0000    

 Number of receivers =            6
 Receiver depths (m)
   87.0000       88.0000       89.0000       90.0000       91.0000    
   92.0000    

 Number of ranges   =            6
 Receiver ranges (km)
  0.900000       1.00000       1.10000       1.90000       2.00000    
   2.10000    

 Arrivals calculation, ASCII  file output
 Geometric hat beams
 Point source (cylindrical coordinates)
 Rectilinear receiver grid: Receivers at rr( : ) x rd( : )

 Number of beams   =         2835
 Beam take-off angles (degrees)
  -10.0000      -9.99541      -9.99083      -9.98624      -9.98165    
  -9.97706      -9.97248      -9.96789      -9.96330      -9.95872    
  -9.95413      -9.94954      -9.94495      -9.94037      -9.93578    
  -9.93119      -9.92661      -9.92202      -9.91743      -9.91284    
  -9.90826    

 Step length,     deltas =    10.000000000000000      m

 Maximum ray Depth, zBox =    100.00000000000000      m
 Maximum ray range, rBox =    2200.0000000000000      m
 No beam shift in effect

 *********************************
 Using bottom-bathymetry file
 Curvilinear Interpolation
 Number of bathymetry points           3

  Range (km)  Depth (m)
   0.00       95.0    
   2.25       94.0    
   4.50       94.0    

 ( Maximum # of arrivals =        55555 )

 Tracing beam            1  -10.000000000000000     

 Minimum width beams                     
 halfwidth  =    8.2576662062349140     
 EpsOpt     =  (  0.0000000000000000     ,  1446000.0000000000     )
 EpsMult    =    1.0000000000000000     

 Tracing beam           57  -9.7431192660550447     
 Tracing beam          113  -9.4862385321100913     
 Tracing beam          169  -9.2293577981651378     
 Tracing beam          225  -8.9724770642201825     
 Tracing beam          281  -8.7155963302752291     
 Tracing beam          337  -8.4587155963302738     
 Tracing beam          393  -8.2018348623853203     
 Tracing beam          449  -7.9449541284403660     
 Tracing beam          505  -7.6880733944954125     
 Tracing beam          561  -7.4311926605504581     
 Tracing beam          617  -7.1743119266055038     
 Tracing beam          673  -6.9174311926605503     
 Tracing beam          729  -6.6605504587155950     
 Tracing beam          785  -6.4036697247706416     
 Tracing beam          841  -6.1467889908256881     
 Tracing beam          897  -5.8899082568807337     
 Tracing beam          953  -5.6330275229357794     
 Tracing beam         1009  -5.3761467889908241     
 Tracing beam         1065  -5.1192660550458715     
 Tracing beam         1121  -4.8623853211009171     
 Tracing beam         1177  -4.6055045871559628     
 Tracing beam         1233  -4.3486238532110093     
 Tracing beam         1289  -4.0917431192660549     
 Tracing beam         1345  -3.8348623853211001     
 Tracing beam         1401  -3.5779816513761462     
 Tracing beam         1457  -3.3211009174311918     
 Tracing beam         1513  -3.0642201834862384     
 Tracing beam         1569  -2.8073394495412840     
 Tracing beam         1625  -2.5504587155963296     
 Tracing beam         1681  -2.2935779816513757     
 Tracing beam         1737  -2.0366972477064218     
 Tracing beam         1793  -1.7798165137614674     
 Tracing beam         1849  -1.5229357798165140     
 Tracing beam         1905  -1.2660550458715587     
 Tracing beam         1961  -1.0091743119266052     
 Tracing beam         2017 -0.75229357798164997     
 Tracing beam         2073 -0.49541284403669644     
 Tracing beam         2129 -0.23853211009174302     
 Tracing beam         2185  1.83486238532122314E-002
 Tracing beam         2241  0.27522935779816571     
 Tracing beam         2297  0.53211009174311918     
 Tracing beam         2353  0.78899082568807444     
 Tracing beam         2409   1.0458715596330279     
 Tracing beam         2465   1.3027522935779814     
 Tracing beam         2521   1.5596330275229366     
 Tracing beam         2577   1.8165137614678901     
 Tracing beam         2633   2.0733944954128449     
 Tracing beam         2689   2.3302752293577988     
 Tracing beam         2745   2.5871559633027523     
 Tracing beam         2801   2.8440366972477076     

 CPU Time =        1.06    s
