 BELLHOP- UWASN                                                                  
 frequency =   7000.     Hz

 Dummy parameter NMedia =            1

     C-LINEAR approximation to SSP
     Attenuation units: dB/mkHz
     THORP attenuation added
     VACUUM

 Depth =    100.00000000000000      m

 C-Linear SSP option

 Sound speed profile:
      7.00      1447.00
     10.00      1474.90
     20.00      1497.70
     30.00      1478.70
     40.00      1460.10
     50.00      1450.80
     60.00      1447.10
     70.00      1447.10
     80.00      1444.90
     90.00      1446.00
     95.00      1443.80
    100.00      1441.80

                                 ( RMS roughness =  0.200E-01 )
     Bathymetry file selected
     Perfectly RIGID

 Number of sources   =            1
 Source depths (m)
   90.0000    

 Number of receivers =            6
 Receiver depths (m)
   87.0000       88.0000       89.0000       90.0000       91.0000    
   92.0000    

 Number of ranges   =            6
 Receiver ranges (km)
  0.900000       1.00000       1.10000       1.90000       2.00000    
   2.10000    

 Arrivals calculation, ASCII  file output
 Geometric hat beams
 Point source (cylindrical coordinates)
 Rectilinear receiver grid: Receivers at rr( : ) x rd( : )

 Number of beams   =         2940
 Beam take-off angles (degrees)
  -10.0000      -9.99558      -9.99115      -9.98673      -9.98231    
  -9.97788      -9.97346      -9.96904      -9.96461      -9.96019    
  -9.95577      -9.95134      -9.94692      -9.94250      -9.93807    
  -9.93365      -9.92923      -9.92480      -9.92038      -9.91596    
  -9.91153    

 Step length,     deltas =    10.000000000000000      m

 Maximum ray Depth, zBox =    100.00000000000000      m
 Maximum ray range, rBox =    2200.0000000000000      m
 No beam shift in effect

 *********************************
 Using bottom-bathymetry file
 Curvilinear Interpolation
 Number of bathymetry points           3

  Range (km)  Depth (m)
   0.00       95.0    
   1.28       95.0    
   2.55       94.0    

 ( Maximum # of arrivals =        55555 )

 Tracing beam            1  -10.000000000000000     

 Minimum width beams                     
 halfwidth  =    8.1088672400893529     
 EpsOpt     =  (  0.0000000000000000     ,  1446000.0000000000     )
 EpsMult    =    1.0000000000000000     

 Tracing beam           59  -9.7434501531133044     
 Tracing beam          117  -9.4869003062266071     
 Tracing beam          175  -9.2303504593399097     
 Tracing beam          233  -8.9738006124532159     
 Tracing beam          291  -8.7172507655665186     
 Tracing beam          349  -8.4607009186798230     
 Tracing beam          407  -8.2041510717931274     
 Tracing beam          465  -7.9476012249064301     
 Tracing beam          523  -7.6910513780197336     
 Tracing beam          581  -7.4345015311330380     
 Tracing beam          639  -7.1779516842463407     
 Tracing beam          697  -6.9214018373596460     
 Tracing beam          755  -6.6648519904729486     
 Tracing beam          813  -6.4083021435862531     
 Tracing beam          871  -6.1517522966995575     
 Tracing beam          929  -5.8952024498128610     
 Tracing beam          987  -5.6386526029261654     
 Tracing beam         1045  -5.3821027560394690     
 Tracing beam         1103  -5.1255529091527725     
 Tracing beam         1161  -4.8690030622660760     
 Tracing beam         1219  -4.6124532153793805     
 Tracing beam         1277  -4.3559033684926840     
 Tracing beam         1335  -4.0993535216059875     
 Tracing beam         1393  -3.8428036747192915     
 Tracing beam         1451  -3.5862538278325955     
 Tracing beam         1509  -3.3297039809458990     
 Tracing beam         1567  -3.0731541340592035     
 Tracing beam         1625  -2.8166042871725070     
 Tracing beam         1683  -2.5600544402858101     
 Tracing beam         1741  -2.3035045933991150     
 Tracing beam         1799  -2.0469547465124185     
 Tracing beam         1857  -1.7904048996257220     
 Tracing beam         1915  -1.5338550527390264     
 Tracing beam         1973  -1.2773052058523309     
 Tracing beam         2031  -1.0207553589656335     
 Tracing beam         2089 -0.76420551207893794     
 Tracing beam         2147 -0.50765566519224059     
 Tracing beam         2205 -0.25110581830554501     
 Tracing beam         2263  5.44402858115056176E-003
 Tracing beam         2321  0.26199387546784791     
 Tracing beam         2379  0.51854372235454349     
 Tracing beam         2437  0.77509356924123907     
 Tracing beam         2495   1.0316434161279364     
 Tracing beam         2553   1.2881932630146320     
 Tracing beam         2611   1.5447431099013276     
 Tracing beam         2669   1.8012929567880251     
 Tracing beam         2727   2.0578428036747205     
 Tracing beam         2785   2.3143926505614161     
 Tracing beam         2843   2.5709424974481134     
 Tracing beam         2901   2.8274923443348090     

 CPU Time =        1.09    s
