 BELLHOP- UWASN                                                                  
 frequency =   7250.     Hz

 Dummy parameter NMedia =            1

     C-LINEAR approximation to SSP
     Attenuation units: dB/mkHz
     THORP attenuation added
     VACUUM

 Depth =    100.00000000000000      m

 C-Linear SSP option

 Sound speed profile:
      7.00      1447.00
     10.00      1474.90
     20.00      1497.70
     30.00      1478.70
     40.00      1460.10
     50.00      1450.80
     60.00      1447.10
     70.00      1447.10
     80.00      1444.90
     90.00      1446.00
     95.00      1443.80
    100.00      1441.80

                                 ( RMS roughness =  0.200E-01 )
     Bathymetry file selected
     Perfectly RIGID

 Number of sources   =            1
 Source depths (m)
   90.0000    

 Number of receivers =            6
 Receiver depths (m)
   87.0000       88.0000       89.0000       90.0000       91.0000    
   92.0000    

 Number of ranges   =            6
 Receiver ranges (km)
  0.900000       1.00000       1.10000       1.90000       2.00000    
   2.10000    

 Arrivals calculation, ASCII  file output
 Geometric hat beams
 Point source (cylindrical coordinates)
 Rectilinear receiver grid: Receivers at rr( : ) x rd( : )

 Number of beams   =         3045
 Beam take-off angles (degrees)
  -10.0000      -9.99573      -9.99146      -9.98719      -9.98292    
  -9.97865      -9.97438      -9.97011      -9.96583      -9.96156    
  -9.95729      -9.95302      -9.94875      -9.94448      -9.94021    
  -9.93594      -9.93167      -9.92740      -9.92313      -9.91886    
  -9.91459    

 Step length,     deltas =    10.000000000000000      m

 Maximum ray Depth, zBox =    100.00000000000000      m
 Maximum ray range, rBox =    2200.0000000000000      m
 No beam shift in effect

 *********************************
 Using bottom-bathymetry file
 Curvilinear Interpolation
 Number of bathymetry points           3

  Range (km)  Depth (m)
   0.00       95.0    
   2.25       93.0    
   4.50       92.0    

 ( Maximum # of arrivals =        55555 )

 Tracing beam            1  -10.000000000000000     

 Minimum width beams                     
 halfwidth  =    7.9678327033898189     
 EpsOpt     =  (  0.0000000000000000     ,  1446000.0000000000     )
 EpsMult    =    1.0000000000000000     

 Tracing beam           61  -9.7437582128777915     
 Tracing beam          121  -9.4875164257555848     
 Tracing beam          181  -9.2312746386333764     
 Tracing beam          241  -8.9750328515111697     
 Tracing beam          301  -8.7187910643889612     
 Tracing beam          361  -8.4625492772667545     
 Tracing beam          421  -8.2063074901445461     
 Tracing beam          481  -7.9500657030223394     
 Tracing beam          541  -7.6938239159001309     
 Tracing beam          601  -7.4375821287779242     
 Tracing beam          661  -7.1813403416557167     
 Tracing beam          721  -6.9250985545335091     
 Tracing beam          781  -6.6688567674113006     
 Tracing beam          841  -6.4126149802890939     
 Tracing beam          901  -6.1563731931668855     
 Tracing beam          961  -5.9001314060446779     
 Tracing beam         1021  -5.6438896189224703     
 Tracing beam         1081  -5.3876478318002627     
 Tracing beam         1141  -5.1314060446780543     
 Tracing beam         1201  -4.8751642575558467     
 Tracing beam         1261  -4.6189224704336400     
 Tracing beam         1321  -4.3626806833114324     
 Tracing beam         1381  -4.1064388961892249     
 Tracing beam         1441  -3.8501971090670173     
 Tracing beam         1501  -3.5939553219448097     
 Tracing beam         1561  -3.3377135348226021     
 Tracing beam         1621  -3.0814717477003946     
 Tracing beam         1681  -2.8252299605781870     
 Tracing beam         1741  -2.5689881734559790     
 Tracing beam         1801  -2.3127463863337718     
 Tracing beam         1861  -2.0565045992115643     
 Tracing beam         1921  -1.8002628120893558     
 Tracing beam         1981  -1.5440210249671491     
 Tracing beam         2041  -1.2877792378449406     
 Tracing beam         2101  -1.0315374507227340     
 Tracing beam         2161 -0.77529566360052549     
 Tracing beam         2221 -0.51905387647831880     
 Tracing beam         2281 -0.26281208935611033     
 Tracing beam         2341 -6.57030223390364567E-003
 Tracing beam         2401  0.24967148488830479     
 Tracing beam         2461  0.50591327201051151     
 Tracing beam         2521  0.76215505913271997     
 Tracing beam         2581   1.0183968462549267     
 Tracing beam         2641   1.2746386333771351     
 Tracing beam         2701   1.5308804204993418     
 Tracing beam         2761   1.7871222076215503     
 Tracing beam         2821   2.0433639947437570     
 Tracing beam         2881   2.2996057818659654     
 Tracing beam         2941   2.5558475689881721     
 Tracing beam         3001   2.8120893561103806     

 CPU Time =        1.18    s
