 BELLHOP- UWASN                                                                  
 frequency =   7500.     Hz

 Dummy parameter NMedia =            1

     C-LINEAR approximation to SSP
     Attenuation units: dB/mkHz
     THORP attenuation added
     VACUUM

 Depth =    100.00000000000000      m

 C-Linear SSP option

 Sound speed profile:
      7.00      1447.00
     10.00      1474.90
     20.00      1497.70
     30.00      1478.70
     40.00      1460.10
     50.00      1450.80
     60.00      1447.10
     70.00      1447.10
     80.00      1444.90
     90.00      1446.00
     95.00      1443.80
    100.00      1441.80

                                 ( RMS roughness =  0.200E-01 )
     Bathymetry file selected
     Perfectly RIGID

 Number of sources   =            1
 Source depths (m)
   90.0000    

 Number of receivers =            6
 Receiver depths (m)
   87.0000       88.0000       89.0000       90.0000       91.0000    
   92.0000    

 Number of ranges   =            6
 Receiver ranges (km)
  0.900000       1.00000       1.10000       1.90000       2.00000    
   2.10000    

 Arrivals calculation, ASCII  file output
 Geometric hat beams
 Point source (cylindrical coordinates)
 Rectilinear receiver grid: Receivers at rr( : ) x rd( : )

 Number of beams   =         3150
 Beam take-off angles (degrees)
  -10.0000      -9.99587      -9.99174      -9.98762      -9.98349    
  -9.97936      -9.97523      -9.97110      -9.96697      -9.96285    
  -9.95872      -9.95459      -9.95046      -9.94633      -9.94220    
  -9.93808      -9.93395      -9.92982      -9.92569      -9.92156    
  -9.91743    

 Step length,     deltas =    10.000000000000000      m

 Maximum ray Depth, zBox =    100.00000000000000      m
 Maximum ray range, rBox =    2200.0000000000000      m
 No beam shift in effect

 *********************************
 Using bottom-bathymetry file
 Curvilinear Interpolation
 Number of bathymetry points           3

  Range (km)  Depth (m)
   0.00       95.0    
   2.25       93.0    
   4.50       92.0    

 ( Maximum # of arrivals =        55555 )

 Tracing beam            1  -10.000000000000000     

 Minimum width beams                     
 halfwidth  =    7.8339100107312127     
 EpsOpt     =  (  0.0000000000000000     ,  1446000.0000000000     )
 EpsMult    =    1.0000000000000000     

 Tracing beam           64  -9.7399174341060650     
 Tracing beam          127  -9.4798348682121283     
 Tracing beam          190  -9.2197523023181969     
 Tracing beam          253  -8.9596697364242619     
 Tracing beam          316  -8.6995871705303269     
 Tracing beam          379  -8.4395046046363920     
 Tracing beam          442  -8.1794220387424588     
 Tracing beam          505  -7.9193394728485238     
 Tracing beam          568  -7.6592569069545888     
 Tracing beam          631  -7.3991743410606530     
 Tracing beam          694  -7.1390917751667189     
 Tracing beam          757  -6.8790092092727857     
 Tracing beam          820  -6.6189266433788507     
 Tracing beam          883  -6.3588440774849158     
 Tracing beam          946  -6.0987615115909817     
 Tracing beam         1009  -5.8386789456970467     
 Tracing beam         1072  -5.5785963798031126     
 Tracing beam         1135  -5.3185138139091777     
 Tracing beam         1198  -5.0584312480152436     
 Tracing beam         1261  -4.7983486821213086     
 Tracing beam         1324  -4.5382661162273745     
 Tracing beam         1387  -4.2781835503334396     
 Tracing beam         1450  -4.0181009844395055     
 Tracing beam         1513  -3.7580184185455705     
 Tracing beam         1576  -3.4979358526516360     
 Tracing beam         1639  -3.2378532867577015     
 Tracing beam         1702  -2.9777707208637674     
 Tracing beam         1765  -2.7176881549698324     
 Tracing beam         1828  -2.4576055890758974     
 Tracing beam         1891  -2.1975230231819634     
 Tracing beam         1954  -1.9374404572880284     
 Tracing beam         2017  -1.6773578913940934     
 Tracing beam         2080  -1.4172753255001600     
 Tracing beam         2143  -1.1571927596062253     
 Tracing beam         2206 -0.89711019371229028     
 Tracing beam         2269 -0.63702762781835531     
 Tracing beam         2332 -0.37694506192442212     
 Tracing beam         2395 -0.11686249603048716     
 Tracing beam         2458  0.14322006986344782     
 Tracing beam         2521  0.40330263575738273     
 Tracing beam         2584  0.66338520165131598     
 Tracing beam         2647  0.92346776754525084     
 Tracing beam         2710   1.1835503334391857     
 Tracing beam         2773   1.4436328993331209     
 Tracing beam         2836   1.7037154652270559     
 Tracing beam         2899   1.9637980311209888     
 Tracing beam         2962   2.2238805970149240     
 Tracing beam         3025   2.4839631629088585     
 Tracing beam         3088   2.7440457288027940     

 CPU Time =        1.21    s
