 BELLHOP- UWASN                                                                  
 frequency =   8000.     Hz

 Dummy parameter NMedia =            1

     C-LINEAR approximation to SSP
     Attenuation units: dB/mkHz
     THORP attenuation added
     VACUUM

 Depth =    100.00000000000000      m

 C-Linear SSP option

 Sound speed profile:
      7.00      1447.00
     10.00      1474.90
     20.00      1497.70
     30.00      1478.70
     40.00      1460.10
     50.00      1450.80
     60.00      1447.10
     70.00      1447.10
     80.00      1444.90
     90.00      1446.00
     95.00      1443.80
    100.00      1441.80

                                 ( RMS roughness =  0.200E-01 )
     Bathymetry file selected
     Perfectly RIGID

 Number of sources   =            1
 Source depths (m)
   90.0000    

 Number of receivers =            6
 Receiver depths (m)
   87.0000       88.0000       89.0000       90.0000       91.0000    
   92.0000    

 Number of ranges   =            6
 Receiver ranges (km)
  0.900000       1.00000       1.10000       1.90000       2.00000    
   2.10000    

 Arrivals calculation, ASCII  file output
 Geometric hat beams
 Point source (cylindrical coordinates)
 Rectilinear receiver grid: Receivers at rr( : ) x rd( : )

 Number of beams   =         3360
 Beam take-off angles (degrees)
  -10.0000      -9.99613      -9.99226      -9.98839      -9.98452    
  -9.98065      -9.97678      -9.97291      -9.96904      -9.96517    
  -9.96130      -9.95743      -9.95356      -9.94969      -9.94582    
  -9.94195      -9.93808      -9.93421      -9.93034      -9.92647    
  -9.92260    

 Step length,     deltas =    10.000000000000000      m

 Maximum ray Depth, zBox =    100.00000000000000      m
 Maximum ray range, rBox =    2200.0000000000000      m
 No beam shift in effect

 *********************************
 Using bottom-bathymetry file
 Curvilinear Interpolation
 Number of bathymetry points           3

  Range (km)  Depth (m)
   0.00       95.0    
   1.28       95.0    
   2.55       94.0    

 ( Maximum # of arrivals =        55555 )

 Tracing beam            1  -10.000000000000000     

 Minimum width beams                     
 halfwidth  =    7.5851507518123880     
 EpsOpt     =  (  0.0000000000000000     ,  1446000.0000000000     )
 EpsMult    =    1.0000000000000000     

 Tracing beam           68  -9.7406966359035430     
 Tracing beam          135  -9.4813932718070859     
 Tracing beam          202  -9.2220899077106289     
 Tracing beam          269  -8.9627865436141718     
 Tracing beam          336  -8.7034831795177130     
 Tracing beam          403  -8.4441798154212560     
 Tracing beam          470  -8.1848764513247971     
 Tracing beam          537  -7.9255730872283419     
 Tracing beam          604  -7.6662697231318848     
 Tracing beam          671  -7.4069663590354269     
 Tracing beam          738  -7.1476629949389707     
 Tracing beam          805  -6.8883596308425128     
 Tracing beam          872  -6.6290562667460557     
 Tracing beam          939  -6.3697529026495978     
 Tracing beam         1006  -6.1104495385531408     
 Tracing beam         1073  -5.8511461744566837     
 Tracing beam         1140  -5.5918428103602267     
 Tracing beam         1207  -5.3325394462637696     
 Tracing beam         1274  -5.0732360821673117     
 Tracing beam         1341  -4.8139327180708538     
 Tracing beam         1408  -4.5546293539743976     
 Tracing beam         1475  -4.2953259898779406     
 Tracing beam         1542  -4.0360226257814826     
 Tracing beam         1609  -3.7767192616850251     
 Tracing beam         1676  -3.5174158975885685     
 Tracing beam         1743  -3.2581125334921115     
 Tracing beam         1810  -2.9988091693956536     
 Tracing beam         1877  -2.7395058052991965     
 Tracing beam         1944  -2.4802024412027395     
 Tracing beam         2011  -2.2208990771062824     
 Tracing beam         2078  -1.9615957130098245     
 Tracing beam         2145  -1.7022923489133674     
 Tracing beam         2212  -1.4429889848169104     
 Tracing beam         2279  -1.1836856207204534     
 Tracing beam         2346 -0.92438225662399620     
 Tracing beam         2413 -0.66507889252753927     
 Tracing beam         2480 -0.40577552843108045     
 Tracing beam         2547 -0.14647216433462340     
 Tracing beam         2614  0.11283119976183364     
 Tracing beam         2681  0.37213456385829069     
 Tracing beam         2748  0.63143792795474774     
 Tracing beam         2815  0.89074129205120478     
 Tracing beam         2882   1.1500446561476618     
 Tracing beam         2949   1.4093480202441189     
 Tracing beam         3016   1.6686513843405777     
 Tracing beam         3083   1.9279547484370345     
 Tracing beam         3150   2.1872581125334918     
 Tracing beam         3217   2.4465614766299488     
 Tracing beam         3284   2.7058648407264054     
 Tracing beam         3351   2.9651682048228629     

 CPU Time =        1.26    s
