 BELLHOP- UWASN                                                                  
 frequency =   8250.     Hz

 Dummy parameter NMedia =            1

     C-LINEAR approximation to SSP
     Attenuation units: dB/mkHz
     THORP attenuation added
     VACUUM

 Depth =    100.00000000000000      m

 C-Linear SSP option

 Sound speed profile:
      7.00      1447.00
     10.00      1474.90
     20.00      1497.70
     30.00      1478.70
     40.00      1460.10
     50.00      1450.80
     60.00      1447.10
     70.00      1447.10
     80.00      1444.90
     90.00      1446.00
     95.00      1443.80
    100.00      1441.80

                                 ( RMS roughness =  0.200E-01 )
     Bathymetry file selected
     Perfectly RIGID

 Number of sources   =            1
 Source depths (m)
   90.0000    

 Number of receivers =            6
 Receiver depths (m)
   87.0000       88.0000       89.0000       90.0000       91.0000    
   92.0000    

 Number of ranges   =            6
 Receiver ranges (km)
  0.900000       1.00000       1.10000       1.90000       2.00000    
   2.10000    

 Arrivals calculation, ASCII  file output
 Geometric hat beams
 Point source (cylindrical coordinates)
 Rectilinear receiver grid: Receivers at rr( : ) x rd( : )

 Number of beams   =         3465
 Beam take-off angles (degrees)
  -10.0000      -9.99625      -9.99249      -9.98874      -9.98499    
  -9.98124      -9.97748      -9.97373      -9.96998      -9.96622    
  -9.96247      -9.95872      -9.95497      -9.95121      -9.94746    
  -9.94371      -9.93995      -9.93620      -9.93245      -9.92870    
  -9.92494    

 Step length,     deltas =    10.000000000000000      m

 Maximum ray Depth, zBox =    100.00000000000000      m
 Maximum ray range, rBox =    2200.0000000000000      m
 No beam shift in effect

 *********************************
 Using bottom-bathymetry file
 Curvilinear Interpolation
 Number of bathymetry points           3

  Range (km)  Depth (m)
   0.00       95.0    
   2.25       97.0    
   4.50       96.0    

 ( Maximum # of arrivals =        55555 )

 Tracing beam            1  -10.000000000000000     

 Minimum width beams                     
 halfwidth  =    7.4693401227487479     
 EpsOpt     =  (  0.0000000000000000     ,  1446000.0000000000     )
 EpsMult    =    1.0000000000000000     

 Tracing beam           70  -9.7410508083140872     
 Tracing beam          139  -9.4821016166281762     
 Tracing beam          208  -9.2231524249422634     
 Tracing beam          277  -8.9642032332563488     
 Tracing beam          346  -8.7052540415704378     
 Tracing beam          415  -8.4463048498845268     
 Tracing beam          484  -8.1873556581986140     
 Tracing beam          553  -7.9284064665127030     
 Tracing beam          622  -7.6694572748267893     
 Tracing beam          691  -7.4105080831408774     
 Tracing beam          760  -7.1515588914549646     
 Tracing beam          829  -6.8926096997690536     
 Tracing beam          898  -6.6336605080831408     
 Tracing beam          967  -6.3747113163972280     
 Tracing beam         1036  -6.1157621247113170     
 Tracing beam         1105  -5.8568129330254042     
 Tracing beam         1174  -5.5978637413394923     
 Tracing beam         1243  -5.3389145496535795     
 Tracing beam         1312  -5.0799653579676667     
 Tracing beam         1381  -4.8210161662817548     
 Tracing beam         1450  -4.5620669745958429     
 Tracing beam         1519  -4.3031177829099310     
 Tracing beam         1588  -4.0441685912240173     
 Tracing beam         1657  -3.7852193995381058     
 Tracing beam         1726  -3.5262702078521944     
 Tracing beam         1795  -3.2673210161662816     
 Tracing beam         1864  -3.0083718244803697     
 Tracing beam         1933  -2.7494226327944569     
 Tracing beam         2002  -2.4904734411085450     
 Tracing beam         2071  -2.2315242494226331     
 Tracing beam         2140  -1.9725750577367209     
 Tracing beam         2209  -1.7136258660508084     
 Tracing beam         2278  -1.4546766743648956     
 Tracing beam         2347  -1.1957274826789845     
 Tracing beam         2416 -0.93677829099307175     
 Tracing beam         2485 -0.67782909930715896     
 Tracing beam         2554 -0.41887990762124794     
 Tracing beam         2623 -0.15993071593533514     
 Tracing beam         2692  9.90184757505776503E-002
 Tracing beam         2761  0.35796766743649044     
 Tracing beam         2830  0.61691685912240146     
 Tracing beam         2899  0.87586605080831426     
 Tracing beam         2968   1.1348152424942270     
 Tracing beam         3037   1.3937644341801381     
 Tracing beam         3106   1.6527136258660509     
 Tracing beam         3175   1.9116628175519637     
 Tracing beam         3244   2.1706120092378747     
 Tracing beam         3313   2.4295612009237875     
 Tracing beam         3382   2.6885103926096998     
 Tracing beam         3451   2.9474595842956113     

 CPU Time =        1.39    s
