 BELLHOP- UWASN                                                                  
 frequency =   9000.     Hz

 Dummy parameter NMedia =            1

     C-LINEAR approximation to SSP
     Attenuation units: dB/mkHz
     THORP attenuation added
     VACUUM

 Depth =    100.00000000000000      m

 C-Linear SSP option

 Sound speed profile:
      7.00      1447.00
     10.00      1474.90
     20.00      1497.70
     30.00      1478.70
     40.00      1460.10
     50.00      1450.80
     60.00      1447.10
     70.00      1447.10
     80.00      1444.90
     90.00      1446.00
     95.00      1443.80
    100.00      1441.80

                                 ( RMS roughness =  0.200E-01 )
     Bathymetry file selected
     Perfectly RIGID

 Number of sources   =            1
 Source depths (m)
   90.0000    

 Number of receivers =            6
 Receiver depths (m)
   87.0000       88.0000       89.0000       90.0000       91.0000    
   92.0000    

 Number of ranges   =            6
 Receiver ranges (km)
  0.900000       1.00000       1.10000       1.90000       2.00000    
   2.10000    

 Arrivals calculation, ASCII  file output
 Geometric hat beams
 Point source (cylindrical coordinates)
 Rectilinear receiver grid: Receivers at rr( : ) x rd( : )

 Number of beams   =         3780
 Beam take-off angles (degrees)
  -10.0000      -9.99656      -9.99312      -9.98968      -9.98624    
  -9.98280      -9.97936      -9.97592      -9.97248      -9.96904    
  -9.96560      -9.96216      -9.95872      -9.95528      -9.95184    
  -9.94840      -9.94496      -9.94152      -9.93808      -9.93464    
  -9.93120    

 Step length,     deltas =    10.000000000000000      m

 Maximum ray Depth, zBox =    100.00000000000000      m
 Maximum ray range, rBox =    2200.0000000000000      m
 No beam shift in effect

 *********************************
 Using bottom-bathymetry file
 Curvilinear Interpolation
 Number of bathymetry points           3

  Range (km)  Depth (m)
   0.00       95.0    
   2.25       96.0    
   4.50       94.0    

 ( Maximum # of arrivals =        55555 )

 Tracing beam            1  -10.000000000000000     

 Minimum width beams                     
 halfwidth  =    7.1513487105717051     
 EpsOpt     =  (  0.0000000000000000     ,  1446000.0000000000     )
 EpsMult    =    1.0000000000000000     

 Tracing beam           76  -9.7419952368351410     
 Tracing beam          151  -9.4839904736702838     
 Tracing beam          226  -9.2259857105054248     
 Tracing beam          301  -8.9679809473405658     
 Tracing beam          376  -8.7099761841757086     
 Tracing beam          451  -8.4519714210108496     
 Tracing beam          526  -8.1939666578459907     
 Tracing beam          601  -7.9359618946811326     
 Tracing beam          676  -7.6779571315162736     
 Tracing beam          751  -7.4199523683514146     
 Tracing beam          826  -7.1619476051865574     
 Tracing beam          901  -6.9039428420216993     
 Tracing beam          976  -6.6459380788568403     
 Tracing beam         1051  -6.3879333156919813     
 Tracing beam         1126  -6.1299285525271241     
 Tracing beam         1201  -5.8719237893622651     
 Tracing beam         1276  -5.6139190261974070     
 Tracing beam         1351  -5.3559142630325480     
 Tracing beam         1426  -5.0979094998676899     
 Tracing beam         1501  -4.8399047367028318     
 Tracing beam         1576  -4.5818999735379728     
 Tracing beam         1651  -4.3238952103731148     
 Tracing beam         1726  -4.0658904472082558     
 Tracing beam         1801  -3.8078856840433972     
 Tracing beam         1876  -3.5498809208785396     
 Tracing beam         1951  -3.2918761577136806     
 Tracing beam         2026  -3.0338713945488225     
 Tracing beam         2101  -2.7758666313839639     
 Tracing beam         2176  -2.5178618682191054     
 Tracing beam         2251  -2.2598571050542473     
 Tracing beam         2326  -2.0018523418893892     
 Tracing beam         2401  -1.7438475787245302     
 Tracing beam         2476  -1.4858428155596712     
 Tracing beam         2551  -1.2278380523948140     
 Tracing beam         2626 -0.96983328922995493     
 Tracing beam         2701 -0.71182852606509606     
 Tracing beam         2776 -0.45382376290023879     
 Tracing beam         2851 -0.19581899973537983     
 Tracing beam         2926  6.21857634294791239E-002
 Tracing beam         3001  0.32019052659433633     
 Tracing beam         3076  0.57819528975919532     
 Tracing beam         3151  0.83620005292405430     
 Tracing beam         3226   1.0942048160889115     
 Tracing beam         3301   1.3522095792537705     
 Tracing beam         3376   1.6102143424186295     
 Tracing beam         3451   1.8682191055834882     
 Tracing beam         3526   2.1262238687483457     
 Tracing beam         3601   2.3842286319132047     
 Tracing beam         3676   2.6422333950780637     
 Tracing beam         3751   2.9002381582429209     

 CPU Time =        1.49    s
