 BELLHOP- UWASN                                                                  
 frequency =   9250.     Hz

 Dummy parameter NMedia =            1

     C-LINEAR approximation to SSP
     Attenuation units: dB/mkHz
     THORP attenuation added
     VACUUM

 Depth =    100.00000000000000      m

 C-Linear SSP option

 Sound speed profile:
      7.00      1447.00
     10.00      1474.90
     20.00      1497.70
     30.00      1478.70
     40.00      1460.10
     50.00      1450.80
     60.00      1447.10
     70.00      1447.10
     80.00      1444.90
     90.00      1446.00
     95.00      1443.80
    100.00      1441.80

                                 ( RMS roughness =  0.200E-01 )
     Bathymetry file selected
     Perfectly RIGID

 Number of sources   =            1
 Source depths (m)
   90.0000    

 Number of receivers =            6
 Receiver depths (m)
   87.0000       88.0000       89.0000       90.0000       91.0000    
   92.0000    

 Number of ranges   =            6
 Receiver ranges (km)
  0.900000       1.00000       1.10000       1.90000       2.00000    
   2.10000    

 Arrivals calculation, ASCII  file output
 Geometric hat beams
 Point source (cylindrical coordinates)
 Rectilinear receiver grid: Receivers at rr( : ) x rd( : )

 Number of beams   =         3885
 Beam take-off angles (degrees)
  -10.0000      -9.99665      -9.99331      -9.98996      -9.98661    
  -9.98326      -9.97992      -9.97657      -9.97322      -9.96988    
  -9.96653      -9.96318      -9.95984      -9.95649      -9.95314    
  -9.94979      -9.94645      -9.94310      -9.93975      -9.93641    
  -9.93306    

 Step length,     deltas =    10.000000000000000      m

 Maximum ray Depth, zBox =    100.00000000000000      m
 Maximum ray range, rBox =    2200.0000000000000      m
 No beam shift in effect

 *********************************
 Using bottom-bathymetry file
 Curvilinear Interpolation
 Number of bathymetry points           3

  Range (km)  Depth (m)
   0.00       95.0    
   1.85       93.0    
   3.71       93.0    

 ( Maximum # of arrivals =        55555 )

 Tracing beam            1  -10.000000000000000     

 Minimum width beams                     
 halfwidth  =    7.0540469153127656     
 EpsOpt     =  (  0.0000000000000000     ,  1446000.0000000000     )
 EpsMult    =    1.0000000000000000     

 Tracing beam           78  -9.7422760041194643     
 Tracing beam          155  -9.4845520082389267     
 Tracing beam          232  -9.2268280123583928     
 Tracing beam          309  -8.9691040164778570     
 Tracing beam          386  -8.7113800205973231     
 Tracing beam          463  -8.4536560247167873     
 Tracing beam          540  -8.1959320288362516     
 Tracing beam          617  -7.9382080329557159     
 Tracing beam          694  -7.6804840370751792     
 Tracing beam          771  -7.4227600411946444     
 Tracing beam          848  -7.1650360453141086     
 Tracing beam          925  -6.9073120494335738     
 Tracing beam         1002  -6.6495880535530381     
 Tracing beam         1079  -6.3918640576725032     
 Tracing beam         1156  -6.1341400617919675     
 Tracing beam         1233  -5.8764160659114317     
 Tracing beam         1310  -5.6186920700308960     
 Tracing beam         1387  -5.3609680741503603     
 Tracing beam         1464  -5.1032440782698245     
 Tracing beam         1541  -4.8455200823892897     
 Tracing beam         1618  -4.5877960865087539     
 Tracing beam         1695  -4.3300720906282173     
 Tracing beam         1772  -4.0723480947476824     
 Tracing beam         1849  -3.8146240988671472     
 Tracing beam         1926  -3.5569001029866119     
 Tracing beam         2003  -3.2991761071060757     
 Tracing beam         2080  -3.0414521112255404     
 Tracing beam         2157  -2.7837281153450055     
 Tracing beam         2234  -2.5260041194644698     
 Tracing beam         2311  -2.2682801235839340     
 Tracing beam         2388  -2.0105561277033983     
 Tracing beam         2465  -1.7528321318228632     
 Tracing beam         2542  -1.4951081359423277     
 Tracing beam         2619  -1.2373841400617920     
 Tracing beam         2696 -0.97966014418125613     
 Tracing beam         2773 -0.72193614830072050     
 Tracing beam         2850 -0.46421215242018476     
 Tracing beam         2927 -0.20648815653964903     
 Tracing beam         3004  5.12358393408849366E-002
 Tracing beam         3081  0.30895983522142068     
 Tracing beam         3158  0.56668383110195641     
 Tracing beam         3235  0.82440782698249215     
 Tracing beam         3312   1.0821318228630279     
 Tracing beam         3389   1.3398558187435636     
 Tracing beam         3466   1.5975798146240994     
 Tracing beam         3543   1.8553038105046353     
 Tracing beam         3620   2.1130278063851691     
 Tracing beam         3697   2.3707518022657044     
 Tracing beam         3774   2.6284757981462405     
 Tracing beam         3851   2.8861997940267763     

 CPU Time =        1.60    s
