 BELLHOP- UWASN                                                                  
 frequency =   9750.     Hz

 Dummy parameter NMedia =            1

     C-LINEAR approximation to SSP
     Attenuation units: dB/mkHz
     THORP attenuation added
     VACUUM

 Depth =    100.00000000000000      m

 C-Linear SSP option

 Sound speed profile:
      7.00      1447.00
     10.00      1474.90
     20.00      1497.70
     30.00      1478.70
     40.00      1460.10
     50.00      1450.80
     60.00      1447.10
     70.00      1447.10
     80.00      1444.90
     90.00      1446.00
     95.00      1443.80
    100.00      1441.80

                                 ( RMS roughness =  0.200E-01 )
     Bathymetry file selected
     Perfectly RIGID

 Number of sources   =            1
 Source depths (m)
   90.0000    

 Number of receivers =            6
 Receiver depths (m)
   87.0000       88.0000       89.0000       90.0000       91.0000    
   92.0000    

 Number of ranges   =            6
 Receiver ranges (km)
  0.900000       1.00000       1.10000       1.90000       2.00000    
   2.10000    

 Arrivals calculation, ASCII  file output
 Geometric hat beams
 Point source (cylindrical coordinates)
 Rectilinear receiver grid: Receivers at rr( : ) x rd( : )

 Number of beams   =         4095
 Beam take-off angles (degrees)
  -10.0000      -9.99682      -9.99365      -9.99047      -9.98730    
  -9.98412      -9.98095      -9.97777      -9.97460      -9.97142    
  -9.96825      -9.96507      -9.96190      -9.95872      -9.95554    
  -9.95237      -9.94919      -9.94602      -9.94284      -9.93967    
  -9.93649    

 Step length,     deltas =    10.000000000000000      m

 Maximum ray Depth, zBox =    100.00000000000000      m
 Maximum ray range, rBox =    2200.0000000000000      m
 No beam shift in effect

 *********************************
 Using bottom-bathymetry file
 Curvilinear Interpolation
 Number of bathymetry points           3

  Range (km)  Depth (m)
   0.00       95.0    
   2.25       97.0    
   4.50       96.0    

 ( Maximum # of arrivals =        55555 )

 Tracing beam            1  -10.000000000000000     

 Minimum width beams                     
 halfwidth  =    6.8707935974414251     
 EpsOpt     =  (  0.0000000000000000     ,  1446000.0000000000     )
 EpsMult    =    1.0000000000000000     

 Tracing beam           82  -9.7427943331704938     
 Tracing beam          163  -9.4855886663409876     
 Tracing beam          244  -9.2283829995114797     
 Tracing beam          325  -8.9711773326819735     
 Tracing beam          406  -8.7139716658524673     
 Tracing beam          487  -8.4567659990229611     
 Tracing beam          568  -8.1995603321934531     
 Tracing beam          649  -7.9423546653639470     
 Tracing beam          730  -7.6851489985344399     
 Tracing beam          811  -7.4279433317049337     
 Tracing beam          892  -7.1707376648754275     
 Tracing beam          973  -6.9135319980459204     
 Tracing beam         1054  -6.6563263312164134     
 Tracing beam         1135  -6.3991206643869081     
 Tracing beam         1216  -6.1419149975574010     
 Tracing beam         1297  -5.8847093307278948     
 Tracing beam         1378  -5.6275036638983877     
 Tracing beam         1459  -5.3702979970688816     
 Tracing beam         1540  -5.1130923302393745     
 Tracing beam         1621  -4.8558866634098683     
 Tracing beam         1702  -4.5986809965803612     
 Tracing beam         1783  -4.3414753297508550     
 Tracing beam         1864  -4.0842696629213489     
 Tracing beam         1945  -3.8270639960918413     
 Tracing beam         2026  -3.5698583292623356     
 Tracing beam         2107  -3.3126526624328281     
 Tracing beam         2188  -3.0554469956033223     
 Tracing beam         2269  -2.7982413287738153     
 Tracing beam         2350  -2.5410356619443091     
 Tracing beam         2431  -2.2838299951148020     
 Tracing beam         2512  -2.0266243282852958     
 Tracing beam         2593  -1.7694186614557896     
 Tracing beam         2674  -1.5122129946262832     
 Tracing beam         2755  -1.2550073277967755     
 Tracing beam         2836 -0.99780166096726930     
 Tracing beam         2917 -0.74059599413776300     
 Tracing beam         2998 -0.48339032730825693     
 Tracing beam         3079 -0.22618466047874894     
 Tracing beam         3160  3.10210063507572187E-002
 Tracing beam         3241  0.28822667318026340     
 Tracing beam         3322  0.54543234000976959     
 Tracing beam         3403  0.80263800683927755     
 Tracing beam         3484   1.0598436736687837     
 Tracing beam         3565   1.3170493404982899     
 Tracing beam         3646   1.5742550073277959     
 Tracing beam         3727   1.8314606741573023     
 Tracing beam         3808   2.0886663409868103     
 Tracing beam         3889   2.3458720078163164     
 Tracing beam         3970   2.6030776746458226     
 Tracing beam         4051   2.8602833414753288     

 CPU Time =        1.66    s
