250 620.74
500 621.554
750 623.581
1000 625.935
1250 627.633
1500 628.058
1750 629.128
2000 631.074
2250 633.055
2500 634.256
2750 634.464
3000 635.683
3250 637.481
3500 639.088
3750 639.866
4000 640.271
4250 641.55
4500 643.153
4750 644.404
5000 644.822
5250 645.425
5500 646.694
5750 648.077
6000 649
6250 649.164
6500 649.902
6750 651.106
7000 652.259
7250 652.89
7500 653.074
7750 653.885
8000 654.986
8250 655.91
8500 656.292
8750 656.621
9000 657.453
9250 658.426
9500 659.134
9750 659.314
10000 659.756
10250 660.568
10500 661.4
10750 661.908
11000 661.995
11250 662.507
11500 663.269
11750 663.955
12000 664.287
12250 664.457
12500 665.004
12750 665.694
13000 666.236
13250 666.419
13500 666.678
13750 667.229
14000 667.833
14250 668.239
14500 668.313
14750 668.635
15000 669.165
15250 669.676
15500 669.961
15750 670.041
16000 670.4
16250 670.892
16500 671.308
16750 671.482
17000 671.628
17250 672.003
17500 672.444
17750 672.767
18000 672.85
18250 673.05
18500 673.421
18750 673.804
19000 674.039
19250 674.079
19500 674.315
19750 674.668
20000 674.987
20250 675.144
20500 675.222
20750 675.477
21000 675.801
21250 676.057
21500 676.145
21750 676.266
22000 676.527
22250 676.815
22500 677.009
22750 677.045
23000 677.199
23250 677.453
23500 677.7
23750 677.837
24000 677.875
24250 678.049
24500 678.288
24750 678.491
25000 678.577
25250 678.648
25500 678.831
25750 679.049
26000 679.209
26250 679.251
26500 679.349
26750 679.534
27000 679.724
27250 679.844
27500 679.863
27750 679.981
28000 680.158
28250 680.32
28500 680.4
28750 680.438
29000 680.568
29250 680.732
29500 680.863
29750 680.906
30000 680.951
30250 681.049
30500 681.153
30750 681.242
31000 681.161
31250 681
31500 680.669
31750 680.42
32000 680.308
32250 679.692
32500 678.615
32750 677.472
33000 676.895
33250 676.201
33500 674.132
33750 671.217
34000 668.697
34250 667.982
34500 665.621
34750 660.661
35000 654.831
35250 650.774
35500 649.907
35750 644.289
36000 635.055
36250 625.843
36500 620.979
36750 617.903
37000 607.64
37250 593.791
37500 582.115
37750 577.976
38000 571.096
38250 556.187
38500 539.168
38750 527.268
39000 525.102
39250 514.254
39500 496.325
39750 478.738
40000 468.923
40250 465.657
40500 451.973
40750 433.418
41000 417.722
41250 411.273
41500 405.176
41750 390.324
42000 373.091
42250 360.618
42500 357.525
42750 349.341
43000 334.74
43250 319.96
43500 311.035
43750 309.423
44000 300.191
44250 286.767
44500 274.874
44750 269.192
45000 266.06
45250 256.556
45500 244.83
45750 235.77
46000 232.818
46250 228.371
46500 219.219
46750 209.388
47000 202.903
47250 201.777
47500 196.519
47750 188.117
48000 180.18
48250 175.899
48500 174.566
48750 169.001
49000 161.578
49250 155.426
49500 152.92
49750 150.67
50000 145.169
50250 138.83
50500 134.284
50750 133.167
51000 130.283
51250 125.108
51500 119.87
51750 116.717
52000 116.167
52250 112.947
52500 108.248
52750 104.074
53000 102.087
53250 101.019
53500 97.7059
53750 93.5872
54000 90.3966
54250 89.3465
54500 87.7912
54750 84.5658
55000 81.0745
55250 78.7611
55500 78.3558
55750 76.4946
56000 73.485
56250 70.6246
56500 69.071
56750 68.6022
57000 66.5954
57250 63.8887
57500 61.6319
57750 60.7122
58000 59.8974
58250 57.8713
58500 55.5173
58750 53.8187
59000 53.3935
59250 52.3243
59500 50.3778
59750 48.397
