250 630.267
500 632.537
750 634.677
1000 635.405
1250 636.584
1500 638.72
1750 640.447
2000 640.813
2250 642.141
2500 644.09
2750 645.424
3000 645.697
3250 647.098
3500 648.827
3750 649.8
4000 650.242
4250 651.654
4500 653.143
4750 653.794
5000 654.414
5250 655.783
5500 657.025
5750 657.404
6000 658.157
6250 659.443
6500 660.442
6750 660.63
7000 661.467
7250 662.639
7500 663.405
7750 663.595
8000 664.472
8250 665.511
8500 666.063
8750 666.37
9000 667.25
9250 668.143
9500 668.504
9750 668.918
10000 669.769
10250 670.512
10500 670.713
10750 671.206
11000 672.004
11250 672.598
11500 672.703
11750 673.245
12000 673.972
12250 674.424
12500 674.563
12750 675.128
13000 675.77
13250 676.09
13500 676.308
13750 676.871
14000 677.422
14250 677.626
14500 677.909
14750 678.453
15000 678.909
15250 679.018
15500 679.349
15750 679.857
16000 680.22
16250 680.287
16500 680.647
16750 681.109
17000 681.382
17250 681.488
17500 681.86
17750 682.268
18000 682.458
18250 682.615
18500 682.985
18750 683.334
19000 683.451
19250 683.648
19500 684.005
19750 684.293
20000 684.352
20250 684.58
20500 684.913
20750 685.14
21000 685.188
21250 685.433
21500 685.735
21750 685.904
22000 685.985
22250 686.237
22500 686.503
22750 686.618
23000 686.732
23250 686.982
23500 687.208
23750 687.276
24000 687.417
24250 687.656
24500 687.842
24750 687.877
25000 688.036
25250 688.26
25500 688.405
25750 688.443
26000 688.613
26250 688.815
26500 688.922
26750 688.984
27000 689.158
27250 689.335
27500 689.406
27750 689.491
28000 689.663
28250 689.814
28500 689.853
28750 689.956
29000 690.121
29250 690.243
29500 690.265
29750 690.379
30000 690.527
30250 690.604
30500 690.615
30750 690.717
31000 690.757
31250 690.595
31500 690.493
31750 690.335
32000 689.868
32250 689.3
32500 689.085
32750 688.448
33000 687.098
33250 685.801
33500 685.509
33750 683.742
34000 680.8
34250 678.549
34500 677.783
34750 673.918
35000 668.686
35250 665.554
35500 663.269
35750 656.259
36000 648.33
36250 644.877
36500 639.865
36750 628.941
37000 618.654
37250 615.8
37500 607.092
37750 592.423
38000 580.89
38250 578.67
38500 566.045
38750 548.72
39000 537.63
39250 533.507
39500 517.701
39750 499.572
40000 490.506
40250 483.375
40500 465.765
40750 448.635
41000 442.495
41250 432.772
41500 414.867
41750 400.029
42000 396.72
42250 385.239
42500 368.241
42750 356.384
43000 354.015
43250 341.689
43500 326.429
43750 317.679
44000 313.837
44250 301.46
44500 288.354
44750 282.516
45000 277.17
45250 265.328
45500 254.551
45750 251.178
46000 244.791
46250 233.893
46500 225.385
46750 223.751
47000 216.81
47250 207.095
47500 200.703
47750 199.179
48000 192.082
48250 183.692
48500 179.192
48750 176.793
49000 169.871
49250 162.839
49500 159.961
49750 156.792
50000 150.27
50250 144.566
50500 142.988
50750 139.309
51000 133.353
51250 128.904
51500 128.116
51750 124.167
52000 118.886
52250 115.581
52500 114.588
52750 110.589
53000 106.036
53250 103.747
53500 102.258
53750 98.3639
54000 94.5553
54250 93.1283
54500 91.2252
54750 87.5618
55000 84.4791
55250 83.7316
55500 81.5583
55750 78.2123
56000 75.8182
56250 75.3859
56500 73.0754
56750 70.1085
57000 68.3451
57250 67.6979
57500 65.3628
57750 62.8039
58000 61.6
58250 60.6518
58500 58.3814
58750 56.2413
59000 55.514
59250 54.3344
59500 52.1986
59750 50.4719
