250 632.28
500 634.179
750 635.915
1000 636.907
1250 638.967
1500 639.532
1750 641.339
2000 642.603
2250 643.723
2500 645.429
2750 645.868
3000 647.524
3250 648.389
3500 649.567
3750 650.929
4000 651.445
4250 652.913
4500 653.461
4750 654.635
5000 655.68
5250 656.307
5500 657.568
5750 657.905
6000 659.026
6250 659.788
6500 660.496
6750 661.544
7000 661.822
7250 662.853
7500 663.375
7750 664.12
8000 664.961
8250 665.294
8500 666.213
8750 666.543
9000 667.288
9250 667.936
9500 668.342
9750 669.133
10000 669.339
10250 670.052
10500 670.524
10750 670.982
11000 671.642
11250 671.822
11500 672.48
11750 672.803
12000 673.286
12250 673.816
12500 674.038
12750 674.626
13000 674.83
13250 675.313
13500 675.722
13750 675.992
14000 676.5
14250 676.63
14500 677.095
14750 677.393
15000 677.697
15250 678.122
15500 678.243
15750 678.673
16000 678.877
16250 679.198
16500 679.54
16750 679.691
17000 680.076
17250 680.205
17500 680.526
17750 680.791
18000 680.974
18250 681.308
18500 681.392
18750 681.702
19000 681.895
19250 682.101
19500 682.381
19750 682.464
20000 682.751
20250 682.883
20500 683.1
20750 683.327
21000 683.431
21250 683.689
21500 683.773
21750 683.991
22000 684.166
22250 684.293
22500 684.518
22750 684.574
23000 684.784
23250 684.912
23500 685.055
23750 685.244
24000 685.302
24250 685.498
24500 685.585
24750 685.736
25000 685.889
25250 685.963
25500 686.14
25750 686.195
26000 686.346
26250 686.464
26500 686.554
26750 686.709
27000 686.747
27250 686.894
27500 686.98
27750 687.081
28000 687.211
28250 687.253
28500 687.39
28750 687.448
29000 687.555
29250 687.66
29500 687.712
29750 687.83
30000 687.859
30250 687.931
30500 687.995
30750 687.957
31000 687.958
31250 687.825
31500 687.494
31750 687.365
32000 686.727
32250 686.318
32500 685.493
32750 684.346
33000 683.721
33250 681.692
33500 680.846
33750 678.313
34000 675.769
34250 673.708
34500 669.174
34750 667.806
35000 662.125
35250 657.956
35500 652.966
35750 645.163
36000 642.576
36250 632.506
36500 627.261
36750 617.902
37000 607.1
37250 601.709
37500 587.27
37750 582.126
38000 568.094
38250 556.001
38500 546.868
38750 529.794
39000 525.237
39250 507.935
39500 496.84
39750 484.37
40000 467.326
40250 461.997
40500 443.731
40750 435.298
41000 420.919
41250 406.086
41500 398.916
41750 381.77
42000 376.27
42250 361.578
42500 349.97
42750 341.322
43000 326.466
43250 322.711
43500 308.844
43750 300.57
44000 291.196
44250 279.127
44500 275.314
44750 262.95
45000 257.587
45250 248.196
45500 238.911
45750 234.305
46000 223.761
46250 220.555
46500 211.66
46750 204.894
47000 199.676
47250 191.016
47500 188.854
47750 180.789
48000 176.157
48250 170.685
48500 163.844
48750 161.597
49000 154.539
49250 151.6
49500 146.195
49750 140.997
50000 138.299
50250 132.321
50500 130.571
50750 125.473
51000 121.705
51250 118.664
51500 113.76
51750 112.534
52000 107.902
52250 105.328
52500 102.139
52750 98.2524
53000 96.9198
53250 92.8525
53500 91.2219
53750 88.0631
54000 85.104
54250 83.4921
54500 80.0348
54750 79.0549
55000 76.0651
55250 73.9145
55500 72.0957
55750 69.2455
56000 68.5226
56250 65.7928
56500 64.3216
56750 62.411
57000 60.1421
57250 59.3252
57500 56.9156
57750 55.9835
58000 54.0843
58250 52.3487
58500 51.3572
58750 49.2967
59000 48.7314
59250 46.9246
59500 45.6605
59750 44.5409
