250 1066.27
500 1069.81
750 1071.88
1000 1075.22
1250 1076.1
1500 1078.39
1750 1079.64
2000 1083.01
2250 1084.29
2500 1086.56
2750 1087.74
3000 1089.43
3250 1091.81
3500 1093.87
3750 1095.45
4000 1096.05
4250 1098.14
4500 1099.14
4750 1101.55
5000 1102.08
5250 1103.46
5500 1104.35
5750 1106.26
6000 1107.46
6250 1109.02
6500 1109.79
6750 1110.5
7000 1112.16
7250 1113.28
7500 1114.62
7750 1115
8000 1116.19
8250 1116.76
8500 1118.39
8750 1118.82
9000 1119.79
9250 1120.39
9500 1121.39
9750 1122.4
10000 1123.42
10250 1124.03
10500 1124.32
10750 1125.4
11000 1125.97
11250 1127.03
11500 1127.27
11750 1127.95
12000 1128.37
12250 1129.39
12500 1129.84
12750 1130.55
13000 1130.93
13250 1131.4
13500 1132.19
13750 1132.8
14000 1133.34
14250 1133.51
14500 1134.17
14750 1134.47
15000 1135.26
15250 1135.42
15500 1135.86
15750 1136.17
16000 1136.76
16250 1137.19
16500 1137.7
16750 1137.97
17000 1138.17
17250 1138.73
17500 1139.07
17750 1139.54
18000 1139.65
18250 1140.04
18500 1140.24
18750 1140.79
19000 1140.95
19250 1141.28
19500 1141.5
19750 1141.81
20000 1142.18
20250 1142.52
20500 1142.75
20750 1142.83
21000 1143.21
21250 1143.39
21500 1143.77
21750 1143.85
22000 1144.08
22250 1144.24
22500 1144.59
22750 1144.77
23000 1145.02
23250 1145.17
23500 1145.32
23750 1145.61
24000 1145.82
24250 1146.03
24500 1146.08
24750 1146.32
25000 1146.43
25250 1146.72
25500 1146.78
25750 1146.94
26000 1147.07
26250 1147.27
26500 1147.45
26750 1147.63
27000 1147.74
27250 1147.8
27500 1148.02
27750 1148.14
28000 1148.33
28250 1148.36
28500 1148.51
28750 1148.59
29000 1148.8
29250 1148.87
29500 1149
29750 1149.08
30000 1149.19
30250 1149.32
30500 1149.39
30750 1149.38
31000 1149.32
31250 1149.21
31500 1148.79
31750 1148.42
32000 1147.54
32250 1147.14
32500 1146.1
32750 1145.44
33000 1142.76
33250 1141.38
33500 1138.25
33750 1136.7
34000 1133.54
34250 1128.07
34500 1122
34750 1116.47
35000 1113.34
35250 1104.22
35500 1099.06
35750 1083.85
36000 1079.11
36250 1067.54
36500 1060.66
36750 1041.74
37000 1028.02
37250 1007.21
37500 997.643
37750 986.9
38000 961.471
38250 941.68
38500 916.092
38750 905.968
39000 882.879
39250 871.65
39500 835.388
39750 823.565
40000 798.233
40250 785.496
40500 760.734
40750 734.429
41000 705.835
41250 688.978
41500 678.945
41750 650.724
42000 634.627
42250 603.909
42500 594.924
42750 575.611
43000 565.194
43250 536.771
43500 523.308
43750 501.499
44000 492.106
44250 479.174
44500 457.793
44750 439.972
45000 424.168
45250 417.718
45500 400.81
45750 392.966
46000 371.469
46250 365.972
46500 353.426
46750 346.388
47000 331.335
47250 320.053
47500 306.146
47750 299.663
48000 294.412
48250 280.964
48500 272.278
48750 260.159
49000 256.364
49250 247.476
49500 243.112
49750 230.244
50000 225.932
50250 217.545
50500 213.346
50750 206.432
51000 198.112
51250 190.145
51500 184.9
51750 182.44
52000 174.739
52250 170.826
52500 162.344
52750 160.259
53000 155.278
53250 152.356
53500 145.254
53750 141.439
54000 135.875
54250 133.349
54500 130.476
54750 124.847
55000 120.636
55250 116.32
55500 114.842
55750 110.652
56000 108.721
56250 103.175
56500 101.78
56750 98.5454
57000 96.6287
57250 93.0058
57500 89.8552
57750 86.3471
58000 84.5064
58250 83.3373
58500 79.7934
58750 77.7269
59000 74.3828
59250 73.4996
59500 71.2127
59750 69.9684
