250 423.873
500 425.625
750 426.778
1000 429.307
1250 430.651
1500 432.253
1750 432.594
2000 433.942
2250 435.376
2500 438.072
2750 440.355
3000 441.694
3250 442.213
3500 443.488
3750 444.669
4000 445.963
4250 446.858
4500 447.144
4750 447.668
5000 448.413
5250 449.727
5500 450.405
5750 450.962
6000 451.512
6250 452.458
6500 453.388
6750 454.389
7000 454.611
7250 454.708
7500 455.025
7750 455.368
8000 455.446
8250 455.593
8500 455.805
8750 456.487
9000 457.085
9250 457.846
9500 458.221
9750 458.325
10000 458.68
10250 459.339
10500 459.748
10750 460.18
11000 460.424
11250 460.665
11500 460.962
11750 461.277
12000 461.576
12250 461.678
12500 461.895
12750 462.383
13000 462.912
13250 463.293
13500 463.644
13750 463.764
14000 463.797
14250 463.892
14500 464.115
14750 464.246
15000 464.47
15250 464.634
15500 464.933
15750 465.135
16000 465.305
16250 465.444
16500 465.562
16750 465.692
17000 465.902
17250 466.074
17500 466.232
17750 466.368
18000 466.392
18250 466.43
18500 466.484
18750 466.496
19000 466.606
19250 466.707
19500 466.839
19750 466.963
20000 467.031
20250 467.116
20500 467.203
20750 467.274
21000 467.378
21250 467.497
21500 467.564
21750 467.637
22000 467.673
22250 467.726
22500 467.727
22750 467.733
23000 467.774
23250 467.812
23500 467.849
23750 467.84
24000 467.727
24250 467.386
24500 466.839
24750 466.541
25000 466.244
25250 465.415
25500 464.312
25750 462.633
26000 460.692
26250 459.586
26500 457.979
26750 457.335
27000 456.111
27250 455.98
27500 454.777
27750 451.425
28000 444.735
28250 438.483
28500 430.683
28750 426.07
29000 422.593
29250 413.999
29500 403.858
29750 396.251
30000 384.829
30250 378.403
30500 369.465
30750 362.536
31000 351.954
31250 347.982
31500 340.245
31750 330.347
32000 310.282
32250 292.896
32500 276.962
32750 261.698
33000 258.275
33250 255.61
33500 245.156
33750 231.208
34000 221.047
34250 210.179
34500 200.899
34750 187.514
35000 179.638
35250 170.098
35500 164.082
35750 161.959
36000 156.313
36250 143.856
36500 134.313
36750 124.951
37000 121.397
37250 117.334
37500 115.144
37750 110.903
38000 109.333
38250 106.364
38500 104.205
38750 98.6217
39000 93.1206
39250 89.357
39500 85.7729
39750 83.0323
40000 79.9374
40250 74.7805
40500 71.1233
40750 69.2695
41000 67.8508
41250 64.8023
41500 61.8919
41750 60.7847
42000 59.2362
42250 57.8329
42500 55.1025
42750 51.7508
43000 47.3316
43250 45.335
43500 43.5831
43750 42.4301
44000 39.9012
44250 38.5572
44500 36.9552
44750 36.6142
45000 35.2656
45250 33.832
45500 31.1355
45750 28.8532
46000 27.5136
46250 26.9945
46500 25.7201
46750 24.5387
47000 23.2449
47250 22.3502
47500 22.0633
47750 21.5396
48000 20.7943
48250 19.4809
48500 18.8029
48750 18.2461
49000 17.6954
49250 16.7499
49500 15.8193
49750 14.8191
50000 14.5965
50250 14.5003
50500 14.183
50750 13.8402
51000 13.7617
51250 13.6148
51500 13.403
51750 12.7209
52000 12.1226
52250 11.3618
52500 10.987
52750 10.8831
53000 10.5281
53250 9.86868
53500 9.45948
53750 9.02763
54000 8.78366
54250 8.54248
54500 8.24531
54750 7.93032
55000 7.63146
55250 7.52991
55500 7.31324
55750 6.82454
56000 6.29528
56250 5.91469
56500 5.56388
56750 5.44329
57000 5.41107
57250 5.31574
57500 5.09295
57750 4.96185
58000 4.738
58250 4.57385
58500 4.27459
58750 4.07277
59000 3.90238
59250 3.76412
59500 3.6458
59750 3.51534
