250 427.324
500 428.215
750 429.902
1000 433.03
1250 435.134
1500 437.596
1750 439.36
2000 440.82
2250 442.463
2500 442.857
2750 443.724
3000 444.073
3250 445.668
3500 447.376
3750 449.647
4000 451.673
4250 452.496
4500 453.428
4750 454.193
5000 455.396
5250 456.219
5500 457.125
5750 457.78
6000 458.729
6250 460.191
6500 460.87
6750 461.452
7000 462.04
7250 462.942
7500 463.862
7750 464.69
8000 465.645
8250 465.903
8500 466.536
8750 466.958
9000 467.39
9250 468.005
9500 468.221
9750 468.713
10000 469.071
10250 469.74
10500 470.284
10750 470.58
11000 470.921
11250 471.181
11500 471.82
11750 472.232
12000 472.336
12250 472.455
12500 472.675
12750 473.017
13000 473.131
13250 473.422
13500 473.595
13750 473.934
14000 474.345
14250 474.538
14500 474.713
14750 474.854
15000 475.063
15250 475.154
15500 475.349
15750 475.59
16000 475.722
16250 475.915
16500 476.032
16750 476.133
17000 476.217
17250 476.331
17500 476.441
17750 476.558
18000 476.744
18250 476.887
18500 477.003
18750 477.063
19000 477.113
19250 477.167
19500 477.205
19750 477.282
20000 477.313
20250 477.399
20500 477.477
20750 477.566
21000 477.645
21250 477.688
21500 477.754
21750 477.795
22000 477.874
22250 477.924
22500 477.913
22750 477.914
23000 477.889
23250 477.936
23500 477.63
23750 477.154
24000 476.904
24250 476.624
24500 476.337
24750 475.518
25000 474.846
25250 473.412
25500 471.855
25750 471.339
26000 468.879
26250 467.34
26500 465.563
26750 464.688
27000 462.048
27250 459
27500 455.724
27750 449.243
28000 446.377
28250 443.757
28500 440.644
28750 433.817
29000 426.402
29250 418.349
29500 406.935
29750 402.893
30000 397.705
30250 394.721
30500 388.325
30750 382.412
31000 371.986
31250 358.018
31500 348.552
31750 329.198
32000 313.319
32250 308.398
32500 304.839
32750 290.909
33000 275.174
33250 266.886
33500 252.113
33750 244.963
34000 234.65
34250 219.763
34500 213.545
34750 212.247
35000 202.594
35250 185.547
35500 174.102
35750 164.189
36000 152.587
36250 148.191
36500 140.053
36750 136.014
37000 132.591
37250 131.075
37500 123.215
37750 113.946
38000 109.98
38250 102.2
38500 96.7848
38750 92.2864
39000 87.8454
39250 83.7285
39500 78.2654
39750 77.3341
40000 73.66
40250 72.1275
40500 68.6944
40750 64.9022
41000 64.357
41250 61.3295
41500 58.9297
41750 54.9513
42000 52.2492
42250 51.8281
42500 50.9376
42750 49.2507
43000 46.1223
43250 44.0181
43500 41.5562
43750 39.792
44000 38.3326
44250 36.6889
44500 36.2954
44750 35.4282
45000 35.0793
45250 33.4841
45500 31.7766
45750 29.5053
46000 27.4793
46250 26.6567
46500 25.7243
46750 24.9591
47000 23.756
47250 22.9333
47500 22.0269
47750 21.3723
48000 20.4231
48250 18.9615
48500 18.2828
48750 17.6999
49000 17.1119
49250 16.2102
49500 15.2908
49750 14.4622
50000 13.5071
50250 13.249
50500 12.6164
50750 12.1946
51000 11.7623
51250 11.1477
51500 10.9318
51750 10.4391
52000 10.0811
52250 9.41268
52500 8.86816
52750 8.57218
53000 8.23167
53250 7.97128
53500 7.33206
53750 6.91987
54000 6.8162
54250 6.69696
54500 6.47748
54750 6.13535
55000 6.02132
55250 5.73008
55500 5.55756
55750 5.21826
56000 4.80712
56250 4.61449
56500 4.43915
56750 4.29876
57000 4.08939
57250 3.99869
57500 3.80307
57750 3.56211
58000 3.43057
58250 3.23741
58500 3.12058
58750 3.01969
59000 2.93504
59250 2.82136
59500 2.71108
59750 2.59469
