250 632.027
500 634.333
750 636.174
1000 636.634
1250 638.608
1500 640.494
1750 640.883
2000 642.529
2250 644.397
2500 644.957
2750 646.262
3000 648.057
3250 648.806
3500 649.795
3750 651.479
4000 652.401
4250 653.094
4500 654.626
4750 655.661
5000 656.099
5250 657.454
5500 658.567
5750 658.825
6000 659.994
6250 661.135
6500 661.382
6750 662.347
7000 663.478
7250 663.829
7500 664.602
7750 665.69
8000 666.168
8250 666.747
8500 667.768
8750 668.342
9000 668.745
9250 669.675
9500 670.326
9750 670.577
10000 671.403
10250 672.094
10500 672.246
10750 672.954
11000 673.666
11250 673.826
11500 674.418
11750 675.122
12000 675.357
12250 675.823
12500 676.502
12750 676.808
13000 677.161
13250 677.797
13500 678.171
13750 678.412
14000 678.994
14250 679.411
14500 679.563
14750 680.078
15000 680.525
15250 680.618
15500 681.061
15750 681.516
16000 681.625
16250 681.992
16500 682.445
16750 682.604
17000 682.897
17250 683.333
17500 683.541
17750 683.757
18000 684.166
18250 684.413
18500 684.564
18750 684.939
19000 685.216
19250 685.306
19500 685.638
19750 685.931
20000 685.991
20250 686.275
20500 686.577
20750 686.653
21000 686.888
21250 687.187
21500 687.295
21750 687.481
22000 687.769
22250 687.911
22500 688.051
22750 688.322
23000 688.49
23250 688.583
23500 688.83
23750 689.018
24000 689.076
24250 689.296
24500 689.496
24750 689.536
25000 689.724
25250 689.927
25500 689.98
25750 690.135
26000 690.338
26250 690.416
26500 690.538
26750 690.733
27000 690.832
27250 690.921
27500 691.105
27750 691.222
28000 691.284
28250 691.451
28500 691.582
28750 691.618
29000 691.767
29250 691.906
29500 691.933
29750 692.061
30000 692.195
30250 692.223
30500 692.317
30750 692.394
31000 692.361
31250 692.33
31500 692.11
31750 691.795
32000 691.7
32250 691.19
32500 690.387
32750 690.053
33000 689.142
33250 687.497
33500 686.581
33750 685.238
34000 682.336
34250 680.331
34500 678.68
34750 674.156
35000 670.394
35250 668.73
35500 662.324
35750 656.091
36000 654.565
36250 646.432
36500 637.188
36750 634.825
37000 625.476
37250 613.082
37500 608.504
37750 598.818
38000 583.594
38250 575.992
38500 567.076
38750 549.918
39000 539.198
39250 532.008
39500 514.087
39750 500.557
40000 495.606
40250 478.181
40500 462.557
40750 459.233
41000 443.287
41250 426.548
41500 422.466
41750 408.828
42000 391.878
42250 385.789
42500 374.894
42750 358.535
43000 350.658
43250 342.538
43500 327.344
43750 318.073
44000 312.638
44250 299.041
44500 288.976
44750 285.716
45000 273.946
45250 263.514
45500 261.401
45750 251.518
46000 241.129
46250 238.498
46500 230.587
46750 220.619
47000 216.938
47250 210.88
47500 201.597
47750 197.003
48000 192.686
48250 184.287
48500 179.054
48750 176.212
49000 168.81
49250 163.199
49500 161.55
49750 155.22
50000 149.495
50250 148.328
50500 143.08
50750 137.389
51000 135.875
51250 131.677
51500 126.204
51750 124.103
52000 120.915
52250 115.848
52500 113.255
52750 110.977
53000 106.381
53250 103.435
53500 101.976
53750 97.9272
54000 94.7764
54250 93.9152
54500 90.4446
54750 87.2156
55000 86.5562
55250 83.6799
55500 80.4953
55750 79.5986
56000 77.2962
56250 74.2216
56500 72.984
56750 71.2416
57000 68.3755
57250 66.8558
57500 65.6253
57750 63.021
58000 61.3016
58250 60.5171
58500 58.2108
58750 56.3702
59000 55.91
59250 53.9356
59500 52.0498
59750 51.6607
