250 629.856
500 632.114
750 632.844
1000 634.942
1250 635.807
1500 637.696
1750 638.752
2000 640.393
2250 641.627
2500 642.999
2750 644.37
3000 645.465
3250 646.924
3500 647.753
3750 649.246
4000 649.851
4250 651.328
4500 651.796
4750 653.21
5000 653.677
5250 654.989
5500 655.553
5750 656.731
6000 657.421
6250 658.44
6500 659.241
6750 660.09
7000 660.976
7250 661.652
7500 662.591
7750 663.101
8000 664.061
8250 664.435
8500 665.382
8750 665.68
9000 666.586
9250 666.896
9500 667.735
9750 668.113
10000 668.865
10250 669.326
10500 669.976
10750 670.509
11000 671.049
11250 671.637
11500 672.064
11750 672.685
12000 673.006
12250 673.64
12500 673.875
12750 674.499
13000 674.694
13250 675.289
13500 675.499
13750 676.05
14000 676.31
14250 676.802
14500 677.117
14750 677.541
15000 677.904
15250 678.254
15500 678.652
15750 678.928
16000 679.348
16250 679.555
16500 679.981
16750 680.135
17000 680.554
17250 680.685
17500 681.085
17750 681.232
18000 681.6
18250 681.783
18500 682.112
18750 682.332
19000 682.614
19250 682.867
19500 683.099
19750 683.375
20000 683.558
20250 683.848
20500 683.984
20750 684.278
21000 684.38
21250 684.668
21500 684.759
21750 685.033
22000 685.138
22250 685.391
22500 685.522
22750 685.746
23000 685.903
23250 686.095
23500 686.275
23750 686.432
24000 686.628
24250 686.75
24500 686.955
24750 687.046
25000 687.253
25250 687.322
25500 687.525
25750 687.59
26000 687.782
26250 687.859
26500 688.035
26750 688.13
27000 688.287
27250 688.401
27500 688.534
27750 688.664
28000 688.773
28250 688.914
28500 688.998
28750 689.145
29000 689.208
29250 689.356
29500 689.405
29750 689.548
30000 689.593
30250 689.714
30500 689.753
30750 689.826
31000 689.83
31250 689.708
31500 689.527
31750 689.314
32000 688.917
32250 688.605
32500 687.86
32750 687.46
33000 686.206
33250 685.703
33500 683.798
33750 683.027
34000 680.352
34250 678.975
34500 675.484
34750 673.081
35000 668.846
35250 664.99
35500 660.211
35750 654.511
36000 649.527
36250 641.711
36500 636.918
36750 626.89
37000 622.5
37250 610.556
37500 606.308
37750 592.674
38000 587.561
38250 572.977
38500 565.896
38750 551.104
39000 541.537
39250 527.249
39500 515.175
39750 502.419
40000 488.187
40250 477.421
40500 461.594
40750 453.099
41000 436.379
41250 429.925
41500 413.029
41750 407.629
42000 391.249
42250 385.388
42500 370.07
42750 362.84
43000 349.149
43250 340.412
43500 328.64
43750 318.651
44000 308.98
44250 298.126
44500 290.588
44750 279.308
45000 273.738
45250 262.448
45500 258.409
45750 247.494
46000 244.062
46250 233.901
46500 230.167
46750 220.96
47000 216.441
47250 208.358
47500 203.026
47750 196.22
48000 190.232
48250 184.732
48500 178.318
48750 174.086
49000 167.486
49250 164.386
49500 157.834
49750 155.563
50000 149.264
50250 147.292
50500 141.424
50750 139.203
51000 133.846
51250 131.143
51500 126.524
51750 123.341
52000 119.455
52250 115.894
52500 112.773
52750 108.968
53000 106.582
53250 102.675
53500 100.934
53750 97.0584
54000 95.7692
54250 92.0485
54500 90.8774
54750 87.4151
55000 86.0481
55250 82.939
55500 81.274
55750 78.5654
56000 76.6143
56250 74.3443
56500 72.1691
56750 70.3487
57000 68.0307
57250 66.6435
57500 64.2668
57750 63.2538
58000 60.9
58250 60.1323
58500 57.8746
58750 57.1446
59000 55.0463
59250 54.1812
59500 52.2927
59750 51.2366
