250 632.74
500 634.998
750 636.612
1000 637.601
1250 639.786
1500 640.77
1750 642.171
2000 644.098
2250 644.573
2500 646.218
2750 647.75
3000 648.262
3250 649.972
3500 651.037
3750 651.901
4000 653.509
4250 654.11
4500 655.255
4750 656.63
5000 656.94
5250 658.227
5500 659.281
5750 659.759
6000 661.053
6250 661.747
6500 662.489
6750 663.672
7000 664.032
7250 664.957
7500 665.938
7750 666.187
8000 667.191
8250 667.913
8500 668.353
8750 669.334
9000 669.779
9250 670.408
9500 671.28
9750 671.497
10000 672.244
10250 672.946
10500 673.178
10750 673.961
11000 674.452
11250 674.848
11500 675.59
11750 675.87
12000 676.398
12250 677.039
12500 677.184
12750 677.784
13000 678.28
13250 678.502
13500 679.112
13750 679.441
14000 679.791
14250 680.353
14500 680.525
14750 680.966
15000 681.436
15250 681.555
15500 682.037
15750 682.386
16000 682.598
16250 683.073
16500 683.29
16750 683.595
17000 684.02
17250 684.127
17500 684.492
17750 684.837
18000 684.95
18250 685.335
18500 685.579
18750 685.774
19000 686.143
19250 686.284
19500 686.546
19750 686.867
20000 686.94
20250 687.241
20500 687.492
20750 687.603
21000 687.912
21250 688.08
21500 688.257
21750 688.544
22000 688.633
22250 688.857
22500 689.099
22750 689.16
23000 689.408
23250 689.589
23500 689.698
23750 689.944
24000 690.058
24250 690.216
24500 690.438
24750 690.494
25000 690.686
25250 690.867
25500 690.926
25750 691.13
26000 691.259
26250 691.362
26500 691.558
26750 691.634
27000 691.773
27250 691.946
27500 691.985
27750 692.146
28000 692.282
28250 692.341
28500 692.508
28750 692.6
29000 692.695
29250 692.852
29500 692.9
29750 693.022
30000 693.147
30250 693.176
30500 693.281
30750 693.328
31000 693.355
31250 693.19
31500 693.039
31750 692.854
32000 692.377
32250 692.14
32500 691.51
32750 690.537
33000 690.247
33250 688.738
33500 687.224
33750 686.339
34000 683.487
34250 681.673
34500 679.257
34750 674.798
35000 673.25
35250 668.385
35500 662.494
35750 660.716
36000 652.772
36250 646.381
36500 641.819
36750 630.803
37000 625.364
37250 616.603
37500 603.62
37750 600.135
38000 586.91
38250 573.872
38500 568.991
38750 552.369
39000 541.534
39250 531.996
39500 513.977
39750 507.018
40000 493.023
40250 475.975
40500 471.982
40750 455.09
41000 441.08
41250 434.374
41500 416.629
41750 407.063
42000 396.465
42250 379.813
42500 374.784
42750 361.525
43000 347.615
43250 343.953
43500 329.622
43750 319.433
44000 313.034
44250 299.215
44500 293.031
44750 284.095
45000 272.027
45250 269.05
45500 258.721
45750 249.243
46000 245.998
46250 235.458
46500 228.967
46750 223.612
47000 213.873
47250 210.281
47500 203.371
47750 195.173
48000 193.327
48250 185.717
48500 179.552
48750 176.707
49000 169.192
49250 165.22
49500 160.92
49750 154.185
50000 152.171
50250 146.929
50500 141.454
50750 140.042
51000 134.462
51250 130.515
51500 128.076
51750 122.753
52000 120.373
52250 116.966
52500 112.328
52750 111.193
53000 107.237
53250 103.589
53500 102.357
53750 98.2964
54000 95.7832
54250 93.7295
54500 89.9435
54750 88.5429
55000 85.8627
55250 82.6572
55500 81.9355
55750 78.9462
56000 76.5138
56250 75.4017
56500 72.4245
56750 70.841
57000 69.1353
57250 66.4394
57500 65.6268
57750 63.5233
58000 61.3087
58250 60.7448
58500 58.4867
58750 56.8726
59000 55.8833
59250 53.6986
59500 52.714
59750 51.3133
