250 630.264
500 632.535
750 633.69
1000 635.37
1250 637.176
1500 638.017
1750 640.03
2000 640.65
2250 642.385
2500 643.639
2750 644.747
3000 646.4
3250 646.875
3500 648.519
3750 649.277
4000 650.536
4250 651.787
4500 652.453
4750 653.894
5000 654.302
5250 655.586
5500 656.437
5750 657.292
6000 658.464
6250 658.837
6500 660.037
6750 660.538
7000 661.491
7250 662.365
7500 662.898
7750 663.941
8000 664.218
8250 665.175
8500 665.757
8750 666.421
9000 667.26
9250 667.563
9500 668.449
9750 668.782
10000 669.508
10250 670.123
10500 670.55
10750 671.312
11000 671.511
11250 672.232
11500 672.632
11750 673.151
12000 673.755
12250 674.005
12500 674.665
12750 674.888
13000 675.447
13250 675.883
13500 676.228
13750 676.788
14000 676.939
14250 677.486
14500 677.762
14750 678.171
15000 678.61
15250 678.818
15500 679.314
15750 679.466
16000 679.899
16250 680.21
16500 680.489
16750 680.905
17000 681.026
17250 681.444
17500 681.636
17750 681.96
18000 682.281
18250 682.455
18500 682.83
18750 682.935
19000 683.273
19250 683.495
19500 683.723
19750 684.034
20000 684.134
20250 684.457
20500 684.59
20750 684.849
21000 685.086
21250 685.232
21500 685.518
21750 685.594
22000 685.86
22250 686.021
22500 686.207
22750 686.441
23000 686.527
23250 686.777
23500 686.871
23750 687.079
24000 687.254
24250 687.378
24500 687.597
24750 687.654
25000 687.864
25250 687.98
25500 688.133
25750 688.311
26000 688.385
26250 688.581
26500 688.647
26750 688.815
27000 688.945
27250 689.05
27500 689.22
27750 689.266
28000 689.433
28250 689.517
28500 689.644
28750 689.779
29000 689.844
29250 689.999
29500 690.046
29750 690.18
30000 690.273
30250 690.352
30500 690.45
30750 690.474
31000 690.507
31250 690.422
31500 690.239
31750 689.946
32000 689.759
32250 689.138
32500 688.881
32750 687.949
33000 687.064
33250 686.094
33500 684.234
33750 683.582
34000 680.819
34250 679.244
34500 676.199
34750 672.536
35000 670.3
35250 664.504
35500 662.554
35750 655.748
36000 650.48
36250 644.645
36500 635.515
36750 632.329
37000 620.766
37250 615.297
37500 604.338
37750 593.195
38000 586.015
38250 570.805
38500 566.388
38750 550.636
39000 540.295
39250 528.201
39500 512.174
39750 506.219
40000 488.241
40250 481.039
40500 465.507
40750 451.846
41000 442.379
41250 425.124
41500 420.447
41750 403.91
42000 394.388
42250 382.305
42500 368.053
42750 362.25
43000 346.781
43250 341.36
43500 328.388
43750 318.085
44000 310.152
44250 297.199
44500 293.716
44750 281.29
45000 274.887
45250 265.763
45500 255.903
45750 251.338
46000 240.506
46250 237.111
46500 227.843
46750 221.108
47000 215.261
47250 206.526
47500 204.049
47750 195.497
48000 191.509
48250 185.025
48500 178.562
48750 175.175
49000 167.852
49250 165.77
49500 159.346
49750 155.058
50000 150.827
50250 145.017
50500 143.19
50750 137.327
51000 134.858
51250 130.275
51500 126.056
51750 123.528
52000 118.563
52250 117.235
52500 112.743
52750 109.997
53000 106.923
53250 103.037
53500 101.657
53750 97.5981
54000 96.0614
54250 92.7815
54500 89.9931
54750 88.0896
55000 84.6922
55250 83.8078
55500 80.6301
55750 78.857
56000 76.5957
56250 73.9588
56500 72.8879
56750 70.0496
57000 69.0818
57250 66.7067
57500 64.8473
57750 63.4009
58000 61.0418
58250 60.41
58500 58.1393
58750 56.9842
59000 55.3036
59250 53.4979
59500 52.6574
59750 50.6441
