250 401.863
500 402.801
750 405.798
1000 407.113
1250 409.134
1500 409.899
1750 410.283
2000 411.722
2250 412.423
2500 415.082
2750 417.063
3000 419.205
3250 420.283
3500 421.479
3750 422.089
4000 423.319
4250 423.648
4500 424.525
4750 424.609
5000 425.04
5250 425.97
5500 427.071
5750 428.316
6000 429.61
6250 430.292
6500 431.228
6750 431.757
7000 432.406
7250 432.741
7500 432.916
7750 433.403
8000 433.701
8250 434.226
8500 434.777
8750 435.763
9000 436.386
9250 437.507
9500 438.35
9750 439.496
10000 440.006
10250 440.641
10500 440.964
10750 441.667
11000 441.958
11250 442.369
11500 442.484
11750 442.754
12000 443.082
12250 443.309
12500 443.8
12750 444.012
13000 444.287
13250 444.352
13500 444.665
13750 444.738
14000 444.964
14250 445.079
14500 445.374
14750 445.411
15000 445.511
15250 445.728
15500 446.02
15750 446.268
16000 446.552
16250 446.796
16500 447.106
16750 447.268
17000 447.435
17250 447.517
17500 447.662
17750 447.74
18000 447.867
18250 447.924
18500 447.995
18750 448.104
19000 448.228
19250 448.436
19500 448.565
19750 448.725
20000 448.77
20250 448.892
20500 448.956
20750 449.063
21000 449.079
21250 449.15
21500 449.157
21750 449.203
22000 449.288
22250 449.329
22500 449.422
22750 449.435
23000 449.524
23250 449.486
23500 449.506
23750 449.437
24000 449.112
24250 448.859
24500 448.326
24750 447.937
25000 447.016
25250 446.311
25500 445.75
25750 445.288
26000 443.446
26250 442.787
26500 441.049
26750 439.595
27000 436.311
27250 433.079
27500 428.116
27750 422.158
28000 412.699
28250 405.419
28500 396.529
28750 395.149
29000 390.333
29250 387.243
29500 383.104
29750 377.935
30000 377.244
30250 370.907
30500 366.342
30750 350.74
31000 337.693
31250 317.257
31500 306.978
31750 291.003
32000 282.561
32250 269.104
32500 264.509
32750 258.955
33000 258.365
33250 250.932
33500 242.586
33750 237.19
34000 223.885
34250 217.243
34500 203.288
34750 193.459
35000 179.644
35250 173.055
35500 166.309
35750 162.876
36000 152.614
36250 148.923
36500 142.707
36750 140.918
37000 134.634
37250 132.771
37500 127.209
37750 120.56
38000 110.939
38250 105.926
38500 99.7777
38750 98.2477
39000 93.7578
39250 92.8196
39500 90.5674
39750 88.3757
40000 86.7862
40250 84.1327
40500 80.0794
40750 73.8817
41000 69.7528
41250 64.1197
41500 60.5566
41750 55.015
42000 52.3484
42250 49.2181
42500 48.2809
42750 45.2838
43000 43.9684
43250 41.9473
43500 41.1822
43750 40.7984
44000 39.3597
44250 38.6586
44500 35.9994
44750 34.0182
45000 31.8761
45250 30.7982
45500 29.6021
45750 28.9923
46000 27.762
46250 27.4337
46500 26.5566
46750 26.4727
47000 26.041
47250 25.1112
47500 24.0101
47750 22.7655
48000 21.4716
48250 20.7899
48500 19.8535
48750 19.3244
49000 18.6758
49250 18.3409
49500 18.166
49750 17.6781
50000 17.3806
50250 16.8552
50500 16.3046
50750 15.3187
51000 14.6958
51250 13.5743
51500 12.7313
51750 11.5851
52000 11.0756
52250 10.4402
52500 10.117
52750 9.41476
53000 9.12314
53250 8.71257
53500 8.5971
53750 8.32737
54000 7.99951
54250 7.77292
54500 7.28145
54750 7.06966
55000 6.79426
55250 6.729
55500 6.41604
55750 6.34364
56000 6.1177
56250 6.00292
56500 5.70742
56750 5.6701
57000 5.57063
57250 5.35379
57500 5.06197
57750 4.81381
58000 4.52955
58250 4.28535
58500 3.97586
58750 3.81394
59000 3.64647
59250 3.56429
59500 3.41969
59750 3.34143
