250 0.00183794
500 0.00059569
750 0.000984088
1000 0.00205109
1250 0.00226306
1500 0.00152144
1750 0.000257745
2000 0.00134619
2250 0.00219163
2500 0.00212207
2750 0.00116808
3000 0.000392627
3250 0.00165142
3500 0.00226062
3750 0.00190786
4000 0.000776634
4250 0.000764183
4500 0.00189119
4750 0.0022325
5000 0.00163136
5250 0.000394289
5500 0.00112359
5750 0.00205825
6000 0.00212042
6250 0.00129858
6500 0.000245553
6750 0.00143416
7000 0.00213589
7250 0.00193491
7500 0.000928309
7750 0.000539054
8000 0.00168378
8250 0.00213022
8500 0.00168134
8750 0.000557413
9000 0.000884434
9250 0.00185431
9500 0.00204303
9750 0.00137259
10000 0.000239873
10250 0.0011886
10500 0.00194944
10750 0.00188624
11000 0.00103191
11250 0.000338428
11500 0.00143623
11750 0.00196356
12000 0.00166141
12250 0.000678607
12500 0.000647163
12750 0.00161408
13000 0.001904
13250 0.00138945
13500 0.000345713
13750 0.000937424
14000 0.00171948
14250 0.0017754
14500 0.00108557
14750 0.000198175
15000 0.00117269
15250 0.00175382
15500 0.00158623
15750 0.0007689
16000 0.000432225
16250 0.00135513
16500 0.00171752
16750 0.00135402
17000 0.000447965
17250 0.000692855
17500 0.00147015
17750 0.00161914
18000 0.00108888
18250 0.000192186
18500 0.000924506
18750 0.00151918
19000 0.00146874
19250 0.000806811
19500 0.000256127
19750 0.00110079
20000 0.00150653
20250 0.00127518
20500 0.000528801
20750 0.000485399
21000 0.00121915
21250 0.0014381
21500 0.00105167
21750 0.000263019
22000 0.000695216
22250 0.00127898
22500 0.0013226
22750 0.00081072
23000 0.000143906
23250 0.000863435
23500 0.00128905
23750 0.00116782
24000 0.000565479
24250 0.000309748
24500 0.000983446
24750 0.00124824
25000 0.000984841
25250 0.000329504
25500 0.000497848
25750 0.00105482
26000 0.00116401
26250 0.000784645
26500 0.000139649
26750 0.000654681
27000 0.00107986
27250 0.00104491
27500 0.000576767
27750 0.00017692
28000 0.000772454
28250 0.00106131
28500 0.000899887
28750 0.00037244
29000 0.000335584
29250 0.000850185
29500 0.00100501
29750 0.000736776
30000 0.000187147
30250 0.000478924
30500 0.000887267
30750 0.00091771
31000 0.000564742
31250 9.91998e-05
31500 0.000592107
31750 0.000887225
32000 0.000805521
32250 0.000395562
32500 0.00020872
32750 0.000671094
33000 0.00085415
33250 0.000676078
33500 0.000228836
33750 0.000335844
34000 0.000716802
34250 0.000793338
34500 0.000536498
34750 9.70413e-05
35000 0.000441426
35250 0.000730885
35500 0.000709713
35750 0.000393843
36000 0.000116698
36250 0.000519942
36500 0.000716929
36750 0.000609425
37000 0.000254589
37250 0.000223227
37500 0.000570825
37750 0.000677471
38000 0.000498463
38250 0.000128585
38500 0.000319453
38750 0.000595254
39000 0.000617593
39250 0.000382067
39500 6.58656e-05
39750 0.00039507
40000 0.000594876
40250 0.000542049
40500 0.000265891
40750 0.000137462
41000 0.000448417
41250 0.000572713
41500 0.000455164
41750 0.000155989
42000 0.000222774
42250 0.000479409
42500 0.000532254
42750 0.000361745
43000 6.65745e-05
43250 0.000293955
43500 0.000489466
43750 0.000476786
44000 0.000268284
44250 7.64459e-05
44500 0.000347207
44750 0.000480562
45000 0.000410378
45250 0.000173091
45500 0.000147736
45750 0.000382236
46000 0.000455299
46250 0.000336493
46500 8.83554e-05
46750 0.000213004
47000 0.000399617
47250 0.000416201
47500 0.000259002
47750 4.384e-05
48000 0.000264726
48250 0.000400745
48500 0.000366382
48750 0.00018125
49000 9.10919e-05
49250 0.000301673
49500 0.000387169
49750 0.000308946
50000 0.000107226
50250 0.000149199
50500 0.000323979
50750 0.0003611
51000 0.000246696
51250 4.62596e-05
51500 0.000198156
51750 0.000332204
52000 0.000324933
52250 0.000182658
52500 5.0831e-05
52750 0.000235499
53000 0.000327627
53250 0.00028091
53500 0.000119703
53750 9.95599e-05
54000 0.000260639
54250 0.00031186
54500 0.000231556
54750 6.18945e-05
55000 0.000144886
55250 0.000273911
55500 0.000286505
55750 0.000180596
56000 2.99734e-05
56250 0.000181347
56500 0.000276052
56750 0.000253549
57000 0.000126435
57250 6.17538e-05
57500 0.000207949
57750 0.00026819
58000 0.000214965
58250 7.56132e-05
58500 0.00010248
58750 0.000224585
59000 0.00025151
59250 0.000172765
59500 3.30235e-05
59750 0.000137277
