250 0.00103594
500 0.00154832
750 0.00231511
1000 0.000533895
1250 0.00194275
1500 0.00185943
1750 0.000666708
2000 0.00222396
2250 0.00137675
2500 0.00118804
2750 0.00223327
3000 0.000829014
3250 0.00169276
3500 0.00204097
3750 0.000483237
4000 0.00203421
4250 0.00166923
4500 0.000807295
4750 0.00218408
5000 0.00117326
5250 0.00133532
5500 0.00212868
5750 0.000639449
6000 0.00176698
6250 0.00189047
6500 0.000504147
6750 0.00203439
7000 0.00147254
7250 0.000951934
7500 0.00212076
7750 0.000956385
8000 0.00143422
8250 0.00199467
8500 0.000496249
8750 0.00180367
9000 0.00169039
9250 0.000598676
9500 0.00199427
9750 0.00124798
10000 0.00106687
10250 0.00199424
10500 0.00074518
10750 0.00149349
11000 0.00181054
11250 0.000414149
11500 0.00178099
11750 0.00147315
12000 0.000700995
12250 0.00189681
12500 0.00102035
12750 0.00114491
13000 0.00183822
13250 0.000554488
13500 0.00150299
13750 0.00160613
14000 0.000424738
14250 0.00172048
14500 0.00124133
14750 0.000792135
15000 0.00176663
15250 0.000799878
15500 0.00118692
15750 0.00164755
16000 0.000410792
16250 0.00147444
16500 0.00138393
16750 0.000480978
17000 0.00161683
17250 0.00101403
17500 0.000855761
17750 0.00160369
18000 0.000600754
18250 0.00118908
18500 0.00144715
18750 0.000330809
19000 0.0014074
19250 0.00116507
19500 0.000547804
19750 0.00149051
20000 0.000802316
20250 0.000889067
20500 0.0014294
20750 0.000434199
21000 0.0011614
21250 0.00124064
21500 0.000325233
21750 0.0013214
22000 0.000953196
22250 0.000600314
22500 0.00134418
22750 0.000611422
23000 0.000895051
23250 0.00124604
23500 0.000309996
23750 0.00110617
24000 0.00104092
24250 0.000357401
24500 0.00120644
24750 0.000759964
25000 0.000632904
25250 0.00119251
25500 0.000448236
25750 0.000875861
26000 0.00106828
26250 0.000244257
26500 0.00103385
26750 0.000856268
27000 0.000397976
27250 0.00108776
27500 0.000587915
27750 0.000644769
28000 0.00103871
28250 0.000317765
28500 0.000838602
28750 0.000898352
29000 0.000232166
29250 0.000947865
29500 0.000688433
29750 0.000428653
30000 0.000964098
30250 0.000440955
30500 0.000637976
30750 0.00089262
31000 0.000223247
31250 0.000786569
31500 0.000743809
31750 0.000252306
32000 0.000857306
32250 0.000541451
32500 0.000445963
32750 0.000844149
33000 0.000319487
33250 0.000618781
33500 0.000754948
33750 0.000172535
34000 0.000726963
34250 0.000604477
34500 0.000277428
34750 0.000763932
35000 0.000415053
35250 0.000450327
35500 0.000728752
35750 0.000224049
36000 0.000585648
36250 0.000629901
36500 0.000161714
36750 0.000661724
37000 0.000483069
37250 0.00029742
37500 0.000673666
37750 0.000309621
38000 0.000443207
38250 0.000622649
38500 0.000156876
38750 0.000547368
39000 0.000521513
39250 0.000174339
39500 0.000595976
39750 0.000378397
40000 0.000308674
40250 0.000587155
40500 0.00022391
40750 0.00042789
41000 0.000525624
41250 0.000119635
41500 0.000504399
41750 0.000421434
42000 0.000191447
42250 0.000530746
42500 0.00029017
42750 0.000311555
43000 0.00050696
43250 0.000157186
43500 0.00040615
43750 0.000439324
44000 0.000111916
44250 0.000460214
44500 0.000337299
44750 0.000206714
45000 0.000468808
45250 0.000216907
45500 0.000307696
45750 0.000434158
46000 0.000110156
46250 0.000380689
46500 0.000362789
46750 0.000120419
47000 0.000415463
47250 0.000265242
47500 0.000214367
47750 0.000410276
48000 0.000157603
48250 0.000298215
48500 0.000368166
48750 8.39992e-05
49000 0.000352572
49250 0.000296325
49500 0.00013319
49750 0.000371966
50000 0.000204658
50250 0.000217714
50500 0.000356858
50750 0.000111445
51000 0.00028505
51250 0.000309688
51500 7.84396e-05
51750 0.000323748
52000 0.000238623
52250 0.00014407
52500 0.000330853
52750 0.000154182
53000 0.000216603
53250 0.000307379
53500 7.83892e-05
53750 0.000269043
54000 0.000257745
54250 8.47437e-05
54500 0.000294632
54750 0.000189319
55000 0.000151541
55250 0.000291936
55500 0.000113032
55750 0.000211786
56000 0.000263094
56250 6.01273e-05
56500 0.000251551
56750 0.000212365
57000 9.45526e-05
57250 0.000266357
57500 0.000147365
57750 0.000155446
58000 0.000256051
58250 8.07339e-05
58500 0.000204339
58750 0.000223177
59000 5.60467e-05
59250 0.000232993
59500 0.000172714
59750 0.000103317
