250 0.00279817
500 0.00207441
750 0.00079783
1000 0.000907662
1250 0.000729048
1500 0.00157535
1750 0.000854612
2000 0.00156149
2250 0.00174209
2500 0.00245648
2750 0.00261414
3000 0.00120361
3250 0.000901606
3500 0.00185219
3750 0.00189215
4000 0.00231601
4250 0.00218377
4500 0.00104475
4750 0.00126597
5000 0.000428838
5250 0.000680398
5500 7.88944e-05
5750 0.000516391
6000 0.00123152
6250 0.00216337
6500 0.00178833
6750 0.00199942
7000 0.00106253
7250 0.000725891
7500 0.00164996
7750 0.00179622
8000 0.00124519
8250 0.00175542
8500 0.000921953
8750 0.00121521
9000 0.000892754
9250 0.00130962
9500 0.000470518
9750 0.000890509
10000 0.00110927
10250 0.00222878
10500 0.00188956
10750 0.00170568
11000 0.00161768
11250 0.000355634
11500 0.000275945
11750 0.00109485
12000 0.00147435
12250 0.00107703
12500 0.00116354
12750 0.00100196
13000 0.00147181
13250 0.000872384
13500 0.00107638
13750 0.000688089
14000 0.000246996
14250 0.000670504
14500 0.00152367
14750 0.00118751
15000 0.00119117
15250 0.000458938
15500 0.00053685
15750 0.0002953
16000 0.000587145
16250 0.000222377
16500 0.000431127
16750 0.000320654
17000 0.000850547
17250 0.000858314
17500 0.000600039
17750 0.000585168
18000 0.000457784
18250 0.000529733
18500 0.000906557
18750 0.000656975
19000 0.000340132
19250 0.000266322
19500 0.000587133
19750 0.000573591
20000 0.000222759
20250 0.000318948
20500 0.000295622
20750 0.000589427
21000 0.000740609
21250 0.00099991
21500 0.000460281
21750 0.00041268
22000 0.000277324
22250 0.000622687
22500 0.000337524
22750 0.000411078
23000 8.91804e-05
23250 0.000360696
23500 0.000391475
23750 0.000752843
24000 0.000649886
24250 0.000388697
24500 0.000153493
24750 0.000384706
25000 0.00036363
25250 0.000406097
25500 0.000286164
25750 9.34336e-05
26000 0.000173888
26250 0.000252234
26500 0.000453209
26750 0.000238074
27000 0.000199107
27250 0.000200533
27500 0.000350708
27750 0.000351408
28000 0.000384455
28250 8.69757e-05
28500 3.82664e-05
28750 0.000128337
29000 0.000141103
29250 3.28715e-05
29500 6.25092e-05
29750 9.16787e-05
30000 0.000300351
30250 0.000267808
30500 0.000346248
30750 0.000173231
31000 4.88119e-05
31250 0.000169442
31500 0.000319864
31750 0.000201581
32000 0.000216073
32250 0.000123942
32500 0.000124416
32750 0.000155661
33000 0.000167521
33250 0.000161328
33500 5.56323e-05
33750 0.000120485
34000 0.000275882
34250 0.000303175
34500 0.000221153
34750 0.000206794
35000 7.2085e-05
35250 1.95266e-05
35500 5.86122e-05
35750 0.000138941
36000 8.28882e-05
36250 0.000143514
36500 0.000106681
36750 0.000197185
37000 0.000134783
37250 0.00011532
37500 9.48268e-05
37750 8.2229e-05
38000 9.18637e-05
38250 0.000149894
38500 0.000123811
38750 0.000115967
39000 0.000100585
39250 1.837e-05
39500 2.85437e-05
39750 4.16283e-05
40000 9.91158e-06
40250 8.6816e-05
40500 8.07008e-05
40750 0.000106664
41000 0.000101231
41250 5.66906e-05
41500 7.11984e-05
41750 7.37995e-05
42000 6.09678e-05
42250 9.10237e-05
42500 0.000104967
42750 5.92209e-05
43000 6.59149e-05
43250 3.27112e-05
43500 5.11727e-05
43750 2.9088e-06
44000 1.27801e-05
44250 4.94813e-05
44500 8.04463e-05
44750 7.61134e-05
45000 0.000105687
45250 7.85387e-05
45500 4.15204e-05
45750 1.15347e-05
46000 4.72431e-05
46250 4.07531e-05
46500 5.6571e-05
46750 3.27508e-05
47000 4.15039e-05
47250 4.21236e-05
47500 4.22592e-05
47750 5.42691e-05
48000 2.29132e-05
48250 1.00171e-05
48500 4.02468e-05
48750 5.54643e-05
49000 5.2879e-05
49250 5.23509e-05
49500 1.68881e-05
49750 1.04237e-05
50000 1.23944e-05
50250 8.36303e-06
50500 7.25853e-06
50750 9.41649e-06
51000 1.39244e-05
51250 3.65788e-05
51500 2.99173e-05
51750 3.27704e-05
52000 2.0202e-05
52250 1.44797e-05
52500 2.62662e-05
52750 3.68821e-05
53000 2.01821e-05
53250 1.93151e-05
53500 8.49519e-06
53750 9.15453e-06
54000 9.23222e-06
54250 1.05844e-05
54500 6.75507e-06
54750 1.49338e-05
55000 1.97217e-05
55250 3.35439e-05
55500 3.04228e-05
55750 1.77512e-05
56000 1.2582e-05
56250 8.29228e-06
56500 8.10917e-06
56750 1.39501e-05
57000 1.80234e-05
57250 1.00546e-05
57500 1.56818e-05
57750 1.26679e-05
58000 2.17859e-05
58250 1.23161e-05
58500 9.7463e-06
58750 5.10444e-06
59000 1.16659e-05
59250 1.11579e-05
59500 1.76555e-05
59750 1.29902e-05
