250 0.00254793
500 0.00274523
750 0.00127291
1000 0.00226376
1250 0.000933854
1500 0.00128034
1750 4.33359e-05
2000 0.00125564
2250 0.000566577
2500 0.00060459
2750 0.00183654
3000 0.00103199
3250 0.00163279
3500 0.000866135
3750 0.0015721
4000 0.000979929
4250 0.00065806
4500 0.000450556
4750 0.00144668
5000 0.000455938
5250 0.000991836
5500 0.000697961
5750 0.0013686
6000 0.00117829
6250 0.00160028
6500 0.0016996
6750 0.00243247
7000 0.00168276
7250 0.00187162
7500 0.000269632
7750 0.000853817
8000 0.000511296
8250 0.000633201
8500 0.000743834
8750 9.6516e-05
9000 0.000819872
9250 0.000562518
9500 0.00187316
9750 0.00150972
10000 0.00232495
10250 0.00112705
10500 0.00173402
10750 0.000895226
11000 0.0014223
11250 0.000478454
11500 0.000576902
11750 6.28365e-05
12000 0.000778877
12250 0.000881643
12500 0.000572291
12750 0.00144459
13000 0.000723794
13250 0.00155901
13500 0.00110937
13750 0.00159563
14000 0.000768141
14250 0.000802151
14500 0.0004163
14750 0.0012794
15000 0.000466973
15250 0.000805727
15500 0.000236305
15750 0.000852462
16000 0.000258001
16250 0.000789868
16500 0.000967953
16750 0.00143988
17000 0.000763495
17250 0.000961181
17500 0.000244518
17750 0.000735247
18000 0.000156325
18250 0.000385036
18500 0.000383713
18750 0.000284713
19000 0.000487395
19250 0.000763706
19500 0.00119889
19750 0.000815133
20000 0.00114041
20250 0.000735944
20500 0.00117417
20750 0.000575603
21000 0.000691482
21250 0.000211034
21500 0.000691904
21750 0.000309649
22000 0.00048672
22250 0.000187941
22500 9.62508e-05
22750 0.000369092
23000 0.000183495
23250 0.000712508
23500 0.000541401
23750 0.00059762
24000 0.000306406
24250 0.000347004
24500 0.000180317
24750 0.00037137
25000 0.000100935
25250 0.000275133
25500 2.68253e-05
25750 0.000140628
26000 0.000308893
26250 0.00037284
26500 0.000429396
26750 0.000454763
27000 0.000243807
27250 0.000341171
27500 0.00019615
27750 0.000244794
28000 0.000128615
28250 6.83527e-05
28500 0.000194076
28750 0.000120343
29000 0.000216326
29250 0.000230577
29500 0.00042011
29750 0.000269775
30000 0.000494184
30250 0.00037746
30500 0.000521905
30750 0.000235545
31000 0.000298594
31250 0.000154217
31500 0.00034069
31750 0.000143623
32000 0.000205414
32250 5.86512e-05
32500 0.000139149
32750 0.000171757
33000 0.000120496
33250 0.000265387
33500 0.000116035
33750 0.000153149
34000 3.68152e-05
34250 0.000179213
34500 4.2044e-05
34750 0.00013316
35000 6.86112e-05
35250 0.0001792
35500 2.29426e-05
35750 6.20204e-05
36000 0.000137116
36250 0.000187098
36500 0.000161308
36750 0.000187301
37000 0.000163085
37250 0.000209517
37500 0.000111054
37750 0.000116403
38000 5.78693e-05
38250 0.000103173
38500 5.65614e-05
38750 9.28849e-05
39000 4.22028e-05
39250 5.33355e-05
39500 8.27095e-05
39750 9.5566e-05
40000 0.000162481
40250 0.000101768
40500 0.00012855
40750 3.63567e-05
41000 9.97429e-05
41250 5.32647e-05
41500 8.99746e-05
41750 1.33926e-05
42000 6.09934e-05
42250 5.89351e-06
42500 4.2516e-05
42750 7.92519e-05
43000 5.26957e-05
43250 9.87592e-05
43500 4.56059e-05
43750 8.57042e-05
44000 5.12829e-05
44250 7.88945e-05
44500 2.39345e-05
44750 6.60728e-05
45000 4.12273e-05
45250 7.46719e-05
45500 2.49745e-05
45750 2.15317e-05
46000 2.31451e-05
46250 3.83454e-05
46500 3.34364e-05
46750 5.31321e-05
47000 5.07994e-05
47250 6.29878e-05
47500 1.53212e-05
47750 2.51002e-05
48000 2.16132e-05
48250 3.30905e-05
48500 1.16519e-06
48750 2.20246e-05
49000 1.65237e-05
49250 2.96334e-05
49500 4.62886e-05
49750 5.33213e-05
50000 7.02409e-05
50250 4.09862e-05
50500 5.32962e-05
50750 3.69549e-05
51000 5.63303e-05
51250 2.94915e-05
51500 4.16861e-05
51750 2.67193e-05
52000 4.58394e-05
52250 1.88791e-05
52500 2.25904e-05
52750 1.55673e-05
53000 4.04148e-06
53250 1.88303e-05
53500 6.86228e-06
53750 2.72066e-05
54000 1.42637e-05
54250 1.46039e-05
54500 2.07979e-06
54750 2.31216e-05
55000 9.5283e-06
55250 1.65069e-05
55500 7.16485e-06
55750 7.84922e-06
56000 1.09425e-05
56250 1.01434e-05
56500 2.48389e-05
56750 2.67682e-05
57000 2.26613e-05
57250 1.94543e-05
57500 1.39794e-05
57750 1.64215e-05
58000 1.56374e-05
58250 1.33072e-05
58500 1.00448e-05
58750 1.02727e-05
59000 4.96888e-06
59250 1.11397e-05
59500 1.45135e-05
59750 1.33794e-05
