250 0.00130334
500 0.000994647
750 0.00237214
1000 0.00161069
1250 0.000658891
1500 0.00218965
1750 0.00184497
2000 0.000421289
2250 0.00200568
2500 0.00202286
2750 0.000443891
3000 0.00178804
3250 0.00215469
3500 0.000702048
3750 0.00152024
4000 0.00221744
4250 0.00100854
4500 0.00122597
4750 0.00222283
5000 0.00129656
5250 0.000911638
5500 0.00216004
5750 0.00155816
6000 0.000601767
6250 0.00205746
6500 0.00177861
6750 0.000387196
7000 0.00187862
7250 0.00194149
7500 0.000449458
7750 0.001653
8000 0.00203931
8250 0.000695169
8500 0.0013909
8750 0.00208204
9000 0.000978247
9250 0.00109967
9500 0.00206015
9750 0.00123454
10000 0.000801551
10250 0.00198327
10500 0.00146201
10750 0.000521724
11000 0.00185159
11250 0.00164722
11500 0.000343828
11750 0.0016813
12000 0.00177453
12250 0.000428105
12500 0.00146287
12750 0.00184742
13000 0.000662456
13250 0.00121096
13500 0.00186236
13750 0.000901999
14000 0.000947585
14250 0.00182627
14500 0.0011282
14750 0.000671841
15000 0.00173766
15250 0.0013089
15500 0.000429601
15750 0.00160627
16000 0.00145454
16250 0.000298174
16500 0.00144379
16750 0.0015555
17000 0.000399246
17250 0.00123846
17500 0.00160304
17750 0.000601037
18000 0.00101647
18250 0.00160276
18500 0.000806947
18750 0.000776103
19000 0.00155517
19250 0.000987612
19500 0.000547207
19750 0.00146799
20000 0.00113578
20250 0.000339682
20500 0.00134275
20750 0.00124107
21000 0.000257086
21250 0.00118877
21500 0.00131887
21750 0.000356327
22000 0.00101405
22250 0.00135326
22500 0.000528033
22750 0.000819877
23000 0.00133431
23250 0.000694565
23500 0.000622903
23750 0.00128657
24000 0.000839472
24250 0.000423542
24500 0.0012029
24750 0.000953619
25000 0.000264948
25250 0.00109269
25500 0.00103603
25750 0.000214895
26000 0.000958136
26250 0.00108141
26500 0.000309227
26750 0.000810331
27000 0.0011033
27250 0.00045109
27500 0.000647031
27750 0.00108516
28000 0.000584574
28250 0.000481503
28500 0.00103895
28750 0.000697026
29000 0.000323099
29250 0.000968158
29500 0.000785268
29750 0.000199227
30000 0.000871059
30250 0.000845595
30500 0.000176981
30750 0.000762201
31000 0.000879274
31250 0.000267357
31500 0.000633593
31750 0.000885706
32000 0.00037491
32250 0.000502985
32500 0.000870409
32750 0.00048368
33000 0.000368625
33250 0.000828732
33500 0.000567707
33750 0.000243363
34000 0.000765957
34250 0.000637859
34500 0.000150257
34750 0.000689446
35000 0.000683132
35250 0.000149721
35500 0.000594305
35750 0.000705737
36000 0.000221896
36250 0.000496434
36500 0.000707671
36750 0.000315125
37000 0.000386993
37250 0.000691988
37500 0.000393644
37750 0.000280211
38000 0.000655908
38250 0.000464641
38500 0.00018144
38750 0.00060512
39000 0.000513064
39250 0.000114405
39500 0.000538753
39750 0.00054882
40000 0.000125418
40250 0.000467295
40500 0.000563682
40750 0.000190201
41000 0.000381745
41250 0.000563777
41500 0.0002573
41750 0.000300131
42000 0.000547406
42250 0.000325368
42500 0.000212047
42750 0.000518684
43000 0.000376074
43250 0.000138451
43500 0.00047592
43750 0.000416528
44000 8.78863e-05
44250 0.000422674
44500 0.000439982
44750 0.000106207
45000 0.000362122
45250 0.000452564
45500 0.000159946
45750 0.000298966
46000 0.000450156
46250 0.000216564
46500 0.000227991
46750 0.000435773
47000 0.000266329
47250 0.000164278
47500 0.000411986
47750 0.00030795
48000 0.000101035
48250 0.000376465
48500 0.000335822
48750 6.9536e-05
49000 0.000333409
49250 0.000356819
49500 9.0386e-05
49750 0.000284059
50000 0.000363934
50250 0.0001324
50500 0.000231033
50750 0.000361862
51000 0.000180391
51250 0.000178886
51500 0.000349688
51750 0.000220072
52000 0.000122791
52250 0.000327832
52500 0.000252626
52750 7.83185e-05
53000 0.000301467
53250 0.000276148
53500 5.57274e-05
53750 0.000264679
54000 0.000289246
54250 7.56957e-05
54500 0.000224704
54750 0.00029612
55000 0.000114933
55250 0.000181439
55500 0.000293108
55750 0.00014908
56000 0.000137181
56250 0.000282317
56500 0.000183118
56750 9.65877e-05
57000 0.000265261
57250 0.000208516
57500 5.86051e-05
57750 0.000241269
58000 0.000227572
58250 4.57594e-05
58500 0.000213804
58750 0.000238831
59000 6.75682e-05
59250 0.0001792
59500 0.000242123
59750 9.63103e-05
