250 0.00261637
500 0.00104234
750 0.0012067
1000 0.000980743
1250 0.00129463
1500 0.000543654
1750 0.00165742
2000 0.000450431
2250 0.003043
2500 0.00331972
2750 0.00132406
3000 0.00114202
3250 0.000941229
3500 0.00176566
3750 0.00112674
4000 0.0019769
4250 0.00180045
4500 0.000524595
4750 0.00189587
5000 0.00101827
5250 0.000983551
5500 0.00042996
5750 0.00109942
6000 0.00110816
6250 0.00104806
6500 0.00186194
6750 0.000743259
7000 0.000607338
7250 0.000654099
7500 0.00131093
7750 0.00130856
8000 0.00131822
8250 0.00175188
8500 0.000578905
8750 0.000700191
9000 0.000385101
9250 0.000789149
9500 0.00070048
9750 0.0012021
10000 0.00157254
10250 0.00103572
10500 0.00210929
10750 0.00170114
11000 0.000515384
11250 0.00036983
11500 0.00146393
11750 0.00165893
12000 0.000869013
12250 0.00157302
12500 0.00076109
12750 0.00111421
13000 0.00164018
13250 0.000687852
13500 0.000145351
13750 0.00110898
14000 0.00201451
14250 0.00136909
14500 0.00120778
14750 0.00144818
15000 0.000556231
15250 0.0010561
15500 0.000533045
15750 0.000462079
16000 0.000209622
16250 0.00111859
16500 0.00135361
16750 0.000589196
17000 0.0011897
17250 0.0008466
17500 0.000719204
17750 0.000726439
18000 0.000688983
18250 0.000938159
18500 0.000162756
18750 0.000660033
19000 0.000281066
19250 0.000646278
19500 0.000731114
19750 0.000107115
20000 0.000610688
20250 0.000494878
20500 0.000841127
20750 0.000583295
21000 9.26688e-05
21250 0.00020051
21500 0.000388718
21750 0.000738329
22000 0.000506798
22250 0.000606132
22500 0.000443312
22750 0.000374412
23000 0.000430739
23250 0.000105099
23500 0.000236612
23750 9.70924e-05
24000 0.000453818
24250 0.00049568
24500 0.000673182
24750 0.000612234
25000 0.000253083
25250 0.000292508
25500 0.000244665
25750 0.000392375
26000 0.000273281
26250 0.00030681
26500 0.000225672
26750 0.000333432
27000 0.000523331
27250 0.000247155
27500 0.000216122
27750 0.000221899
28000 0.000346579
28250 0.000359614
28500 0.000329724
28750 0.000386767
29000 0.000106235
29250 0.000264946
29500 0.000179571
29750 0.000187186
30000 0.000270593
30250 9.65765e-05
30500 0.000224134
30750 0.000165473
31000 0.000314136
31250 0.000259946
31500 0.000143499
31750 0.00016772
32000 0.00013025
32250 0.000324893
32500 0.000212682
32750 5.42949e-05
33000 6.33948e-05
33250 0.000118481
33500 0.000187469
33750 6.33985e-05
34000 0.000164367
34250 9.87694e-05
34500 0.000197152
34750 0.000242373
35000 0.000115149
35250 0.000106313
35500 8.63294e-05
35750 0.000130556
36000 5.73369e-05
36250 0.00012541
36500 0.000156612
36750 8.66567e-05
37000 0.000128985
37250 7.90675e-05
37500 6.91871e-05
37750 5.88296e-05
38000 8.00491e-05
38250 7.86865e-05
38500 8.41285e-05
38750 0.000136808
39000 0.000105508
39250 8.76024e-05
39500 4.57216e-05
39750 3.78254e-05
40000 4.2328e-05
40250 2.97774e-05
40500 6.19366e-05
40750 2.49789e-05
41000 7.06352e-05
41250 6.47911e-05
41500 7.46997e-05
41750 6.66147e-05
42000 3.7724e-05
42250 5.7451e-05
42500 3.67901e-05
42750 7.32869e-05
43000 5.19012e-05
43250 8.70103e-06
43500 1.5696e-05
43750 5.04148e-05
44000 7.62773e-05
44250 2.62762e-05
44500 3.99272e-05
44750 3.17872e-05
45000 4.52421e-05
45250 6.35052e-05
45500 2.2853e-05
45750 3.19798e-06
46000 3.40408e-05
46250 7.90043e-05
46500 6.24774e-05
46750 1.87723e-05
47000 3.85456e-05
47250 4.52719e-06
47500 3.26423e-05
47750 2.05103e-05
48000 1.20508e-05
48250 1.56314e-06
48500 4.7434e-05
48750 6.56172e-05
49000 3.44296e-05
49250 3.26695e-05
49500 2.72702e-05
49750 7.51688e-06
50000 7.9908e-06
50250 1.6841e-05
50500 2.57243e-05
50750 5.06607e-06
51000 3.52979e-05
51250 3.17737e-05
51500 1.70523e-05
51750 2.10444e-05
52000 5.83525e-06
52250 6.6667e-06
52500 8.53849e-06
52750 2.65355e-05
53000 1.99611e-05
53250 1.11707e-05
53500 1.75551e-05
53750 5.86627e-06
54000 9.50879e-06
54250 5.77608e-06
54500 1.39251e-05
54750 7.51278e-06
55000 9.87354e-06
55250 1.4991e-05
55500 9.36071e-06
55750 1.14247e-05
56000 3.07372e-06
56250 6.65274e-06
56500 7.12147e-06
56750 1.85576e-05
57000 1.99606e-05
57250 6.7328e-06
57500 3.3904e-06
57750 2.96839e-06
58000 1.04618e-05
58250 5.62239e-06
58500 7.80748e-06
58750 6.43025e-06
59000 9.83225e-06
59250 1.97551e-05
59500 1.36475e-05
59750 5.20606e-06
