250 0.00144716
500 0.00315656
750 0.00149882
1000 0.0034223
1250 0.00312666
1500 0.00380517
1750 0.00194849
2000 0.00144657
2250 0.00378444
2500 0.00239705
2750 0.00413772
3000 0.00138428
3250 0.00280296
3500 0.00138602
3750 0.00448289
4000 0.00186323
4250 0.00345798
4500 0.00141596
4750 0.00241473
5000 0.00355696
5250 0.00337366
5500 0.00264328
5750 0.00129498
6000 0.00333364
6250 0.00165334
6500 0.00439632
6750 0.001208
7000 0.0026851
7250 0.00143905
7500 0.00368373
7750 0.00243944
8000 0.00346586
8250 0.00146243
8500 0.00154498
8750 0.0035278
9000 0.00259047
9250 0.0032304
9500 0.00120368
9750 0.00270524
10000 0.00125898
10250 0.0041174
10500 0.00127461
10750 0.00274656
11000 0.00134452
11250 0.00264424
11500 0.00281012
11750 0.00306885
12000 0.00178724
12250 0.00106098
12500 0.00308965
12750 0.00175227
13000 0.00345871
13250 0.0009961
13500 0.00220772
13750 0.00119695
14000 0.0034126
14250 0.00161435
14500 0.00270061
14750 0.00116759
15000 0.00165119
15250 0.00282469
15500 0.00239661
15750 0.00216881
16000 0.000894386
16250 0.00243582
16500 0.00114262
16750 0.00326913
17000 0.000837337
17250 0.00197674
17500 0.0011272
17750 0.00249721
18000 0.0019071
18250 0.00241644
18500 0.00114179
18750 0.000945336
19000 0.00250747
19250 0.00164716
19500 0.00236378
19750 0.000748732
20000 0.00180757
20250 0.000902447
20500 0.00275439
20750 0.000932998
21000 0.00186611
21250 0.000949935
21500 0.00160468
21750 0.00197802
22000 0.00193448
22250 0.00129622
22500 0.000618829
22750 0.00199288
23000 0.00102865
23250 0.00229111
23500 0.000569995
23750 0.00139501
24000 0.000832804
24250 0.00207713
24500 0.0011331
24750 0.00168986
25000 0.000778754
25250 0.000903985
25500 0.00181197
25750 0.00137897
26000 0.00144081
26250 0.000500662
26500 0.00145146
26750 0.000679192
27000 0.00199696
27250 0.000508508
27500 0.00120381
27750 0.000724753
28000 0.00139768
28250 0.00123615
28500 0.00140125
28750 0.000746302
29000 0.00048174
29250 0.00149025
29500 0.000881908
29750 0.00145377
30000 0.000389077
30250 0.00102603
30500 0.000566642
30750 0.00156589
31000 0.00060292
31250 0.00108631
31500 0.000574428
31750 0.000832603
32000 0.00119438
32250 0.00105045
32500 0.000811977
32750 0.000314844
33000 0.00111669
33250 0.000539338
33500 0.00132555
33750 0.000292885
34000 0.000781734
34250 0.000509579
34500 0.00111507
34750 0.000704512
35000 0.000937988
35250 0.000465289
35500 0.000437465
35750 0.00103651
36000 0.000710023
36250 0.000857118
36500 0.000250007
36750 0.000782107
37000 0.000384117
37250 0.00110131
37500 0.000299664
37750 0.000671619
38000 0.000423268
38250 0.000713761
38500 0.000732462
38750 0.000745941
39000 0.000450605
39250 0.000224835
39500 0.00081919
39750 0.000440971
40000 0.000830239
40250 0.000186408
40500 0.000547272
40750 0.000338182
41000 0.000834308
41250 0.000371424
41500 0.000596245
41750 0.000328211
42000 0.000405128
42250 0.000682017
42500 0.000540479
42750 0.000482816
43000 0.000152413
43250 0.00059773
43500 0.00028063
43750 0.000734864
44000 0.000152568
44250 0.000425384
44500 0.000299347
44750 0.000576619
45000 0.000423535
45250 0.000504362
45500 0.000272275
45750 0.000203086
46000 0.000577179
46250 0.000356946
46500 0.000497647
46750 0.000120367
47000 0.000414593
47250 0.000222434
47500 0.000597384
47750 0.000183522
48000 0.000371687
48250 0.000243689
48500 0.000359176
48750 0.000429499
49000 0.000393826
49250 0.000271242
49500 0.000103722
49750 0.000449129
50000 0.000223641
50250 0.000473484
50500 8.9473e-05
50750 0.000295194
51000 0.000203735
51250 0.00044629
51500 0.000231815
51750 0.000330251
52000 0.000190134
52250 0.000197444
52500 0.00039354
52750 0.000281313
53000 0.000290393
53250 7.44808e-05
53500 0.000325505
53750 0.000155686
54000 0.000414673
54250 8.8215e-05
54500 0.000238389
54750 0.000179311
55000 0.000304321
55250 0.000260168
55500 0.00027775
55750 0.000164656
56000 9.52157e-05
56250 0.000330138
56500 0.000185322
56750 0.000296889
57000 5.84588e-05
57250 0.000227532
57500 0.000136607
57750 0.000334919
58000 0.000119656
58250 0.000213642
58500 0.00014501
58750 0.000186287
59000 0.000260674
59250 0.000215507
59500 0.000169697
59750 4.92868e-05
