250 0.000845595
500 0.00199
750 0.00172908
1000 0.00114155
1250 0.00223848
1500 0.000607082
1750 0.00214958
2000 0.00143311
2250 0.00146354
2500 0.00212192
2750 0.00060573
3000 0.00223563
3250 0.0010967
3500 0.00173212
3750 0.00191521
4000 0.000840225
4250 0.00223876
4500 0.000771565
4750 0.00193904
5000 0.00164751
5250 0.00113854
5500 0.00216455
5750 0.000564625
6000 0.00206578
6250 0.00133486
6500 0.00142143
6750 0.00199789
7000 0.000592969
7250 0.00211745
7500 0.00100173
7750 0.00165465
8000 0.00177347
8250 0.000819553
8500 0.00208725
8750 0.000693645
9000 0.00182189
9250 0.00149819
9500 0.00108444
9750 0.00198371
10000 0.000506119
10250 0.00191307
10500 0.00119491
10750 0.00132786
11000 0.00181009
11250 0.000553877
11500 0.00192946
11750 0.000879822
12000 0.00151932
12250 0.00157912
12500 0.000762146
12750 0.00186941
13000 0.000597721
13250 0.00164173
13500 0.00131282
13750 0.00099124
14000 0.00175005
14250 0.000444209
14500 0.00169828
14750 0.00102692
15000 0.0011909
15250 0.0015738
15500 0.00050296
15750 0.00168869
16000 0.000742438
16250 0.00133877
16500 0.0013554
16750 0.000684023
17000 0.00161747
17250 0.000498526
17500 0.00142842
17750 0.00110955
18000 0.000874629
18250 0.00149376
18500 0.000378432
18750 0.00145772
19000 0.00085318
19250 0.00103302
19500 0.00132443
19750 0.000442499
20000 0.00143167
20250 0.00060661
20500 0.00114492
20750 0.00112607
21000 0.000595693
21250 0.0013554
21500 0.000403415
21750 0.00120639
22000 0.000909669
22250 0.000749224
22500 0.00123769
22750 0.000314463
23000 0.00121875
23250 0.000689835
23500 0.000872933
23750 0.00108679
24000 0.000378967
24250 0.00118462
24500 0.000482845
24750 0.000956051
25000 0.000913091
25250 0.000506195
25500 0.00110961
25750 0.000319482
26000 0.000996113
26250 0.000729245
26500 0.000627995
26750 0.00100391
27000 0.000258569
27250 0.000997
27500 0.000546151
27750 0.000722424
28000 0.000873661
28250 0.000319474
28500 0.000961042
28750 0.00037744
29000 0.00078339
29250 0.000727985
29500 0.000422522
29750 0.000894157
30000 0.00024887
30250 0.000810112
30500 0.00057571
30750 0.000518059
31000 0.000803008
31250 0.000209697
31500 0.00080429
31750 0.000426336
32000 0.00058985
32250 0.000693306
32500 0.000266049
32750 0.000770277
33000 0.000291472
33250 0.00063454
33500 0.00057346
33750 0.000348783
34000 0.00071243
34250 0.000192928
34500 0.000651887
34750 0.000449865
35000 0.000423191
35250 0.000636192
35500 0.000170867
35750 0.000644077
36000 0.000330096
36250 0.000478185
36500 0.000546596
36750 0.000219903
37000 0.000613835
37250 0.000223491
37500 0.000511224
37750 0.000450727
38000 0.000286231
38250 0.000564856
38500 0.000149386
38750 0.000522273
39000 0.000349985
39250 0.000344249
39500 0.000502266
39750 0.000139144
40000 0.000513872
40250 0.000254737
40500 0.000386424
40750 0.000429677
41000 0.000181603
41250 0.000488012
41500 0.000171223
41750 0.0004111
42000 0.000351584
42250 0.00023461
42500 0.000447922
42750 0.000115896
43000 0.000418667
43250 0.000272423
43500 0.000280152
43750 0.000397025
44000 0.000113687
44250 0.000411159
44500 0.000196748
44750 0.000312701
45000 0.00033834
45250 0.000150236
45500 0.000388837
45750 0.0001315
46000 0.000331407
46250 0.000275767
46500 0.000192756
46750 0.000356084
47000 9.08506e-05
47250 0.000336572
47500 0.000212599
47750 0.000228707
48000 0.000314894
48250 9.37914e-05
48500 0.000329457
48750 0.000152544
49000 0.000254267
49250 0.00026778
49500 0.000124811
49750 0.00031155
50000 0.000101468
50250 0.000268692
50500 0.000217515
50750 0.000159172
51000 0.000284709
51250 7.20337e-05
51500 0.000272198
51750 0.000166866
52000 0.000187814
52250 0.000251339
52500 7.80981e-05
52750 0.00026604
53000 0.000119011
53250 0.000208039
53500 0.00021328
53750 0.000104426
54000 0.000251275
54250 7.89708e-05
54500 0.00021932
54750 0.000172734
55000 0.000132372
55250 0.000229469
55500 5.77963e-05
55750 0.000221936
56000 0.000131963
56250 0.000155449
56500 0.000202289
56750 6.56317e-05
57000 0.000216675
57250 9.35647e-05
57500 0.000171598
57750 0.000171269
58000 8.80629e-05
58250 0.000204381
58500 6.20464e-05
58750 0.000180545
59000 0.000138323
59250 0.000110975
59500 0.000186476
59750 4.71659e-05
