250 0.00158756
500 0.000388644
750 0.0018342
1000 0.00228441
1250 0.00127571
1500 0.000672937
1750 0.00205663
2000 0.00217904
2250 0.000926254
2500 0.00101557
2750 0.0021867
3000 0.00198945
3250 0.000577822
3500 0.00133601
3750 0.0022532
4000 0.00174764
4250 0.000321384
4500 0.00161422
4750 0.00225289
5000 0.00145711
5250 0.000422496
5500 0.00184344
5750 0.0021719
6000 0.00113474
6250 0.000729504
6500 0.00200263
6750 0.00203064
7000 0.000792361
7250 0.00104642
7500 0.00210268
7750 0.00182115
8000 0.000463437
8250 0.0013298
8500 0.00212128
8750 0.00156914
9000 0.00028361
9250 0.00156522
9500 0.0020806
9750 0.00127782
10000 0.000457628
10250 0.00174401
10500 0.00197166
10750 0.000960881
11000 0.00074696
11250 0.00186177
11500 0.00180656
11750 0.0006386
12000 0.00102074
12250 0.00191432
12500 0.00159425
12750 0.000353895
13000 0.00125836
13250 0.0019055
13500 0.00134144
13750 0.000269124
14000 0.00144704
14250 0.00183435
14500 0.0010639
14750 0.000473882
15000 0.00157907
15250 0.00171163
15500 0.000772138
15750 0.000722948
16000 0.00165445
16250 0.00153943
16500 0.000488279
16750 0.000950926
17000 0.00167256
17250 0.00133299
17500 0.000259753
17750 0.00113866
18000 0.00163849
18250 0.00109907
18500 0.000266638
18750 0.00128088
19000 0.00155354
19250 0.00084822
19500 0.000461731
19750 0.00137183
20000 0.00142633
20250 0.000593868
20500 0.000669344
20750 0.00141536
21000 0.00126456
21250 0.00035547
21500 0.000850209
21750 0.0014113
22000 0.00107484
22250 0.000193734
22500 0.000995201
22750 0.00136211
23000 0.000868042
23250 0.000265392
23500 0.00109585
23750 0.00127446
24000 0.000651965
24250 0.000431927
24500 0.00115689
24750 0.00115376
25000 0.000439393
25250 0.000597865
25500 0.00117614
25750 0.00100792
26000 0.000248292
26250 0.000736938
26500 0.00115781
26750 0.000842747
27000 0.000154566
27250 0.000843362
27500 0.00110362
27750 0.000666657
28000 0.00024867
28250 0.000915133
28500 0.00102081
28750 0.000487666
29000 0.000390611
29250 0.000953021
29500 0.000913425
29750 0.000315056
30000 0.00051983
30250 0.000958045
30500 0.000786835
30750 0.000169366
31000 0.000624831
31250 0.000931925
31500 0.00064778
31750 0.000134292
32000 0.000702408
32250 0.000880022
32500 0.000502261
32750 0.000231527
33000 0.000752088
33250 0.000805041
33500 0.000356984
33750 0.000344929
34000 0.000773799
34250 0.000712441
34500 0.000220222
34750 0.000444025
35000 0.00077002
35250 0.000605967
35500 0.000115576
35750 0.000522481
36000 0.000742149
36250 0.000491584
36500 0.000123469
36750 0.000578454
37000 0.000694504
37250 0.0003736
37500 0.000210869
37750 0.000612067
38000 0.000629825
38250 0.00025735
38500 0.000299907
38750 0.000623603
39000 0.000551451
39250 0.000150921
39500 0.000375269
39750 0.000615023
40000 0.000463873
40250 8.30487e-05
40500 0.000433795
40750 0.000588505
41000 0.000370545
41250 0.000115803
41500 0.000474254
41750 0.000546117
42000 0.000275647
42250 0.000189144
42500 0.000496532
42750 0.000491151
43000 0.000183405
43250 0.00025847
43500 0.000501727
43750 0.000425988
44000 0.000102253
44250 0.00031606
44500 0.000491068
44750 0.00035429
45000 6.57743e-05
45250 0.000359572
45500 0.000466575
45750 0.000278768
46000 0.00010835
46250 0.000388693
46500 0.000430072
46750 0.000202572
47000 0.000168097
47250 0.000403288
47500 0.000383546
47750 0.000129685
48000 0.000222174
48250 0.000404614
48500 0.00032987
48750 6.92734e-05
49000 0.000266196
49250 0.00039355
49500 0.000271085
49750 5.80818e-05
50000 0.000298864
50250 0.000371388
50500 0.000209839
50750 0.000101677
51000 0.0003197
51250 0.000339977
51500 0.000148575
51750 0.000148856
52000 0.00032933
52250 0.000301025
52500 9.11057e-05
52750 0.000191191
53000 0.000328108
53250 0.000256545
53500 4.80769e-05
53750 0.000225008
54000 0.000317196
54250 0.000208346
54500 5.46248e-05
54750 0.000249556
55000 0.000297483
55250 0.00015834
55500 9.29059e-05
55750 0.000264673
56000 0.000270635
56250 0.000108944
56500 0.000131756
56750 0.000270716
57000 0.000237918
57250 6.36736e-05
57500 0.000165083
57750 0.000268149
58000 0.000200793
58250 3.59278e-05
58500 0.000191342
58750 0.000257611
59000 0.000160919
59250 5.25222e-05
59500 0.000209902
59750 0.000240322
