250 0.000798377
500 0.00193814
750 0.0017344
1000 0.00124178
1250 0.0021253
1500 0.000542213
1750 0.0021148
2000 0.00113967
2250 0.00166856
2500 0.0018841
2750 0.000870566
3000 0.00217653
3250 0.000691729
3500 0.00195419
3750 0.00147673
4000 0.00130736
4250 0.00205111
4500 0.000594968
4750 0.00211552
5000 0.00101815
5250 0.00168472
5500 0.00174648
5750 0.00092433
6000 0.00210801
6250 0.000622212
6500 0.0019439
6750 0.00134408
7000 0.00134336
7250 0.00191726
7500 0.000606827
7750 0.00205062
8000 0.000891218
8250 0.0016789
8500 0.00160345
8750 0.000971052
9000 0.00197805
9250 0.00054141
9500 0.00188765
9750 0.00119022
10000 0.00135751
10250 0.00176893
10500 0.000636782
10750 0.00192917
11000 0.000754429
11250 0.00163737
11500 0.00143381
11750 0.000989128
12000 0.00183054
12250 0.0004909
12500 0.00178106
12750 0.00102713
13000 0.00132549
13250 0.00159158
13500 0.000650945
13750 0.0017901
14000 0.000630278
14250 0.00155431
14500 0.00125548
14750 0.000984223
15000 0.00165385
15250 0.000448741
15500 0.00165855
15750 0.000867258
16000 0.00126993
16250 0.00140663
16500 0.000661894
16750 0.00162294
17000 0.000515575
17250 0.00145356
17500 0.00107822
17750 0.00095772
18000 0.00147133
18250 0.000423611
18500 0.00151035
18750 0.0007168
19000 0.00119741
19250 0.00122175
19500 0.000652657
19750 0.00145208
20000 0.000419521
20250 0.001332
20500 0.000906921
20750 0.000915296
21000 0.00128829
21250 0.00041189
21500 0.00135886
21750 0.00058224
22000 0.00110755
22250 0.00104137
22500 0.0006359
22750 0.00128003
23000 0.000347814
23250 0.00120647
23500 0.000751194
23750 0.000858859
24000 0.00110908
24250 0.000400374
24500 0.00120594
24750 0.000464049
25000 0.00101252
25250 0.000877064
25500 0.000609622
25750 0.00111131
26000 0.000293802
26250 0.00107907
26500 0.000612207
26750 0.000795854
27000 0.000945645
27250 0.000390219
27500 0.00105562
27750 0.000365448
28000 0.000914686
28250 0.000728223
28500 0.000576122
28750 0.000957171
29000 0.000260155
29250 0.000953135
29500 0.000492361
29750 0.000728903
30000 0.000796441
30250 0.000376334
30500 0.000917813
30750 0.000286658
31000 0.000816833
31250 0.000599064
31500 0.000538045
31750 0.000815685
32000 0.000237265
32250 0.000836924
32500 0.000391289
32750 0.000660296
33000 0.000666329
33250 0.000359993
33500 0.000790636
33750 0.000226937
34000 0.000725423
34250 0.000488006
34500 0.00049712
34750 0.000691742
35000 0.000222745
35250 0.000728906
35500 0.000308115
35750 0.000594731
36000 0.000553388
36250 0.000341504
36500 0.000678625
36750 0.000182703
37000 0.000639516
37250 0.000394087
37500 0.000456185
37750 0.000583444
38000 0.000213153
38250 0.000633061
38500 0.000240649
38750 0.000531969
39000 0.000456429
39250 0.00032126
39500 0.000580052
39750 0.000153525
40000 0.000562449
40250 0.000316204
40500 0.000415716
40750 0.000489315
41000 0.000204324
41250 0.000548012
41500 0.000187693
41750 0.000474675
42000 0.000375133
42250 0.000300143
42500 0.000493565
42750 0.000134297
43000 0.000493314
43250 0.00025209
43500 0.000377619
43750 0.000409779
44000 0.000196119
44250 0.000473815
44500 0.000146527
44750 0.000422456
45000 0.000306796
45250 0.000279044
45500 0.00041987
45750 0.000123083
46000 0.000431381
46250 0.000199913
46500 0.000342004
46750 0.000341986
47000 0.000187435
47250 0.000407861
47500 0.000115868
47750 0.000374943
48000 0.000250241
48250 0.000258425
48500 0.00035633
48750 0.00011642
49000 0.000377455
49250 0.000157813
49500 0.000308838
49750 0.000285248
50000 0.00017852
50250 0.00035136
50500 9.45743e-05
50750 0.000334651
51000 0.000203427
51250 0.000238471
51500 0.000302616
51750 0.000112002
52000 0.000329897
52250 0.000124383
52500 0.000278921
52750 0.00023757
53000 0.000169408
53250 0.000303122
53500 8.01759e-05
53750 0.000295383
54000 0.000164798
54250 0.000219803
54500 0.000256938
54750 0.000108846
55000 0.000288838
55250 9.7993e-05
55500 0.000251543
55750 0.000197445
56000 0.000160258
56250 0.000261628
56500 7.17514e-05
56750 0.000262502
57000 0.000133131
57250 0.00020229
57500 0.000217931
57750 0.000105827
58000 0.000253098
58250 7.78812e-05
58500 0.000227169
58750 0.000164008
59000 0.000151156
59250 0.000225739
59500 6.69027e-05
59750 0.000233485
