250 -61.4567
500 -54.023
750 -55.2437
1000 -58.8501
1250 -53.0009
1500 -64.3351
1750 -53.3529
2000 -56.8744
2250 -56.6919
2500 -53.4654
2750 -64.3544
3000 -53.012
3250 -59.1982
3500 -55.2284
3750 -54.3557
4000 -61.5121
4250 -52.9999
4500 -62.2526
4750 -54.2483
5000 -55.6635
5250 -58.8731
5500 -53.2926
5750 -64.9648
6000 -53.6983
6250 -57.4913
6500 -56.9455
6750 -53.9886
7000 -64.5394
7250 -53.4837
7500 -59.985
7750 -55.6259
8000 -55.0235
8250 -61.7285
8500 -53.6085
8750 -63.1773
9000 -54.7896
9250 -56.4887
9500 -59.2959
9750 -54.0504
10000 -65.9149
10250 -54.3654
10500 -58.4533
10750 -57.5369
11000 -54.846
11250 -65.1317
11500 -54.2913
11750 -61.1121
12000 -56.367
12250 -56.0317
12500 -62.3592
12750 -54.5659
13000 -64.47
13250 -55.694
13500 -57.6359
13750 -60.0764
14000 -55.139
14250 -67.0483
14500 -55.3998
14750 -59.7692
15000 -58.4825
15250 -56.061
15500 -65.9693
15750 -55.449
16000 -62.5868
16250 -57.4659
16500 -57.3586
16750 -63.2986
17000 -55.8233
17250 -66.0462
17500 -56.9029
17750 -59.097
18000 -61.1635
18250 -56.5144
18500 -68.4403
18750 -56.7265
19000 -61.3792
19250 -59.7178
19500 -57.5594
19750 -67.0818
20000 -56.8832
20250 -64.3418
20500 -58.8245
20750 -58.9687
21000 -64.4996
21250 -57.3587
21500 -67.885
21750 -58.3702
22000 -60.8223
22250 -62.5078
22500 -58.1477
22750 -70.0486
23000 -58.2817
23250 -63.2251
23500 -61.1804
23750 -59.2771
24000 -68.428
24250 -58.5285
24500 -66.3238
24750 -60.3904
25000 -60.7897
25250 -65.9136
25500 -59.0966
25750 -69.9111
26000 -60.0338
26250 -62.7425
26500 -64.0409
26750 -59.9661
27000 -71.7485
27250 -60.0261
27500 -65.2537
27750 -62.8242
28000 -61.1731
28250 -69.9113
28500 -60.3451
28750 -68.4631
29000 -62.1204
29250 -62.7576
29500 -67.483
29750 -60.9717
30000 -72.0806
30250 -61.8291
30500 -64.7959
30750 -65.7124
31000 -61.9056
31250 -73.5682
31500 -61.8917
31750 -67.405
32000 -64.5852
32250 -63.1815
32500 -71.5008
32750 -62.2671
33000 -70.7081
33250 -63.9508
33500 -64.8299
33750 -69.1489
34000 -62.9452
34250 -74.2921
34500 -63.7165
34750 -66.9383
35000 -67.4693
35250 -63.9282
35500 -75.3468
35750 -63.8212
36000 -69.6272
36250 -66.4081
36500 -65.2467
36750 -73.1554
37000 -64.239
37250 -73.0148
37500 -65.8278
37750 -66.9217
38000 -70.8657
38250 -64.9612
38500 -76.5138
38750 -65.642
39000 -69.119
39250 -69.2625
39500 -65.9813
39750 -77.1307
40000 -65.7829
40250 -71.8782
40500 -68.2587
40750 -67.3372
41000 -74.8176
41250 -66.2314
41500 -75.3288
41750 -67.721
42000 -69.0794
42250 -72.5931
42500 -66.976
42750 -78.7186
43000 -67.5626
43250 -71.2951
43500 -71.0521
43750 -68.0237
44000 -78.8858
44250 -67.7198
44500 -74.1218
44750 -70.0974
45000 -69.4129
45250 -76.4645
45500 -68.2046
45750 -77.6215
46000 -69.5928
46250 -71.1892
46500 -74.2998
46750 -68.9689
47000 -80.8334
47250 -69.4584
47500 -73.4488
47750 -72.8144
48000 -70.0367
48250 -80.5567
48500 -69.644
48750 -76.3321
49000 -71.8942
49250 -71.4444
49500 -78.0749
49750 -70.1294
50000 -79.8734
50250 -71.4149
50500 -73.2502
50750 -75.9626
51000 -70.912
51250 -82.8493
51500 -71.3023
51750 -75.5526
52000 -74.5254
52250 -71.9948
52500 -82.1472
52750 -71.5011
53000 -78.4882
53250 -73.6371
53500 -73.421
53750 -79.6238
54000 -71.997
54250 -82.0507
54500 -73.1784
54750 -75.2525
55000 -77.5641
55250 -72.7855
55500 -84.762
55750 -73.0754
56000 -77.591
56250 -76.1682
56500 -73.8806
56750 -83.6577
57000 -73.2838
57250 -80.5778
57500 -75.3097
57750 -75.3264
58000 -81.1041
58250 -73.7912
58500 -84.1457
58750 -74.8683
59000 -77.1821
59250 -79.0955
59500 -74.5875
59750 -86.5274
