250 -61.9558
500 -54.2523
750 -55.217
1000 -58.1191
1250 -53.4516
1500 -65.3166
1750 -53.4946
2000 -58.8644
2250 -55.5532
2500 -54.4979
2750 -61.204
3000 -53.2447
3250 -63.2013
3500 -54.1807
3750 -56.614
4000 -57.6721
4250 -53.7602
4500 -64.5101
4750 -53.4917
5000 -59.8437
5250 -55.4694
5500 -55.1567
5750 -60.6835
6000 -53.5225
6250 -64.1212
6500 -54.2265
6750 -57.4315
7000 -57.4361
7250 -54.3464
7500 -64.3387
7750 -53.7623
8000 -61.0003
8250 -55.4995
8500 -55.8989
8750 -60.2551
9000 -54.0752
9250 -65.3295
9500 -54.4816
9750 -58.4875
10000 -57.3451
10250 -55.0458
10500 -63.9202
10750 -54.2926
11000 -62.4476
11250 -55.7171
11500 -56.8702
11750 -60.0949
12000 -54.7484
12250 -66.1801
12500 -54.9864
12750 -59.7675
13000 -57.5525
13250 -55.9634
13500 -63.7291
13750 -54.9424
14000 -64.0094
14250 -56.1693
14500 -58.0238
14750 -60.1381
15000 -55.6301
15250 -66.9601
15500 -55.6054
15750 -61.237
16000 -57.9244
16250 -57.0364
16500 -63.5842
16750 -55.7939
17000 -65.7542
17250 -56.7513
17500 -59.3459
17750 -60.3752
18000 -56.6458
18250 -67.4606
18500 -56.4185
18750 -62.892
19000 -58.4352
19250 -58.2603
19500 -63.7063
19750 -56.7602
20000 -67.5449
20250 -57.5099
20500 -60.8486
20750 -60.7688
21000 -57.7998
21250 -67.7044
21500 -57.3365
21750 -64.698
22000 -59.1128
22250 -59.6479
22500 -63.9322
22750 -57.8556
23000 -69.1731
23250 -58.3697
23500 -62.485
23750 -61.3216
24000 -59.1007
24250 -67.9507
24500 -58.3735
24750 -66.6687
25000 -59.8919
25250 -61.1394
25500 -64.2988
25750 -59.0833
26000 -70.6389
26250 -59.339
26500 -64.262
26750 -61.9833
27000 -60.4854
27250 -68.1738
27500 -59.5299
27750 -68.7435
28000 -60.7746
28250 -62.7547
28500 -64.7897
28750 -60.3802
29000 -71.6953
29250 -60.4169
29500 -66.1543
29750 -62.7466
30000 -61.9769
30250 -68.4885
30500 -60.7449
30750 -70.8527
31000 -61.7573
31250 -64.4505
31500 -65.3836
31750 -61.7696
32000 -72.4953
32250 -61.5463
32500 -68.1501
32750 -63.6052
33000 -63.5262
33250 -68.8741
33500 -62.0405
33750 -72.8819
34000 -62.7882
34250 -66.2315
34500 -66.0708
34750 -63.2011
35000 -73.0439
35250 -62.7466
35500 -70.2257
35750 -64.5136
36000 -65.1394
36250 -69.3321
36500 -63.3674
36750 -74.7651
37000 -63.883
37250 -68.0882
37500 -66.8172
37750 -64.68
38000 -73.4262
38250 -63.9711
38500 -72.3723
38750 -65.4823
39000 -66.8125
39250 -69.8629
39500 -64.7307
39750 -76.2764
40000 -64.9983
40250 -70.0007
40500 -67.6241
40750 -66.2082
41000 -73.7936
41250 -65.2242
41500 -74.5311
41750 -66.4721
42000 -68.5163
42250 -70.4534
42500 -66.1331
42750 -77.4387
43000 -66.1375
43250 -71.9689
43500 -68.4589
43750 -67.749
44000 -74.1496
44250 -66.4878
44500 -76.6816
44750 -67.4844
45000 -70.263
45250 -71.0866
45500 -67.5377
45750 -78.196
46000 -67.3028
46250 -73.9832
46500 -69.3194
46750 -69.3198
47000 -74.543
47250 -67.7898
47500 -78.7207
47750 -68.5207
48000 -72.0328
48250 -71.7533
48500 -68.9629
48750 -78.6794
49000 -68.4627
49250 -76.0371
49500 -70.2054
49750 -70.8955
50000 -74.9663
50250 -69.085
50500 -80.4845
50750 -69.5082
51000 -73.8318
51250 -72.4513
51500 -70.3822
51750 -79.0155
52000 -69.6324
52250 -78.1048
52500 -71.0904
52750 -72.4842
53000 -75.4213
53250 -70.3676
53500 -81.9191
53750 -70.5923
54000 -75.661
54250 -73.1593
54500 -71.8034
54750 -79.2637
55000 -70.7869
55250 -80.1761
55500 -71.9877
55750 -74.0911
56000 -75.9036
56250 -71.6463
56500 -82.8834
56750 -71.6173
57000 -77.5144
57250 -73.8805
57500 -73.2336
57750 -79.5081
58000 -71.9342
58250 -82.1713
58500 -72.873
58750 -75.7027
59000 -76.4115
59250 -72.9279
59500 -83.4911
59750 -72.6348
