250 -57.6988
500 -60.0466
750 -52.4972
1000 -55.8598
1250 -63.6237
1500 -53.1925
1750 -54.6802
2000 -67.5084
2250 -53.9548
2500 -53.8807
2750 -67.0545
3000 -54.9525
3250 -53.3323
3500 -63.0727
3750 -56.3618
4000 -53.083
4250 -59.9262
4500 -58.2304
4750 -53.0619
5000 -57.7441
5250 -60.8036
5500 -53.3108
5750 -56.1478
6000 -64.4114
6250 -53.7334
6500 -54.9984
6750 -68.2414
7000 -54.5232
7250 -54.2373
7500 -66.9462
7750 -55.6346
8000 -53.8103
8250 -63.1582
8500 -57.1341
8750 -53.6302
9000 -60.191
9250 -59.1747
9500 -53.722
9750 -58.1699
10000 -61.9214
10250 -54.0524
10500 -56.701
10750 -65.6512
11000 -54.6491
11250 -55.6649
11500 -69.2732
11750 -55.4871
12000 -55.0183
12250 -67.369
12500 -56.6959
12750 -54.6687
13000 -63.5769
13250 -58.3374
13500 -54.5987
13750 -60.8959
14000 -60.4676
14250 -54.7687
14500 -58.9523
14750 -63.4547
15000 -55.2007
15250 -57.6619
15500 -67.3387
15750 -55.8836
16000 -56.7455
16250 -70.5106
16500 -56.8099
16750 -56.1626
17000 -67.9752
17250 -58.1424
17500 -55.9011
17750 -64.422
18000 -59.8581
18250 -55.9026
18500 -61.8631
18750 -62.2016
19000 -56.1644
19250 -60.1083
19500 -65.237
19750 -56.6655
20000 -58.8941
20250 -69.3786
20500 -57.4401
20750 -58.124
21000 -71.7984
21250 -58.498
21500 -57.596
21750 -68.963
22000 -59.8788
22250 -57.3724
22500 -65.5468
22750 -61.725
23000 -57.4949
23250 -63.1657
23500 -64.1116
23750 -57.8114
24000 -61.5199
24250 -67.4621
24500 -58.3954
24750 -60.4125
25000 -71.5368
25250 -59.23
25500 -59.6925
25750 -73.3555
26000 -60.3715
26250 -59.3202
26500 -70.1944
26750 -61.8268
27000 -59.1461
27250 -66.9147
27500 -63.7815
27750 -59.2901
28000 -64.6632
28250 -66.348
28500 -59.6681
28750 -63.135
29000 -69.8133
29250 -60.2811
29500 -62.0996
29750 -74.013
30000 -61.199
30250 -61.4568
30500 -75.0415
30750 -62.3586
31000 -61.1175
31250 -71.4582
31500 -63.9638
31750 -61.0542
32000 -68.5215
32250 -65.9689
32500 -61.2055
32750 -66.3088
33000 -68.6683
33250 -61.6317
33500 -64.9175
33750 -72.2749
34000 -62.3159
34250 -63.9055
34500 -76.4633
34750 -63.23
35000 -63.3099
35250 -76.4943
35500 -64.5198
35750 -63.0271
36000 -73.077
36250 -66.0828
36500 -63.0034
36750 -70.0304
37000 -68.2459
37250 -63.198
37500 -68.0979
37750 -71.0503
38000 -63.6631
38250 -66.6576
38500 -74.8253
38750 -64.3632
39000 -65.7966
39250 -78.8311
39500 -65.3722
39750 -65.2114
40000 -78.0328
40250 -66.6082
40500 -64.9793
40750 -74.4157
41000 -68.3645
41250 -64.9778
41500 -71.7912
41750 -70.4538
42000 -65.2338
42250 -69.7525
42500 -73.4713
42750 -65.7019
43000 -68.4945
43250 -77.1741
43500 -66.4493
43750 -67.6071
44000 -81.1216
44250 -67.4799
44500 -67.1313
44750 -79.4769
45000 -68.8229
45250 -66.8864
45500 -75.9205
45750 -70.4876
46000 -66.9327
46250 -73.2883
46500 -72.8416
46750 -67.2148
47000 -71.4916
47250 -75.6884
47500 -67.7023
47750 -70.2304
48000 -79.9106
48250 -68.4855
48500 -69.4778
48750 -83.1558
49000 -69.5405
49250 -68.951
49500 -80.878
49750 -70.9318
50000 -68.7795
50250 -77.5622
50500 -72.7265
50750 -68.8291
51000 -74.8757
51250 -74.9485
51500 -69.1264
51750 -73.1487
52000 -78.2167
52250 -69.687
52500 -71.9504
52750 -82.1227
53000 -70.4152
53250 -71.1772
53500 -85.0786
53750 -71.5456
54000 -70.7747
54250 -82.4186
54500 -72.9678
54750 -70.5706
55000 -78.7911
55250 -74.8254
55500 -70.6594
55750 -76.5316
56000 -77.2541
56250 -70.9853
56500 -74.7454
56750 -80.3016
57000 -71.5265
57250 -73.6172
57500 -84.6413
57750 -72.35
58000 -72.8576
58250 -86.7904
58500 -73.3997
58750 -72.4382
59000 -83.4051
59250 -74.9332
59500 -72.3193
59750 -80.3265
