250 -56.7897
500 -50.0157
750 -56.485
1000 -49.3136
1250 -50.0984
1500 -48.3925
1750 -54.2061
2000 -56.7932
2250 -48.44
2500 -52.4065
2750 -47.6648
3000 -57.1755
3250 -51.0477
3500 -57.1646
3750 -46.9688
4000 -54.5947
4250 -49.2236
4500 -56.979
4750 -52.3426
5000 -48.9784
5250 -49.438
5500 -51.5571
5750 -57.7547
6000 -49.5416
6250 -55.6328
6500 -47.1382
6750 -58.3587
7000 -51.4208
7250 -56.8385
7500 -48.6743
7750 -52.2542
8000 -49.2038
8250 -56.6985
8500 -56.2215
8750 -49.0499
9000 -51.7324
9250 -49.8149
9500 -58.3898
9750 -51.3559
10000 -57.9996
10250 -47.7075
10500 -57.8925
10750 -51.2242
11000 -57.4287
11250 -51.554
11500 -51.0255
11750 -50.2605
12000 -54.9563
12250 -59.4859
12500 -50.2018
12750 -55.128
13000 -49.2217
13250 -60.0339
13500 -53.1211
13750 -58.4385
14000 -49.3383
14250 -55.84
14500 -51.3707
14750 -58.6542
15000 -55.6441
15250 -50.9806
15500 -52.408
15750 -53.2756
16000 -60.9695
16250 -52.2671
16500 -58.8419
16750 -49.7114
17000 -61.542
17250 -54.081
17500 -58.96
17750 -52.0509
18000 -54.3925
18250 -52.3365
18500 -58.8483
18750 -60.4883
19000 -52.0153
19250 -55.6653
19500 -52.5279
19750 -62.5135
20000 -54.8581
20250 -60.8916
20500 -51.1995
20750 -60.6024
21000 -54.5813
21250 -60.4461
21500 -55.8922
21750 -54.0754
22000 -54.2687
22250 -57.7464
22500 -64.1686
22750 -54.0104
23000 -59.7546
23250 -52.7991
23500 -64.8826
23750 -57.1085
24000 -61.5891
24250 -53.6507
24500 -58.9146
24750 -55.443
25000 -62.172
25250 -60.8768
25500 -54.837
25750 -57.2089
26000 -56.8278
26250 -66.0091
26500 -56.7639
26750 -63.3601
27000 -53.9926
27250 -65.8741
27500 -58.3889
27750 -62.7962
28000 -57.0919
28250 -58.1586
28500 -57.0697
28750 -62.5417
29000 -66.3437
29250 -56.5348
29500 -61.0915
29750 -56.7501
30000 -68.1993
30250 -59.7768
30500 -64.9338
30750 -56.1048
31000 -64.3948
31250 -59.2809
31500 -64.8153
31750 -61.5912
32000 -58.4571
32250 -59.5725
32500 -61.8091
32750 -70.0381
33000 -59.0413
33250 -65.3628
33500 -57.552
33750 -70.6661
34000 -62.1388
34250 -65.8558
34500 -59.054
34750 -63.0422
35000 -60.5561
35250 -66.6455
35500 -67.1811
35750 -59.6885
36000 -62.9745
36250 -61.3392
36500 -72.0409
36750 -62.1347
37000 -68.3107
37250 -59.1618
37500 -70.4673
37750 -63.4575
38000 -67.4677
38250 -62.9289
38500 -62.7043
38750 -62.5459
39000 -66.9241
39250 -72.9627
39500 -61.7323
39750 -67.1118
40000 -61.6159
40250 -74.5907
40500 -65.2359
40750 -69.417
41000 -61.5735
41250 -68.6026
41500 -64.4915
41750 -69.6769
42000 -67.8482
42250 -63.3241
42500 -65.3444
42750 -66.3244
43000 -76.3395
43250 -64.4699
43500 -71.0373
43750 -62.6759
44000 -76.3307
44250 -67.4244
44500 -70.4765
44750 -64.7822
45000 -67.4622
45250 -65.9452
45500 -71.2999
45750 -73.8464
46000 -64.7738
46250 -68.9479
46500 -66.0616
46750 -78.3898
47000 -67.6476
47250 -73.056
47500 -64.4749
47750 -74.7262
48000 -68.5964
48250 -72.2633
48500 -68.8939
48750 -67.3408
49000 -68.0939
49250 -71.3329
49500 -79.6826
49750 -66.9526
50000 -73.009
50250 -66.4939
50500 -80.9662
50750 -70.5978
51000 -73.8187
51250 -67.0077
51500 -72.6972
51750 -69.6231
52000 -74.4188
52250 -74.0911
52500 -68.1002
52750 -71.0162
53000 -70.7403
53250 -82.5591
53500 -69.7489
53750 -76.155
54000 -67.6459
54250 -81.0892
54500 -72.4543
54750 -74.9279
55000 -70.3334
55250 -71.6949
55500 -71.1269
55750 -75.6685
56000 -80.4258
56250 -69.6261
56500 -74.6414
56750 -70.5481
57000 -84.663
57250 -72.8592
57500 -77.2905
57750 -69.5012
58000 -78.4413
58250 -73.4063
58500 -76.772
58750 -74.5964
59000 -71.678
59250 -73.3308
59500 -75.4065
59750 -86.1454
