250 -51.646
500 -59.6398
750 -58.368
1000 -60.1689
1250 -57.7571
1500 -65.2936
1750 -55.6114
2000 -66.9274
2250 -50.334
2500 -49.578
2750 -57.5619
3000 -58.8465
3250 -60.5261
3500 -55.0619
3750 -58.9635
4000 -54.0803
4250 -54.8924
4500 -65.6035
4750 -54.4438
5000 -59.8427
5250 -60.1441
5500 -67.3314
5750 -59.1767
6000 -59.108
6250 -59.5923
6500 -54.6007
6750 -62.5772
7000 -64.3314
7250 -63.6871
7500 -57.6484
7750 -57.6641
8000 -57.6002
8250 -55.1299
8500 -64.7478
8750 -63.0957
9000 -68.2885
9250 -62.0568
9500 -63.0921
9750 -58.4012
10000 -56.0679
10250 -59.6951
10500 -53.5173
10750 -55.3852
11000 -65.7574
11250 -68.6399
11500 -56.6896
11750 -55.6034
12000 -61.2195
12250 -56.0653
12500 -62.3713
12750 -59.0607
13000 -55.7022
13250 -63.2501
13500 -76.7517
13750 -59.1016
14000 -53.9166
14250 -57.2713
14500 -58.3602
14750 -56.7836
15000 -65.0949
15250 -59.5259
15500 -65.4647
15750 -66.7057
16000 -73.5713
16250 -59.0266
16500 -57.3701
16750 -64.5948
17000 -58.4913
17250 -61.4464
17500 -62.863
17750 -62.776
18000 -63.2358
18250 -60.5545
18500 -75.7692
18750 -63.6087
19000 -71.0238
19250 -63.7916
19500 -62.7203
19750 -79.403
20000 -64.2836
20250 -66.11
20500 -61.5028
20750 -64.6822
21000 -80.6613
21250 -73.9573
21500 -68.2073
21750 -62.635
22000 -65.9033
22250 -64.3487
22500 -67.0658
22750 -68.533
23000 -67.3157
23250 -79.5681
23500 -72.5193
23750 -80.2563
24000 -66.8624
24250 -66.096
24500 -63.4374
24750 -64.2617
25000 -71.9347
25250 -70.6772
25500 -72.2286
25750 -68.126
26000 -71.2678
26250 -70.2626
26500 -72.9304
26750 -69.5399
27000 -65.6245
27250 -72.1406
27500 -73.306
27750 -73.0769
28000 -69.204
28250 -68.8833
28500 -69.637
28750 -68.251
29000 -79.4747
29250 -71.5368
29500 -74.9153
29750 -74.5545
30000 -71.3537
30250 -80.3026
30500 -72.9899
30750 -75.6254
31000 -70.0576
31250 -71.7023
31500 -76.863
31750 -75.5083
32000 -77.7044
32250 -69.7652
32500 -73.4454
32750 -85.3048
33000 -83.9589
33250 -78.527
33500 -74.5414
33750 -83.9584
34000 -75.6837
34250 -80.1076
34500 -74.104
34750 -72.3103
35000 -78.7748
35250 -79.4683
35500 -81.2768
35750 -77.6841
36000 -84.8313
36250 -78.0333
36500 -76.1035
36750 -81.244
37000 -77.7892
37250 -82.04
37500 -83.1995
37750 -84.6081
38000 -81.9329
38250 -82.082
38500 -81.5011
38750 -77.2778
39000 -79.5343
39250 -81.1497
39500 -86.7976
39750 -88.4443
40000 -87.4674
40250 -90.5223
40500 -84.1611
40750 -92.0485
41000 -83.0196
41250 -83.7697
41500 -82.5336
41750 -83.5286
42000 -88.4677
42250 -84.814
42500 -88.6854
42750 -82.6995
43000 -85.6965
43250 -101.209
43500 -96.0842
43750 -85.9488
44000 -82.3521
44250 -91.6087
44500 -87.9746
44750 -89.955
45000 -86.8891
45250 -83.9438
45500 -92.8211
45750 -109.902
46000 -89.36
46250 -82.047
46500 -84.0855
46750 -94.5297
47000 -88.2805
47250 -106.883
47500 -89.7244
47750 -93.7606
48000 -98.3797
48250 -116.12
48500 -86.4782
48750 -83.6596
49000 -89.2614
49250 -89.7172
49500 -91.2862
49750 -102.479
50000 -101.948
50250 -95.4726
50500 -91.7931
50750 -105.907
51000 -89.045
51250 -89.9586
51500 -95.3644
51750 -93.5373
52000 -104.679
52250 -103.522
52500 -101.372
52750 -91.5235
53000 -93.9963
53250 -99.0384
53500 -95.1119
53750 -104.633
54000 -100.437
54250 -104.767
54500 -97.124
54750 -102.484
55000 -100.111
55250 -96.4834
55500 -100.574
55750 -98.8431
56000 -110.247
56250 -103.54
56500 -102.949
56750 -94.6296
57000 -93.9965
57250 -103.436
57500 -109.395
57750 -110.55
58000 -99.6079
58250 -105.002
58500 -102.15
58750 -103.835
59000 -100.147
59250 -94.0864
59500 -97.2989
59750 -105.67
