250 -62.9258
500 -53.4352
750 -61.5621
1000 -53.8424
1250 -58.8006
1500 -54.7495
1750 -57.0047
2000 -55.736
2250 -55.6361
2500 -57.28
2750 -54.6217
3000 -59.2379
3250 -53.9693
3500 -61.5228
3750 -53.5835
4000 -63.3928
4250 -53.5488
4500 -63.0678
4750 -53.7713
5000 -61.014
5250 -54.278
5500 -58.8309
5750 -55.1123
6000 -57.0862
6250 -56.2991
6500 -55.7806
6750 -57.9164
7000 -54.8737
7250 -59.9959
7500 -54.2984
7750 -62.2616
8000 -54.1367
8250 -63.812
8500 -54.1167
8750 -63.2291
9000 -54.4475
9250 -61.1978
9500 -55.0398
9750 -59.1724
10000 -55.8704
10250 -57.5536
10500 -57.2219
10750 -56.3673
11000 -58.912
11250 -55.5505
11500 -61.0587
11750 -55.0661
12000 -63.4208
12250 -54.8757
12500 -64.8422
12750 -54.9726
13000 -63.9123
13250 -55.324
13500 -61.8016
13750 -56.0248
14000 -59.8243
14250 -57.0264
14500 -58.2962
14750 -58.3968
15000 -57.1914
15250 -60.2035
15500 -56.4595
15750 -62.4577
16000 -56.0482
16250 -64.8593
16500 -55.9352
16750 -65.8662
17000 -56.1502
17250 -64.712
17500 -56.6004
17750 -62.6303
18000 -57.3278
18250 -60.7665
18500 -58.4224
18750 -59.3388
19000 -59.8764
19250 -58.3274
19500 -61.7611
19750 -57.6719
20000 -64.0771
20250 -57.3351
20500 -66.3955
20750 -57.2869
21000 -67.2323
21250 -57.521
21500 -65.8118
21750 -57.9359
22000 -63.7213
22250 -58.8556
22500 -61.9238
22750 -59.9972
23000 -60.5784
23250 -61.5482
23500 -59.6384
23750 -63.5327
24000 -59.0529
24250 -65.9283
24500 -58.7771
24750 -68.1967
25000 -58.7915
25250 -68.6941
25500 -59.0835
25750 -67.0156
26000 -59.6923
26250 -64.9714
26500 -60.5709
26750 -63.2687
27000 -61.791
27250 -62.0055
27500 -63.3998
27750 -61.1403
28000 -65.4572
28250 -60.6164
28500 -67.8885
28750 -60.4
29000 -70.0011
29250 -60.4668
29500 -70.1456
29750 -60.8134
30000 -68.3802
30250 -61.4441
30500 -66.3603
30750 -62.3841
31000 -64.7231
31250 -63.6692
31500 -63.5295
31750 -65.3579
32000 -62.7232
32250 -67.4943
32500 -62.2555
32750 -69.9715
33000 -62.088
33250 -71.9326
33500 -62.2047
33750 -71.7103
34000 -62.5982
34250 -69.8114
34500 -63.2808
34750 -67.8222
35000 -64.2936
35250 -66.2651
35500 -65.6379
35750 -65.1387
36000 -67.3886
36250 -64.3923
36500 -69.5867
36750 -63.9738
37000 -72.0559
37250 -63.8535
37500 -73.7761
37750 -64.0123
38000 -73.2173
38250 -64.4502
38500 -71.2496
38750 -65.1762
39000 -69.3259
39250 -66.2195
39500 -67.8288
39750 -67.6217
40000 -66.761
40250 -69.4431
40500 -66.0631
40750 -71.7083
41000 -65.6902
41250 -74.1787
41500 -65.6097
41750 -75.6386
42000 -65.8092
42250 -74.7462
42500 -66.2862
42750 -72.711
43000 -67.0566
43250 -70.8309
43500 -68.1473
43750 -69.4054
44000 -69.6179
44250 -68.3937
44500 -71.496
44750 -67.7451
45000 -73.8093
45250 -67.4128
45500 -76.2195
45750 -67.3713
46000 -77.3617
46250 -67.6063
46500 -76.1858
46750 -68.1212
47000 -74.1343
47250 -68.9299
47500 -72.3187
47750 -70.0661
48000 -70.9453
48250 -71.5765
48500 -69.9843
48750 -73.5205
49000 -69.3772
49250 -75.8861
49500 -69.0836
49750 -78.2346
50000 -69.0762
50250 -79.0359
50500 -69.3466
50750 -77.5987
51000 -69.8965
51250 -75.5253
51500 -70.7459
51750 -73.7606
52000 -71.9271
52250 -72.4428
52500 -73.4937
52750 -71.5408
53000 -75.4982
53250 -70.9764
53500 -77.8941
53750 -70.7183
54000 -80.1142
54250 -70.7453
54500 -80.549
54750 -71.0476
55000 -78.9111
55250 -71.6325
55500 -76.8571
55750 -72.5186
56000 -75.1533
56250 -73.744
56500 -73.8931
56750 -75.3605
57000 -73.0265
57250 -77.4212
57500 -72.4995
57750 -79.8487
58000 -72.2764
58250 -81.9275
58500 -72.3349
58750 -81.9846
59000 -72.6704
59250 -80.1702
59500 -73.289
59750 -78.1287
