250 -55.9854
500 -68.209
750 -54.7311
1000 -52.8245
1250 -57.885
1500 -63.4405
1750 -53.7369
2000 -53.2347
2250 -60.6654
2500 -59.8658
2750 -53.2042
3000 -54.0253
3250 -64.7641
3500 -57.4838
3750 -52.944
4000 -55.151
4250 -69.8595
4500 -55.8407
4750 -52.9452
5000 -56.7302
5250 -67.4836
5500 -54.6874
5750 -53.2632
6000 -58.902
6250 -62.7394
6500 -53.968
6750 -53.8473
7000 -62.0215
7250 -59.6059
7500 -53.5445
7750 -54.7931
8000 -66.6802
8250 -57.5243
8500 -53.468
8750 -56.0868
9000 -70.9456
9250 -56.1085
9500 -53.6362
9750 -57.8706
10000 -66.7897
10250 -55.169
10500 -54.1034
10750 -60.3466
11000 -62.5341
11250 -54.6015
11500 -54.8629
11750 -63.8954
12000 -59.8217
12250 -54.3597
12500 -55.9489
12750 -69.0225
13000 -58.0039
13250 -54.3998
13500 -57.4485
13750 -71.4009
14000 -56.7904
14250 -54.7303
14500 -59.462
14750 -66.4866
15000 -56.032
15250 -55.3318
15500 -62.2461
15750 -62.8179
16000 -55.6269
16250 -56.2528
16500 -66.2266
16750 -60.4371
17000 -55.5324
17250 -57.5035
17500 -71.7088
17750 -58.8721
18000 -55.7111
18250 -59.1795
18500 -71.4815
18750 -57.8498
19000 -56.1735
19250 -61.4298
19500 -66.7122
19750 -57.254
20000 -56.9156
20250 -64.5262
20500 -63.487
20750 -56.9826
21000 -57.9612
21250 -68.9839
21500 -61.4095
21750 -57.0076
22000 -59.3731
22250 -74.2559
22500 -60.0418
22750 -57.3158
23000 -61.2292
23250 -71.5222
23500 -59.205
23750 -57.8935
24000 -63.7155
24250 -67.2918
24500 -58.7342
24750 -58.7577
25000 -67.1429
25250 -64.4679
25500 -58.5908
25750 -59.9315
26000 -72.1007
26250 -62.6514
26500 -58.7272
26750 -61.4861
27000 -76.2177
27250 -61.4797
27500 -59.1436
27750 -63.5219
28000 -72.0875
28250 -60.7703
28500 -59.8211
28750 -66.2376
29000 -68.1651
29250 -60.418
29500 -60.7865
29750 -70.0322
30000 -65.6828
30250 -60.3723
30500 -62.0823
30750 -75.4235
31000 -64.0848
31250 -60.6124
31500 -63.7715
31750 -77.439
32000 -63.0682
32250 -61.1101
32500 -65.9814
32750 -72.708
33000 -62.4746
33250 -61.8836
33500 -68.947
33750 -69.2454
34000 -62.2274
34250 -62.945
34500 -73.1428
34750 -67.0519
35000 -62.27
35250 -64.351
35500 -78.7426
35750 -65.6386
36000 -62.5902
36250 -66.168
36500 -78.1688
36750 -64.7546
37000 -63.1665
37250 -68.5519
37500 -73.5198
37750 -64.264
38000 -64.0156
38250 -71.7895
38500 -70.4603
38750 -64.1018
39000 -65.1699
39250 -76.425
39500 -68.5131
39750 -64.2222
40000 -66.672
40250 -81.6133
40500 -67.2543
40750 -64.605
41000 -68.6232
41250 -78.7256
41500 -66.4798
41750 -65.2543
42000 -71.1929
42250 -74.4641
42500 -66.0811
42750 -66.1757
43000 -74.7318
43250 -71.7518
43500 -65.9906
43750 -67.4121
44000 -79.8065
44250 -70.0046
44500 -66.1772
44750 -69.0128
45000 -83.6389
45250 -68.8843
45500 -66.6216
45750 -71.0951
46000 -79.3034
46250 -68.2079
46500 -67.3292
46750 -73.8684
47000 -75.4888
47250 -67.8877
47500 -68.3237
47750 -77.7422
48000 -73.0661
48250 -67.8592
48500 -69.6332
48750 -83.1887
49000 -71.496
49250 -68.1
49500 -71.3379
49750 -84.7192
50000 -70.4905
50250 -68.6034
50500 -73.5623
50750 -79.8556
51000 -69.9052
51250 -69.371
51500 -76.5611
51750 -76.5447
52000 -69.6474
52250 -70.4279
52500 -80.8091
52750 -74.3707
53000 -69.6797
53250 -71.8167
53500 -86.3613
53750 -72.956
54000 -69.9735
54250 -73.6243
54500 -85.2522
54750 -72.0566
55000 -70.5308
55250 -76.0082
55500 -80.6391
55750 -71.5458
56000 -71.3523
56250 -79.2559
56500 -77.6046
56750 -71.3497
57000 -72.4715
57250 -83.9208
57500 -75.6459
57750 -71.4325
58000 -73.945
58250 -88.8914
58500 -74.3638
58750 -71.7807
59000 -75.8679
59250 -85.5931
59500 -73.5597
59750 -72.3841
