250 -54.7134
500 -64.4996
750 -60.1393
1000 -53.7603
1250 -52.9061
1500 -56.3549
1750 -71.7762
2000 -57.4179
2250 -53.1847
2500 -53.4648
2750 -58.6505
3000 -68.1204
3250 -55.6428
3500 -52.9154
3750 -54.3891
4000 -62.1957
4250 -62.3361
4500 -54.4653
4750 -53.0242
5000 -55.749
5250 -68.0837
5500 -58.9879
5750 -53.73
6000 -53.4716
6250 -57.7306
6500 -72.1971
6750 -56.868
7000 -53.4084
7250 -54.2668
7500 -60.6462
7750 -65.3674
8000 -55.4743
8250 -53.4315
8500 -55.4869
8750 -65.0765
9000 -61.0667
9250 -54.6363
9500 -53.7945
9750 -57.2492
10000 -72.4004
10250 -58.4993
10500 -54.2018
10750 -54.4881
11000 -59.7272
11250 -69.4107
11500 -56.8555
11750 -54.1391
12000 -55.5904
12250 -63.3676
12500 -63.7797
12750 -55.8415
13000 -54.4067
13250 -57.1431
13500 -69.2257
13750 -60.5613
14000 -55.2921
14250 -55.0141
14500 -59.2869
14750 -74.059
15000 -58.6164
15250 -55.1203
15500 -55.9927
15750 -62.2826
16000 -67.2858
16250 -57.3604
16500 -55.302
16750 -57.3675
17000 -66.9751
17250 -63.1871
17500 -56.6527
17750 -55.8143
18000 -59.2604
18250 -74.3256
18500 -60.6818
18750 -56.3678
19000 -56.6611
19250 -61.8646
19500 -71.8309
19750 -59.1659
20000 -56.4404
20250 -57.8886
20500 -65.5341
20750 -66.278
21000 -58.2789
21250 -56.8442
21500 -59.5624
21750 -71.6003
22000 -63.1576
22250 -57.8628
22500 -57.5714
22750 -61.8226
23000 -76.8384
23250 -61.2754
23500 -57.7946
23750 -58.6525
24000 -64.9517
24250 -70.1798
24500 -60.145
24750 -58.074
25000 -60.1327
25250 -69.6428
25500 -66.0581
25750 -59.5365
26000 -58.6808
26250 -62.1065
26500 -77.0993
26750 -63.6794
27000 -59.3327
27250 -59.6184
27500 -64.78
27750 -75.0445
28000 -62.2425
28250 -59.4832
28500 -60.9162
28750 -68.5789
29000 -69.484
29250 -61.4097
29500 -59.9566
29750 -62.6533
30000 -74.5564
30250 -66.3947
30500 -61.0389
30750 -60.7459
31000 -64.963
31250 -80.0698
31500 -64.552
31750 -61.0393
32000 -61.8785
32250 -68.0557
32500 -73.6087
32750 -63.4643
33000 -61.3693
33250 -63.4001
33500 -72.8095
33750 -69.4773
34000 -62.892
34250 -62.0108
34500 -65.4086
34750 -80.2609
35000 -67.1028
35250 -62.723
35500 -62.9783
35750 -68.0935
36000 -78.6587
36250 -65.6809
36500 -62.8905
36750 -64.3016
37000 -71.8832
37250 -73.0251
37500 -64.8699
37750 -63.3822
38000 -66.0473
38250 -77.8162
38500 -69.9119
38750 -64.506
39000 -64.186
39250 -68.3572
39500 -83.6268
39750 -68.0665
40000 -64.5115
40250 -65.3192
40500 -71.5059
40750 -77.2363
41000 -66.9664
41250 -64.8413
41500 -66.8366
41750 -76.1381
42000 -73.0427
42250 -66.3859
42500 -65.4776
42750 -68.832
43000 -83.5338
43250 -70.6344
43500 -66.2055
43750 -66.4335
44000 -71.4281
44250 -82.3329
44500 -69.1882
44750 -66.365
45000 -67.7363
45250 -75.2345
45500 -76.6103
45750 -68.3534
46000 -66.8341
46250 -69.4605
46500 -81.0753
46750 -73.4323
47000 -67.9671
47250 -67.6139
47500 -71.7339
47750 -87.1626
48000 -71.5441
48250 -67.9426
48500 -68.7213
48750 -74.8345
49000 -80.8104
49250 -70.4093
49500 -68.242
49750 -70.2023
50000 -79.394
50250 -76.5247
50500 -69.7896
50750 -68.8475
51000 -72.1568
51250 -86.696
51500 -74.0599
51750 -69.5719
52000 -69.7641
52250 -74.7672
52500 -85.8774
52750 -72.5602
53000 -69.6924
53250 -71.0287
53500 -78.4379
53750 -80.0383
54000 -71.6792
54250 -70.1208
54500 -72.7069
54750 -84.167
55000 -76.7795
55250 -71.2478
55500 -70.8574
55750 -74.8658
56000 -90.4653
56250 -74.8298
56500 -71.1802
56750 -71.9188
57000 -77.9627
57250 -84.1867
57500 -73.6409
57750 -71.4311
58000 -73.3527
58250 -82.4281
58500 -79.7872
58750 -72.9724
59000 -71.9889
59250 -75.2509
59500 -89.6235
59750 -77.2481
