250 -59.6933
500 -56.2028
750 -52.7086
1000 -65.4509
1250 -54.2316
1500 -54.6124
1750 -63.5213
2000 -53.0575
2250 -57.2229
2500 -58.5034
2750 -53.0212
3000 -61.6288
3250 -55.4281
3500 -53.8033
3750 -66.3168
4000 -53.8321
4250 -55.5497
4500 -61.8594
4750 -53.2146
5000 -58.6121
5250 -57.4883
5500 -53.4378
5750 -63.8839
6000 -55.0554
6250 -54.4686
6500 -65.9489
6750 -53.8313
7000 -56.6386
7250 -60.4279
7500 -53.4702
7750 -60.3873
8000 -56.8677
8250 -54.0026
8500 -66.086
8750 -54.8769
9000 -55.4403
9250 -64.4562
9500 -54.0043
9750 -58.0758
10000 -59.4378
10250 -54.0045
10500 -62.5548
10750 -56.5159
11000 -54.8439
11250 -67.6569
11500 -54.9868
11750 -56.635
12000 -63.0857
12250 -54.4395
12500 -59.825
12750 -58.8245
13000 -54.712
13250 -65.1221
13500 -56.4609
13750 -55.8844
14000 -67.4376
14250 -55.287
14500 -58.1223
14750 -62.024
15000 -55.0571
15250 -61.9395
15500 -58.5116
15750 -55.6632
16000 -67.7276
16250 -56.6275
16500 -57.1777
16750 -66.3575
17000 -55.8267
17250 -59.879
17500 -61.3529
17750 -55.8976
18000 -64.4261
18250 -58.4958
18500 -56.7897
18750 -69.6085
19000 -57.0317
19250 -58.6729
19500 -65.2275
19750 -56.5333
20000 -61.9131
20250 -61.0213
20500 -56.8969
20750 -67.2462
21000 -58.7004
21250 -58.1271
21500 -69.7561
21750 -57.5793
22000 -60.4164
22250 -64.4324
22500 -57.4308
22750 -64.2732
23000 -60.963
23250 -58.0893
23500 -70.1729
23750 -59.1235
24000 -59.6516
24250 -68.9369
24500 -58.3699
24750 -62.3841
25000 -63.9732
25250 -58.4707
25500 -66.9699
25750 -61.1513
26000 -59.4263
26250 -72.2431
26500 -59.7109
26750 -61.3478
27000 -68.0029
27250 -59.2694
27500 -64.6137
27750 -63.8119
28000 -59.6701
28250 -69.9579
28500 -61.5289
28750 -60.9311
29000 -72.684
29250 -60.4651
29500 -63.2428
29750 -67.3579
30000 -60.3176
30250 -67.1121
30500 -63.9039
30750 -60.9867
31000 -73.0243
31250 -62.0853
31500 -62.5708
31750 -71.9615
32000 -61.3373
32250 -65.3288
32500 -67.014
32750 -61.4716
33000 -69.9109
33250 -64.1693
33500 -62.4417
33750 -75.2624
34000 -62.7698
34250 -64.3724
34500 -71.137
34750 -62.3389
35000 -67.6379
35250 -66.9294
35500 -62.7484
35750 -72.9931
36000 -64.6473
36250 -64.0146
36500 -75.825
36750 -63.5865
37000 -66.3198
37250 -70.5326
37500 -63.4311
37750 -70.1834
38000 -67.0679
38250 -64.1151
38500 -76.0888
38750 -65.2344
39000 -65.6547
39250 -75.1721
39500 -64.4954
39750 -68.441
40000 -70.21
40250 -64.6249
40500 -72.9985
40750 -67.3734
41000 -65.5865
41250 -78.4428
41500 -65.9445
41750 -67.5054
42000 -74.359
42250 -65.5023
42500 -70.7469
42750 -70.1293
43000 -65.9005
43250 -76.0717
43500 -67.8263
43750 -67.1443
44000 -79.0221
44250 -66.7408
44500 -69.4397
44750 -73.6926
45000 -66.5801
45250 -73.2745
45500 -70.2376
45750 -67.247
46000 -79.1598
46250 -68.3886
46500 -68.8069
46750 -78.3861
47000 -67.6294
47250 -71.5272
47500 -73.3768
47750 -67.7385
48000 -76.0487
48250 -70.5094
48500 -68.6791
48750 -81.5145
49000 -69.055
49250 -70.5646
49500 -77.5105
49750 -68.5899
50000 -73.7794
50250 -73.2423
50500 -68.9501
50750 -79.0588
51000 -70.9016
51250 -70.1815
51500 -82.1093
51750 -69.7959
52000 -72.4458
52250 -76.8285
52500 -69.6073
52750 -76.2393
53000 -73.2867
53250 -70.2465
53500 -82.1149
53750 -71.4036
54000 -71.7762
54250 -81.4378
54500 -70.6144
54750 -74.4561
55000 -76.3894
55250 -70.6942
55500 -78.9359
55750 -73.4821
56000 -71.5978
56250 -84.4186
56500 -71.9875
56750 -73.4583
57000 -80.4865
57250 -71.4907
57500 -76.6321
57750 -76.1684
58000 -71.8335
58250 -81.8589
58500 -73.793
58750 -73.027
59000 -85.029
59250 -72.6531
59500 -75.2535
59750 -79.7166
