250 -51.0625
500 -53.6621
750 -61.9618
1000 -60.8415
1250 -62.7449
1500 -56.0525
1750 -61.3646
2000 -56.1292
2250 -55.1786
2500 -52.1937
2750 -51.6534
3000 -58.3903
3250 -60.8997
3500 -54.6463
3750 -54.4609
4000 -52.7052
4250 -53.2159
4500 -59.6198
4750 -57.9516
5000 -67.3541
5250 -63.3447
5500 -82.0591
5750 -65.7404
6000 -58.1912
6250 -53.2974
6500 -54.9511
6750 -53.9819
7000 -59.4732
7250 -62.7826
7500 -55.6505
7750 -54.9128
8000 -58.0953
8250 -55.1124
8500 -60.7058
8750 -58.307
9000 -60.9854
9250 -57.6571
9500 -66.5485
9750 -61.0072
10000 -59.0993
10250 -53.0386
10500 -54.4728
10750 -55.362
11000 -55.8221
11250 -68.9799
11500 -71.1835
11750 -59.2129
12000 -56.628
12250 -59.3554
12500 -58.6844
12750 -59.983
13000 -56.643
13250 -61.1858
13500 -59.3607
13750 -63.2471
14000 -72.1462
14250 -63.472
14500 -56.3422
14750 -58.5072
15000 -58.4805
15250 -66.7649
15500 -65.4029
15750 -70.5947
16000 -64.6251
16250 -73.0582
16500 -67.3079
16750 -69.8793
17000 -61.406
17250 -61.3271
17500 -64.4364
17750 -64.6544
18000 -66.7868
18250 -65.5189
18500 -60.8521
18750 -63.649
19000 -69.3671
19250 -71.4919
19500 -64.6253
19750 -64.8279
20000 -73.0433
20250 -69.9256
20500 -70.5853
20750 -64.5914
21000 -62.6082
21250 -60.0008
21500 -66.7395
21750 -67.6877
22000 -71.1403
22250 -64.1146
22500 -69.4339
22750 -67.7215
23000 -80.9946
23250 -68.8572
23500 -68.1459
23750 -62.4659
24000 -63.7433
24250 -68.2078
24500 -76.2782
24750 -68.2974
25000 -68.7868
25250 -67.8274
25500 -70.8677
25750 -80.5899
26000 -75.1946
26250 -71.9639
26500 -66.874
26750 -72.4658
27000 -74.0183
27250 -73.9563
27500 -69.1011
27750 -69.0838
28000 -68.3031
28250 -81.212
28500 -88.3437
28750 -77.833
29000 -77.0092
29250 -89.6636
29500 -84.0811
29750 -80.7546
30000 -70.4474
30250 -71.4435
30500 -69.2122
30750 -75.2275
31000 -86.2295
31250 -75.4196
31500 -69.9007
31750 -73.911
32000 -73.308
32250 -78.1356
32500 -78.1025
32750 -76.1564
33000 -75.5186
33250 -75.8458
33500 -85.0935
33750 -78.3814
34000 -71.1855
34250 -70.3661
34500 -73.1062
34750 -73.6892
35000 -82.8431
35250 -94.1875
35500 -84.6402
35750 -77.1434
36000 -81.6301
36250 -76.8621
36500 -79.4383
36750 -74.1025
37000 -77.4073
37250 -78.7619
37500 -80.4614
37750 -81.6995
38000 -80.7371
38250 -76.4843
38500 -78.1448
38750 -78.7133
39000 -79.9493
39250 -94.7178
39500 -90.8898
39750 -87.6122
40000 -100.077
40250 -81.228
40500 -81.8624
40750 -79.4396
41000 -79.8937
41250 -84.9298
41500 -82.9506
41750 -82.6389
42000 -84.298
42250 -80.8169
42500 -79.5789
42750 -84.5505
43000 -83.6203
43250 -89.7061
43500 -85.8192
43750 -110.726
44000 -97.8693
44250 -86.1112
44500 -81.8899
44750 -82.3708
45000 -79.5196
45250 -82.0983
45500 -87.6348
45750 -98.7599
46000 -86.5132
46250 -87.7968
46500 -84.9481
46750 -89.6956
47000 -87.6382
47250 -87.5095
47500 -87.4816
47750 -85.3089
48000 -92.7983
48250 -99.9851
48500 -87.9054
48750 -85.1197
49000 -85.5343
49250 -85.6215
49500 -95.4484
49750 -99.6395
50000 -98.1355
50250 -101.553
50500 -102.783
50750 -100.522
51000 -97.1245
51250 -88.7354
51500 -90.4816
51750 -89.6904
52000 -93.8921
52250 -96.7848
52500 -91.6121
52750 -88.6637
53000 -93.9007
53250 -94.2821
53500 -101.417
53750 -100.767
54000 -100.694
54250 -99.5067
54500 -103.407
54750 -96.5166
55000 -94.1011
55250 -89.4877
55500 -90.336
55750 -95.0154
56000 -98.005
56250 -101.627
56500 -101.82
56750 -97.1084
57000 -94.8832
57250 -99.9527
57500 -96.0921
57750 -97.9459
58000 -93.2365
58250 -98.1905
58500 -100.223
58750 -105.841
59000 -98.6616
59250 -99.0483
59500 -95.0624
59750 -97.7277
