250 -51.8763
500 -51.2284
750 -57.904
1000 -52.9034
1250 -60.5944
1500 -57.8535
1750 -87.2631
2000 -58.0227
2250 -64.9348
2500 -64.3708
2750 -54.72
3000 -59.7265
3250 -55.7414
3500 -61.2483
3750 -56.0704
4000 -60.1761
4250 -63.6347
4500 -66.925
4750 -56.7926
5000 -66.8219
5250 -60.0712
5500 -63.1234
5750 -57.2745
6000 -58.575
6250 -55.9161
6500 -55.3931
6750 -52.2791
7000 -55.4796
7250 -54.5557
7500 -71.3846
7750 -61.3727
8000 -65.8266
8250 -63.9692
8500 -62.5705
8750 -80.308
9000 -61.7251
9250 -64.9973
9500 -54.5485
9750 -56.4221
10000 -52.6717
10250 -58.9611
10500 -55.2189
10750 -60.9614
11000 -56.9402
11250 -66.4032
11500 -64.778
11750 -84.0358
12000 -62.1706
12250 -61.0941
12500 -64.8477
12750 -56.8051
13000 -62.8077
13250 -56.143
13500 -59.0984
13750 -55.9414
14000 -62.2912
14250 -61.9149
14500 -67.6119
14750 -57.8599
15000 -66.6142
15250 -61.8762
15500 -72.5305
15750 -61.3865
16000 -71.7676
16250 -62.0489
16500 -60.2829
16750 -56.8335
17000 -62.3439
17250 -60.3439
17500 -72.2338
17750 -62.6713
18000 -76.1195
18250 -68.29
18500 -68.3199
18750 -70.9119
19000 -66.2424
19250 -62.3415
19500 -58.4244
19750 -61.7754
20000 -58.8588
20250 -62.6631
20500 -58.6054
20750 -64.7975
21000 -63.2044
21250 -73.513
21500 -63.1991
21750 -70.1826
22000 -66.2544
22250 -74.5196
22500 -80.3319
22750 -68.6573
23000 -74.7275
23250 -62.9442
23500 -65.3296
23750 -64.4715
24000 -70.274
24250 -69.1933
24500 -74.8793
24750 -68.6039
25000 -79.9192
25250 -71.2091
25500 -91.4291
25750 -77.0386
26000 -70.2038
26250 -68.5696
26500 -67.3428
26750 -66.8443
27000 -72.2591
27250 -69.3406
27500 -74.1482
27750 -72.224
28000 -77.8142
28250 -83.3049
28500 -74.2406
28750 -78.3916
29000 -73.2978
29250 -72.7437
29500 -67.5327
29750 -71.38
30000 -66.1222
30250 -68.4626
30500 -65.6482
30750 -72.5585
31000 -70.4984
31250 -76.2373
31500 -69.3528
31750 -76.8555
32000 -73.7474
32250 -84.6345
32500 -77.1304
32750 -75.3017
33000 -78.3805
33250 -71.5224
33500 -78.7082
33750 -76.2977
34000 -88.6795
34250 -74.9326
34500 -87.5259
34750 -77.5125
35000 -83.2721
35250 -74.9333
35500 -92.7871
35750 -84.1493
36000 -77.2583
36250 -74.5586
36500 -75.8469
36750 -74.5492
37000 -75.7517
37250 -73.5756
37500 -79.0893
37750 -78.6807
38000 -84.751
38250 -79.7287
38500 -84.9496
38750 -80.6411
39000 -87.4932
39250 -85.4597
39500 -81.6489
39750 -80.3939
40000 -75.784
40250 -79.8478
40500 -77.8186
40750 -88.7883
41000 -80.0224
41250 -85.4712
41500 -80.9176
41750 -97.4627
42000 -84.2943
42250 -104.593
42500 -87.429
42750 -82.0198
43000 -85.5645
43250 -80.1084
43500 -86.8196
43750 -81.34
44000 -85.8005
44250 -82.0591
44500 -92.4195
44750 -83.5995
45000 -87.6963
45250 -82.5369
45500 -92.0501
45750 -93.3384
46000 -92.7108
46250 -88.3257
46500 -89.5156
46750 -85.4929
47000 -85.8828
47250 -84.0149
47500 -96.2941
47750 -92.0065
48000 -93.3056
48250 -89.6059
48500 -118.672
48750 -93.1419
49000 -95.6378
49250 -90.5644
49500 -86.6905
49750 -85.462
50000 -83.0682
50250 -87.7473
50500 -85.4661
50750 -88.6466
51000 -84.9852
51250 -90.6061
51500 -87.6002
51750 -91.4635
52000 -86.7752
52250 -94.4804
52500 -92.9215
52750 -96.1557
53000 -107.869
53250 -94.5029
53500 -103.271
53750 -91.3065
54000 -96.9154
54250 -96.7106
54500 -113.64
54750 -92.7196
55000 -100.42
55250 -95.6467
55500 -102.896
55750 -102.103
56000 -99.2176
56250 -99.8764
56500 -92.0974
56750 -91.4476
57000 -92.8943
57250 -94.2197
57500 -97.0902
57750 -95.6917
58000 -96.1167
58250 -97.5182
58500 -99.9612
58750 -99.7663
59000 -106.075
59250 -99.0626
59500 -96.7646
59750 -97.4713
