250 115.083
500 97.4802
750 86.5015
1000 78.5128
1250 72.2312
1500 67.0549
1750 62.653
2000 58.824
2250 55.4363
2500 52.3991
2750 49.6473
3000 47.1326
3250 44.8183
3500 42.6759
3750 40.683
4000 38.8217
4250 37.0775
4500 35.4387
4750 33.8958
5000 32.441
5250 31.0679
5500 29.7715
5750 28.5475
6000 27.3926
6250 26.3044
6500 25.2806
6750 24.3198
7000 23.4206
7250 22.5822
7500 21.8038
7750 21.0845
8000 20.4237
8250 19.8206
8500 19.2741
8750 18.7832
9000 18.3465
9250 17.9623
9500 17.6289
9750 17.3441
10000 17.1057
10250 16.9111
10500 16.7578
10750 16.6431
11000 16.5642
11250 16.5183
11500 16.5028
11750 16.5149
12000 16.5522
12250 16.6121
12500 16.6924
12750 16.7908
13000 16.9055
13250 17.0346
13500 17.1762
13750 17.329
14000 17.4914
14250 17.6622
14500 17.8402
14750 18.0245
15000 18.214
15250 18.4079
15500 18.6055
15750 18.8062
16000 19.0093
16250 19.2143
16500 19.4208
16750 19.6284
17000 19.8367
17250 20.0453
17500 20.254
17750 20.4626
18000 20.6709
18250 20.8786
18500 21.0856
18750 21.2918
19000 21.497
19250 21.7011
19500 21.904
19750 22.1058
20000 22.3062
20250 22.5052
20500 22.7028
20750 22.899
21000 23.0937
21250 23.2869
21500 23.4785
21750 23.6686
22000 23.8572
22250 24.0442
22500 24.2296
22750 24.4135
23000 24.5958
23250 24.7766
23500 24.9558
23750 25.1334
24000 25.3096
24250 25.4842
24500 25.6573
24750 25.8289
25000 25.999
25250 26.1677
25500 26.3349
25750 26.5007
26000 26.6651
26250 26.8281
26500 26.9896
26750 27.1498
27000 27.3087
27250 27.4662
27500 27.6224
27750 27.7773
28000 27.931
28250 28.0833
28500 28.2344
28750 28.3843
29000 28.533
29250 28.6805
29500 28.8267
29750 28.9719
30000 29.1158
30250 29.2587
30500 29.4004
30750 29.541
31000 29.6805
31250 29.8189
31500 29.9563
31750 30.0927
32000 30.228
32250 30.3623
32500 30.4956
32750 30.6279
33000 30.7593
33250 30.8896
33500 31.0191
33750 31.1475
34000 31.2751
34250 31.4018
34500 31.5275
34750 31.6524
35000 31.7764
35250 31.8996
35500 32.0218
35750 32.1433
36000 32.2639
36250 32.3837
36500 32.5027
36750 32.6209
37000 32.7383
37250 32.8549
37500 32.9708
37750 33.0859
38000 33.2002
38250 33.3138
38500 33.4267
38750 33.5389
39000 33.6503
39250 33.7611
39500 33.8711
39750 33.9805
40000 34.0892
40250 34.1972
40500 34.3045
40750 34.4112
41000 34.5173
41250 34.6227
41500 34.7275
41750 34.8317
42000 34.9352
42250 35.0381
42500 35.1405
42750 35.2422
43000 35.3434
43250 35.4439
43500 35.5439
43750 35.6433
44000 35.7422
44250 35.8405
44500 35.9383
44750 36.0355
45000 36.1321
45250 36.2283
45500 36.3239
45750 36.419
46000 36.5136
46250 36.6076
46500 36.7012
46750 36.7942
47000 36.8868
47250 36.9789
47500 37.0705
47750 37.1616
48000 37.2522
48250 37.3424
48500 37.4321
48750 37.5214
49000 37.6102
49250 37.6985
49500 37.7864
49750 37.8739
50000 37.9609
50250 38.0475
50500 38.1336
50750 38.2194
51000 38.3047
51250 38.3896
51500 38.4741
51750 38.5582
52000 38.6418
52250 38.7251
52500 38.808
52750 38.8905
53000 38.9726
53250 39.0543
53500 39.1356
53750 39.2166
54000 39.2971
54250 39.3774
54500 39.4572
54750 39.5367
55000 39.6158
55250 39.6945
55500 39.7729
55750 39.851
56000 39.9287
56250 40.006
56500 40.083
56750 40.1597
57000 40.236
57250 40.3121
57500 40.3877
57750 40.4631
58000 40.5381
58250 40.6128
58500 40.6872
58750 40.7612
59000 40.835
59250 40.9084
59500 40.9815
59750 41.0543
