250 -174.776
500 -153.683
750 -139.21
1000 -143.964
1250 -126.463
1500 -121.667
1750 -126.174
2000 -111.881
2250 -112.659
2500 -110.903
2750 -102.669
3000 -108.761
3250 -100.246
3500 -96.4792
3750 -107
4000 -92.6538
4250 -92.6272
4500 -97.2981
4750 -87.1104
5000 -91.0531
5250 -88.5562
5500 -83.2093
5750 -92.4314
6000 -82.448
6250 -80.7729
6500 -91.2294
6750 -78.1511
7000 -80.0593
7250 -83.0101
7500 -75.2739
7750 -81.4719
8000 -77.2914
8250 -73.8232
8500 -85.3601
8750 -73.6601
9000 -73.7867
9250 -82.4185
9500 -71.6332
9750 -75.4199
10000 -76.5434
10250 -70.9156
10500 -79.3126
10750 -73.159
11000 -71.408
11250 -84.1752
11500 -71.4896
11750 -73.1499
12000 -79.6379
12250 -71.0516
12500 -76.5173
12750 -75.6154
13000 -71.6176
13250 -82.1567
13500 -73.6371
13750 -73.2133
14000 -84.929
14250 -72.9492
14500 -75.9625
14750 -80.0485
15000 -73.271
15250 -80.3474
15500 -77.1171
15750 -74.4694
16000 -86.7369
16250 -75.8418
16500 -76.5986
16750 -85.9859
17000 -75.6633
17250 -79.9243
17500 -81.607
17750 -76.3603
18000 -85.097
18250 -79.3744
18500 -77.8753
18750 -90.9002
19000 -78.5286
19250 -80.374
19500 -87.1315
19750 -78.639
20000 -84.2192
20250 -83.5265
20500 -79.5997
20750 -90.1452
21000 -81.794
21250 -81.4139
21500 -93.2346
21750 -81.2479
22000 -84.2735
22250 -88.4766
22500 -81.6604
22750 -88.6867
23000 -85.5588
23250 -82.8659
23500 -95.1286
23750 -84.257
24000 -84.9612
24250 -94.4211
24500 -84.0272
24750 -88.213
25000 -89.9723
25250 -84.6384
25500 -93.3048
25750 -87.652
26000 -86.0914
26250 -99.0711
26500 -86.7005
26750 -88.4976
27000 -95.3116
27250 -86.7356
27500 -92.2362
27750 -91.5893
28000 -87.6011
28250 -98.0412
28500 -89.7633
28750 -89.3154
29000 -101.217
29250 -89.1455
29500 -92.0695
29750 -96.3297
30000 -89.4334
30250 -96.3708
30500 -93.3043
30750 -90.5276
31000 -102.705
31250 -91.9042
31500 -92.5271
31750 -102.054
32000 -91.5653
32250 -95.6911
32500 -97.5096
32750 -92.0995
33000 -100.67
33250 -95.0589
33500 -93.4607
33750 -106.41
34000 -94.0449
34250 -95.7742
34500 -102.665
34750 -93.9913
35000 -99.4143
35250 -98.829
35500 -94.7702
35750 -105.136
36000 -96.9112
36250 -96.3983
36500 -108.328
36750 -96.2073
37000 -99.0581
37250 -103.387
37500 -96.4019
37750 -103.269
38000 -100.268
38250 -97.429
38500 -109.516
38750 -98.7733
39000 -99.305
39250 -108.933
39500 -98.3665
39750 -102.422
40000 -104.299
40250 -98.8221
40500 -107.303
40750 -101.785
41000 -100.104
41250 -113.066
41500 -100.672
41750 -102.337
42000 -109.294
42250 -100.54
42500 -105.887
42750 -105.372
43000 -101.244
43250 -111.516
43500 -103.37
43750 -102.788
44000 -114.764
44250 -102.581
44500 -105.378
44750 -109.728
45000 -102.712
45250 -109.503
45500 -106.561
45750 -103.666
46000 -115.673
46250 -104.996
46500 -105.508
46750 -115.18
47000 -104.516
47250 -108.506
47500 -110.447
47750 -104.9
48000 -113.301
48250 -107.852
48500 -106.111
48750 -119.036
49000 -106.665
49250 -108.263
49500 -115.297
49750 -106.464
50000 -111.74
50250 -111.29
50500 -107.084
50750 -117.278
51000 -109.206
51250 -108.571
51500 -120.583
51750 -108.354
52000 -111.088
52250 -115.554
52500 -108.415
52750 -115.13
53000 -112.259
53250 -109.301
53500 -121.25
53750 -110.62
54000 -111.073
54250 -120.815
54500 -110.072
54750 -113.993
55000 -116.005
55250 -110.389
55500 -118.709
55750 -113.333
56000 -111.526
56250 -124.425
56500 -112.071
56750 -113.618
57000 -120.723
57250 -111.803
57500 -117.02
57750 -116.631
58000 -112.372
58250 -122.472
58500 -114.48
58750 -113.788
59000 -125.864
59250 -113.562
59500 -116.235
59750 -120.771
