250 -171.069
500 -165.689
750 -141.233
1000 -131.337
1250 -130.116
1500 -130.495
1750 -116.39
2000 -112.059
2250 -116.102
2500 -112.265
2750 -102.852
3000 -101.158
3250 -109.582
3500 -100.16
3750 -93.627
4000 -93.9727
4250 -106.937
4500 -91.2795
4750 -86.841
5000 -89.1712
5250 -98.5515
5500 -84.4589
5750 -81.8107
6000 -86.2947
6250 -89.0438
6500 -79.2486
6750 -78.1671
7000 -85.4422
7250 -82.1881
7500 -75.3483
7750 -75.8776
8000 -87.1039
8250 -77.3448
8500 -72.7421
8750 -74.87
9000 -89.292
9250 -74.0708
9500 -71.2651
9750 -75.2147
10000 -83.8954
10250 -72.0801
10500 -70.8612
10750 -76.9897
11000 -79.0982
11250 -71.1198
11500 -71.3657
11750 -80.4103
12000 -76.3739
12250 -70.9718
12500 -72.6413
12750 -85.8134
13000 -74.9094
13250 -71.4344
13500 -74.6248
13750 -88.7299
14000 -74.2818
14250 -72.3925
14500 -77.3022
14750 -84.5111
15000 -74.2459
15250 -73.7397
15500 -80.8516
15750 -81.624
16000 -74.6362
16250 -75.4671
16500 -85.6475
16750 -80.0655
17000 -75.369
17250 -77.5488
17500 -91.9628
17750 -79.3347
18000 -76.382
18250 -80.0581
18500 -92.5672
18750 -79.1416
19000 -77.6705
19250 -83.1309
19500 -88.6163
19750 -79.3597
20000 -79.2217
20250 -87.0314
20500 -86.1898
20750 -79.8816
21000 -81.0549
21250 -92.2708
21500 -84.888
21750 -80.6762
22000 -83.2303
22250 -98.3001
22500 -84.2714
22750 -81.7292
23000 -85.825
23250 -96.2988
23500 -84.1608
23750 -83.0269
24000 -89.0251
24250 -92.776
24500 -84.3915
24750 -84.5866
25000 -93.142
25250 -90.6357
25500 -84.9258
25750 -86.4322
26000 -98.7658
26250 -89.4794
26500 -85.7169
26750 -88.6359
27000 -103.526
27250 -88.946
27500 -86.766
27750 -91.2993
28000 -100.019
28250 -88.8537
28500 -88.0556
28750 -94.6219
29000 -96.6981
29250 -89.0984
29500 -89.6133
29750 -99.0041
30000 -94.7986
30250 -89.6309
30500 -91.4827
30750 -104.964
31000 -93.7653
31250 -90.4313
31500 -93.7278
31750 -107.532
32000 -93.2962
32250 -91.4724
32500 -96.477
32750 -103.336
33000 -93.2339
33250 -92.7733
33500 -99.9661
33750 -100.393
34000 -93.5026
34250 -94.3468
34500 -104.67
34750 -98.7043
35000 -94.0464
35250 -96.2506
35500 -110.764
35750 -97.7819
36000 -94.8541
36250 -98.5517
36500 -110.672
36750 -97.3755
37000 -95.9048
37250 -101.407
37500 -106.491
37750 -97.3499
38000 -97.2158
38250 -105.103
38500 -103.887
38750 -97.6407
39000 -98.8202
39250 -110.186
39500 -102.384
39750 -98.2027
40000 -100.761
40250 -115.811
40500 -101.559
40750 -99.0162
41000 -103.14
41250 -113.348
41500 -101.207
41750 -100.086
42000 -106.128
42250 -109.502
42500 -101.222
42750 -101.418
43000 -110.075
43250 -107.196
43500 -101.535
43750 -103.055
44000 -115.549
44250 -105.845
44500 -102.115
44750 -105.048
45000 -119.771
45250 -105.113
45500 -102.945
45750 -107.514
46000 -115.817
46250 -104.815
46500 -104.03
46750 -110.663
47000 -112.376
47250 -104.867
47500 -105.394
47750 -114.904
48000 -110.318
48250 -105.202
48500 -107.065
48750 -120.71
49000 -109.106
49250 -105.799
49500 -109.124
49750 -122.593
50000 -108.451
50250 -106.651
50500 -111.696
50750 -118.075
51000 -108.21
51250 -107.761
51500 -115.035
51750 -115.103
52000 -108.289
52250 -109.153
52500 -119.617
52750 -113.261
53000 -108.652
53250 -110.871
53500 -125.497
53750 -112.173
54000 -109.271
54250 -113.002
54500 -124.709
54750 -111.593
55000 -110.147
55250 -115.703
55500 -120.412
55750 -111.397
56000 -111.281
56250 -119.262
56500 -117.688
56750 -111.509
57000 -112.708
57250 -124.233
57500 -116.034
57750 -111.896
58000 -114.483
58250 -129.504
58500 -115.051
58750 -112.542
59000 -116.703
59250 -126.502
59500 -114.541
59750 -113.438
