250 -177.039
500 -151.733
750 -141.718
1000 -136.632
1250 -125.683
1500 -132.372
1750 -116.148
2000 -117.688
2250 -110.989
2500 -106.897
2750 -110.851
3000 -100.377
3250 -108.02
3500 -96.8566
3750 -97.297
4000 -96.4938
4250 -90.8377
4500 -99.9488
4750 -87.3875
5000 -92.2847
5250 -86.5374
5500 -84.9282
5750 -89.2309
6000 -80.9152
6250 -90.4256
6500 -79.5071
6750 -81.7513
7000 -80.8568
7250 -76.9286
7500 -86.1425
7750 -74.8468
8000 -81.424
8250 -75.3201
8500 -75.173
8750 -79.0383
9000 -72.4217
9250 -83.2918
9500 -72.1104
9750 -75.8316
10000 -74.4508
10250 -71.9569
10500 -80.678
10750 -70.9357
11000 -79.0118
11250 -72.2354
11500 -73.3729
11750 -76.6099
12000 -71.3006
12250 -82.7922
12500 -71.6788
12750 -76.5583
13000 -74.458
13250 -72.998
13500 -80.9053
13750 -72.2714
14000 -81.5007
14250 -73.8314
14500 -75.864
14750 -78.1626
15000 -73.844
15250 -85.368
15500 -74.211
15750 -80.0432
16000 -76.9337
16250 -76.2507
16500 -83.0051
16750 -75.4223
17000 -85.5908
17250 -76.7966
17500 -79.5999
17750 -80.8379
18000 -77.3167
18250 -88.3393
18500 -77.5041
18750 -84.1838
19000 -79.9321
19250 -79.9614
19500 -85.6103
19750 -78.8659
20000 -89.8511
20250 -80.0151
20500 -83.5514
20750 -83.6678
21000 -80.8934
21250 -90.9912
21500 -80.815
21750 -88.3666
22000 -82.9699
22250 -83.6921
22500 -88.1618
22750 -82.2691
23000 -93.7689
23250 -83.1462
23500 -87.4407
23750 -86.455
24000 -84.4103
24250 -93.4349
24500 -84.0308
24750 -92.4976
25000 -85.891
25250 -87.3071
25500 -90.6337
25750 -85.584
26000 -97.304
26250 -86.1671
26500 -91.2517
26750 -89.1332
27000 -87.7941
27250 -95.6401
27500 -87.1523
27750 -96.5208
28000 -88.7055
28250 -90.838
28500 -93.0242
28750 -88.7645
29000 -100.228
29250 -89.0974
29500 -94.9811
29750 -91.7185
30000 -91.0927
30250 -97.7472
30500 -90.1453
30750 -100.394
31000 -91.4378
31250 -94.2695
31500 -95.34
31750 -91.8622
32000 -102.723
32250 -91.9086
32500 -98.6457
32750 -94.2331
33000 -94.2855
33250 -99.7638
33500 -93.0595
33750 -104.029
34000 -94.0633
34250 -97.6333
34500 -97.5983
34750 -94.8535
35000 -104.82
35250 -94.6461
35500 -102.248
35750 -96.6569
36000 -97.4033
36250 -101.716
36500 -95.8701
36750 -107.386
37000 -96.6212
37250 -100.943
37500 -99.7879
37750 -97.7659
38000 -106.626
38250 -97.2849
38500 -105.799
38750 -99.0211
39000 -100.463
39250 -103.624
39500 -98.6018
39750 -110.257
40000 -99.0875
40250 -104.198
40500 -101.929
40750 -100.619
41000 -108.311
41250 -99.8469
41500 -109.259
41750 -101.304
42000 -103.451
42250 -105.492
42500 -101.274
42750 -112.681
43000 -101.481
43250 -107.413
43500 -104.003
43750 -103.392
44000 -109.892
44250 -102.328
44500 -112.62
44750 -103.52
45000 -106.395
45250 -107.315
45500 -103.862
45750 -114.615
46000 -103.816
46250 -110.591
46500 -106.021
46750 -106.114
47000 -111.43
47250 -104.769
47500 -115.791
47750 -105.682
48000 -109.285
48250 -109.096
48500 -106.395
48750 -116.201
49000 -106.073
49250 -113.736
49500 -107.992
49750 -108.769
50000 -112.927
50250 -107.132
50500 -118.618
50750 -107.728
51000 -112.137
51250 -110.841
51500 -108.856
51750 -117.574
52000 -108.274
52250 -116.83
52500 -109.898
52750 -111.375
53000 -114.394
53250 -109.422
53500 -121.055
53750 -109.809
54000 -114.958
54250 -112.537
54500 -111.261
54750 -118.8
55000 -110.403
55250 -119.871
55500 -111.761
55750 -113.942
56000 -115.832
56250 -111.652
56500 -122.966
56750 -111.777
57000 -117.75
57250 -114.193
57500 -113.621
57750 -119.971
58000 -112.472
58250 -122.784
58500 -113.56
58750 -116.464
59000 -117.246
59250 -113.836
59500 -124.473
59750 -113.689
