250 -166.729
500 -157.12
750 -144.87
1000 -138.682
1250 -129.988
1500 -132.348
1750 -118.264
2000 -125.751
2250 -105.77
2500 -101.977
2750 -107.209
3000 -105.979
3250 -105.344
3500 -97.7378
3750 -99.6465
4000 -92.902
4250 -91.9699
4500 -101.042
4750 -88.3396
5000 -92.2837
5250 -91.212
5500 -97.1029
5750 -87.7242
6000 -86.5006
6250 -85.8967
6500 -79.8813
6750 -86.897
7000 -87.752
7250 -86.2694
7500 -79.4522
7750 -78.7486
8000 -78.0239
8250 -74.9504
8500 -84.0219
8750 -81.8788
9000 -86.635
9250 -80.0191
9500 -80.721
9750 -75.7452
10000 -73.1736
10250 -76.6062
10500 -70.2751
10750 -72.0283
11000 -82.3216
11250 -85.1583
11500 -73.1923
11750 -72.1183
12000 -77.7716
12250 -72.6774
12500 -79.0636
12750 -75.8515
13000 -72.6077
13250 -80.2847
13500 -93.9279
13750 -76.4305
14000 -71.408
14250 -74.9335
14500 -76.2005
14750 -74.808
15000 -83.3089
15250 -77.9338
15500 -84.0703
15750 -85.5119
16000 -92.5806
16250 -78.241
16500 -76.791
16750 -84.2232
17000 -78.3279
17250 -81.4917
17500 -83.117
17750 -83.2387
18000 -83.9067
18250 -81.4331
18500 -96.8548
18750 -84.9005
19000 -92.5208
19250 -85.4927
19500 -84.6243
19750 -101.509
20000 -86.5898
20250 -88.6152
20500 -84.2056
20750 -87.5812
21000 -103.755
21250 -97.2441
21500 -91.6858
21750 -86.3036
22000 -89.7605
22250 -88.3928
22500 -91.2954
22750 -92.9465
23000 -91.9115
23250 -104.345
23500 -97.475
23750 -105.39
24000 -92.1719
24250 -91.5802
24500 -89.0947
24750 -90.0906
25000 -97.9338
25250 -96.8449
25500 -98.5635
25750 -94.6267
26000 -97.9329
26250 -97.0907
26500 -99.9201
26750 -96.6897
27000 -92.9332
27250 -99.6068
27500 -100.928
27750 -100.854
28000 -97.1349
28250 -96.9666
28500 -97.8714
28750 -96.6353
29000 -108.008
29250 -100.217
29500 -103.742
29750 -103.526
30000 -100.469
30250 -109.561
30500 -102.39
30750 -105.166
31000 -99.7381
31250 -101.521
31500 -106.819
31750 -105.601
32000 -107.932
32250 -100.127
32500 -103.941
32750 -115.933
33000 -114.718
33250 -109.417
33500 -105.56
33750 -115.106
34000 -106.959
34250 -111.509
34500 -105.632
34750 -103.963
35000 -110.551
35250 -111.368
35500 -113.299
35750 -109.827
36000 -117.095
36250 -110.417
36500 -108.606
36750 -113.865
37000 -110.527
37250 -114.895
37500 -116.17
37750 -117.694
38000 -115.133
38250 -115.396
38500 -114.928
38750 -110.817
39000 -113.185
39250 -114.911
39500 -120.669
39750 -122.425
40000 -121.557
40250 -124.719
40500 -118.466
40750 -126.46
41000 -117.537
41250 -118.392
41500 -117.261
41750 -118.36
42000 -123.403
42250 -119.852
42500 -123.826
42750 -117.942
43000 -121.04
43250 -136.653
43500 -131.628
43750 -121.592
44000 -118.094
44250 -127.449
44500 -123.913
44750 -125.99
45000 -123.021
45250 -120.172
45500 -129.145
45750 -146.321
46000 -125.874
46250 -118.655
46500 -120.787
46750 -131.324
47000 -125.167
47250 -143.862
47500 -126.795
47750 -130.922
48000 -135.632
48250 -153.462
48500 -123.91
48750 -121.181
49000 -126.872
49250 -127.416
49500 -129.073
49750 -140.353
50000 -139.909
50250 -133.52
50500 -129.927
50750 -144.126
51000 -127.35
51250 -128.348
51500 -133.838
51750 -132.095
52000 -143.321
52250 -142.247
52500 -140.18
52750 -130.414
53000 -132.969
53250 -138.093
53500 -134.248
53750 -143.849
54000 -139.735
54250 -144.145
54500 -136.581
54750 -142.021
55000 -139.726
55250 -136.178
55500 -140.347
55750 -138.694
56000 -150.175
56250 -143.546
56500 -143.032
56750 -134.789
57000 -134.233
57250 -143.748
57500 -149.783
57750 -151.013
58000 -140.146
58250 -145.614
58500 -142.837
58750 -144.597
59000 -140.982
59250 -134.995
59500 -138.28
59750 -146.724
