250 -166.959
500 -148.709
750 -144.405
1000 -131.416
1250 -132.826
1500 -124.908
1750 -149.916
2000 -116.847
2250 -120.371
2500 -116.77
2750 -104.367
3000 -106.859
3250 -100.56
3500 -103.924
3750 -96.7534
4000 -98.9978
4250 -100.712
4500 -102.364
4750 -90.6884
5000 -99.2629
5250 -91.1391
5500 -92.8948
5750 -85.822
6000 -85.9676
6250 -82.2205
6500 -80.6737
6750 -76.5988
7000 -78.9002
7250 -77.1379
7500 -93.1883
7750 -82.4572
8000 -86.2503
8250 -83.7897
8500 -81.8446
8750 -99.0912
9000 -80.0715
9250 -82.9596
9500 -72.1774
9750 -73.7662
10000 -69.7774
10250 -75.8723
10500 -71.9767
10750 -77.6044
11000 -73.5043
11250 -82.9215
11500 -81.2807
11750 -100.551
12000 -78.7228
12250 -77.7062
12500 -81.54
12750 -73.596
13000 -79.7132
13250 -73.1776
13500 -76.2747
13750 -73.2703
14000 -79.7826
14250 -79.5771
14500 -85.4521
14750 -75.8843
15000 -84.8281
15250 -80.2841
15500 -91.1361
15750 -80.1927
16000 -90.7769
16250 -81.2633
16500 -79.7038
16750 -76.4619
17000 -82.1805
17250 -80.3892
17500 -92.4878
17750 -83.134
18000 -96.7904
18250 -89.1686
18500 -89.4055
18750 -92.2036
19000 -87.7394
19250 -84.0426
19500 -80.3285
19750 -83.8812
20000 -81.1649
20250 -85.1683
20500 -81.3082
20750 -87.6965
21000 -86.2981
21250 -96.7998
21500 -86.6776
21750 -93.8512
22000 -90.1116
22250 -98.5638
22500 -104.562
22750 -93.0708
23000 -99.3233
23250 -87.7208
23500 -90.2854
23750 -89.6049
24000 -95.5836
24250 -94.6775
24500 -100.537
24750 -94.4328
25000 -105.918
25250 -97.3769
25500 -117.764
25750 -103.539
26000 -96.8689
26250 -95.3976
26500 -94.3325
26750 -93.9941
27000 -99.5678
27250 -96.8068
27500 -101.771
27750 -100.001
28000 -105.745
28250 -111.388
28500 -102.475
28750 -106.776
29000 -101.831
29250 -101.424
29500 -96.3595
29750 -100.352
30000 -95.2381
30250 -97.7212
30500 -95.0485
30750 -102.099
31000 -100.179
31250 -106.056
31500 -99.3092
31750 -106.948
32000 -103.975
32250 -114.997
32500 -107.626
32750 -105.93
33000 -109.14
33250 -102.412
33500 -109.727
33750 -107.445
34000 -119.955
34250 -106.334
34500 -119.053
34750 -109.165
35000 -115.049
35250 -106.833
35500 -124.809
35750 -116.293
36000 -109.522
36250 -106.942
36500 -108.35
36750 -107.17
37000 -108.49
37250 -106.431
37500 -112.06
37750 -111.767
38000 -117.951
38250 -113.043
38500 -118.376
38750 -114.18
39000 -121.143
39250 -119.221
39500 -115.52
39750 -114.374
40000 -109.873
40250 -114.045
40500 -112.123
40750 -123.2
41000 -114.54
41250 -120.094
41500 -115.645
41750 -132.294
42000 -119.23
42250 -139.631
42500 -122.569
42750 -117.262
43000 -120.908
43250 -115.552
43500 -122.363
43750 -116.983
44000 -121.543
44250 -117.9
44500 -128.358
44750 -119.635
45000 -123.828
45250 -118.765
45500 -128.374
45750 -129.757
46000 -129.224
46250 -124.933
46500 -126.217
46750 -122.287
47000 -122.77
47250 -120.994
47500 -133.365
47750 -129.168
48000 -130.558
48250 -126.948
48500 -156.104
48750 -130.663
49000 -133.248
49250 -128.263
49500 -124.477
49750 -123.336
50000 -121.029
50250 -125.795
50500 -123.6
50750 -126.866
51000 -123.29
51250 -128.996
51500 -126.074
51750 -130.022
52000 -125.417
52250 -133.205
52500 -131.729
52750 -135.046
53000 -146.842
53250 -133.557
53500 -142.406
53750 -130.523
54000 -136.213
54250 -136.088
54500 -153.097
54750 -132.256
55000 -140.035
55250 -135.341
55500 -142.669
55750 -141.954
56000 -139.146
56250 -139.882
56500 -132.18
56750 -131.607
57000 -133.13
57250 -134.532
57500 -137.478
57750 -136.155
58000 -136.655
58250 -138.131
58500 -140.648
58750 -140.528
59000 -146.91
59250 -139.971
59500 -137.746
59750 -138.526
