250 -169.797
500 -161.98
750 -146.641
1000 -132.273
1250 -125.137
1500 -123.41
1750 -134.429
2000 -116.242
2250 -108.621
2500 -105.864
2750 -108.298
3000 -115.253
3250 -100.461
3500 -95.5914
3750 -95.0721
4000 -101.017
4250 -99.4136
4500 -89.904
4750 -86.92
5000 -88.19
5250 -99.1516
5500 -88.7593
5750 -82.2775
6000 -80.8642
6250 -84.035
6500 -97.4777
6750 -81.1878
7000 -76.829
7250 -76.849
7500 -82.4499
7750 -86.4519
8000 -75.898
8250 -73.2521
8500 -74.761
8750 -83.8596
9000 -79.4131
9250 -72.5986
9500 -71.4234
9750 -74.5933
10000 -89.506
10250 -75.4104
10500 -70.9596
10750 -71.1311
11000 -76.2914
11250 -85.929
11500 -73.3583
11750 -70.654
12000 -72.1426
12250 -79.9797
12500 -80.4721
12750 -72.6324
13000 -71.3122
13250 -74.1777
13500 -86.4019
13750 -77.8902
14000 -72.7834
14250 -72.6762
14500 -77.1271
14750 -92.0835
15000 -76.8303
15250 -73.5282
15500 -74.5982
15750 -81.0888
16000 -86.2951
16250 -76.5747
16500 -74.7228
16750 -76.9959
17000 -86.8118
17250 -83.2324
17500 -76.9068
17750 -76.2769
18000 -79.9313
18250 -95.2042
18500 -81.7674
18750 -77.6596
19000 -78.158
19250 -83.5656
19500 -93.7349
19750 -81.2716
20000 -78.7466
20250 -80.3938
20500 -88.237
20750 -89.177
21000 -81.3725
21250 -80.1311
21500 -83.0409
21750 -95.2689
22000 -87.0148
22250 -81.9069
22500 -81.801
22750 -86.2361
23000 -101.434
23250 -86.052
23500 -82.7504
23750 -83.7859
24000 -90.2612
24250 -95.664
24500 -85.8023
24750 -83.903
25000 -86.1317
25250 -95.8105
25500 -92.393
25750 -86.0372
26000 -85.3459
26250 -88.9346
26500 -104.089
26750 -90.8292
27000 -86.6414
27250 -87.0846
27500 -92.4024
27750 -102.822
28000 -90.1735
28250 -87.5665
28500 -89.1507
28750 -96.9632
29000 -98.017
29250 -90.0902
29500 -88.7833
29750 -91.6252
30000 -103.672
30250 -95.6533
30500 -90.4393
30750 -90.2869
31000 -94.6435
31250 -109.889
31500 -94.5083
31750 -91.132
32000 -92.1065
32250 -98.418
32500 -104.104
32750 -94.0923
33000 -92.1286
33250 -94.2897
33500 -103.829
33750 -100.625
34000 -94.1671
34250 -93.4126
34500 -96.9362
34750 -111.913
35000 -98.8793
35250 -94.6226
35500 -95.0002
35750 -100.237
36000 -110.923
36250 -98.0646
36500 -95.3932
36750 -96.9225
37000 -104.621
37250 -105.88
37500 -97.8407
37750 -96.468
38000 -99.2475
38250 -111.13
38500 -103.339
38750 -98.0448
39000 -97.8363
39250 -102.118
39500 -117.498
39750 -102.047
40000 -98.6006
40250 -99.5164
40500 -105.81
40750 -111.648
41000 -101.484
41250 -99.464
41500 -101.564
41750 -110.97
42000 -107.978
42250 -101.424
42500 -100.618
42750 -104.074
43000 -118.877
43250 -106.078
43500 -101.749
43750 -102.077
44000 -107.17
44250 -118.173
44500 -105.126
44750 -102.4
45000 -103.868
45250 -111.463
45500 -112.934
45750 -104.772
46000 -103.348
46250 -106.068
46500 -117.777
46750 -110.227
47000 -104.854
47250 -104.593
47500 -108.804
47750 -124.324
48000 -108.796
48250 -105.285
48500 -106.153
48750 -112.356
49000 -118.421
49250 -108.108
49500 -106.028
49750 -108.076
50000 -117.355
50250 -114.572
50500 -107.923
50750 -107.067
51000 -110.461
51250 -125.086
51500 -112.534
51750 -108.13
52000 -108.406
52250 -113.492
52500 -124.685
52750 -111.451
53000 -108.665
53250 -110.083
53500 -117.573
53750 -119.255
54000 -110.976
54250 -109.498
54500 -112.164
54750 -123.704
55000 -116.395
55250 -110.942
55500 -110.63
55750 -114.717
56000 -130.394
56250 -114.836
56500 -111.263
56750 -112.078
57000 -118.199
57250 -124.499
57500 -114.029
57750 -111.894
58000 -113.891
58250 -123.041
58500 -120.474
58750 -113.734
59000 -112.824
59250 -116.159
59500 -130.605
59750 -118.302
