250 -172.782
500 -157.527
750 -138.999
1000 -134.373
1250 -135.855
1500 -120.247
1750 -117.333
2000 -126.332
2250 -109.391
2500 -106.28
2750 -116.702
3000 -102.085
3250 -98.1506
3500 -105.749
3750 -97.0448
4000 -91.9047
4250 -97.0036
4500 -93.6691
4750 -86.9577
5000 -90.1851
5250 -91.8715
5500 -83.0822
5750 -84.6952
6000 -91.8041
6250 -80.0377
6500 -80.279
6750 -92.5611
7000 -77.9439
7250 -76.8195
7500 -88.75
7750 -76.7191
8000 -74.234
8250 -82.9787
8500 -76.4082
8750 -72.4134
9000 -78.5375
9250 -77.137
9500 -71.3509
9750 -75.514
10000 -79.027
10250 -70.9635
10500 -73.4588
10750 -82.2943
11000 -71.2133
11250 -72.1832
11500 -85.7759
11750 -72.002
12000 -71.5705
12250 -83.9811
12500 -73.3883
12750 -71.4595
13000 -80.4824
13250 -75.372
13500 -71.775
13750 -78.2248
14000 -77.959
14250 -72.4309
14500 -76.7925
14750 -81.4791
15000 -73.4147
15250 -76.0698
15500 -85.9442
15750 -74.6898
16000 -75.7548
16250 -89.725
16500 -76.2307
16750 -75.791
17000 -87.8119
17250 -78.1876
17500 -76.1552
17750 -84.8846
18000 -80.529
18250 -76.7812
18500 -82.9487
18750 -83.4934
19000 -77.6614
19250 -81.8094
19500 -87.141
19750 -78.7713
20000 -81.2003
20250 -91.8837
20500 -80.1429
20750 -81.023
21000 -94.8921
21250 -81.7849
21500 -81.0745
21750 -92.6316
22000 -83.736
22250 -81.4165
22500 -89.7764
22750 -86.1385
23000 -82.0907
23250 -87.9423
23500 -89.0674
23750 -82.9448
24000 -86.8294
24250 -92.9463
24500 -84.0527
24750 -86.2414
25000 -97.5358
25250 -85.3977
25500 -86.0275
25750 -99.8562
26000 -87.0365
26250 -86.1482
26500 -97.1841
26750 -88.9766
27000 -86.4548
27250 -94.381
27500 -91.4039
27750 -87.0675
28000 -92.5942
28250 -94.4314
28500 -87.9026
28750 -91.5193
29000 -98.3463
29250 -88.9615
29500 -90.9264
29750 -102.985
30000 -90.3149
30250 -90.7154
30500 -104.442
30750 -91.8996
31000 -90.798
31250 -101.277
31500 -93.9201
31750 -91.1469
32000 -98.7495
32250 -96.3312
32500 -91.7011
32750 -96.9368
33000 -99.4276
33250 -92.5213
33500 -95.9366
33750 -103.422
34000 -93.591
34250 -95.3073
34500 -107.991
34750 -94.8824
35000 -95.0863
35250 -108.394
35500 -96.5416
35750 -95.1704
36000 -105.341
36250 -98.4665
36500 -95.506
36750 -102.651
37000 -100.984
37250 -96.0529
37500 -101.069
37750 -104.136
38000 -96.8633
38250 -99.9715
38500 -108.252
38750 -97.902
39000 -99.4469
39250 -112.592
39500 -99.2433
39750 -99.1919
40000 -112.122
40250 -100.805
40500 -99.2839
40750 -108.827
41000 -102.882
41250 -99.6006
41500 -106.519
41750 -105.285
42000 -100.169
42250 -104.791
42500 -108.612
42750 -100.944
43000 -103.838
43250 -112.618
43500 -101.993
43750 -103.25
44000 -116.864
44250 -103.32
44500 -103.07
44750 -115.512
45000 -104.955
45250 -103.115
45500 -112.244
45750 -106.907
46000 -103.446
46250 -109.896
46500 -109.543
46750 -104.009
47000 -108.378
47250 -112.667
47500 -104.773
47750 -107.392
48000 -117.163
48250 -105.828
48500 -106.91
48750 -120.677
49000 -107.151
49250 -106.65
49500 -118.664
49750 -108.806
50000 -106.74
50250 -115.61
50500 -110.86
50750 -107.049
51000 -113.18
51250 -113.338
51500 -107.6
51750 -111.707
52000 -116.859
52250 -108.412
52500 -110.758
52750 -121.013
53000 -109.388
53250 -110.231
53500 -124.214
53750 -110.762
54000 -110.072
54250 -121.796
54500 -112.425
54750 -110.107
55000 -118.407
55250 -114.52
55500 -110.432
55750 -116.383
56000 -117.183
56250 -110.991
56500 -114.828
56750 -120.461
57000 -111.763
57250 -113.929
57500 -125.029
57750 -112.813
58000 -113.396
58250 -127.403
58500 -114.087
58750 -113.199
59000 -124.24
59250 -115.842
59500 -113.301
59750 -121.381
