250 -171.873
500 -147.496
750 -142.987
1000 -127.826
1250 -122.33
1500 -115.447
1750 -116.859
2000 -115.617
2250 -103.876
2500 -104.806
2750 -97.3121
3000 -104.308
3250 -95.866
3500 -99.8406
3750 -87.6519
4000 -93.4163
4250 -86.301
4500 -92.4177
4750 -86.2384
5000 -81.4194
5250 -80.5059
5500 -81.3286
5750 -86.3022
6000 -76.9343
6250 -81.9371
6500 -72.4188
6750 -82.6784
7000 -74.8414
7250 -79.4207
7500 -70.478
7750 -73.3387
8000 -69.6275
8250 -76.5191
8500 -75.4956
8750 -67.8331
9000 -70.0789
9250 -67.7772
9500 -76.0187
9750 -68.7
10000 -75.1053
10250 -64.6186
10500 -74.6503
10750 -67.8673
11000 -73.9929
11250 -68.0723
11500 -67.5283
11750 -66.7754
12000 -71.5085
12250 -76.0979
12500 -66.8942
12750 -71.9188
13000 -66.1273
13250 -77.0685
13500 -70.2973
13750 -75.7675
14000 -66.8297
14250 -73.5022
14500 -69.211
14750 -76.6786
15000 -73.858
15250 -69.3885
15500 -71.0136
15750 -72.0818
16000 -79.9788
16250 -71.4814
16500 -78.2628
16750 -69.3398
17000 -81.3787
17250 -74.1263
17500 -79.214
17750 -72.5136
18000 -75.0634
18250 -73.2151
18500 -79.9339
18750 -81.78
19000 -73.5122
19250 -77.3664
19500 -74.4319
19750 -84.6192
20000 -77.1643
20250 -83.3967
20500 -73.9023
20750 -83.5014
21000 -77.6749
21250 -83.733
21500 -79.3708
21750 -77.744
22000 -78.1259
22250 -81.7906
22500 -88.3982
22750 -78.4239
23000 -84.3504
23250 -77.5756
23500 -89.8383
23750 -82.2419
24000 -86.8987
24250 -79.1349
24500 -84.5719
24750 -81.2719
25000 -88.171
25250 -87.0445
25500 -81.1719
25750 -83.7096
26000 -83.4929
26250 -92.8372
26500 -83.7535
26750 -90.51
27000 -81.3013
27250 -93.3403
27500 -86.0113
27750 -90.5736
28000 -85.0228
28250 -86.2419
28500 -85.3041
28750 -90.926
29000 -94.8767
29250 -85.2153
29500 -89.9183
29750 -85.7219
30000 -97.3151
30250 -89.0354
30500 -94.3342
30750 -85.6458
31000 -94.0753
31250 -89.0998
31500 -94.7716
31750 -91.6839
32000 -88.6851
32250 -89.9348
32500 -92.3047
32750 -100.666
33000 -89.8006
33250 -96.2524
33500 -88.5711
33750 -101.814
34000 -93.4139
34250 -97.2576
34500 -90.5815
34750 -94.6946
35000 -92.3325
35250 -98.5451
35500 -99.203
35750 -91.8318
36000 -95.2384
36250 -93.7229
36500 -104.544
36750 -94.7555
37000 -101.049
37250 -92.0167
37500 -103.438
37750 -96.5434
38000 -100.668
38250 -96.2428
38500 -96.131
38750 -96.0848
39000 -100.574
39250 -106.724
39500 -95.6034
39750 -101.092
40000 -95.7051
40250 -108.788
40500 -99.5405
40750 -103.828
41000 -96.0908
41250 -103.225
41500 -99.219
41750 -104.509
42000 -102.783
42250 -98.3622
42500 -100.485
42750 -101.567
43000 -111.683
43250 -99.9138
43500 -106.581
43750 -98.3192
44000 -112.073
44250 -103.265
44500 -106.415
44750 -100.818
45000 -103.594
45250 -102.173
45500 -107.624
45750 -110.265
46000 -101.287
46250 -105.556
46500 -102.763
46750 -115.184
47000 -104.534
47250 -110.035
47500 -101.545
47750 -111.888
48000 -105.849
48250 -109.606
48500 -106.326
48750 -104.862
49000 -105.704
49250 -109.031
49500 -117.469
49750 -104.826
50000 -110.97
50250 -104.541
50500 -119.1
50750 -108.817
51000 -112.123
51250 -105.397
51500 -111.171
51750 -108.181
52000 -113.061
52250 -112.816
52500 -106.908
52750 -109.907
53000 -109.713
53250 -121.613
53500 -108.884
53750 -115.372
54000 -106.943
54250 -120.467
54500 -111.911
54750 -114.465
55000 -109.949
55250 -111.389
55500 -110.9
55750 -115.519
56000 -120.355
56250 -109.632
56500 -114.724
56750 -110.708
57000 -124.899
57250 -113.171
57500 -117.678
57750 -109.964
58000 -118.979
58250 -114.019
58500 -117.459
58750 -115.358
59000 -112.513
59250 -114.239
59500 -116.388
59750 -127.2
