250 -166.146
500 -151.142
750 -148.463
1000 -139.354
1250 -134.976
1500 -123.107
1750 -124.018
2000 -114.953
2250 -110.615
2500 -104.593
2750 -101.301
3000 -105.523
3250 -105.718
3500 -97.3222
3750 -95.1439
4000 -91.5269
4250 -90.2934
4500 -95.0585
4750 -91.8474
5000 -99.7951
5250 -94.4127
5500 -111.831
5750 -94.2879
6000 -85.5838
6250 -79.6017
6500 -80.2317
6750 -78.3017
7000 -82.8938
7250 -85.3648
7500 -77.4543
7750 -75.9973
8000 -78.519
8250 -74.9329
8500 -79.9799
8750 -77.0902
9000 -79.3318
9250 -75.6194
9500 -84.1773
9750 -78.3513
10000 -76.2049
10250 -69.9497
10500 -71.2306
10750 -72.0051
11000 -72.3863
11250 -85.4982
11500 -87.6863
11750 -75.7278
12000 -73.1801
12250 -75.9675
12500 -75.3767
12750 -76.7738
13000 -73.5485
13250 -78.2204
13500 -76.5369
13750 -80.5761
14000 -89.6376
14250 -81.1342
14500 -74.1824
14750 -76.5317
15000 -76.6945
15250 -85.1728
15500 -84.0085
15750 -89.4009
16000 -83.6344
16250 -92.2725
16500 -86.7287
16750 -89.5077
17000 -81.2427
17250 -81.3724
17500 -84.6904
17750 -85.117
18000 -87.4577
18250 -86.3975
18500 -81.9377
18750 -84.9408
19000 -90.864
19250 -93.193
19500 -86.5293
19750 -86.9337
20000 -95.3494
20250 -92.4308
20500 -93.2881
20750 -87.4904
21000 -85.7019
21250 -83.2876
21500 -90.218
21750 -91.3563
22000 -94.9974
22250 -88.1588
22500 -93.6635
22750 -92.135
23000 -105.59
23250 -93.6337
23500 -93.1017
23750 -87.5993
24000 -89.0528
24250 -93.692
24500 -101.936
24750 -94.1263
25000 -94.7859
25250 -93.9951
25500 -97.2026
25750 -107.091
26000 -101.86
26250 -98.792
26500 -93.8637
26750 -99.6156
27000 -101.327
27250 -101.422
27500 -96.7235
27750 -96.8611
28000 -96.2341
28250 -109.295
28500 -116.578
28750 -106.217
29000 -105.542
29250 -118.344
29500 -112.908
29750 -109.726
30000 -99.5632
30250 -100.702
30500 -98.6126
30750 -104.768
31000 -115.91
31250 -105.239
31500 -99.857
31750 -104.004
32000 -103.536
32250 -108.498
32500 -108.598
32750 -106.784
33000 -106.278
33250 -106.735
33500 -116.113
33750 -109.529
34000 -102.461
34250 -101.768
34500 -104.634
34750 -105.342
35000 -114.62
35250 -126.087
35500 -116.662
35750 -109.287
36000 -113.894
36250 -109.246
36500 -111.941
36750 -106.723
37000 -110.146
37250 -111.617
37500 -113.432
37750 -114.785
38000 -113.937
38250 -109.798
38500 -111.572
38750 -112.252
39000 -113.6
39250 -128.479
39500 -124.761
39750 -121.593
40000 -134.166
40250 -115.425
40500 -116.167
40750 -113.851
41000 -114.411
41250 -119.552
41500 -117.678
41750 -117.471
42000 -119.233
42250 -115.855
42500 -114.719
42750 -119.793
43000 -118.964
43250 -125.15
43500 -121.363
43750 -146.369
44000 -133.611
44250 -121.952
44500 -117.828
44750 -118.406
45000 -115.652
45250 -118.327
45500 -123.959
45750 -135.179
46000 -123.027
46250 -124.404
46500 -121.649
46750 -126.49
47000 -124.525
47250 -124.488
47500 -124.552
47750 -122.471
48000 -130.051
48250 -137.328
48500 -125.338
48750 -122.641
49000 -123.145
49250 -123.32
49500 -133.235
49750 -137.513
50000 -136.096
50250 -139.6
50500 -140.917
50750 -138.742
51000 -135.429
51250 -127.125
51500 -128.956
51750 -128.249
52000 -132.534
52250 -135.51
52500 -130.42
52750 -127.554
53000 -132.873
53250 -133.336
53500 -140.552
53750 -139.984
54000 -139.991
54250 -138.884
54500 -142.865
54750 -136.053
55000 -133.717
55250 -129.182
55500 -130.109
55750 -134.866
56000 -137.934
56250 -141.633
56500 -141.904
56750 -137.268
57000 -135.119
57250 -140.265
57500 -136.48
57750 -138.409
58000 -133.775
58250 -138.803
58500 -140.91
58750 -146.602
59000 -139.497
59250 -139.957
59500 -136.044
59750 -138.782
