250 -176.54
500 -151.503
750 -141.745
1000 -137.363
1250 -125.232
1500 -131.39
1750 -116.006
2000 -115.698
2250 -112.128
2500 -105.865
2750 -114.002
3000 -100.145
3250 -104.017
3500 -97.9044
3750 -95.0387
4000 -100.334
4250 -90.0774
4500 -97.6913
4750 -88.1441
5000 -88.1045
5250 -89.941
5500 -83.0641
5750 -93.5123
6000 -81.091
6250 -83.7957
6500 -82.2261
6750 -78.3083
7000 -87.96
7250 -76.066
7500 -81.7887
7750 -76.7104
8000 -75.4472
8250 -81.549
8500 -72.8826
8750 -81.9604
9000 -73.136
9250 -74.451
9500 -76.9247
9750 -71.3945
10000 -83.0206
10250 -71.2765
10500 -75.2111
10750 -74.18
11000 -71.4102
11250 -81.65
11500 -70.7941
11750 -77.627
12000 -72.9192
12250 -72.6438
12500 -79.0516
12750 -71.3568
13000 -81.3756
13250 -72.7285
13500 -74.8121
13750 -77.4054
14000 -72.6304
14250 -84.7104
14500 -73.24
14750 -77.7937
15000 -76.6964
15250 -74.4689
15500 -84.5749
15750 -74.2552
16000 -81.5961
16250 -76.6802
16500 -76.7795
16750 -82.927
17000 -75.6599
17250 -86.0915
17500 -77.1569
17750 -79.5597
18000 -81.8344
18250 -77.393
18500 -89.5259
18750 -78.0183
19000 -82.8762
19250 -81.4189
19500 -79.4634
19750 -89.1875
20000 -79.1893
20250 -86.847
20500 -81.5273
20750 -81.8677
21000 -87.5932
21250 -80.6455
21500 -91.3635
21750 -82.0388
22000 -84.6795
22250 -86.5519
22500 -82.3774
22750 -94.4621
23000 -82.8775
23250 -88.0017
23500 -86.1361
23750 -84.4105
24000 -93.7375
24250 -84.0126
24500 -91.9811
24750 -86.2193
25000 -86.7888
25250 -92.0814
25500 -85.4315
25750 -96.4118
26000 -86.6989
26250 -89.5706
26500 -91.0305
26750 -87.1159
27000 -99.0572
27250 -87.4923
27500 -92.8762
27750 -90.6015
28000 -89.1041
28250 -97.9946
28500 -88.5796
28750 -96.8474
29000 -90.6534
29250 -91.438
29500 -96.3097
29750 -89.9436
30000 -101.196
30250 -91.0878
30500 -94.1963
30750 -95.2534
31000 -91.5861
31250 -103.387
31500 -91.8481
31750 -97.4976
32000 -94.8132
32250 -93.5438
32500 -101.996
32750 -92.895
33000 -101.467
33250 -94.8404
33500 -95.849
33750 -100.296
34000 -94.2203
34250 -105.694
34500 -95.2441
34750 -98.5908
35000 -99.2457
35250 -95.8278
35500 -107.369
35750 -95.9645
36000 -101.891
36250 -98.7918
36500 -97.7494
36750 -105.776
37000 -96.9772
37250 -105.87
37500 -98.7985
37750 -100.008
38000 -104.066
38250 -98.2751
38500 -109.941
38750 -99.1809
39000 -102.769
39250 -103.024
39500 -99.8524
39750 -111.111
40000 -99.8721
40250 -106.075
40500 -102.563
40750 -101.748
41000 -109.335
41250 -100.854
41500 -110.056
41750 -102.553
42000 -104.015
42250 -107.631
42500 -102.116
42750 -113.961
43000 -102.906
43250 -106.739
43500 -106.596
43750 -103.667
44000 -114.628
44250 -103.56
44500 -110.06
44750 -106.133
45000 -105.545
45250 -112.693
45500 -104.529
45750 -114.04
46000 -106.106
46250 -107.797
46500 -111.001
46750 -105.763
47000 -117.72
47250 -106.437
47500 -110.519
47750 -109.976
48000 -107.289
48250 -117.899
48500 -107.076
48750 -113.853
49000 -109.504
49250 -109.143
49500 -115.861
49750 -108.003
50000 -117.834
50250 -109.462
50500 -111.384
50750 -114.182
51000 -109.217
51250 -121.239
51500 -109.776
51750 -114.111
52000 -113.167
52250 -110.72
52500 -120.955
52750 -110.392
53000 -117.461
53250 -112.691
53500 -112.557
53750 -118.84
54000 -111.294
54250 -121.428
54500 -112.636
54750 -114.789
55000 -117.18
55250 -112.48
55500 -124.535
55750 -112.926
56000 -117.52
56250 -116.174
56500 -113.964
56750 -123.817
57000 -113.52
57250 -120.89
57500 -115.697
57750 -115.789
58000 -121.642
58250 -114.404
58500 -124.833
58750 -115.629
59000 -118.017
59250 -120.004
59500 -115.569
59750 -127.582
