250 0.000714018
500 0.00212931
750 0.000835404
1000 0.0020318
1250 0.00114807
1500 0.00183031
1750 0.00141177
2000 0.0016338
2250 0.00165271
2500 0.00136773
2750 0.00185744
3000 0.00109171
3250 0.00200233
3500 0.000839189
3750 0.00209326
4000 0.00067664
4250 0.00210166
4500 0.000702443
4750 0.00204849
5000 0.000889812
5250 0.00193242
5500 0.00114408
5750 0.00175544
6000 0.00139858
6250 0.00153124
6500 0.00162543
6750 0.00127111
7000 0.00180433
7250 0.00100047
7500 0.00192789
7750 0.000770762
8000 0.00196411
8250 0.000644763
8500 0.00196863
8750 0.000689513
9000 0.00189506
9250 0.00087118
9500 0.00177016
9750 0.00109997
10000 0.00160872
10250 0.00132532
10500 0.00137691
10750 0.00151927
11000 0.00113344
11250 0.00166908
11500 0.000885246
11750 0.00176481
12000 0.000674463
12250 0.00180391
12500 0.000572651
12750 0.00178389
13000 0.000637357
13250 0.00171317
13500 0.000812679
13750 0.00158037
14000 0.00102043
14250 0.00140825
14500 0.00121671
14750 0.0012027
15000 0.00138175
15250 0.000976847
15500 0.00150323
15750 0.000753559
16000 0.00157612
16250 0.000571528
16500 0.00159677
16750 0.000508969
17000 0.00155772
17250 0.000581299
17500 0.00147904
17750 0.000738733
18000 0.00136022
18250 0.000915533
18500 0.00119916
18750 0.00107909
19000 0.00101433
19250 0.00121235
19500 0.000816483
19750 0.00130739
20000 0.00062538
20250 0.00135907
20500 0.000478875
20750 0.00136665
21000 0.000434894
21250 0.0013303
21500 0.000512167
21750 0.00126825
22000 0.000651533
22250 0.00114083
22500 0.000801325
22750 0.00100032
23000 0.000935581
23250 0.000836737
23500 0.00104251
23750 0.000665834
24000 0.00111521
24250 0.000505344
24500 0.00115118
24750 0.000389194
25000 0.00114928
25250 0.00036753
25500 0.00111128
25750 0.000445882
26000 0.00103606
26250 0.000564199
26500 0.000936386
26750 0.000686377
27000 0.000813675
27250 0.000793827
27500 0.000676097
27750 0.000876974
28000 0.00053351
28250 0.000931496
28500 0.000403248
28750 0.000954992
29000 0.000316188
29250 0.000947677
29500 0.00031097
29750 0.000910608
30000 0.000381059
30250 0.000846829
30500 0.000480822
30750 0.000759967
31000 0.000580558
31250 0.00065545
31500 0.000666075
31750 0.000539642
32000 0.000730867
32250 0.000421972
32500 0.000771305
32750 0.000317265
33000 0.00078632
33250 0.000253146
33500 0.000775829
33750 0.000259708
34000 0.000741463
34250 0.00032317
34500 0.000685421
34750 0.000406339
35000 0.000609989
35250 0.000486123
35500 0.000522525
35750 0.000553432
36000 0.000427141
36250 0.000603096
36500 0.000331637
36750 0.000632861
37000 0.000249579
37250 0.000641687
37500 0.000204737
37750 0.000630061
38000 0.000218341
38250 0.000599088
38500 0.000273855
38750 0.000551048
39000 0.000341747
39250 0.000488679
39500 0.000406033
39750 0.000415828
40000 0.000459145
40250 0.000337169
40500 0.000497559
40750 0.000259768
41000 0.000519386
41250 0.000195463
41500 0.000524223
41750 0.000165222
42000 0.000512317
42250 0.000183102
42500 0.00048494
42750 0.000231446
43000 0.000443783
43250 0.00028738
43500 0.000391411
43750 0.000338634
44000 0.000330449
44250 0.000380465
44500 0.000266196
44750 0.000409962
45000 0.000203956
45250 0.000425952
45500 0.000154535
45750 0.000427992
46000 0.000135493
46250 0.000416569
46500 0.000155136
46750 0.000392592
47000 0.000196464
47250 0.00035769
47500 0.000242139
47750 0.00031383
48000 0.00028362
48250 0.000263738
48500 0.000316799
48750 0.00021085
49000 0.000339735
49250 0.000160582
49500 0.000351416
49750 0.000122537
50000 0.000351712
50250 0.000111739
50500 0.000340933
50750 0.000131846
51000 0.000320019
51250 0.000167393
51500 0.000290206
51750 0.000205101
52000 0.000253307
52250 0.000238703
52500 0.000211502
52750 0.000264825
53000 0.000167915
53250 0.000282605
53500 0.000127438
53750 0.000291129
54000 9.86942e-05
54250 0.000290224
54500 9.38745e-05
54750 0.000280298
55000 0.000113356
55250 0.000262044
55500 0.000143597
55750 0.000236631
56000 0.000174717
56250 0.000205493
56500 0.000201998
56750 0.000170599
57000 0.00022319
57250 0.000134568
57500 0.000237152
57750 0.000101757
58000 0.000243322
58250 8.00989e-05
58500 0.000241688
58750 7.95735e-05
59000 0.000232531
59250 9.80596e-05
59500 0.000216545
59750 0.00012404
