250 -178.009
500 -150.915
750 -148.064
1000 -132.355
1250 -131.032
1500 -121.804
1750 -119.658
2000 -114.56
2250 -111.072
2500 -109.679
2750 -104.269
3000 -106.37
3250 -98.7876
3500 -104.199
3750 -94.2666
4000 -102.215
4250 -90.6262
4500 -98.5065
4750 -87.6671
5000 -93.455
5250 -85.3459
5500 -88.6023
5750 -83.6597
6000 -84.4789
6250 -82.6035
6500 -81.0612
6750 -82.2361
7000 -78.2943
7250 -82.5781
7500 -76.1021
7750 -83.3461
8000 -74.5604
8250 -83.6326
8500 -73.3908
8750 -82.0123
9000 -72.794
9250 -79.1601
9500 -72.6686
9750 -76.5165
10000 -72.9761
10250 -74.4647
10500 -73.9797
10750 -73.0104
11000 -75.4762
11250 -72.0688
11500 -77.5615
11750 -71.581
12000 -79.973
12250 -71.4878
12500 -81.5346
12750 -71.7635
13000 -80.8179
13250 -72.3585
13500 -78.9778
13750 -73.3538
14000 -77.3157
14250 -74.6886
14500 -76.1365
14750 -76.4213
15000 -75.4053
15250 -78.6114
15500 -75.065
15750 -81.2638
16000 -75.0575
16250 -84.0736
16500 -75.356
16750 -85.4946
17000 -75.9868
17250 -84.7573
17500 -76.8544
17750 -83.0929
18000 -77.9987
18250 -81.6451
18500 -79.5081
18750 -80.6306
19000 -81.3734
19250 -80.0285
19500 -83.6651
19750 -79.7777
20000 -86.3833
20250 -79.8403
20500 -89.0984
20750 -80.1859
21000 -90.326
21250 -80.8079
21500 -89.2903
21750 -81.6045
22000 -87.5784
22250 -82.8997
22500 -86.1534
22750 -84.4107
23000 -85.1742
23250 -86.3248
23500 -84.5942
23750 -88.6661
24000 -84.3624
24250 -91.4124
24500 -84.4344
24750 -94.0256
25000 -84.7905
25250 -94.8619
25500 -85.4185
25750 -93.5163
26000 -86.3574
26250 -91.7994
26500 -87.5605
26750 -90.4186
27000 -89.0997
27250 -89.4717
27500 -91.0223
27750 -88.9176
28000 -93.3881
28250 -88.6997
28500 -96.123
28750 -88.7843
29000 -98.5341
29250 -89.1473
29500 -98.9724
29750 -89.7852
30000 -97.496
30250 -90.7027
30500 -95.7607
30750 -91.9251
31000 -94.4036
31250 -93.4882
31500 -93.4859
31750 -95.4506
32000 -92.9512
32250 -97.8566
32500 -92.7511
32750 -100.599
33000 -92.8473
33250 -102.822
33500 -93.2237
33750 -102.858
34000 -93.8733
34250 -101.213
34500 -94.8084
34750 -99.4746
35000 -96.07
35250 -98.1646
35500 -97.6597
35750 -97.282
36000 -99.6525
36250 -96.776
36500 -102.089
36750 -96.5947
37000 -104.794
37250 -96.7084
37500 -106.747
37750 -97.0982
38000 -106.418
38250 -97.764
38500 -104.676
38750 -98.7151
39000 -102.976
39250 -99.9806
39500 -101.7
39750 -101.602
40000 -100.85
40250 -103.64
40500 -100.368
40750 -106.12
41000 -100.207
41250 -108.801
41500 -100.337
41750 -110.47
42000 -100.744
42250 -109.784
42500 -101.427
42750 -107.953
43000 -102.4
43250 -106.275
43500 -103.691
43750 -105.049
44000 -105.36
44250 -104.234
44500 -107.434
44750 -103.781
45000 -109.941
45250 -103.641
45500 -112.543
45750 -103.79
46000 -113.875
46250 -104.214
46500 -112.887
46750 -104.915
47000 -111.021
47250 -105.909
47500 -109.389
47750 -107.228
48000 -108.198
48250 -108.919
48500 -107.416
48750 -111.042
49000 -106.987
49250 -113.585
49500 -106.87
49750 -116.109
50000 -107.037
50250 -117.083
50500 -107.48
50750 -115.818
51000 -108.201
51250 -113.915
51500 -109.22
51750 -112.319
52000 -110.569
52250 -111.168
52500 -112.302
52750 -110.431
53000 -114.471
53250 -110.031
53500 -117.03
53750 -109.935
54000 -119.411
54250 -110.123
54500 -120.006
54750 -110.584
55000 -118.527
55250 -111.327
55500 -116.63
55750 -112.37
56000 -115.082
56250 -113.75
56500 -113.976
56750 -115.52
57000 -113.263
57250 -117.733
57500 -112.887
57750 -120.312
58000 -112.814
58250 -122.54
58500 -113.022
58750 -122.746
59000 -113.505
59250 -121.079
59500 -114.271
59750 -119.183
